<?xml version="1.0" encoding="UTF-8"?>
<robot generator="Robot 7.2.2 (Python 3.13.3 on win32)" generated="2025-07-04T11:30:04.532187" rpa="false" schemaversion="5">
<suite id="s1" name="Tests" source="C:\Users\cassi\OneDrive\Área de Trabalho\Cinema-challenge\robot-framework\tests">
<suite id="s1-s1" name="Auth" source="C:\Users\cassi\OneDrive\Área de Trabalho\Cinema-challenge\robot-framework\tests\auth">
<suite id="s1-s1-s1" name="Login" source="C:\Users\cassi\OneDrive\Área de Trabalho\Cinema-challenge\robot-framework\tests\auth\login.robot">
<test id="s1-s1-s1-t1" name="Should login successfully" line="9">
<kw name="Start Session" owner="base" type="SETUP">
<kw name="New Browser" owner="Browser">
<msg time="2025-07-04T11:30:07.532323" level="INFO">{"browser": "chromium", "headless": false, "chromiumSandbox": false, "devtools": false, "handleSIGHUP": true, "handleSIGINT": true, "handleSIGTERM": true, "slowMo": 0.0, "timeout": 30000.0, "tracesDir": "C:\\Users\\cassi\\OneDrive\\\u00c1rea de Trabalho\\Cinema-challenge\\robot-framework\\logs\\browser\\traces\\temp\\7fec12f2-e5df-4ff4-ab2f-c28d64fc9b57"}</msg>
<msg time="2025-07-04T11:30:07.659078" level="INFO">Starting Browser process C:\Python313\Lib\site-packages\Browser\wrapper\index.js using at 127.0.0.1:52215</msg>
<msg time="2025-07-04T11:30:12.242879" level="INFO">Successfully created browser with options: {"browser":"chromium","headless":false,"chromiumSandbox":false,"devtools":false,"handleSIGHUP":true,"handleSIGINT":true,"handleSIGTERM":true,"slowMo":0,"timeout":30000,"tracesDir":"C:\\Users\\cassi\\OneDrive\\Área de Trabalho\\Cinema-challenge\\robot-framework\\logs\\browser\\traces\\temp\\7fec12f2-e5df-4ff4-ab2f-c28d64fc9b57"}</msg>
<arg>browser=chromium</arg>
<arg>headless=${False}</arg>
<tag>BrowserControl</tag>
<tag>Setter</tag>
<doc>Create a new playwright Browser with specified options.</doc>
<status status="PASS" start="2025-07-04T11:30:07.529459" elapsed="4.714184"/>
</kw>
<kw name="New Page" owner="Browser">
<msg time="2025-07-04T11:30:14.388724" level="INFO">Successfully initialized new page object and opened url: http://localhost:3002</msg>
<msg time="2025-07-04T11:30:14.389059" level="INFO">No context was open. New context was automatically opened when this page is created.</msg>
<arg>${BASE_URL}</arg>
<tag>BrowserControl</tag>
<tag>Setter</tag>
<doc>Open a new Page.</doc>
<status status="PASS" start="2025-07-04T11:30:12.244445" elapsed="2.145184"/>
</kw>
<status status="PASS" start="2025-07-04T11:30:07.526936" elapsed="6.863715"/>
</kw>
<kw name="Create Dictionary" owner="BuiltIn">
<msg time="2025-07-04T11:30:14.407784" level="INFO">${user} = {'name': 'NewUserLogin', 'email': 'newuserlogin@gmail.com', 'password': 'new123456'}</msg>
<var>${user}</var>
<arg>name=NewUserLogin</arg>
<arg>email=newuserlogin@gmail.com</arg>
<arg>password=new123456</arg>
<doc>Creates and returns a dictionary based on the given ``items``.</doc>
<status status="PASS" start="2025-07-04T11:30:14.405693" elapsed="0.002228"/>
</kw>
<kw name="Go to signup Page" owner="SignupPage">
<kw name="Go To" owner="Browser">
<msg time="2025-07-04T11:30:14.911256" level="INFO">Successfully opened URL http://localhost:3002/register</msg>
<arg>${BASE_URL}/register</arg>
<tag>BrowserControl</tag>
<tag>Setter</tag>
<doc>Navigates to the given ``url``.</doc>
<status status="PASS" start="2025-07-04T11:30:14.443049" elapsed="0.468617"/>
</kw>
<kw name="Wait For Elements State" owner="Browser">
<msg time="2025-07-04T11:30:15.035636" level="INFO">Waited for Element with selector xpath=//p[contains(text(), 'Crie sua conta para reservar ingressos')] at state visible</msg>
<arg>${SUBMIT_MESSAGE}</arg>
<arg>visible</arg>
<arg>5</arg>
<tag>PageContent</tag>
<tag>Wait</tag>
<doc>Waits for the element found by ``selector`` to satisfy state option.</doc>
<status status="PASS" start="2025-07-04T11:30:14.912265" elapsed="0.123692"/>
</kw>
<status status="PASS" start="2025-07-04T11:30:14.438903" elapsed="0.597336"/>
</kw>
<kw name="Submit signup form" owner="SignupPage">
<kw name="Fill Text" owner="Browser">
<msg time="2025-07-04T11:30:15.041173" level="INFO">Fills the text 'NewUserLogin' in the given field.</msg>
<arg>css=#name</arg>
<arg>${user}[name]</arg>
<tag>PageContent</tag>
<tag>Setter</tag>
<doc>Clears and fills the given ``txt`` into the text field found by ``selector``.</doc>
<status status="PASS" start="2025-07-04T11:30:15.039181" elapsed="0.081161"/>
</kw>
<kw name="Fill Text" owner="Browser">
<msg time="2025-07-04T11:30:15.122328" level="INFO">Fills the text 'newuserlogin@gmail.com' in the given field.</msg>
<arg>css=#email</arg>
<arg>${user}[email]</arg>
<tag>PageContent</tag>
<tag>Setter</tag>
<doc>Clears and fills the given ``txt`` into the text field found by ``selector``.</doc>
<status status="PASS" start="2025-07-04T11:30:15.120837" elapsed="0.047312"/>
</kw>
<kw name="Fill Text" owner="Browser">
<msg time="2025-07-04T11:30:15.170318" level="INFO">Fills the text 'new123456' in the given field.</msg>
<arg>css=#password</arg>
<arg>${user}[password]</arg>
<tag>PageContent</tag>
<tag>Setter</tag>
<doc>Clears and fills the given ``txt`` into the text field found by ``selector``.</doc>
<status status="PASS" start="2025-07-04T11:30:15.168655" elapsed="0.035460"/>
</kw>
<kw name="Fill Text" owner="Browser">
<msg time="2025-07-04T11:30:15.206416" level="INFO">Fills the text 'new123456' in the given field.</msg>
<arg>css=#confirmPassword</arg>
<arg>${user}[password]</arg>
<tag>PageContent</tag>
<tag>Setter</tag>
<doc>Clears and fills the given ``txt`` into the text field found by ``selector``.</doc>
<status status="PASS" start="2025-07-04T11:30:15.204859" elapsed="0.041027"/>
</kw>
<kw name="Click" owner="Browser">
<msg time="2025-07-04T11:30:15.248282" level="INFO">Clicks the element 'css=button[type=submit] &gt;&gt; text=Cadastrar'.</msg>
<arg>${SUBMIT_BUTTON}</arg>
<tag>PageContent</tag>
<tag>Setter</tag>
<doc>Simulates mouse click on the element found by ``selector``.</doc>
<status status="PASS" start="2025-07-04T11:30:15.246386" elapsed="0.122984"/>
</kw>
<arg>${user}</arg>
<status status="PASS" start="2025-07-04T11:30:15.037827" elapsed="0.331851"/>
</kw>
<kw name="Go to login page" owner="Login">
<kw name="Go To" owner="Browser">
<msg time="2025-07-04T11:30:15.640220" level="INFO">Successfully opened URL http://localhost:3002/login</msg>
<arg>${BASE_URL}/login</arg>
<tag>BrowserControl</tag>
<tag>Setter</tag>
<doc>Navigates to the given ``url``.</doc>
<status status="PASS" start="2025-07-04T11:30:15.371606" elapsed="0.270161"/>
</kw>
<kw name="Wait For Elements State" owner="Browser">
<msg time="2025-07-04T11:30:15.805157" level="INFO">Waited for Element with selector xpath=//p[contains(text(), 'Entre com suas credenciais para acessar sua conta')] at state visible</msg>
<arg>${LOGIN_MESSAGE}</arg>
<arg>visible</arg>
<arg>5</arg>
<tag>PageContent</tag>
<tag>Wait</tag>
<doc>Waits for the element found by ``selector`` to satisfy state option.</doc>
<status status="PASS" start="2025-07-04T11:30:15.642785" elapsed="0.162703"/>
</kw>
<status status="PASS" start="2025-07-04T11:30:15.370421" elapsed="0.435643"/>
</kw>
<kw name="Submit login" owner="Login">
<kw name="Fill Text" owner="Browser">
<msg time="2025-07-04T11:30:15.813650" level="INFO">Fills the text 'newuserlogin@gmail.com' in the given field.</msg>
<arg>css=#email</arg>
<arg>${user}[email]</arg>
<tag>PageContent</tag>
<tag>Setter</tag>
<doc>Clears and fills the given ``txt`` into the text field found by ``selector``.</doc>
<status status="PASS" start="2025-07-04T11:30:15.812196" elapsed="0.040569"/>
</kw>
<kw name="Fill Text" owner="Browser">
<msg time="2025-07-04T11:30:15.854672" level="INFO">Fills the text 'new123456' in the given field.</msg>
<arg>css=#password</arg>
<arg>${user}[password]</arg>
<tag>PageContent</tag>
<tag>Setter</tag>
<doc>Clears and fills the given ``txt`` into the text field found by ``selector``.</doc>
<status status="PASS" start="2025-07-04T11:30:15.853242" elapsed="0.040631"/>
</kw>
<kw name="Click" owner="Browser">
<msg time="2025-07-04T11:30:15.897110" level="INFO">Clicks the element 'css=button[type=submit] &gt;&gt; text=Entrar'.</msg>
<arg>${LOGIN_BUTTON}</arg>
<tag>PageContent</tag>
<tag>Setter</tag>
<doc>Simulates mouse click on the element found by ``selector``.</doc>
<status status="PASS" start="2025-07-04T11:30:15.894821" elapsed="0.098388"/>
</kw>
<arg>${user}</arg>
<status status="PASS" start="2025-07-04T11:30:15.810133" elapsed="0.183408"/>
</kw>
<kw name="Alert should be" owner="Alert">
<kw name="Wait For Elements State" owner="Browser">
<msg time="2025-07-04T11:30:16.500284" level="INFO">Waited for Element with selector css=.alert-content &gt;&gt; text=Login realizado com sucesso at state visible</msg>
<arg>css=.alert-content &gt;&gt; text=${expected_text}</arg>
<arg>visible</arg>
<arg>5</arg>
<tag>PageContent</tag>
<tag>Wait</tag>
<doc>Waits for the element found by ``selector`` to satisfy state option.</doc>
<status status="PASS" start="2025-07-04T11:30:15.996131" elapsed="0.504755"/>
</kw>
<arg>Login realizado com sucesso</arg>
<status status="PASS" start="2025-07-04T11:30:15.994994" elapsed="0.506331"/>
</kw>
<kw name="Remove user from database" owner="database">
<msg time="2025-07-04T11:30:16.535382" level="INFO">User removed from database</msg>
<arg>${user}[email]</arg>
<status status="PASS" start="2025-07-04T11:30:16.504872" elapsed="0.030712"/>
</kw>
<kw name="Take Screenshot" owner="Browser" type="TEARDOWN">
<msg time="2025-07-04T11:30:17.049865" level="INFO" html="true">&lt;/td&gt;&lt;/tr&gt;&lt;tr&gt;&lt;td colspan="3"&gt;&lt;a href="browser/screenshot/robotframework-browser-screenshot-1.png" target="_blank"&gt;&lt;img src="browser/screenshot/robotframework-browser-screenshot-1.png" width="800px"/&gt;&lt;/a&gt;</msg>
<tag>PageContent</tag>
<doc>Takes a screenshot of the current window or element and saves it to disk.</doc>
<status status="PASS" start="2025-07-04T11:30:16.536477" elapsed="0.513665"/>
</kw>
<msg time="2025-07-04T11:30:17.087012" level="INFO">Switching context to context=463d4ef9-ad2c-49f3-9327-ddd37990667b in CURRENT</msg>
<msg time="2025-07-04T11:30:17.117344" level="INFO">Successfully changed active context: context=463d4ef9-ad2c-49f3-9327-ddd37990667b</msg>
<msg time="2025-07-04T11:30:17.205196" level="INFO">Successfully closed Context</msg>
<tag>AUTH-002</tag>
<tag>CIN10</tag>
<status status="PASS" start="2025-07-04T11:30:07.522656" elapsed="9.528262"/>
</test>
<test id="s1-s1-s1-t2" name="Should not login incorrect password" line="22">
<kw name="Start Session" owner="base" type="SETUP">
<kw name="New Browser" owner="Browser">
<msg time="2025-07-04T11:30:17.217791" level="INFO">Switching browser to browser=2d90bf67-132c-4016-8a73-a22c261ac1d3</msg>
<msg time="2025-07-04T11:30:17.223690" level="INFO">Successfully changed active browser: browser=2d90bf67-132c-4016-8a73-a22c261ac1d3</msg>
<msg time="2025-07-04T11:30:17.224043" level="INFO">Reusing existing browser with id: browser=2d90bf67-132c-4016-8a73-a22c261ac1d3</msg>
<arg>browser=chromium</arg>
<arg>headless=${False}</arg>
<tag>BrowserControl</tag>
<tag>Setter</tag>
<doc>Create a new playwright Browser with specified options.</doc>
<status status="PASS" start="2025-07-04T11:30:17.216326" elapsed="0.007905"/>
</kw>
<kw name="New Page" owner="Browser">
<msg time="2025-07-04T11:30:18.297791" level="INFO">Successfully initialized new page object and opened url: http://localhost:3002</msg>
<msg time="2025-07-04T11:30:18.297957" level="INFO">No context was open. New context was automatically opened when this page is created.</msg>
<arg>${BASE_URL}</arg>
<tag>BrowserControl</tag>
<tag>Setter</tag>
<doc>Open a new Page.</doc>
<status status="PASS" start="2025-07-04T11:30:17.224699" elapsed="1.073668"/>
</kw>
<status status="PASS" start="2025-07-04T11:30:17.215209" elapsed="1.083496"/>
</kw>
<kw name="Create Dictionary" owner="BuiltIn">
<msg time="2025-07-04T11:30:18.300656" level="INFO">${user} = {'name': 'NewUserLogin', 'email': 'newuserlogin@gmail.com', 'password': 'new123456'}</msg>
<var>${user}</var>
<arg>name=NewUserLogin</arg>
<arg>email=newuserlogin@gmail.com</arg>
<arg>password=new123456</arg>
<doc>Creates and returns a dictionary based on the given ``items``.</doc>
<status status="PASS" start="2025-07-04T11:30:18.299535" elapsed="0.001233"/>
</kw>
<kw name="Create Dictionary" owner="BuiltIn">
<msg time="2025-07-04T11:30:18.302508" level="INFO">${wrong_password} = {'name': 'NewUserLogin', 'email': 'newuserlogin@gmail.com', 'password': 'wrongpassword'}</msg>
<var>${wrong_password}</var>
<arg>name=NewUserLogin</arg>
<arg>email=newuserlogin@gmail.com</arg>
<arg>password=wrongpassword</arg>
<doc>Creates and returns a dictionary based on the given ``items``.</doc>
<status status="PASS" start="2025-07-04T11:30:18.301482" elapsed="0.001423"/>
</kw>
<kw name="Go to signup Page" owner="SignupPage">
<kw name="Go To" owner="Browser">
<msg time="2025-07-04T11:30:18.589442" level="INFO">Successfully opened URL http://localhost:3002/register</msg>
<arg>${BASE_URL}/register</arg>
<tag>BrowserControl</tag>
<tag>Setter</tag>
<doc>Navigates to the given ``url``.</doc>
<status status="PASS" start="2025-07-04T11:30:18.306082" elapsed="0.283743"/>
</kw>
<kw name="Wait For Elements State" owner="Browser">
<msg time="2025-07-04T11:30:18.810068" level="INFO">Waited for Element with selector xpath=//p[contains(text(), 'Crie sua conta para reservar ingressos')] at state visible</msg>
<arg>${SUBMIT_MESSAGE}</arg>
<arg>visible</arg>
<arg>5</arg>
<tag>PageContent</tag>
<tag>Wait</tag>
<doc>Waits for the element found by ``selector`` to satisfy state option.</doc>
<status status="PASS" start="2025-07-04T11:30:18.590317" elapsed="0.220539"/>
</kw>
<status status="PASS" start="2025-07-04T11:30:18.304739" elapsed="0.506625"/>
</kw>
<kw name="Submit signup form" owner="SignupPage">
<kw name="Fill Text" owner="Browser">
<msg time="2025-07-04T11:30:18.814679" level="INFO">Fills the text 'NewUserLogin' in the given field.</msg>
<arg>css=#name</arg>
<arg>${user}[name]</arg>
<tag>PageContent</tag>
<tag>Setter</tag>
<doc>Clears and fills the given ``txt`` into the text field found by ``selector``.</doc>
<status status="PASS" start="2025-07-04T11:30:18.813276" elapsed="0.049178"/>
</kw>
<kw name="Fill Text" owner="Browser">
<msg time="2025-07-04T11:30:18.864899" level="INFO">Fills the text 'newuserlogin@gmail.com' in the given field.</msg>
<arg>css=#email</arg>
<arg>${user}[email]</arg>
<tag>PageContent</tag>
<tag>Setter</tag>
<doc>Clears and fills the given ``txt`` into the text field found by ``selector``.</doc>
<status status="PASS" start="2025-07-04T11:30:18.862958" elapsed="0.053597"/>
</kw>
<kw name="Fill Text" owner="Browser">
<msg time="2025-07-04T11:30:18.919109" level="INFO">Fills the text 'new123456' in the given field.</msg>
<arg>css=#password</arg>
<arg>${user}[password]</arg>
<tag>PageContent</tag>
<tag>Setter</tag>
<doc>Clears and fills the given ``txt`` into the text field found by ``selector``.</doc>
<status status="PASS" start="2025-07-04T11:30:18.917197" elapsed="0.039820"/>
</kw>
<kw name="Fill Text" owner="Browser">
<msg time="2025-07-04T11:30:18.959567" level="INFO">Fills the text 'new123456' in the given field.</msg>
<arg>css=#confirmPassword</arg>
<arg>${user}[password]</arg>
<tag>PageContent</tag>
<tag>Setter</tag>
<doc>Clears and fills the given ``txt`` into the text field found by ``selector``.</doc>
<status status="PASS" start="2025-07-04T11:30:18.957562" elapsed="0.030586"/>
</kw>
<kw name="Click" owner="Browser">
<msg time="2025-07-04T11:30:18.990531" level="INFO">Clicks the element 'css=button[type=submit] &gt;&gt; text=Cadastrar'.</msg>
<arg>${SUBMIT_BUTTON}</arg>
<tag>PageContent</tag>
<tag>Setter</tag>
<doc>Simulates mouse click on the element found by ``selector``.</doc>
<status status="PASS" start="2025-07-04T11:30:18.988682" elapsed="0.102982"/>
</kw>
<arg>${user}</arg>
<status status="PASS" start="2025-07-04T11:30:18.812158" elapsed="0.279826"/>
</kw>
<kw name="Go to login page" owner="Login">
<kw name="Go To" owner="Browser">
<msg time="2025-07-04T11:30:19.287262" level="INFO">Successfully opened URL http://localhost:3002/login</msg>
<arg>${BASE_URL}/login</arg>
<tag>BrowserControl</tag>
<tag>Setter</tag>
<doc>Navigates to the given ``url``.</doc>
<status status="PASS" start="2025-07-04T11:30:19.093951" elapsed="0.193701"/>
</kw>
<kw name="Wait For Elements State" owner="Browser">
<msg time="2025-07-04T11:30:19.427784" level="INFO">Waited for Element with selector xpath=//p[contains(text(), 'Entre com suas credenciais para acessar sua conta')] at state visible</msg>
<arg>${LOGIN_MESSAGE}</arg>
<arg>visible</arg>
<arg>5</arg>
<tag>PageContent</tag>
<tag>Wait</tag>
<doc>Waits for the element found by ``selector`` to satisfy state option.</doc>
<status status="PASS" start="2025-07-04T11:30:19.288291" elapsed="0.139799"/>
</kw>
<status status="PASS" start="2025-07-04T11:30:19.092945" elapsed="0.335390"/>
</kw>
<kw name="Submit login" owner="Login">
<kw name="Fill Text" owner="Browser">
<msg time="2025-07-04T11:30:19.431091" level="INFO">Fills the text 'newuserlogin@gmail.com' in the given field.</msg>
<arg>css=#email</arg>
<arg>${user}[email]</arg>
<tag>PageContent</tag>
<tag>Setter</tag>
<doc>Clears and fills the given ``txt`` into the text field found by ``selector``.</doc>
<status status="PASS" start="2025-07-04T11:30:19.429905" elapsed="0.026098"/>
</kw>
<kw name="Fill Text" owner="Browser">
<msg time="2025-07-04T11:30:19.458558" level="INFO">Fills the text 'wrongpassword' in the given field.</msg>
<arg>css=#password</arg>
<arg>${user}[password]</arg>
<tag>PageContent</tag>
<tag>Setter</tag>
<doc>Clears and fills the given ``txt`` into the text field found by ``selector``.</doc>
<status status="PASS" start="2025-07-04T11:30:19.456523" elapsed="0.038345"/>
</kw>
<kw name="Click" owner="Browser">
<msg time="2025-07-04T11:30:19.497056" level="INFO">Clicks the element 'css=button[type=submit] &gt;&gt; text=Entrar'.</msg>
<arg>${LOGIN_BUTTON}</arg>
<tag>PageContent</tag>
<tag>Setter</tag>
<doc>Simulates mouse click on the element found by ``selector``.</doc>
<status status="PASS" start="2025-07-04T11:30:19.495381" elapsed="0.076585"/>
</kw>
<arg>${wrong_password}</arg>
<status status="PASS" start="2025-07-04T11:30:19.428924" elapsed="0.143457"/>
</kw>
<kw name="Remove user from database" owner="database">
<msg time="2025-07-04T11:30:19.577248" level="INFO">User removed from database</msg>
<arg>${user}[email]</arg>
<status status="PASS" start="2025-07-04T11:30:19.573144" elapsed="0.004264"/>
</kw>
<kw name="Remove user from database" owner="database">
<msg time="2025-07-04T11:30:19.580752" level="INFO">User removed from database</msg>
<arg>${wrong_password}[email]</arg>
<status status="PASS" start="2025-07-04T11:30:19.578018" elapsed="0.002901"/>
</kw>
<kw name="Take Screenshot" owner="Browser" type="TEARDOWN">
<msg time="2025-07-04T11:30:19.896231" level="INFO" html="true">&lt;/td&gt;&lt;/tr&gt;&lt;tr&gt;&lt;td colspan="3"&gt;&lt;a href="browser/screenshot/robotframework-browser-screenshot-2.png" target="_blank"&gt;&lt;img src="browser/screenshot/robotframework-browser-screenshot-2.png" width="800px"/&gt;&lt;/a&gt;</msg>
<tag>PageContent</tag>
<doc>Takes a screenshot of the current window or element and saves it to disk.</doc>
<status status="PASS" start="2025-07-04T11:30:19.581740" elapsed="0.314845"/>
</kw>
<msg time="2025-07-04T11:30:19.975184" level="INFO">Switching context to context=e500e8d9-67bd-4946-9c41-73199d5a2964 in CURRENT</msg>
<msg time="2025-07-04T11:30:19.997001" level="INFO">Successfully changed active context: context=e500e8d9-67bd-4946-9c41-73199d5a2964</msg>
<msg time="2025-07-04T11:30:20.071096" level="INFO">Successfully closed Context</msg>
<tag>AUTH-002</tag>
<tag>CIN11</tag>
<status status="PASS" start="2025-07-04T11:30:17.207993" elapsed="2.688994"/>
</test>
<doc>Cenários de testes do login de usuário</doc>
<status status="PASS" start="2025-07-04T11:30:04.657459" elapsed="15.416008"/>
</suite>
<suite id="s1-s1-s2" name="Logout" source="C:\Users\cassi\OneDrive\Área de Trabalho\Cinema-challenge\robot-framework\tests\auth\logout.robot">
<test id="s1-s1-s2-t1" name="Should display logout button after successful login" line="9">
<kw name="Start Session" owner="base" type="SETUP">
<kw name="New Browser" owner="Browser">
<msg time="2025-07-04T11:30:20.166582" level="INFO">Switching browser to browser=2d90bf67-132c-4016-8a73-a22c261ac1d3</msg>
<msg time="2025-07-04T11:30:20.171389" level="INFO">Successfully changed active browser: browser=2d90bf67-132c-4016-8a73-a22c261ac1d3</msg>
<msg time="2025-07-04T11:30:20.171678" level="INFO">Reusing existing browser with id: browser=2d90bf67-132c-4016-8a73-a22c261ac1d3</msg>
<arg>browser=chromium</arg>
<arg>headless=${False}</arg>
<tag>BrowserControl</tag>
<tag>Setter</tag>
<doc>Create a new playwright Browser with specified options.</doc>
<status status="PASS" start="2025-07-04T11:30:20.164969" elapsed="0.006866"/>
</kw>
<kw name="New Page" owner="Browser">
<msg time="2025-07-04T11:30:21.009753" level="INFO">Successfully initialized new page object and opened url: http://localhost:3002</msg>
<msg time="2025-07-04T11:30:21.009898" level="INFO">No context was open. New context was automatically opened when this page is created.</msg>
<arg>${BASE_URL}</arg>
<tag>BrowserControl</tag>
<tag>Setter</tag>
<doc>Open a new Page.</doc>
<status status="PASS" start="2025-07-04T11:30:20.172415" elapsed="0.837808"/>
</kw>
<status status="PASS" start="2025-07-04T11:30:20.163744" elapsed="0.846739"/>
</kw>
<kw name="Create Dictionary" owner="BuiltIn">
<msg time="2025-07-04T11:30:21.012035" level="INFO">${user} = {'name': 'Login User', 'email': 'loginuser@test.com', 'password': 'senha123'}</msg>
<var>${user}</var>
<arg>name=Login User</arg>
<arg>email=loginuser@test.com</arg>
<arg>password=senha123</arg>
<doc>Creates and returns a dictionary based on the given ``items``.</doc>
<status status="PASS" start="2025-07-04T11:30:21.011118" elapsed="0.001011"/>
</kw>
<kw name="Go to signup Page" owner="SignupPage">
<kw name="Go To" owner="Browser">
<msg time="2025-07-04T11:30:21.277053" level="INFO">Successfully opened URL http://localhost:3002/register</msg>
<arg>${BASE_URL}/register</arg>
<tag>BrowserControl</tag>
<tag>Setter</tag>
<doc>Navigates to the given ``url``.</doc>
<status status="PASS" start="2025-07-04T11:30:21.013837" elapsed="0.263611"/>
</kw>
<kw name="Wait For Elements State" owner="Browser">
<msg time="2025-07-04T11:30:21.509537" level="INFO">Waited for Element with selector xpath=//p[contains(text(), 'Crie sua conta para reservar ingressos')] at state visible</msg>
<arg>${SUBMIT_MESSAGE}</arg>
<arg>visible</arg>
<arg>5</arg>
<tag>PageContent</tag>
<tag>Wait</tag>
<doc>Waits for the element found by ``selector`` to satisfy state option.</doc>
<status status="PASS" start="2025-07-04T11:30:21.277942" elapsed="0.231978"/>
</kw>
<status status="PASS" start="2025-07-04T11:30:21.012791" elapsed="0.497432"/>
</kw>
<kw name="Submit signup form" owner="SignupPage">
<kw name="Fill Text" owner="Browser">
<msg time="2025-07-04T11:30:21.513634" level="INFO">Fills the text 'Login User' in the given field.</msg>
<arg>css=#name</arg>
<arg>${user}[name]</arg>
<tag>PageContent</tag>
<tag>Setter</tag>
<doc>Clears and fills the given ``txt`` into the text field found by ``selector``.</doc>
<status status="PASS" start="2025-07-04T11:30:21.512219" elapsed="0.050394"/>
</kw>
<kw name="Fill Text" owner="Browser">
<msg time="2025-07-04T11:30:21.566382" level="INFO">Fills the text 'loginuser@test.com' in the given field.</msg>
<arg>css=#email</arg>
<arg>${user}[email]</arg>
<tag>PageContent</tag>
<tag>Setter</tag>
<doc>Clears and fills the given ``txt`` into the text field found by ``selector``.</doc>
<status status="PASS" start="2025-07-04T11:30:21.563425" elapsed="0.037879"/>
</kw>
<kw name="Fill Text" owner="Browser">
<msg time="2025-07-04T11:30:21.605158" level="INFO">Fills the text 'senha123' in the given field.</msg>
<arg>css=#password</arg>
<arg>${user}[password]</arg>
<tag>PageContent</tag>
<tag>Setter</tag>
<doc>Clears and fills the given ``txt`` into the text field found by ``selector``.</doc>
<status status="PASS" start="2025-07-04T11:30:21.601733" elapsed="0.031009"/>
</kw>
<kw name="Fill Text" owner="Browser">
<msg time="2025-07-04T11:30:21.634701" level="INFO">Fills the text 'senha123' in the given field.</msg>
<arg>css=#confirmPassword</arg>
<arg>${user}[password]</arg>
<tag>PageContent</tag>
<tag>Setter</tag>
<doc>Clears and fills the given ``txt`` into the text field found by ``selector``.</doc>
<status status="PASS" start="2025-07-04T11:30:21.633266" elapsed="0.028557"/>
</kw>
<kw name="Click" owner="Browser">
<msg time="2025-07-04T11:30:21.663434" level="INFO">Clicks the element 'css=button[type=submit] &gt;&gt; text=Cadastrar'.</msg>
<arg>${SUBMIT_BUTTON}</arg>
<tag>PageContent</tag>
<tag>Setter</tag>
<doc>Simulates mouse click on the element found by ``selector``.</doc>
<status status="PASS" start="2025-07-04T11:30:21.662220" elapsed="0.081791"/>
</kw>
<arg>${user}</arg>
<status status="PASS" start="2025-07-04T11:30:21.511031" elapsed="0.233243"/>
</kw>
<kw name="Wait For Elements State" owner="Browser">
<msg time="2025-07-04T11:30:22.014445" level="INFO">Waited for Element with selector css=.btn-logout at state visible</msg>
<arg>css=.btn-logout</arg>
<arg>visible</arg>
<arg>5s</arg>
<tag>PageContent</tag>
<tag>Wait</tag>
<doc>Waits for the element found by ``selector`` to satisfy state option.</doc>
<status status="PASS" start="2025-07-04T11:30:21.744970" elapsed="0.270082"/>
</kw>
<kw name="Remove user from database" owner="database">
<msg time="2025-07-04T11:30:22.020267" level="INFO">User removed from database</msg>
<arg>${user}[email]</arg>
<status status="PASS" start="2025-07-04T11:30:22.016148" elapsed="0.004301"/>
</kw>
<kw name="Take Screenshot" owner="Browser" type="TEARDOWN">
<msg time="2025-07-04T11:30:23.351656" level="INFO" html="true">&lt;/td&gt;&lt;/tr&gt;&lt;tr&gt;&lt;td colspan="3"&gt;&lt;a href="browser/screenshot/robotframework-browser-screenshot-3.png" target="_blank"&gt;&lt;img src="browser/screenshot/robotframework-browser-screenshot-3.png" width="800px"/&gt;&lt;/a&gt;</msg>
<tag>PageContent</tag>
<doc>Takes a screenshot of the current window or element and saves it to disk.</doc>
<status status="PASS" start="2025-07-04T11:30:22.022113" elapsed="1.329930"/>
</kw>
<msg time="2025-07-04T11:30:23.379003" level="INFO">Switching context to context=91e5130c-bc67-469e-98ae-dbe5b45c97fb in CURRENT</msg>
<msg time="2025-07-04T11:30:23.394309" level="INFO">Successfully changed active context: context=91e5130c-bc67-469e-98ae-dbe5b45c97fb</msg>
<msg time="2025-07-04T11:30:23.453676" level="INFO">Successfully closed Context</msg>
<tag>AUTH-003</tag>
<tag>CIN17</tag>
<tag>UI</tag>
<status status="PASS" start="2025-07-04T11:30:20.155759" elapsed="3.196658"/>
</test>
<test id="s1-s1-s2-t2" name="Should logout successfully" line="21">
<kw name="Start Session" owner="base" type="SETUP">
<kw name="New Browser" owner="Browser">
<msg time="2025-07-04T11:30:23.465367" level="INFO">Switching browser to browser=2d90bf67-132c-4016-8a73-a22c261ac1d3</msg>
<msg time="2025-07-04T11:30:23.469968" level="INFO">Successfully changed active browser: browser=2d90bf67-132c-4016-8a73-a22c261ac1d3</msg>
<msg time="2025-07-04T11:30:23.470580" level="INFO">Reusing existing browser with id: browser=2d90bf67-132c-4016-8a73-a22c261ac1d3</msg>
<arg>browser=chromium</arg>
<arg>headless=${False}</arg>
<tag>BrowserControl</tag>
<tag>Setter</tag>
<doc>Create a new playwright Browser with specified options.</doc>
<status status="PASS" start="2025-07-04T11:30:23.463896" elapsed="0.006939"/>
</kw>
<kw name="New Page" owner="Browser">
<msg time="2025-07-04T11:30:24.159280" level="INFO">Successfully initialized new page object and opened url: http://localhost:3002</msg>
<msg time="2025-07-04T11:30:24.159436" level="INFO">No context was open. New context was automatically opened when this page is created.</msg>
<arg>${BASE_URL}</arg>
<tag>BrowserControl</tag>
<tag>Setter</tag>
<doc>Open a new Page.</doc>
<status status="PASS" start="2025-07-04T11:30:23.471636" elapsed="0.688148"/>
</kw>
<status status="PASS" start="2025-07-04T11:30:23.462928" elapsed="0.697127"/>
</kw>
<kw name="Create Dictionary" owner="BuiltIn">
<msg time="2025-07-04T11:30:24.161744" level="INFO">${user} = {'name': 'UserLogout', 'email': 'userlogout@gmail.com', 'password': 'new123456'}</msg>
<var>${user}</var>
<arg>name=UserLogout</arg>
<arg>email=userlogout@gmail.com</arg>
<arg>password=new123456</arg>
<doc>Creates and returns a dictionary based on the given ``items``.</doc>
<status status="PASS" start="2025-07-04T11:30:24.160856" elapsed="0.000990"/>
</kw>
<kw name="Go to signup Page" owner="SignupPage">
<kw name="Go To" owner="Browser">
<msg time="2025-07-04T11:30:24.427564" level="INFO">Successfully opened URL http://localhost:3002/register</msg>
<arg>${BASE_URL}/register</arg>
<tag>BrowserControl</tag>
<tag>Setter</tag>
<doc>Navigates to the given ``url``.</doc>
<status status="PASS" start="2025-07-04T11:30:24.163679" elapsed="0.264232"/>
</kw>
<kw name="Wait For Elements State" owner="Browser">
<msg time="2025-07-04T11:30:24.653118" level="INFO">Waited for Element with selector xpath=//p[contains(text(), 'Crie sua conta para reservar ingressos')] at state visible</msg>
<arg>${SUBMIT_MESSAGE}</arg>
<arg>visible</arg>
<arg>5</arg>
<tag>PageContent</tag>
<tag>Wait</tag>
<doc>Waits for the element found by ``selector`` to satisfy state option.</doc>
<status status="PASS" start="2025-07-04T11:30:24.428386" elapsed="0.225110"/>
</kw>
<status status="PASS" start="2025-07-04T11:30:24.162620" elapsed="0.491157"/>
</kw>
<kw name="Submit signup form" owner="SignupPage">
<kw name="Fill Text" owner="Browser">
<msg time="2025-07-04T11:30:24.661365" level="INFO">Fills the text 'UserLogout' in the given field.</msg>
<arg>css=#name</arg>
<arg>${user}[name]</arg>
<tag>PageContent</tag>
<tag>Setter</tag>
<doc>Clears and fills the given ``txt`` into the text field found by ``selector``.</doc>
<status status="PASS" start="2025-07-04T11:30:24.659971" elapsed="0.054083"/>
</kw>
<kw name="Fill Text" owner="Browser">
<msg time="2025-07-04T11:30:24.716276" level="INFO">Fills the text 'userlogout@gmail.com' in the given field.</msg>
<arg>css=#email</arg>
<arg>${user}[email]</arg>
<tag>PageContent</tag>
<tag>Setter</tag>
<doc>Clears and fills the given ``txt`` into the text field found by ``selector``.</doc>
<status status="PASS" start="2025-07-04T11:30:24.714655" elapsed="0.041848"/>
</kw>
<kw name="Fill Text" owner="Browser">
<msg time="2025-07-04T11:30:24.758840" level="INFO">Fills the text 'new123456' in the given field.</msg>
<arg>css=#password</arg>
<arg>${user}[password]</arg>
<tag>PageContent</tag>
<tag>Setter</tag>
<doc>Clears and fills the given ``txt`` into the text field found by ``selector``.</doc>
<status status="PASS" start="2025-07-04T11:30:24.757077" elapsed="0.037114"/>
</kw>
<kw name="Fill Text" owner="Browser">
<msg time="2025-07-04T11:30:24.795986" level="INFO">Fills the text 'new123456' in the given field.</msg>
<arg>css=#confirmPassword</arg>
<arg>${user}[password]</arg>
<tag>PageContent</tag>
<tag>Setter</tag>
<doc>Clears and fills the given ``txt`` into the text field found by ``selector``.</doc>
<status status="PASS" start="2025-07-04T11:30:24.794632" elapsed="0.037581"/>
</kw>
<kw name="Click" owner="Browser">
<msg time="2025-07-04T11:30:24.834447" level="INFO">Clicks the element 'css=button[type=submit] &gt;&gt; text=Cadastrar'.</msg>
<arg>${SUBMIT_BUTTON}</arg>
<tag>PageContent</tag>
<tag>Setter</tag>
<doc>Simulates mouse click on the element found by ``selector``.</doc>
<status status="PASS" start="2025-07-04T11:30:24.832761" elapsed="0.109462"/>
</kw>
<arg>${user}</arg>
<status status="PASS" start="2025-07-04T11:30:24.658562" elapsed="0.283935"/>
</kw>
<kw name="Logout user" owner="LoggedUserPage">
<kw name="Click" owner="Browser">
<msg time="2025-07-04T11:30:24.946509" level="INFO">Clicks the element 'css=.btn-logout &gt;&gt; text=Sair'.</msg>
<arg>css=.btn-logout &gt;&gt; text=Sair</arg>
<tag>PageContent</tag>
<tag>Setter</tag>
<doc>Simulates mouse click on the element found by ``selector``.</doc>
<status status="PASS" start="2025-07-04T11:30:24.944966" elapsed="0.547622"/>
</kw>
<status status="PASS" start="2025-07-04T11:30:24.943714" elapsed="0.549229"/>
</kw>
<kw name="Verify Login Page" owner="Login">
<kw name="Wait For Elements State" owner="Browser">
<msg time="2025-07-04T11:30:25.511919" level="INFO">Waited for Element with selector xpath=//p[contains(text(), 'Entre com suas credenciais para acessar sua conta')] at state visible</msg>
<arg>${LOGIN_MESSAGE}</arg>
<arg>visible</arg>
<arg>5</arg>
<tag>PageContent</tag>
<tag>Wait</tag>
<doc>Waits for the element found by ``selector`` to satisfy state option.</doc>
<status status="PASS" start="2025-07-04T11:30:25.495812" elapsed="0.016460"/>
</kw>
<status status="PASS" start="2025-07-04T11:30:25.494542" elapsed="0.018022"/>
</kw>
<kw name="Remove user from database" owner="database">
<msg time="2025-07-04T11:30:25.518153" level="INFO">User removed from database</msg>
<arg>${user}[email]</arg>
<status status="PASS" start="2025-07-04T11:30:25.513169" elapsed="0.005495"/>
</kw>
<kw name="Token should not exist in local storage" owner="LoggedUserPage">
<kw name="LocalStorage Get Item" owner="Browser">
<msg time="2025-07-04T11:30:25.544905" level="INFO">JavaScript executed successfully.</msg>
<msg time="2025-07-04T11:30:25.545271" level="INFO">${token} = None</msg>
<var>${token}</var>
<arg>token</arg>
<tag>Assertion</tag>
<tag>Getter</tag>
<tag>PageContent</tag>
<doc>Get saved data from the local storage.</doc>
<status status="PASS" start="2025-07-04T11:30:25.522990" elapsed="0.022371"/>
</kw>
<kw name="Log" owner="BuiltIn">
<msg time="2025-07-04T11:30:25.546574" level="INFO">Valor atual do token: None</msg>
<arg>Valor atual do token: ${token}</arg>
<doc>Logs the given message with the given level.</doc>
<status status="PASS" start="2025-07-04T11:30:25.545808" elapsed="0.000933"/>
</kw>
<kw name="Should Be Equal" owner="BuiltIn">
<arg>${token}</arg>
<arg>${None}</arg>
<doc>Fails if the given objects are unequal.</doc>
<status status="PASS" start="2025-07-04T11:30:25.547174" elapsed="0.000884"/>
</kw>
<status status="PASS" start="2025-07-04T11:30:25.520936" elapsed="0.027382"/>
</kw>
<kw name="Take Screenshot" owner="Browser" type="TEARDOWN">
<msg time="2025-07-04T11:30:25.907643" level="INFO" html="true">&lt;/td&gt;&lt;/tr&gt;&lt;tr&gt;&lt;td colspan="3"&gt;&lt;a href="browser/screenshot/robotframework-browser-screenshot-4.png" target="_blank"&gt;&lt;img src="browser/screenshot/robotframework-browser-screenshot-4.png" width="800px"/&gt;&lt;/a&gt;</msg>
<tag>PageContent</tag>
<doc>Takes a screenshot of the current window or element and saves it to disk.</doc>
<status status="PASS" start="2025-07-04T11:30:25.549042" elapsed="0.358871"/>
</kw>
<msg time="2025-07-04T11:30:25.934275" level="INFO">Switching context to context=153629ea-ac96-4ac6-ad46-abbd210c3eeb in CURRENT</msg>
<msg time="2025-07-04T11:30:25.949627" level="INFO">Successfully changed active context: context=153629ea-ac96-4ac6-ad46-abbd210c3eeb</msg>
<msg time="2025-07-04T11:30:26.026747" level="INFO">Successfully closed Context</msg>
<tag>AUTH-003</tag>
<tag>CIN18</tag>
<status status="PASS" start="2025-07-04T11:30:23.456970" elapsed="2.451487"/>
</test>
<test id="s1-s1-s2-t3" name="Should not access protected routes after logout" line="35">
<kw name="Start Session" owner="base" type="SETUP">
<kw name="New Browser" owner="Browser">
<msg time="2025-07-04T11:30:26.036187" level="INFO">Switching browser to browser=2d90bf67-132c-4016-8a73-a22c261ac1d3</msg>
<msg time="2025-07-04T11:30:26.040793" level="INFO">Successfully changed active browser: browser=2d90bf67-132c-4016-8a73-a22c261ac1d3</msg>
<msg time="2025-07-04T11:30:26.041167" level="INFO">Reusing existing browser with id: browser=2d90bf67-132c-4016-8a73-a22c261ac1d3</msg>
<arg>browser=chromium</arg>
<arg>headless=${False}</arg>
<tag>BrowserControl</tag>
<tag>Setter</tag>
<doc>Create a new playwright Browser with specified options.</doc>
<status status="PASS" start="2025-07-04T11:30:26.034336" elapsed="0.007054"/>
</kw>
<kw name="New Page" owner="Browser">
<msg time="2025-07-04T11:30:26.765213" level="INFO">Successfully initialized new page object and opened url: http://localhost:3002</msg>
<msg time="2025-07-04T11:30:26.765384" level="INFO">No context was open. New context was automatically opened when this page is created.</msg>
<arg>${BASE_URL}</arg>
<tag>BrowserControl</tag>
<tag>Setter</tag>
<doc>Open a new Page.</doc>
<status status="PASS" start="2025-07-04T11:30:26.041968" elapsed="0.724006"/>
</kw>
<status status="PASS" start="2025-07-04T11:30:26.032959" elapsed="0.733324"/>
</kw>
<kw name="Create Dictionary" owner="BuiltIn">
<msg time="2025-07-04T11:30:26.768588" level="INFO">${user} = {'name': 'User Not Access', 'email': 'usernotaccess@gmail.com', 'password': 'new123456'}</msg>
<var>${user}</var>
<arg>name=User Not Access</arg>
<arg>email=usernotaccess@gmail.com</arg>
<arg>password=new123456</arg>
<doc>Creates and returns a dictionary based on the given ``items``.</doc>
<status status="PASS" start="2025-07-04T11:30:26.767426" elapsed="0.001275"/>
</kw>
<kw name="Go to signup Page" owner="SignupPage">
<kw name="Go To" owner="Browser">
<msg time="2025-07-04T11:30:27.002838" level="INFO">Successfully opened URL http://localhost:3002/register</msg>
<arg>${BASE_URL}/register</arg>
<tag>BrowserControl</tag>
<tag>Setter</tag>
<doc>Navigates to the given ``url``.</doc>
<status status="PASS" start="2025-07-04T11:30:26.772773" elapsed="0.230700"/>
</kw>
<kw name="Wait For Elements State" owner="Browser">
<msg time="2025-07-04T11:30:27.165736" level="INFO">Waited for Element with selector xpath=//p[contains(text(), 'Crie sua conta para reservar ingressos')] at state visible</msg>
<arg>${SUBMIT_MESSAGE}</arg>
<arg>visible</arg>
<arg>5</arg>
<tag>PageContent</tag>
<tag>Wait</tag>
<doc>Waits for the element found by ``selector`` to satisfy state option.</doc>
<status status="PASS" start="2025-07-04T11:30:27.003987" elapsed="0.162218"/>
</kw>
<status status="PASS" start="2025-07-04T11:30:26.770983" elapsed="0.395560"/>
</kw>
<kw name="Submit signup form" owner="SignupPage">
<kw name="Fill Text" owner="Browser">
<msg time="2025-07-04T11:30:27.170562" level="INFO">Fills the text 'User Not Access' in the given field.</msg>
<arg>css=#name</arg>
<arg>${user}[name]</arg>
<tag>PageContent</tag>
<tag>Setter</tag>
<doc>Clears and fills the given ``txt`` into the text field found by ``selector``.</doc>
<status status="PASS" start="2025-07-04T11:30:27.168802" elapsed="0.039761"/>
</kw>
<kw name="Fill Text" owner="Browser">
<msg time="2025-07-04T11:30:27.210453" level="INFO">Fills the text 'usernotaccess@gmail.com' in the given field.</msg>
<arg>css=#email</arg>
<arg>${user}[email]</arg>
<tag>PageContent</tag>
<tag>Setter</tag>
<doc>Clears and fills the given ``txt`` into the text field found by ``selector``.</doc>
<status status="PASS" start="2025-07-04T11:30:27.208979" elapsed="0.030221"/>
</kw>
<kw name="Fill Text" owner="Browser">
<msg time="2025-07-04T11:30:27.241491" level="INFO">Fills the text 'new123456' in the given field.</msg>
<arg>css=#password</arg>
<arg>${user}[password]</arg>
<tag>PageContent</tag>
<tag>Setter</tag>
<doc>Clears and fills the given ``txt`` into the text field found by ``selector``.</doc>
<status status="PASS" start="2025-07-04T11:30:27.239783" elapsed="0.027189"/>
</kw>
<kw name="Fill Text" owner="Browser">
<msg time="2025-07-04T11:30:27.269179" level="INFO">Fills the text 'new123456' in the given field.</msg>
<arg>css=#confirmPassword</arg>
<arg>${user}[password]</arg>
<tag>PageContent</tag>
<tag>Setter</tag>
<doc>Clears and fills the given ``txt`` into the text field found by ``selector``.</doc>
<status status="PASS" start="2025-07-04T11:30:27.267535" elapsed="0.024494"/>
</kw>
<kw name="Click" owner="Browser">
<msg time="2025-07-04T11:30:27.293432" level="INFO">Clicks the element 'css=button[type=submit] &gt;&gt; text=Cadastrar'.</msg>
<arg>${SUBMIT_BUTTON}</arg>
<tag>PageContent</tag>
<tag>Setter</tag>
<doc>Simulates mouse click on the element found by ``selector``.</doc>
<status status="PASS" start="2025-07-04T11:30:27.292364" elapsed="0.080031"/>
</kw>
<arg>${user}</arg>
<status status="PASS" start="2025-07-04T11:30:27.167406" elapsed="0.205340"/>
</kw>
<kw name="Logout user" owner="LoggedUserPage">
<kw name="Click" owner="Browser">
<msg time="2025-07-04T11:30:27.376021" level="INFO">Clicks the element 'css=.btn-logout &gt;&gt; text=Sair'.</msg>
<arg>css=.btn-logout &gt;&gt; text=Sair</arg>
<tag>PageContent</tag>
<tag>Setter</tag>
<doc>Simulates mouse click on the element found by ``selector``.</doc>
<status status="PASS" start="2025-07-04T11:30:27.374711" elapsed="0.536562"/>
</kw>
<status status="PASS" start="2025-07-04T11:30:27.373564" elapsed="0.538015"/>
</kw>
<kw name="Go to profile page" owner="Profile">
<kw name="Go To" owner="Browser">
<msg time="2025-07-04T11:30:28.128244" level="INFO">Successfully opened URL http://localhost:3002/profile</msg>
<arg>${BASE_URL}/profile</arg>
<tag>BrowserControl</tag>
<tag>Setter</tag>
<doc>Navigates to the given ``url``.</doc>
<status status="PASS" start="2025-07-04T11:30:27.914137" elapsed="0.214470"/>
</kw>
<status status="PASS" start="2025-07-04T11:30:27.912976" elapsed="0.215917"/>
</kw>
<kw name="Wait For Elements State" owner="Browser">
<msg time="2025-07-04T11:30:28.280969" level="INFO">Waited for Element with selector xpath=//p[contains(text(), 'Entre com suas credenciais para acessar sua conta')] at state visible</msg>
<arg>${LOGIN_MESSAGE}</arg>
<arg>visible</arg>
<arg>10s</arg>
<tag>PageContent</tag>
<tag>Wait</tag>
<doc>Waits for the element found by ``selector`` to satisfy state option.</doc>
<status status="PASS" start="2025-07-04T11:30:28.129543" elapsed="0.151891"/>
</kw>
<kw name="Verify Login Page" owner="Login">
<kw name="Wait For Elements State" owner="Browser">
<msg time="2025-07-04T11:30:28.296778" level="INFO">Waited for Element with selector xpath=//p[contains(text(), 'Entre com suas credenciais para acessar sua conta')] at state visible</msg>
<arg>${LOGIN_MESSAGE}</arg>
<arg>visible</arg>
<arg>5</arg>
<tag>PageContent</tag>
<tag>Wait</tag>
<doc>Waits for the element found by ``selector`` to satisfy state option.</doc>
<status status="PASS" start="2025-07-04T11:30:28.284451" elapsed="0.012689"/>
</kw>
<status status="PASS" start="2025-07-04T11:30:28.283020" elapsed="0.014388"/>
</kw>
<kw name="Remove user from database" owner="database">
<msg time="2025-07-04T11:30:28.301742" level="INFO">User removed from database</msg>
<arg>${user}[email]</arg>
<status status="PASS" start="2025-07-04T11:30:28.298159" elapsed="0.004133"/>
</kw>
<kw name="Take Screenshot" owner="Browser" type="TEARDOWN">
<msg time="2025-07-04T11:30:28.612777" level="INFO" html="true">&lt;/td&gt;&lt;/tr&gt;&lt;tr&gt;&lt;td colspan="3"&gt;&lt;a href="browser/screenshot/robotframework-browser-screenshot-5.png" target="_blank"&gt;&lt;img src="browser/screenshot/robotframework-browser-screenshot-5.png" width="800px"/&gt;&lt;/a&gt;</msg>
<tag>PageContent</tag>
<doc>Takes a screenshot of the current window or element and saves it to disk.</doc>
<status status="PASS" start="2025-07-04T11:30:28.305702" elapsed="0.307415"/>
</kw>
<msg time="2025-07-04T11:30:28.648783" level="INFO">Switching context to context=a8abe6c9-d706-4f88-8d8d-f288125ade0b in CURRENT</msg>
<msg time="2025-07-04T11:30:28.663151" level="INFO">Successfully changed active context: context=a8abe6c9-d706-4f88-8d8d-f288125ade0b</msg>
<msg time="2025-07-04T11:30:28.729878" level="INFO">Successfully closed Context</msg>
<tag>AUTH-003</tag>
<tag>CIN19</tag>
<status status="PASS" start="2025-07-04T11:30:26.028183" elapsed="2.585308"/>
</test>
<test id="s1-s1-s2-t4" name="Should hide user menu links after logout" line="49">
<kw name="Start Session" owner="base" type="SETUP">
<kw name="New Browser" owner="Browser">
<msg time="2025-07-04T11:30:28.741431" level="INFO">Switching browser to browser=2d90bf67-132c-4016-8a73-a22c261ac1d3</msg>
<msg time="2025-07-04T11:30:28.745114" level="INFO">Successfully changed active browser: browser=2d90bf67-132c-4016-8a73-a22c261ac1d3</msg>
<msg time="2025-07-04T11:30:28.745384" level="INFO">Reusing existing browser with id: browser=2d90bf67-132c-4016-8a73-a22c261ac1d3</msg>
<arg>browser=chromium</arg>
<arg>headless=${False}</arg>
<tag>BrowserControl</tag>
<tag>Setter</tag>
<doc>Create a new playwright Browser with specified options.</doc>
<status status="PASS" start="2025-07-04T11:30:28.740236" elapsed="0.005390"/>
</kw>
<kw name="New Page" owner="Browser">
<msg time="2025-07-04T11:30:29.465699" level="INFO">Successfully initialized new page object and opened url: http://localhost:3002</msg>
<msg time="2025-07-04T11:30:29.465861" level="INFO">No context was open. New context was automatically opened when this page is created.</msg>
<arg>${BASE_URL}</arg>
<tag>BrowserControl</tag>
<tag>Setter</tag>
<doc>Open a new Page.</doc>
<status status="PASS" start="2025-07-04T11:30:28.746166" elapsed="0.720089"/>
</kw>
<status status="PASS" start="2025-07-04T11:30:28.739317" elapsed="0.727212"/>
</kw>
<kw name="Create Dictionary" owner="BuiltIn">
<msg time="2025-07-04T11:30:29.468749" level="INFO">${user} = {'name': 'MenuUser', 'email': 'menuuser@test.com', 'password': 'senha123'}</msg>
<var>${user}</var>
<arg>name=MenuUser</arg>
<arg>email=menuuser@test.com</arg>
<arg>password=senha123</arg>
<doc>Creates and returns a dictionary based on the given ``items``.</doc>
<status status="PASS" start="2025-07-04T11:30:29.467486" elapsed="0.001376"/>
</kw>
<kw name="Go to signup Page" owner="SignupPage">
<kw name="Go To" owner="Browser">
<msg time="2025-07-04T11:30:29.696059" level="INFO">Successfully opened URL http://localhost:3002/register</msg>
<arg>${BASE_URL}/register</arg>
<tag>BrowserControl</tag>
<tag>Setter</tag>
<doc>Navigates to the given ``url``.</doc>
<status status="PASS" start="2025-07-04T11:30:29.471096" elapsed="0.225344"/>
</kw>
<kw name="Wait For Elements State" owner="Browser">
<msg time="2025-07-04T11:30:29.858268" level="INFO">Waited for Element with selector xpath=//p[contains(text(), 'Crie sua conta para reservar ingressos')] at state visible</msg>
<arg>${SUBMIT_MESSAGE}</arg>
<arg>visible</arg>
<arg>5</arg>
<tag>PageContent</tag>
<tag>Wait</tag>
<doc>Waits for the element found by ``selector`` to satisfy state option.</doc>
<status status="PASS" start="2025-07-04T11:30:29.697175" elapsed="0.161430"/>
</kw>
<status status="PASS" start="2025-07-04T11:30:29.469649" elapsed="0.389360"/>
</kw>
<kw name="Submit signup form" owner="SignupPage">
<kw name="Fill Text" owner="Browser">
<msg time="2025-07-04T11:30:29.862056" level="INFO">Fills the text 'MenuUser' in the given field.</msg>
<arg>css=#name</arg>
<arg>${user}[name]</arg>
<tag>PageContent</tag>
<tag>Setter</tag>
<doc>Clears and fills the given ``txt`` into the text field found by ``selector``.</doc>
<status status="PASS" start="2025-07-04T11:30:29.860751" elapsed="0.038572"/>
</kw>
<kw name="Fill Text" owner="Browser">
<msg time="2025-07-04T11:30:29.902493" level="INFO">Fills the text 'menuuser@test.com' in the given field.</msg>
<arg>css=#email</arg>
<arg>${user}[email]</arg>
<tag>PageContent</tag>
<tag>Setter</tag>
<doc>Clears and fills the given ``txt`` into the text field found by ``selector``.</doc>
<status status="PASS" start="2025-07-04T11:30:29.900097" elapsed="0.028966"/>
</kw>
<kw name="Fill Text" owner="Browser">
<msg time="2025-07-04T11:30:29.931348" level="INFO">Fills the text 'senha123' in the given field.</msg>
<arg>css=#password</arg>
<arg>${user}[password]</arg>
<tag>PageContent</tag>
<tag>Setter</tag>
<doc>Clears and fills the given ``txt`` into the text field found by ``selector``.</doc>
<status status="PASS" start="2025-07-04T11:30:29.929548" elapsed="0.025236"/>
</kw>
<kw name="Fill Text" owner="Browser">
<msg time="2025-07-04T11:30:29.956558" level="INFO">Fills the text 'senha123' in the given field.</msg>
<arg>css=#confirmPassword</arg>
<arg>${user}[password]</arg>
<tag>PageContent</tag>
<tag>Setter</tag>
<doc>Clears and fills the given ``txt`` into the text field found by ``selector``.</doc>
<status status="PASS" start="2025-07-04T11:30:29.955217" elapsed="0.023887"/>
</kw>
<kw name="Click" owner="Browser">
<msg time="2025-07-04T11:30:29.981232" level="INFO">Clicks the element 'css=button[type=submit] &gt;&gt; text=Cadastrar'.</msg>
<arg>${SUBMIT_BUTTON}</arg>
<tag>PageContent</tag>
<tag>Setter</tag>
<doc>Simulates mouse click on the element found by ``selector``.</doc>
<status status="PASS" start="2025-07-04T11:30:29.979503" elapsed="0.081443"/>
</kw>
<arg>${user}</arg>
<status status="PASS" start="2025-07-04T11:30:29.859795" elapsed="0.201486"/>
</kw>
<kw name="Wait For Elements State" owner="Browser">
<msg time="2025-07-04T11:30:30.308441" level="INFO">Waited for Element with selector css=a[href="/reservations"] at state visible</msg>
<arg>css=a[href="/reservations"]</arg>
<arg>visible</arg>
<arg>5s</arg>
<tag>PageContent</tag>
<tag>Wait</tag>
<doc>Waits for the element found by ``selector`` to satisfy state option.</doc>
<status status="PASS" start="2025-07-04T11:30:30.063185" elapsed="0.245655"/>
</kw>
<kw name="Wait For Elements State" owner="Browser">
<msg time="2025-07-04T11:30:30.329324" level="INFO">Waited for Element with selector css=a[href="/profile"] at state visible</msg>
<arg>css=a[href="/profile"]</arg>
<arg>visible</arg>
<arg>5s</arg>
<tag>PageContent</tag>
<tag>Wait</tag>
<doc>Waits for the element found by ``selector`` to satisfy state option.</doc>
<status status="PASS" start="2025-07-04T11:30:30.309848" elapsed="0.019874"/>
</kw>
<kw name="Logout user" owner="LoggedUserPage">
<kw name="Click" owner="Browser">
<msg time="2025-07-04T11:30:30.337771" level="INFO">Clicks the element 'css=.btn-logout &gt;&gt; text=Sair'.</msg>
<arg>css=.btn-logout &gt;&gt; text=Sair</arg>
<tag>PageContent</tag>
<tag>Setter</tag>
<doc>Simulates mouse click on the element found by ``selector``.</doc>
<status status="PASS" start="2025-07-04T11:30:30.336229" elapsed="0.275004"/>
</kw>
<status status="PASS" start="2025-07-04T11:30:30.334693" elapsed="0.276757"/>
</kw>
<kw name="Wait For Elements State" owner="Browser">
<msg time="2025-07-04T11:30:30.624355" level="INFO">Waited for Element with selector css=a[href="/reservations"] at state hidden</msg>
<arg>css=a[href="/reservations"]</arg>
<arg>hidden</arg>
<arg>5s</arg>
<tag>PageContent</tag>
<tag>Wait</tag>
<doc>Waits for the element found by ``selector`` to satisfy state option.</doc>
<status status="PASS" start="2025-07-04T11:30:30.611956" elapsed="0.012647"/>
</kw>
<kw name="Wait For Elements State" owner="Browser">
<msg time="2025-07-04T11:30:30.638116" level="INFO">Waited for Element with selector css=a[href="/profile"] at state hidden</msg>
<arg>css=a[href="/profile"]</arg>
<arg>hidden</arg>
<arg>5s</arg>
<tag>PageContent</tag>
<tag>Wait</tag>
<doc>Waits for the element found by ``selector`` to satisfy state option.</doc>
<status status="PASS" start="2025-07-04T11:30:30.625196" elapsed="0.013205"/>
</kw>
<kw name="Remove user from database" owner="database">
<msg time="2025-07-04T11:30:30.641165" level="INFO">User removed from database</msg>
<arg>${user}[email]</arg>
<status status="PASS" start="2025-07-04T11:30:30.639120" elapsed="0.002202"/>
</kw>
<kw name="Take Screenshot" owner="Browser" type="TEARDOWN">
<msg time="2025-07-04T11:30:30.970172" level="INFO" html="true">&lt;/td&gt;&lt;/tr&gt;&lt;tr&gt;&lt;td colspan="3"&gt;&lt;a href="browser/screenshot/robotframework-browser-screenshot-6.png" target="_blank"&gt;&lt;img src="browser/screenshot/robotframework-browser-screenshot-6.png" width="800px"/&gt;&lt;/a&gt;</msg>
<tag>PageContent</tag>
<doc>Takes a screenshot of the current window or element and saves it to disk.</doc>
<status status="PASS" start="2025-07-04T11:30:30.641899" elapsed="0.328618"/>
</kw>
<msg time="2025-07-04T11:30:30.995053" level="INFO">Switching context to context=1aa847b3-c991-4c95-8a0b-94ed4a9129fc in CURRENT</msg>
<msg time="2025-07-04T11:30:31.008253" level="INFO">Successfully changed active context: context=1aa847b3-c991-4c95-8a0b-94ed4a9129fc</msg>
<msg time="2025-07-04T11:30:31.068632" level="INFO">Successfully closed Context</msg>
<tag>AUTH-003</tag>
<tag>CIN21</tag>
<status status="PASS" start="2025-07-04T11:30:28.733877" elapsed="2.237006"/>
</test>
<doc>Cenários de testes do logout de usuário</doc>
<status status="PASS" start="2025-07-04T11:30:20.087789" elapsed="10.983097"/>
</suite>
<suite id="s1-s1-s3" name="Profile" source="C:\Users\cassi\OneDrive\Área de Trabalho\Cinema-challenge\robot-framework\tests\auth\profile.robot">
<test id="s1-s1-s3-t1" name="Should show users database" line="10">
<kw name="Start Session" owner="base" type="SETUP">
<kw name="New Browser" owner="Browser">
<msg time="2025-07-04T11:30:31.165286" level="INFO">Switching browser to browser=2d90bf67-132c-4016-8a73-a22c261ac1d3</msg>
<msg time="2025-07-04T11:30:31.169584" level="INFO">Successfully changed active browser: browser=2d90bf67-132c-4016-8a73-a22c261ac1d3</msg>
<msg time="2025-07-04T11:30:31.169784" level="INFO">Reusing existing browser with id: browser=2d90bf67-132c-4016-8a73-a22c261ac1d3</msg>
<arg>browser=chromium</arg>
<arg>headless=${False}</arg>
<tag>BrowserControl</tag>
<tag>Setter</tag>
<doc>Create a new playwright Browser with specified options.</doc>
<status status="PASS" start="2025-07-04T11:30:31.163742" elapsed="0.006143"/>
</kw>
<kw name="New Page" owner="Browser">
<msg time="2025-07-04T11:30:31.952359" level="INFO">Successfully initialized new page object and opened url: http://localhost:3002</msg>
<msg time="2025-07-04T11:30:31.952515" level="INFO">No context was open. New context was automatically opened when this page is created.</msg>
<arg>${BASE_URL}</arg>
<tag>BrowserControl</tag>
<tag>Setter</tag>
<doc>Open a new Page.</doc>
<status status="PASS" start="2025-07-04T11:30:31.170221" elapsed="0.782673"/>
</kw>
<status status="PASS" start="2025-07-04T11:30:31.162298" elapsed="0.790878"/>
</kw>
<kw name="Create Dictionary" owner="BuiltIn">
<msg time="2025-07-04T11:30:31.954919" level="INFO">${user} = {'name': 'UserProfile', 'email': 'userprofile@gmail.com', 'password': 'new123456'}</msg>
<var>${user}</var>
<arg>name=UserProfile</arg>
<arg>email=userprofile@gmail.com</arg>
<arg>password=new123456</arg>
<doc>Creates and returns a dictionary based on the given ``items``.</doc>
<status status="PASS" start="2025-07-04T11:30:31.953928" elapsed="0.001090"/>
</kw>
<kw name="Go to signup Page" owner="SignupPage">
<kw name="Go To" owner="Browser">
<msg time="2025-07-04T11:30:32.202992" level="INFO">Successfully opened URL http://localhost:3002/register</msg>
<arg>${BASE_URL}/register</arg>
<tag>BrowserControl</tag>
<tag>Setter</tag>
<doc>Navigates to the given ``url``.</doc>
<status status="PASS" start="2025-07-04T11:30:31.956805" elapsed="0.246597"/>
</kw>
<kw name="Wait For Elements State" owner="Browser">
<msg time="2025-07-04T11:30:32.380060" level="INFO">Waited for Element with selector xpath=//p[contains(text(), 'Crie sua conta para reservar ingressos')] at state visible</msg>
<arg>${SUBMIT_MESSAGE}</arg>
<arg>visible</arg>
<arg>5</arg>
<tag>PageContent</tag>
<tag>Wait</tag>
<doc>Waits for the element found by ``selector`` to satisfy state option.</doc>
<status status="PASS" start="2025-07-04T11:30:32.203885" elapsed="0.176781"/>
</kw>
<status status="PASS" start="2025-07-04T11:30:31.955707" elapsed="0.425423"/>
</kw>
<kw name="Submit signup form" owner="SignupPage">
<kw name="Fill Text" owner="Browser">
<msg time="2025-07-04T11:30:32.385208" level="INFO">Fills the text 'UserProfile' in the given field.</msg>
<arg>css=#name</arg>
<arg>${user}[name]</arg>
<tag>PageContent</tag>
<tag>Setter</tag>
<doc>Clears and fills the given ``txt`` into the text field found by ``selector``.</doc>
<status status="PASS" start="2025-07-04T11:30:32.384079" elapsed="0.033550"/>
</kw>
<kw name="Fill Text" owner="Browser">
<msg time="2025-07-04T11:30:32.420978" level="INFO">Fills the text 'userprofile@gmail.com' in the given field.</msg>
<arg>css=#email</arg>
<arg>${user}[email]</arg>
<tag>PageContent</tag>
<tag>Setter</tag>
<doc>Clears and fills the given ``txt`` into the text field found by ``selector``.</doc>
<status status="PASS" start="2025-07-04T11:30:32.418592" elapsed="0.033963"/>
</kw>
<kw name="Fill Text" owner="Browser">
<msg time="2025-07-04T11:30:32.454798" level="INFO">Fills the text 'new123456' in the given field.</msg>
<arg>css=#password</arg>
<arg>${user}[password]</arg>
<tag>PageContent</tag>
<tag>Setter</tag>
<doc>Clears and fills the given ``txt`` into the text field found by ``selector``.</doc>
<status status="PASS" start="2025-07-04T11:30:32.453091" elapsed="0.029584"/>
</kw>
<kw name="Fill Text" owner="Browser">
<msg time="2025-07-04T11:30:32.485170" level="INFO">Fills the text 'new123456' in the given field.</msg>
<arg>css=#confirmPassword</arg>
<arg>${user}[password]</arg>
<tag>PageContent</tag>
<tag>Setter</tag>
<doc>Clears and fills the given ``txt`` into the text field found by ``selector``.</doc>
<status status="PASS" start="2025-07-04T11:30:32.483302" elapsed="0.024664"/>
</kw>
<kw name="Click" owner="Browser">
<msg time="2025-07-04T11:30:32.509617" level="INFO">Clicks the element 'css=button[type=submit] &gt;&gt; text=Cadastrar'.</msg>
<arg>${SUBMIT_BUTTON}</arg>
<tag>PageContent</tag>
<tag>Setter</tag>
<doc>Simulates mouse click on the element found by ``selector``.</doc>
<status status="PASS" start="2025-07-04T11:30:32.508381" elapsed="0.076596"/>
</kw>
<arg>${user}</arg>
<status status="PASS" start="2025-07-04T11:30:32.382599" elapsed="0.202697"/>
</kw>
<kw name="Click on profile" owner="Profile">
<kw name="Click" owner="Browser">
<msg time="2025-07-04T11:30:32.588097" level="INFO">Clicks the element 'css=a[href="/profile"]'.</msg>
<arg>${PROFILE_LINK}</arg>
<tag>PageContent</tag>
<tag>Setter</tag>
<doc>Simulates mouse click on the element found by ``selector``.</doc>
<status status="PASS" start="2025-07-04T11:30:32.586951" elapsed="0.532276"/>
</kw>
<status status="PASS" start="2025-07-04T11:30:32.585996" elapsed="0.533540"/>
</kw>
<kw name="Submit login" owner="Login">
<kw name="Fill Text" owner="Browser">
<msg time="2025-07-04T11:30:33.124481" level="INFO">Fills the text 'userprofile@gmail.com' in the given field.</msg>
<arg>css=#email</arg>
<arg>${user}[email]</arg>
<tag>PageContent</tag>
<tag>Setter</tag>
<doc>Clears and fills the given ``txt`` into the text field found by ``selector``.</doc>
<status status="PASS" start="2025-07-04T11:30:33.122960" elapsed="0.382718"/>
</kw>
<kw name="Fill Text" owner="Browser">
<msg time="2025-07-04T11:30:33.507573" level="INFO">Fills the text 'new123456' in the given field.</msg>
<arg>css=#password</arg>
<arg>${user}[password]</arg>
<tag>PageContent</tag>
<tag>Setter</tag>
<doc>Clears and fills the given ``txt`` into the text field found by ``selector``.</doc>
<status status="PASS" start="2025-07-04T11:30:33.506158" elapsed="0.032056"/>
</kw>
<kw name="Click" owner="Browser">
<msg time="2025-07-04T11:30:33.540153" level="INFO">Clicks the element 'css=button[type=submit] &gt;&gt; text=Entrar'.</msg>
<arg>${LOGIN_BUTTON}</arg>
<tag>PageContent</tag>
<tag>Setter</tag>
<doc>Simulates mouse click on the element found by ``selector``.</doc>
<status status="PASS" start="2025-07-04T11:30:33.538741" elapsed="0.077960"/>
</kw>
<arg>${user}</arg>
<status status="PASS" start="2025-07-04T11:30:33.121593" elapsed="0.495470"/>
</kw>
<kw name="Click on profile" owner="Profile">
<kw name="Click" owner="Browser">
<msg time="2025-07-04T11:30:33.620990" level="INFO">Clicks the element 'css=a[href="/profile"]'.</msg>
<arg>${PROFILE_LINK}</arg>
<tag>PageContent</tag>
<tag>Setter</tag>
<doc>Simulates mouse click on the element found by ``selector``.</doc>
<status status="PASS" start="2025-07-04T11:30:33.619704" elapsed="0.466692"/>
</kw>
<status status="PASS" start="2025-07-04T11:30:33.617924" elapsed="0.468796"/>
</kw>
<kw name="Get Property" owner="Browser">
<msg time="2025-07-04T11:30:34.181511" level="INFO">Property: 'UserProfile'</msg>
<msg time="2025-07-04T11:30:34.181857" level="INFO">${nome_input} = UserProfile</msg>
<var>${nome_input}</var>
<arg>css=#name</arg>
<arg>value</arg>
<tag>Assertion</tag>
<tag>Getter</tag>
<tag>PageContent</tag>
<doc>Returns the ``property`` of the element found by ``selector``.</doc>
<status status="PASS" start="2025-07-04T11:30:34.087461" elapsed="0.094484"/>
</kw>
<kw name="Get From Dictionary" owner="Collections">
<msg time="2025-07-04T11:30:34.183872" level="INFO">${user_name} = UserProfile</msg>
<var>${user_name}</var>
<arg>${user}</arg>
<arg>name</arg>
<doc>Returns a value from the given ``dictionary`` based on the given ``key``.</doc>
<status status="PASS" start="2025-07-04T11:30:34.182736" elapsed="0.001321"/>
</kw>
<kw name="Should Be Equal" owner="BuiltIn">
<arg>${nome_input}</arg>
<arg>${user_name}</arg>
<doc>Fails if the given objects are unequal.</doc>
<status status="PASS" start="2025-07-04T11:30:34.185176" elapsed="0.000911"/>
</kw>
<kw name="Remove user from database" owner="database">
<msg time="2025-07-04T11:30:34.189346" level="INFO">User removed from database</msg>
<arg>${user}[email]</arg>
<status status="PASS" start="2025-07-04T11:30:34.186754" elapsed="0.002774"/>
</kw>
<kw name="Take Screenshot" owner="Browser" type="TEARDOWN">
<msg time="2025-07-04T11:30:34.485923" level="INFO" html="true">&lt;/td&gt;&lt;/tr&gt;&lt;tr&gt;&lt;td colspan="3"&gt;&lt;a href="browser/screenshot/robotframework-browser-screenshot-7.png" target="_blank"&gt;&lt;img src="browser/screenshot/robotframework-browser-screenshot-7.png" width="800px"/&gt;&lt;/a&gt;</msg>
<tag>PageContent</tag>
<doc>Takes a screenshot of the current window or element and saves it to disk.</doc>
<status status="PASS" start="2025-07-04T11:30:34.191147" elapsed="0.295157"/>
</kw>
<msg time="2025-07-04T11:30:34.521104" level="INFO">Switching context to context=bea53010-4af7-43fb-a921-48d1f05a98dd in CURRENT</msg>
<msg time="2025-07-04T11:30:34.536130" level="INFO">Successfully changed active context: context=bea53010-4af7-43fb-a921-48d1f05a98dd</msg>
<msg time="2025-07-04T11:30:34.618286" level="INFO">Successfully closed Context</msg>
<tag>AUTH-004</tag>
<tag>CIN23</tag>
<status status="PASS" start="2025-07-04T11:30:31.158327" elapsed="3.328454"/>
</test>
<test id="s1-s1-s3-t2" name="Should update user name" line="28">
<kw name="Start Session" owner="base" type="SETUP">
<kw name="New Browser" owner="Browser">
<msg time="2025-07-04T11:30:34.628499" level="INFO">Switching browser to browser=2d90bf67-132c-4016-8a73-a22c261ac1d3</msg>
<msg time="2025-07-04T11:30:34.634599" level="INFO">Successfully changed active browser: browser=2d90bf67-132c-4016-8a73-a22c261ac1d3</msg>
<msg time="2025-07-04T11:30:34.635217" level="INFO">Reusing existing browser with id: browser=2d90bf67-132c-4016-8a73-a22c261ac1d3</msg>
<arg>browser=chromium</arg>
<arg>headless=${False}</arg>
<tag>BrowserControl</tag>
<tag>Setter</tag>
<doc>Create a new playwright Browser with specified options.</doc>
<status status="PASS" start="2025-07-04T11:30:34.626816" elapsed="0.008669"/>
</kw>
<kw name="New Page" owner="Browser">
<msg time="2025-07-04T11:30:35.751312" level="INFO">Successfully initialized new page object and opened url: http://localhost:3002</msg>
<msg time="2025-07-04T11:30:35.751456" level="INFO">No context was open. New context was automatically opened when this page is created.</msg>
<arg>${BASE_URL}</arg>
<tag>BrowserControl</tag>
<tag>Setter</tag>
<doc>Open a new Page.</doc>
<status status="PASS" start="2025-07-04T11:30:34.636111" elapsed="1.115717"/>
</kw>
<status status="PASS" start="2025-07-04T11:30:34.625684" elapsed="1.126413"/>
</kw>
<kw name="Create Dictionary" owner="BuiltIn">
<msg time="2025-07-04T11:30:35.753818" level="INFO">${user} = {'name': 'UserToUpdate', 'email': 'usertoupdate@gmail.com', 'password': 'new123456'}</msg>
<var>${user}</var>
<arg>name=UserToUpdate</arg>
<arg>email=usertoupdate@gmail.com</arg>
<arg>password=new123456</arg>
<doc>Creates and returns a dictionary based on the given ``items``.</doc>
<status status="PASS" start="2025-07-04T11:30:35.752801" elapsed="0.001281"/>
</kw>
<kw name="Reset user in database" owner="database">
<msg time="2025-07-04T11:30:35.884290" level="INFO">Resetting user: usertoupdate@gmail.com
User removed from database
User reset completed.</msg>
<arg>${user}</arg>
<status status="PASS" start="2025-07-04T11:30:35.754767" elapsed="0.129931"/>
</kw>
<kw name="Go to login page" owner="Login">
<kw name="Go To" owner="Browser">
<msg time="2025-07-04T11:30:36.140675" level="INFO">Successfully opened URL http://localhost:3002/login</msg>
<arg>${BASE_URL}/login</arg>
<tag>BrowserControl</tag>
<tag>Setter</tag>
<doc>Navigates to the given ``url``.</doc>
<status status="PASS" start="2025-07-04T11:30:35.887247" elapsed="0.253829"/>
</kw>
<kw name="Wait For Elements State" owner="Browser">
<msg time="2025-07-04T11:30:36.290168" level="INFO">Waited for Element with selector xpath=//p[contains(text(), 'Entre com suas credenciais para acessar sua conta')] at state visible</msg>
<arg>${LOGIN_MESSAGE}</arg>
<arg>visible</arg>
<arg>5</arg>
<tag>PageContent</tag>
<tag>Wait</tag>
<doc>Waits for the element found by ``selector`` to satisfy state option.</doc>
<status status="PASS" start="2025-07-04T11:30:36.141617" elapsed="0.149194"/>
</kw>
<status status="PASS" start="2025-07-04T11:30:35.885690" elapsed="0.405376"/>
</kw>
<kw name="Submit login" owner="Login">
<kw name="Fill Text" owner="Browser">
<msg time="2025-07-04T11:30:36.295169" level="INFO">Fills the text 'usertoupdate@gmail.com' in the given field.</msg>
<arg>css=#email</arg>
<arg>${user}[email]</arg>
<tag>PageContent</tag>
<tag>Setter</tag>
<doc>Clears and fills the given ``txt`` into the text field found by ``selector``.</doc>
<status status="PASS" start="2025-07-04T11:30:36.292790" elapsed="0.037039"/>
</kw>
<kw name="Fill Text" owner="Browser">
<msg time="2025-07-04T11:30:36.332249" level="INFO">Fills the text 'new123456' in the given field.</msg>
<arg>css=#password</arg>
<arg>${user}[password]</arg>
<tag>PageContent</tag>
<tag>Setter</tag>
<doc>Clears and fills the given ``txt`` into the text field found by ``selector``.</doc>
<status status="PASS" start="2025-07-04T11:30:36.330526" elapsed="0.027753"/>
</kw>
<kw name="Click" owner="Browser">
<msg time="2025-07-04T11:30:36.360395" level="INFO">Clicks the element 'css=button[type=submit] &gt;&gt; text=Entrar'.</msg>
<arg>${LOGIN_BUTTON}</arg>
<tag>PageContent</tag>
<tag>Setter</tag>
<doc>Simulates mouse click on the element found by ``selector``.</doc>
<status status="PASS" start="2025-07-04T11:30:36.358642" elapsed="0.091177"/>
</kw>
<arg>${user}</arg>
<status status="PASS" start="2025-07-04T11:30:36.291741" elapsed="0.158424"/>
</kw>
<kw name="Click on profile" owner="Profile">
<kw name="Click" owner="Browser">
<msg time="2025-07-04T11:30:36.454616" level="INFO">Clicks the element 'css=a[href="/profile"]'.</msg>
<arg>${PROFILE_LINK}</arg>
<tag>PageContent</tag>
<tag>Setter</tag>
<doc>Simulates mouse click on the element found by ``selector``.</doc>
<status status="PASS" start="2025-07-04T11:30:36.452886" elapsed="0.540931"/>
</kw>
<status status="PASS" start="2025-07-04T11:30:36.451182" elapsed="0.543027"/>
</kw>
<kw name="Fill profile name and save" owner="Profile">
<kw name="Fill Text" owner="Browser">
<msg time="2025-07-04T11:30:36.999778" level="INFO">Fills the text 'String' in the given field.</msg>
<arg>${INPUT_NAME}</arg>
<arg>${name}</arg>
<tag>PageContent</tag>
<tag>Setter</tag>
<doc>Clears and fills the given ``txt`` into the text field found by ``selector``.</doc>
<status status="PASS" start="2025-07-04T11:30:36.997160" elapsed="0.034628"/>
</kw>
<kw name="Click" owner="Browser">
<msg time="2025-07-04T11:30:37.033618" level="INFO">Clicks the element 'css=button[type=submit] &gt;&gt; text=Salvar alterações'.</msg>
<arg>${SALVAR_ALTERACOES_BTN}</arg>
<tag>PageContent</tag>
<tag>Setter</tag>
<doc>Simulates mouse click on the element found by ``selector``.</doc>
<status status="PASS" start="2025-07-04T11:30:37.032277" elapsed="0.083685"/>
</kw>
<arg>String</arg>
<status status="PASS" start="2025-07-04T11:30:36.995524" elapsed="0.120744"/>
</kw>
<kw name="Modal should contains" owner="Modal">
<kw name="Wait For Elements State" owner="Browser">
<msg time="2025-07-04T11:30:37.222185" level="INFO">Waited for Element with selector .success-modal-overlay at state attached</msg>
<arg>.success-modal-overlay</arg>
<arg>attached</arg>
<arg>timeout=5s</arg>
<tag>PageContent</tag>
<tag>Wait</tag>
<doc>Waits for the element found by ``selector`` to satisfy state option.</doc>
<status status="PASS" start="2025-07-04T11:30:37.118310" elapsed="0.104291"/>
</kw>
<kw name="Get Text" owner="Browser">
<msg time="2025-07-04T11:30:37.285706" level="INFO">Text: 'Perfil atualizado com sucesso'</msg>
<msg time="2025-07-04T11:30:37.285970" level="INFO">${text} = Perfil atualizado com sucesso</msg>
<var>${text}</var>
<arg>css=.success-modal-overlay p</arg>
<tag>Assertion</tag>
<tag>Getter</tag>
<tag>PageContent</tag>
<doc>Returns text attribute of the element found by ``selector``.</doc>
<status status="PASS" start="2025-07-04T11:30:37.222996" elapsed="0.063041"/>
</kw>
<kw name="Should Be Equal" owner="BuiltIn">
<arg>${text}</arg>
<arg>${expected_text}</arg>
<doc>Fails if the given objects are unequal.</doc>
<status status="PASS" start="2025-07-04T11:30:37.286460" elapsed="0.000757"/>
</kw>
<arg>Perfil atualizado com sucesso</arg>
<status status="PASS" start="2025-07-04T11:30:37.117128" elapsed="0.170261"/>
</kw>
<kw name="Wait For Elements State" owner="Browser">
<msg time="2025-07-04T11:30:37.302736" level="INFO">Waited for Element with selector css=.success-modal-overlay button.btn.btn-primary at state visible</msg>
<arg>${MODAL_OK_BUTTON}</arg>
<arg>visible</arg>
<arg>5s</arg>
<tag>PageContent</tag>
<tag>Wait</tag>
<doc>Waits for the element found by ``selector`` to satisfy state option.</doc>
<status status="PASS" start="2025-07-04T11:30:37.287937" elapsed="0.015051"/>
</kw>
<kw name="Click" owner="Browser">
<msg time="2025-07-04T11:30:37.304955" level="INFO">Clicks the element 'css=.success-modal-overlay button.btn.btn-primary'.</msg>
<arg>${MODAL_OK_BUTTON}</arg>
<tag>PageContent</tag>
<tag>Setter</tag>
<doc>Simulates mouse click on the element found by ``selector``.</doc>
<status status="PASS" start="2025-07-04T11:30:37.303815" elapsed="0.279337"/>
</kw>
<kw name="Remove user from database" owner="database">
<msg time="2025-07-04T11:30:37.586049" level="INFO">User removed from database</msg>
<arg>${user}[email]</arg>
<status status="PASS" start="2025-07-04T11:30:37.583780" elapsed="0.002424"/>
</kw>
<kw name="Take Screenshot" owner="Browser" type="TEARDOWN">
<msg time="2025-07-04T11:30:37.804309" level="INFO" html="true">&lt;/td&gt;&lt;/tr&gt;&lt;tr&gt;&lt;td colspan="3"&gt;&lt;a href="browser/screenshot/robotframework-browser-screenshot-8.png" target="_blank"&gt;&lt;img src="browser/screenshot/robotframework-browser-screenshot-8.png" width="800px"/&gt;&lt;/a&gt;</msg>
<tag>PageContent</tag>
<doc>Takes a screenshot of the current window or element and saves it to disk.</doc>
<status status="PASS" start="2025-07-04T11:30:37.586844" elapsed="0.217814"/>
</kw>
<msg time="2025-07-04T11:30:37.829308" level="INFO">Switching context to context=567325db-e278-4496-afb0-5f3c49d8ad1a in CURRENT</msg>
<msg time="2025-07-04T11:30:37.849920" level="INFO">Successfully changed active context: context=567325db-e278-4496-afb0-5f3c49d8ad1a</msg>
<msg time="2025-07-04T11:30:37.915721" level="INFO">Successfully closed Context</msg>
<tag>AUTH-004</tag>
<tag>CIN24</tag>
<status status="PASS" start="2025-07-04T11:30:34.619953" elapsed="3.185470"/>
</test>
<test id="s1-s1-s3-t3" name="Element email should be disable" line="44">
<kw name="Start Session" owner="base" type="SETUP">
<kw name="New Browser" owner="Browser">
<msg time="2025-07-04T11:30:37.926615" level="INFO">Switching browser to browser=2d90bf67-132c-4016-8a73-a22c261ac1d3</msg>
<msg time="2025-07-04T11:30:37.931240" level="INFO">Successfully changed active browser: browser=2d90bf67-132c-4016-8a73-a22c261ac1d3</msg>
<msg time="2025-07-04T11:30:37.931497" level="INFO">Reusing existing browser with id: browser=2d90bf67-132c-4016-8a73-a22c261ac1d3</msg>
<arg>browser=chromium</arg>
<arg>headless=${False}</arg>
<tag>BrowserControl</tag>
<tag>Setter</tag>
<doc>Create a new playwright Browser with specified options.</doc>
<status status="PASS" start="2025-07-04T11:30:37.924614" elapsed="0.007018"/>
</kw>
<kw name="New Page" owner="Browser">
<msg time="2025-07-04T11:30:38.783588" level="INFO">Successfully initialized new page object and opened url: http://localhost:3002</msg>
<msg time="2025-07-04T11:30:38.783713" level="INFO">No context was open. New context was automatically opened when this page is created.</msg>
<arg>${BASE_URL}</arg>
<tag>BrowserControl</tag>
<tag>Setter</tag>
<doc>Open a new Page.</doc>
<status status="PASS" start="2025-07-04T11:30:37.931968" elapsed="0.851970"/>
</kw>
<status status="PASS" start="2025-07-04T11:30:37.923675" elapsed="0.860533"/>
</kw>
<kw name="Create Dictionary" owner="BuiltIn">
<msg time="2025-07-04T11:30:38.785945" level="INFO">${user} = {'name': 'UserNormal', 'email': 'usernormal@gmail.com', 'password': 'new123456'}</msg>
<var>${user}</var>
<arg>name=UserNormal</arg>
<arg>email=usernormal@gmail.com</arg>
<arg>password=new123456</arg>
<doc>Creates and returns a dictionary based on the given ``items``.</doc>
<status status="PASS" start="2025-07-04T11:30:38.784976" elapsed="0.001071"/>
</kw>
<kw name="Reset user in database" owner="database">
<msg time="2025-07-04T11:30:38.912265" level="INFO">Resetting user: usernormal@gmail.com
User removed from database
User reset completed.</msg>
<arg>${user}</arg>
<status status="PASS" start="2025-07-04T11:30:38.786796" elapsed="0.125692"/>
</kw>
<kw name="Go to login page" owner="Login">
<kw name="Go To" owner="Browser">
<msg time="2025-07-04T11:30:39.155938" level="INFO">Successfully opened URL http://localhost:3002/login</msg>
<arg>${BASE_URL}/login</arg>
<tag>BrowserControl</tag>
<tag>Setter</tag>
<doc>Navigates to the given ``url``.</doc>
<status status="PASS" start="2025-07-04T11:30:38.914523" elapsed="0.241819"/>
</kw>
<kw name="Wait For Elements State" owner="Browser">
<msg time="2025-07-04T11:30:39.325432" level="INFO">Waited for Element with selector xpath=//p[contains(text(), 'Entre com suas credenciais para acessar sua conta')] at state visible</msg>
<arg>${LOGIN_MESSAGE}</arg>
<arg>visible</arg>
<arg>5</arg>
<tag>PageContent</tag>
<tag>Wait</tag>
<doc>Waits for the element found by ``selector`` to satisfy state option.</doc>
<status status="PASS" start="2025-07-04T11:30:39.156947" elapsed="0.169139"/>
</kw>
<status status="PASS" start="2025-07-04T11:30:38.913252" elapsed="0.413390"/>
</kw>
<kw name="Submit login" owner="Login">
<kw name="Fill Text" owner="Browser">
<msg time="2025-07-04T11:30:39.330538" level="INFO">Fills the text 'usernormal@gmail.com' in the given field.</msg>
<arg>css=#email</arg>
<arg>${user}[email]</arg>
<tag>PageContent</tag>
<tag>Setter</tag>
<doc>Clears and fills the given ``txt`` into the text field found by ``selector``.</doc>
<status status="PASS" start="2025-07-04T11:30:39.329092" elapsed="0.038645"/>
</kw>
<kw name="Fill Text" owner="Browser">
<msg time="2025-07-04T11:30:39.369695" level="INFO">Fills the text 'new123456' in the given field.</msg>
<arg>css=#password</arg>
<arg>${user}[password]</arg>
<tag>PageContent</tag>
<tag>Setter</tag>
<doc>Clears and fills the given ``txt`` into the text field found by ``selector``.</doc>
<status status="PASS" start="2025-07-04T11:30:39.368272" elapsed="0.032094"/>
</kw>
<kw name="Click" owner="Browser">
<msg time="2025-07-04T11:30:39.402457" level="INFO">Clicks the element 'css=button[type=submit] &gt;&gt; text=Entrar'.</msg>
<arg>${LOGIN_BUTTON}</arg>
<tag>PageContent</tag>
<tag>Setter</tag>
<doc>Simulates mouse click on the element found by ``selector``.</doc>
<status status="PASS" start="2025-07-04T11:30:39.400909" elapsed="0.089346"/>
</kw>
<arg>${user}</arg>
<status status="PASS" start="2025-07-04T11:30:39.327942" elapsed="0.162615"/>
</kw>
<kw name="Click on profile" owner="Profile">
<kw name="Click" owner="Browser">
<msg time="2025-07-04T11:30:39.494423" level="INFO">Clicks the element 'css=a[href="/profile"]'.</msg>
<arg>${PROFILE_LINK}</arg>
<tag>PageContent</tag>
<tag>Setter</tag>
<doc>Simulates mouse click on the element found by ``selector``.</doc>
<status status="PASS" start="2025-07-04T11:30:39.492607" elapsed="0.562502"/>
</kw>
<status status="PASS" start="2025-07-04T11:30:39.491314" elapsed="0.564023"/>
</kw>
<kw name="Get Attribute" owner="Browser">
<msg time="2025-07-04T11:30:40.097066" level="INFO">Attribute is: ''</msg>
<msg time="2025-07-04T11:30:40.097342" level="INFO">${is_disabled} = </msg>
<var>${is_disabled}</var>
<arg>css=#email</arg>
<arg>disabled</arg>
<tag>Assertion</tag>
<tag>Getter</tag>
<tag>PageContent</tag>
<doc>Returns the HTML ``attribute`` of the element found by ``selector``.</doc>
<status status="PASS" start="2025-07-04T11:30:40.055871" elapsed="0.041552"/>
</kw>
<kw name="Should Be Empty" owner="BuiltIn">
<msg time="2025-07-04T11:30:40.098782" level="INFO">Length is 0.</msg>
<arg>${is_disabled}</arg>
<doc>Verifies that the given item is empty.</doc>
<status status="PASS" start="2025-07-04T11:30:40.098119" elapsed="0.000830"/>
</kw>
<kw name="Remove user from database" owner="database">
<msg time="2025-07-04T11:30:40.102000" level="INFO">User removed from database</msg>
<arg>${user}[email]</arg>
<status status="PASS" start="2025-07-04T11:30:40.099487" elapsed="0.002666"/>
</kw>
<kw name="Take Screenshot" owner="Browser" type="TEARDOWN">
<msg time="2025-07-04T11:30:40.341999" level="INFO" html="true">&lt;/td&gt;&lt;/tr&gt;&lt;tr&gt;&lt;td colspan="3"&gt;&lt;a href="browser/screenshot/robotframework-browser-screenshot-9.png" target="_blank"&gt;&lt;img src="browser/screenshot/robotframework-browser-screenshot-9.png" width="800px"/&gt;&lt;/a&gt;</msg>
<tag>PageContent</tag>
<doc>Takes a screenshot of the current window or element and saves it to disk.</doc>
<status status="PASS" start="2025-07-04T11:30:40.102992" elapsed="0.239395"/>
</kw>
<msg time="2025-07-04T11:30:40.370908" level="INFO">Switching context to context=25186ad8-aa4f-4b60-9d89-686e41ab7e74 in CURRENT</msg>
<msg time="2025-07-04T11:30:40.383706" level="INFO">Successfully changed active context: context=25186ad8-aa4f-4b60-9d89-686e41ab7e74</msg>
<msg time="2025-07-04T11:30:40.443557" level="INFO">Successfully closed Context</msg>
<tag>AUTH-004</tag>
<tag>CIN25</tag>
<status status="PASS" start="2025-07-04T11:30:37.917726" elapsed="2.425095"/>
</test>
<test id="s1-s1-s3-t4" name="Should not update user with empty name" line="58">
<kw name="Start Session" owner="base" type="SETUP">
<kw name="New Browser" owner="Browser">
<msg time="2025-07-04T11:30:40.453228" level="INFO">Switching browser to browser=2d90bf67-132c-4016-8a73-a22c261ac1d3</msg>
<msg time="2025-07-04T11:30:40.457145" level="INFO">Successfully changed active browser: browser=2d90bf67-132c-4016-8a73-a22c261ac1d3</msg>
<msg time="2025-07-04T11:30:40.457425" level="INFO">Reusing existing browser with id: browser=2d90bf67-132c-4016-8a73-a22c261ac1d3</msg>
<arg>browser=chromium</arg>
[...]
</kw>
<kw name="Click" owner="Browser">
<msg time="2025-07-04T11:32:55.693360" level="INFO">Clicks the element 'css=.session-button &gt;&gt; nth=0'.</msg>
<arg>${RESERVE_SEATS_BTN}</arg>
<tag>PageContent</tag>
<tag>Setter</tag>
<doc>Simulates mouse click on the element found by ``selector``.</doc>
<status status="PASS" start="2025-07-04T11:32:55.692047" elapsed="0.073764"/>
</kw>
<status status="PASS" start="2025-07-04T11:32:50.674398" elapsed="5.091775"/>
</kw>
<kw name="Click on reset seats" owner="Sessions">
<kw name="Click" owner="Browser">
<msg time="2025-07-04T11:32:55.769924" level="INFO">Clicks the element 'css=.admin-actions button'.</msg>
<arg>${RESET_SEATS_BTN}</arg>
<tag>PageContent</tag>
<tag>Setter</tag>
<doc>Simulates mouse click on the element found by ``selector``.</doc>
<status status="PASS" start="2025-07-04T11:32:55.768332" elapsed="0.136388"/>
</kw>
<status status="PASS" start="2025-07-04T11:32:55.767044" elapsed="0.137883"/>
</kw>
<kw name="Select three availables seats and check subtotal" owner="Sessions">
<kw name="Wait For Elements State" owner="Browser">
<msg time="2025-07-04T11:32:56.752918" level="INFO">Waited for Element with selector css=.row-seats .seat.available &gt;&gt; nth=0 at state visible</msg>
<arg>${SELECT_AVAILABLE_SEATS} &gt;&gt; nth=0</arg>
<arg>visible</arg>
<arg>5s</arg>
<tag>PageContent</tag>
<tag>Wait</tag>
<doc>Waits for the element found by ``selector`` to satisfy state option.</doc>
<status status="PASS" start="2025-07-04T11:32:55.906354" elapsed="0.846850"/>
</kw>
<kw name="Get Elements" owner="Browser">
<msg time="2025-07-04T11:32:56.768992" level="INFO">Found locator('.row-seats .seat.available').first(),locator('.row-seats .seat.available').nth(1),locator('.row-seats .seat.available').nth(2),locator('.row-seats .seat.available').nth(3),locator('.row-seats .seat.available').nth(4),locator('.row-seats .seat.available').nth(5),locator('.row-seats .seat.available').nth(6),locator('.row-seats .seat.available').nth(7),locator('.row-seats .seat.available').nth(8),locator('.row-seats .seat.available').nth(9),locator('.row-seats .seat.available').nth(10),locator('.row-seats .seat.available').nth(11),locator('.row-seats .seat.available').nth(12),locator('.row-seats .seat.available').nth(13),locator('.row-seats .seat.available').nth(14),locator('.row-seats .seat.available').nth(15),locator('.row-seats .seat.available').nth(16),locator('.row-seats .seat.available').nth(17),locator('.row-seats .seat.available').nth(18),locator('.row-seats .seat.available').nth(19),locator('.row-seats .seat.available').nth(20),locator('.row-seats .seat.available').nth(21),locator('.row-seats .seat.available').nth(22),locator('.row-seats .seat.available').nth(23),locator('.row-seats .seat.available').nth(24),locator('.row-seats .seat.available').nth(25),locator('.row-seats .seat.available').nth(26),locator('.row-seats .seat.available').nth(27),locator('.row-seats .seat.available').nth(28),locator('.row-seats .seat.available').nth(29),locator('.row-seats .seat.available').nth(30),locator('.row-seats .seat.available').nth(31),locator('.row-seats .seat.available').nth(32),locator('.row-seats .seat.available').nth(33),locator('.row-seats .seat.available').nth(34),locator('.row-seats .seat.available').nth(35),locator('.row-seats .seat.available').nth(36),locator('.row-seats .seat.available').nth(37),locator('.row-seats .seat.available').nth(38),locator('.row-seats .seat.available').nth(39),locator('.row-seats .seat.available').nth(40),locator('.row-seats .seat.available').nth(41),locator('.row-seats .seat.available').nth(42),locator('.row-seats .seat.available').nth(43),locator('.row-seats .seat.available').nth(44),locator('.row-seats .seat.available').nth(45),locator('.row-seats .seat.available').nth(46),locator('.row-seats .seat.available').nth(47),locator('.row-seats .seat.available').nth(48),locator('.row-seats .seat.available').nth(49),locator('.row-seats .seat.available').nth(50),locator('.row-seats .seat.available').nth(51),locator('.row-seats .seat.available').nth(52),locator('.row-seats .seat.available').nth(53),locator('.row-seats .seat.available').nth(54),locator('.row-seats .seat.available').nth(55),locator('.row-seats .seat.available').nth(56),locator('.row-seats .seat.available').nth(57),locator('.row-seats .seat.available').nth(58),locator('.row-seats .seat.available').nth(59),locator('.row-seats .seat.available').nth(60),locator('.row-seats .seat.available').nth(61),locator('.row-seats .seat.available').nth(62),locator('.row-seats .seat.available').nth(63),locator('.row-seats .seat.available').nth(64),locator('.row-seats .seat.available').nth(65),locator('.row-seats .seat.available').nth(66),locator('.row-seats .seat.available').nth(67),locator('.row-seats .seat.available').nth(68),locator('.row-seats .seat.available').nth(69),locator('.row-seats .seat.available').nth(70),locator('.row-seats .seat.available').nth(71),locator('.row-seats .seat.available').nth(72),locator('.row-seats .seat.available').nth(73),locator('.row-seats .seat.available').nth(74),locator('.row-seats .seat.available').nth(75),locator('.row-seats .seat.available').nth(76),locator('.row-seats .seat.available').nth(77),locator('.row-seats .seat.available').nth(78),locator('.row-seats .seat.available').nth(79) Locators successfully.</msg>
<msg time="2025-07-04T11:32:56.769685" level="INFO">@{assentos} = [ css=.row-seats .seat.available &gt;&gt; nth=0 | css=.row-seats .seat.available &gt;&gt; nth=1 | css=.row-seats .seat.available &gt;&gt; nth=2 | css=.row-seats .seat.available &gt;&gt; nth=3 | css=.row-seats .seat.available...</msg>
<var>@{assentos}</var>
<arg>${SELECT_AVAILABLE_SEATS}</arg>
<tag>Getter</tag>
<tag>PageContent</tag>
<doc>Returns a reference to Playwright [https://playwright.dev/docs/api/class-locator|Locator]
for all matched elements by ``selector``.</doc>
<status status="PASS" start="2025-07-04T11:32:56.753551" elapsed="0.016212"/>
</kw>
<kw name="Click" owner="Browser">
<msg time="2025-07-04T11:32:56.771733" level="INFO">Clicks the element 'css=.row-seats .seat.available &gt;&gt; nth=0'.</msg>
<arg>${assentos[0]}</arg>
<tag>PageContent</tag>
<tag>Setter</tag>
<doc>Simulates mouse click on the element found by ``selector``.</doc>
<status status="PASS" start="2025-07-04T11:32:56.770063" elapsed="0.062804"/>
</kw>
<kw name="Click" owner="Browser">
<msg time="2025-07-04T11:32:56.834852" level="INFO">Clicks the element 'css=.row-seats .seat.available &gt;&gt; nth=1'.</msg>
<arg>${assentos[1]}</arg>
<tag>PageContent</tag>
<tag>Setter</tag>
<doc>Simulates mouse click on the element found by ``selector``.</doc>
<status status="PASS" start="2025-07-04T11:32:56.833203" elapsed="0.065272"/>
</kw>
<kw name="Click" owner="Browser">
<msg time="2025-07-04T11:32:56.900758" level="INFO">Clicks the element 'css=.row-seats .seat.available &gt;&gt; nth=2'.</msg>
<arg>${assentos[2]}</arg>
<tag>PageContent</tag>
<tag>Setter</tag>
<doc>Simulates mouse click on the element found by ``selector``.</doc>
<status status="PASS" start="2025-07-04T11:32:56.898814" elapsed="0.068307"/>
</kw>
<kw name="Sleep" owner="BuiltIn">
<msg time="2025-07-04T11:32:57.968257" level="INFO">Slept 1 second.</msg>
<arg>1s</arg>
<doc>Pauses the test executed for the given time.</doc>
<status status="PASS" start="2025-07-04T11:32:56.967494" elapsed="1.000906"/>
</kw>
<kw name="Get Text" owner="Browser">
<msg time="2025-07-04T11:32:58.003684" level="INFO">Text: 'R$ 60.00'</msg>
<msg time="2025-07-04T11:32:58.003874" level="INFO">${subtotal} = R$ 60.00</msg>
<var>${subtotal}</var>
<arg>${SUBTOTAL_LABEL}</arg>
<tag>Assertion</tag>
<tag>Getter</tag>
<tag>PageContent</tag>
<doc>Returns text attribute of the element found by ``selector``.</doc>
<status status="PASS" start="2025-07-04T11:32:57.968733" elapsed="0.035184"/>
</kw>
<kw name="Sleep" owner="BuiltIn">
<msg time="2025-07-04T11:32:59.005251" level="INFO">Slept 1 second.</msg>
<arg>1s</arg>
<doc>Pauses the test executed for the given time.</doc>
<status status="PASS" start="2025-07-04T11:32:58.004186" elapsed="1.001194"/>
</kw>
<kw name="Should Contain" owner="BuiltIn">
<arg>${subtotal}</arg>
<arg>R$ 60.00</arg>
<doc>Fails if ``container`` does not contain ``item`` one or more times.</doc>
<status status="PASS" start="2025-07-04T11:32:59.005643" elapsed="0.000578"/>
</kw>
<status status="PASS" start="2025-07-04T11:32:55.905565" elapsed="3.100786"/>
</kw>
<kw name="Take Screenshot" owner="Browser" type="TEARDOWN">
<msg time="2025-07-04T11:32:59.196587" level="INFO" html="true">&lt;/td&gt;&lt;/tr&gt;&lt;tr&gt;&lt;td colspan="3"&gt;&lt;a href="browser/screenshot/robotframework-browser-screenshot-34.png" target="_blank"&gt;&lt;img src="browser/screenshot/robotframework-browser-screenshot-34.png" width="800px"/&gt;&lt;/a&gt;</msg>
<tag>PageContent</tag>
<doc>Takes a screenshot of the current window or element and saves it to disk.</doc>
<status status="PASS" start="2025-07-04T11:32:59.006913" elapsed="0.190224"/>
</kw>
<msg time="2025-07-04T11:32:59.217441" level="INFO">Switching context to context=3d21c2b4-5d8f-445d-a95b-70371e751290 in CURRENT</msg>
<msg time="2025-07-04T11:32:59.229411" level="INFO">Successfully changed active context: context=3d21c2b4-5d8f-445d-a95b-70371e751290</msg>
<msg time="2025-07-04T11:32:59.301834" level="INFO">Successfully closed Context</msg>
<tag>CIN61</tag>
<tag>RESERVE-001</tag>
<status status="PASS" start="2025-07-04T11:32:49.259046" elapsed="9.938449"/>
</test>
<test id="s1-s2-s5-t5" name="Should check reservation link" line="42">
<kw name="Start Session" owner="base" type="SETUP">
<kw name="New Browser" owner="Browser">
<msg time="2025-07-04T11:32:59.312785" level="INFO">Switching browser to browser=2d90bf67-132c-4016-8a73-a22c261ac1d3</msg>
<msg time="2025-07-04T11:32:59.316387" level="INFO">Successfully changed active browser: browser=2d90bf67-132c-4016-8a73-a22c261ac1d3</msg>
<msg time="2025-07-04T11:32:59.316621" level="INFO">Reusing existing browser with id: browser=2d90bf67-132c-4016-8a73-a22c261ac1d3</msg>
<arg>browser=chromium</arg>
<arg>headless=${False}</arg>
<tag>BrowserControl</tag>
<tag>Setter</tag>
<doc>Create a new playwright Browser with specified options.</doc>
<status status="PASS" start="2025-07-04T11:32:59.311165" elapsed="0.005554"/>
</kw>
<kw name="New Page" owner="Browser">
<msg time="2025-07-04T11:32:59.946831" level="INFO">Successfully initialized new page object and opened url: http://localhost:3002</msg>
<msg time="2025-07-04T11:32:59.946969" level="INFO">No context was open. New context was automatically opened when this page is created.</msg>
<arg>${BASE_URL}</arg>
<tag>BrowserControl</tag>
<tag>Setter</tag>
<doc>Open a new Page.</doc>
<status status="PASS" start="2025-07-04T11:32:59.316999" elapsed="0.630217"/>
</kw>
<status status="PASS" start="2025-07-04T11:32:59.308864" elapsed="0.638538"/>
</kw>
<kw name="Create Dictionary" owner="BuiltIn">
<msg time="2025-07-04T11:32:59.948785" level="INFO">${admin} = {'email': 'admin@example.com', 'password': 'admin123'}</msg>
<var>${admin}</var>
<arg>email=admin@example.com</arg>
<arg>password=admin123</arg>
<doc>Creates and returns a dictionary based on the given ``items``.</doc>
<status status="PASS" start="2025-07-04T11:32:59.948026" elapsed="0.000821"/>
</kw>
<kw name="Go to login page" owner="Login">
<kw name="Go To" owner="Browser">
<msg time="2025-07-04T11:33:00.137450" level="INFO">Successfully opened URL http://localhost:3002/login</msg>
<arg>${BASE_URL}/login</arg>
<tag>BrowserControl</tag>
<tag>Setter</tag>
<doc>Navigates to the given ``url``.</doc>
<status status="PASS" start="2025-07-04T11:32:59.950084" elapsed="0.187737"/>
</kw>
<kw name="Wait For Elements State" owner="Browser">
<msg time="2025-07-04T11:33:00.300206" level="INFO">Waited for Element with selector xpath=//p[contains(text(), 'Entre com suas credenciais para acessar sua conta')] at state visible</msg>
<arg>${LOGIN_MESSAGE}</arg>
<arg>visible</arg>
<arg>5</arg>
<tag>PageContent</tag>
<tag>Wait</tag>
<doc>Waits for the element found by ``selector`` to satisfy state option.</doc>
<status status="PASS" start="2025-07-04T11:33:00.138305" elapsed="0.162260"/>
</kw>
<status status="PASS" start="2025-07-04T11:32:59.949355" elapsed="0.351460"/>
</kw>
<kw name="Submit login" owner="Login">
<kw name="Fill Text" owner="Browser">
<msg time="2025-07-04T11:33:00.303694" level="INFO">Fills the text 'admin@example.com' in the given field.</msg>
<arg>css=#email</arg>
<arg>${user}[email]</arg>
<tag>PageContent</tag>
<tag>Setter</tag>
<doc>Clears and fills the given ``txt`` into the text field found by ``selector``.</doc>
<status status="PASS" start="2025-07-04T11:33:00.302521" elapsed="0.033587"/>
</kw>
<kw name="Fill Text" owner="Browser">
<msg time="2025-07-04T11:33:00.337889" level="INFO">Fills the text 'admin123' in the given field.</msg>
<arg>css=#password</arg>
<arg>${user}[password]</arg>
<tag>PageContent</tag>
<tag>Setter</tag>
<doc>Clears and fills the given ``txt`` into the text field found by ``selector``.</doc>
<status status="PASS" start="2025-07-04T11:33:00.336464" elapsed="0.025578"/>
</kw>
<kw name="Click" owner="Browser">
<msg time="2025-07-04T11:33:00.363987" level="INFO">Clicks the element 'css=button[type=submit] &gt;&gt; text=Entrar'.</msg>
<arg>${LOGIN_BUTTON}</arg>
<tag>PageContent</tag>
<tag>Setter</tag>
<doc>Simulates mouse click on the element found by ``selector``.</doc>
<status status="PASS" start="2025-07-04T11:33:00.362653" elapsed="0.081720"/>
</kw>
<arg>${admin}</arg>
<status status="PASS" start="2025-07-04T11:33:00.301402" elapsed="0.143459"/>
</kw>
<kw name="Check my reservation link" owner="Home">
<kw name="Wait For Elements State" owner="Browser">
<msg time="2025-07-04T11:33:00.682604" level="INFO">Waited for Element with selector css=.home-container &gt; h1 at state visible</msg>
<arg>${WELCOME_MESSAGE}</arg>
<arg>visible</arg>
<arg>5s</arg>
<tag>PageContent</tag>
<tag>Wait</tag>
<doc>Waits for the element found by ``selector`` to satisfy state option.</doc>
<status status="PASS" start="2025-07-04T11:33:00.446325" elapsed="0.236741"/>
</kw>
<kw name="Get Elements" owner="Browser">
<msg time="2025-07-04T11:33:00.830550" level="INFO">Found locator('a[href="/reservations"]').first() Locators successfully.</msg>
<msg time="2025-07-04T11:33:00.830933" level="INFO">${my_reservation} = ['css=a[href="/reservations"] &gt;&gt; nth=0']</msg>
<var>${my_reservation}</var>
<arg>${MY_RESERVATIONS_LINK}</arg>
<tag>Getter</tag>
<tag>PageContent</tag>
<doc>Returns a reference to Playwright [https://playwright.dev/docs/api/class-locator|Locator]
for all matched elements by ``selector``.</doc>
<status status="PASS" start="2025-07-04T11:33:00.683796" elapsed="0.147208"/>
</kw>
<kw name="Should Not Be Empty" owner="BuiltIn">
<msg time="2025-07-04T11:33:00.831997" level="INFO">Length is 1.</msg>
<arg>${my_reservation}</arg>
<doc>Verifies that the given item is not empty.</doc>
<status status="PASS" start="2025-07-04T11:33:00.831396" elapsed="0.000734"/>
</kw>
<status status="PASS" start="2025-07-04T11:33:00.445519" elapsed="0.386792"/>
</kw>
<kw name="Take Screenshot" owner="Browser" type="TEARDOWN">
<msg time="2025-07-04T11:33:01.111281" level="INFO" html="true">&lt;/td&gt;&lt;/tr&gt;&lt;tr&gt;&lt;td colspan="3"&gt;&lt;a href="browser/screenshot/robotframework-browser-screenshot-35.png" target="_blank"&gt;&lt;img src="browser/screenshot/robotframework-browser-screenshot-35.png" width="800px"/&gt;&lt;/a&gt;</msg>
<tag>PageContent</tag>
<doc>Takes a screenshot of the current window or element and saves it to disk.</doc>
<status status="PASS" start="2025-07-04T11:33:00.832991" elapsed="0.278572"/>
</kw>
<msg time="2025-07-04T11:33:01.134554" level="INFO">Switching context to context=f436a5b9-aff6-4792-b15c-1f30d0958d72 in CURRENT</msg>
<msg time="2025-07-04T11:33:01.149591" level="INFO">Successfully changed active context: context=f436a5b9-aff6-4792-b15c-1f30d0958d72</msg>
<msg time="2025-07-04T11:33:01.226157" level="INFO">Successfully closed Context</msg>
<tag>CIN75</tag>
<tag>RESERVE-003</tag>
<status status="PASS" start="2025-07-04T11:32:59.303430" elapsed="1.808479"/>
</test>
<doc>Cenários de testes da rota sessions</doc>
<status status="PASS" start="2025-07-04T11:32:30.800314" elapsed="30.427448"/>
</suite>
<status status="PASS" start="2025-07-04T11:30:53.189169" elapsed="128.055026"/>
</suite>
<status status="PASS" start="2025-07-04T11:30:04.536716" elapsed="176.710168"/>
</suite>
<statistics>
<total>
<stat pass="35" fail="0" skip="0">All Tests</stat>
</total>
<tag>
<stat pass="4" fail="0" skip="0">AUTH-001</stat>
<stat pass="2" fail="0" skip="0">AUTH-002</stat>
<stat pass="4" fail="0" skip="0">AUTH-003</stat>
<stat pass="4" fail="0" skip="0">AUTH-004</stat>
<stat pass="1" fail="0" skip="0">CIN1</stat>
<stat pass="1" fail="0" skip="0">CIN10</stat>
<stat pass="1" fail="0" skip="0">CIN109</stat>
<stat pass="1" fail="0" skip="0">CIN11</stat>
<stat pass="1" fail="0" skip="0">CIN17</stat>
<stat pass="1" fail="0" skip="0">CIN18</stat>
<stat pass="1" fail="0" skip="0">CIN19</stat>
<stat pass="1" fail="0" skip="0">CIN2</stat>
<stat pass="1" fail="0" skip="0">CIN21</stat>
<stat pass="1" fail="0" skip="0">CIN23</stat>
<stat pass="1" fail="0" skip="0">CIN24</stat>
<stat pass="1" fail="0" skip="0">CIN25</stat>
<stat pass="1" fail="0" skip="0">CIN29</stat>
<stat pass="1" fail="0" skip="0">CIN3</stat>
<stat pass="2" fail="0" skip="0">CIN39</stat>
<stat pass="1" fail="0" skip="0">CIN4</stat>
<stat pass="2" fail="0" skip="0">CIN42</stat>
<stat pass="1" fail="0" skip="0">CIN43</stat>
<stat pass="1" fail="0" skip="0">CIN48</stat>
<stat pass="1" fail="0" skip="0">CIN49</stat>
<stat pass="1" fail="0" skip="0">CIN54</stat>
<stat pass="1" fail="0" skip="0">CIN55</stat>
<stat pass="1" fail="0" skip="0">CIN60</stat>
<stat pass="1" fail="0" skip="0">CIN61</stat>
<stat pass="1" fail="0" skip="0">CIN64</stat>
<stat pass="1" fail="0" skip="0">CIN66</stat>
<stat pass="1" fail="0" skip="0">CIN67</stat>
<stat pass="1" fail="0" skip="0">CIN68</stat>
<stat pass="1" fail="0" skip="0">CIN69</stat>
<stat pass="1" fail="0" skip="0">CIN70</stat>
<stat pass="1" fail="0" skip="0">CIN71</stat>
<stat pass="1" fail="0" skip="0">CIN72</stat>
<stat pass="1" fail="0" skip="0">CIN75</stat>
<stat pass="1" fail="0" skip="0">CIN76</stat>
<stat pass="1" fail="0" skip="0">CIN77</stat>
<stat pass="1" fail="0" skip="0">CIN78</stat>
<stat pass="1" fail="0" skip="0">CIN79</stat>
<stat pass="1" fail="0" skip="0">CIN80</stat>
<stat pass="1" fail="0" skip="0">CIN81</stat>
<stat pass="5" fail="0" skip="0">MOVIE-001</stat>
<stat pass="3" fail="0" skip="0">MOVIE-002</stat>
<stat pass="4" fail="0" skip="0">RESERVE-001</stat>
<stat pass="4" fail="0" skip="0">RESERVE-002</stat>
<stat pass="3" fail="0" skip="0">RESERVE-003</stat>
<stat pass="2" fail="0" skip="0">SESSION-001</stat>
<stat pass="1" fail="0" skip="0">UI</stat>
</tag>
<suite>
<stat name="Tests" id="s1" pass="35" fail="0" skip="0">Tests</stat>
<stat name="Auth" id="s1-s1" pass="14" fail="0" skip="0">Tests.Auth</stat>
<stat name="Login" id="s1-s1-s1" pass="2" fail="0" skip="0">Tests.Auth.Login</stat>
<stat name="Logout" id="s1-s1-s2" pass="4" fail="0" skip="0">Tests.Auth.Logout</stat>
<stat name="Profile" id="s1-s1-s3" pass="4" fail="0" skip="0">Tests.Auth.Profile</stat>
<stat name="Signup" id="s1-s1-s4" pass="4" fail="0" skip="0">Tests.Auth.Signup</stat>
<stat name="Pages" id="s1-s2" pass="21" fail="0" skip="0">Tests.Pages</stat>
<stat name="Checkout" id="s1-s2-s1" pass="4" fail="0" skip="0">Tests.Pages.Checkout</stat>
<stat name="Home" id="s1-s2-s2" pass="5" fail="0" skip="0">Tests.Pages.Home</stat>
<stat name="Movies" id="s1-s2-s3" pass="3" fail="0" skip="0">Tests.Pages.Movies</stat>
<stat name="Reservation" id="s1-s2-s4" pass="4" fail="0" skip="0">Tests.Pages.Reservation</stat>
<stat name="Sessions" id="s1-s2-s5" pass="5" fail="0" skip="0">Tests.Pages.Sessions</stat>
</suite>
</statistics>
<errors>
</errors>
</robot>
