<?xml version="1.0" encoding="UTF-8"?>
<robot generator="Robot 7.2.2 (Python 3.13.3 on win32)" generated="2025-07-02T18:53:56.612353" rpa="false" schemaversion="5">
<suite id="s1" name="Tests" source="C:\Users\cassi\OneDrive\Área de Trabalho\Cinema-challenge\robot-framework\tests">
<suite id="s1-s1" name="Auth" source="C:\Users\cassi\OneDrive\Área de Trabalho\Cinema-challenge\robot-framework\tests\auth">
<suite id="s1-s1-s1" name="Login" source="C:\Users\cassi\OneDrive\Área de Trabalho\Cinema-challenge\robot-framework\tests\auth\login.robot">
<test id="s1-s1-s1-t1" name="Should login successfully" line="9">
<kw name="Start Session" owner="base" type="SETUP">
<kw name="New Browser" owner="Browser">
<msg time="2025-07-02T18:53:56.963872" level="INFO">{"browser": "chromium", "headless": false, "chromiumSandbox": false, "devtools": false, "handleSIGHUP": true, "handleSIGINT": true, "handleSIGTERM": true, "slowMo": 0.0, "timeout": 30000.0, "tracesDir": "C:\\Users\\cassi\\OneDrive\\\u00c1rea de Trabalho\\Cinema-challenge\\robot-framework\\logs\\browser\\traces\\temp\\9f8975b4-7e13-42db-92a4-898537d4f16b"}</msg>
<msg time="2025-07-02T18:53:56.998759" level="INFO">Starting Browser process C:\Python313\Lib\site-packages\Browser\wrapper\index.js using at 127.0.0.1:55491</msg>
<msg time="2025-07-02T18:53:58.475091" level="INFO">Successfully created browser with options: {"browser":"chromium","headless":false,"chromiumSandbox":false,"devtools":false,"handleSIGHUP":true,"handleSIGINT":true,"handleSIGTERM":true,"slowMo":0,"timeout":30000,"tracesDir":"C:\\Users\\cassi\\OneDrive\\Área de Trabalho\\Cinema-challenge\\robot-framework\\logs\\browser\\traces\\temp\\9f8975b4-7e13-42db-92a4-898537d4f16b"}</msg>
<arg>browser=chromium</arg>
<arg>headless=${False}</arg>
<tag>BrowserControl</tag>
<tag>Setter</tag>
<doc>Create a new playwright Browser with specified options.</doc>
<status status="PASS" start="2025-07-02T18:53:56.963119" elapsed="1.512222"/>
</kw>
<kw name="New Page" owner="Browser">
<msg time="2025-07-02T18:54:00.076664" level="INFO">Successfully initialized new page object and opened url: http://localhost:3002</msg>
<msg time="2025-07-02T18:54:00.076772" level="INFO">No context was open. New context was automatically opened when this page is created.</msg>
<arg>${BASE_URL}</arg>
<tag>BrowserControl</tag>
<tag>Setter</tag>
<doc>Open a new Page.</doc>
<status status="PASS" start="2025-07-02T18:53:58.475762" elapsed="1.601244"/>
</kw>
<status status="PASS" start="2025-07-02T18:53:56.962368" elapsed="3.114862"/>
</kw>
<kw name="Create Dictionary" owner="BuiltIn">
<msg time="2025-07-02T18:54:00.078712" level="INFO">${user} = {'name': 'NewUserLogin', 'email': 'newuserlogin@gmail.com', 'password': 'new123456'}</msg>
<var>${user}</var>
<arg>name=NewUserLogin</arg>
<arg>email=newuserlogin@gmail.com</arg>
<arg>password=new123456</arg>
<doc>Creates and returns a dictionary based on the given ``items``.</doc>
<status status="PASS" start="2025-07-02T18:54:00.077846" elapsed="0.000933"/>
</kw>
<kw name="Go to signup Page" owner="SignupPage">
<kw name="Go To" owner="Browser">
<msg time="2025-07-02T18:54:00.199145" level="INFO">Successfully opened URL http://localhost:3002/register</msg>
<arg>${BASE_URL}/register</arg>
<tag>BrowserControl</tag>
<tag>Setter</tag>
<doc>Navigates to the given ``url``.</doc>
<status status="PASS" start="2025-07-02T18:54:00.079864" elapsed="0.119500"/>
</kw>
<kw name="Wait For Elements State" owner="Browser">
<msg time="2025-07-02T18:54:00.287014" level="INFO">Waited for Element with selector xpath=//p[contains(text(), 'Crie sua conta para reservar ingressos')] at state visible</msg>
<arg>${SUBMIT_MESSAGE}</arg>
<arg>visible</arg>
<arg>5</arg>
<tag>PageContent</tag>
<tag>Wait</tag>
<doc>Waits for the element found by ``selector`` to satisfy state option.</doc>
<status status="PASS" start="2025-07-02T18:54:00.199667" elapsed="0.087523"/>
</kw>
<status status="PASS" start="2025-07-02T18:54:00.079309" elapsed="0.208004"/>
</kw>
<kw name="Submit signup form" owner="SignupPage">
<kw name="Fill Text" owner="Browser">
<msg time="2025-07-02T18:54:00.289218" level="INFO">Fills the text 'NewUserLogin' in the given field.</msg>
<arg>css=#name</arg>
<arg>${user}[name]</arg>
<tag>PageContent</tag>
<tag>Setter</tag>
<doc>Clears and fills the given ``txt`` into the text field found by ``selector``.</doc>
<status status="PASS" start="2025-07-02T18:54:00.288552" elapsed="0.030608"/>
</kw>
<kw name="Fill Text" owner="Browser">
<msg time="2025-07-02T18:54:00.320049" level="INFO">Fills the text 'newuserlogin@gmail.com' in the given field.</msg>
<arg>css=#email</arg>
<arg>${user}[email]</arg>
<tag>PageContent</tag>
<tag>Setter</tag>
<doc>Clears and fills the given ``txt`` into the text field found by ``selector``.</doc>
<status status="PASS" start="2025-07-02T18:54:00.319393" elapsed="0.021949"/>
</kw>
<kw name="Fill Text" owner="Browser">
<msg time="2025-07-02T18:54:00.342389" level="INFO">Fills the text 'new123456' in the given field.</msg>
<arg>css=#password</arg>
<arg>${user}[password]</arg>
<tag>PageContent</tag>
<tag>Setter</tag>
<doc>Clears and fills the given ``txt`` into the text field found by ``selector``.</doc>
<status status="PASS" start="2025-07-02T18:54:00.341586" elapsed="0.017380"/>
</kw>
<kw name="Fill Text" owner="Browser">
<msg time="2025-07-02T18:54:00.359954" level="INFO">Fills the text 'new123456' in the given field.</msg>
<arg>css=#confirmPassword</arg>
<arg>${user}[password]</arg>
<tag>PageContent</tag>
<tag>Setter</tag>
<doc>Clears and fills the given ``txt`` into the text field found by ``selector``.</doc>
<status status="PASS" start="2025-07-02T18:54:00.359209" elapsed="0.016057"/>
</kw>
<kw name="Click" owner="Browser">
<msg time="2025-07-02T18:54:00.376341" level="INFO">Clicks the element 'css=button[type=submit] &gt;&gt; text=Cadastrar'.</msg>
<arg>${SUBMIT_BUTTON}</arg>
<tag>PageContent</tag>
<tag>Setter</tag>
<doc>Simulates mouse click on the element found by ``selector``.</doc>
<status status="PASS" start="2025-07-02T18:54:00.375521" elapsed="0.124753"/>
</kw>
<arg>${user}</arg>
<status status="PASS" start="2025-07-02T18:54:00.287906" elapsed="0.212573"/>
</kw>
<kw name="Go to login page" owner="Login">
<kw name="Go To" owner="Browser">
<msg time="2025-07-02T18:54:00.619165" level="INFO">Successfully opened URL http://localhost:3002/login</msg>
<arg>${BASE_URL}/login</arg>
<tag>BrowserControl</tag>
<tag>Setter</tag>
<doc>Navigates to the given ``url``.</doc>
<status status="PASS" start="2025-07-02T18:54:00.507878" elapsed="0.111509"/>
</kw>
<kw name="Wait For Elements State" owner="Browser">
<msg time="2025-07-02T18:54:00.688482" level="INFO">Waited for Element with selector xpath=//p[contains(text(), 'Entre com suas credenciais para acessar sua conta')] at state visible</msg>
<arg>${LOGIN_MESSAGE}</arg>
<arg>visible</arg>
<arg>5</arg>
<tag>PageContent</tag>
<tag>Wait</tag>
<doc>Waits for the element found by ``selector`` to satisfy state option.</doc>
<status status="PASS" start="2025-07-02T18:54:00.619667" elapsed="0.068966"/>
</kw>
<status status="PASS" start="2025-07-02T18:54:00.507069" elapsed="0.181678"/>
</kw>
<kw name="Submit login" owner="Login">
<kw name="Fill Text" owner="Browser">
<msg time="2025-07-02T18:54:00.690365" level="INFO">Fills the text 'newuserlogin@gmail.com' in the given field.</msg>
<arg>css=#email</arg>
<arg>${user}[email]</arg>
<tag>PageContent</tag>
<tag>Setter</tag>
<doc>Clears and fills the given ``txt`` into the text field found by ``selector``.</doc>
<status status="PASS" start="2025-07-02T18:54:00.689716" elapsed="0.015784"/>
</kw>
<kw name="Fill Text" owner="Browser">
<msg time="2025-07-02T18:54:00.706632" level="INFO">Fills the text 'new123456' in the given field.</msg>
<arg>css=#password</arg>
<arg>${user}[password]</arg>
<tag>PageContent</tag>
<tag>Setter</tag>
<doc>Clears and fills the given ``txt`` into the text field found by ``selector``.</doc>
<status status="PASS" start="2025-07-02T18:54:00.705757" elapsed="0.024721"/>
</kw>
<kw name="Click" owner="Browser">
<msg time="2025-07-02T18:54:00.733488" level="INFO">Clicks the element 'css=button[type=submit] &gt;&gt; text=Entrar'.</msg>
<arg>${LOGIN_BUTTON}</arg>
<tag>PageContent</tag>
<tag>Setter</tag>
<doc>Simulates mouse click on the element found by ``selector``.</doc>
<status status="PASS" start="2025-07-02T18:54:00.731069" elapsed="0.084739"/>
</kw>
<arg>${user}</arg>
<status status="PASS" start="2025-07-02T18:54:00.689123" elapsed="0.126875"/>
</kw>
<kw name="Alert should be" owner="Alert">
<kw name="Wait For Elements State" owner="Browser">
<msg time="2025-07-02T18:54:00.934628" level="INFO">Waited for Element with selector css=.alert-content &gt;&gt; text=Login realizado com sucesso at state visible</msg>
<arg>css=.alert-content &gt;&gt; text=${expected_text}</arg>
<arg>visible</arg>
<arg>5</arg>
<tag>PageContent</tag>
<tag>Wait</tag>
<doc>Waits for the element found by ``selector`` to satisfy state option.</doc>
<status status="PASS" start="2025-07-02T18:54:00.817273" elapsed="0.117642"/>
</kw>
<arg>Login realizado com sucesso</arg>
<status status="PASS" start="2025-07-02T18:54:00.816531" elapsed="0.118576"/>
</kw>
<kw name="Remove user from database" owner="database">
<msg time="2025-07-02T18:54:00.940091" level="INFO">User removed from database</msg>
<arg>${user}[email]</arg>
<status status="PASS" start="2025-07-02T18:54:00.935623" elapsed="0.004607"/>
</kw>
<kw name="Take Screenshot" owner="Browser" type="TEARDOWN">
<msg time="2025-07-02T18:54:01.352299" level="INFO" html="true">&lt;/td&gt;&lt;/tr&gt;&lt;tr&gt;&lt;td colspan="3"&gt;&lt;a href="browser/screenshot/robotframework-browser-screenshot-1.png" target="_blank"&gt;&lt;img src="browser/screenshot/robotframework-browser-screenshot-1.png" width="800px"/&gt;&lt;/a&gt;</msg>
<tag>PageContent</tag>
<doc>Takes a screenshot of the current window or element and saves it to disk.</doc>
<status status="PASS" start="2025-07-02T18:54:00.940844" elapsed="0.411603"/>
</kw>
<msg time="2025-07-02T18:54:01.369702" level="INFO">Switching context to context=996dc351-dfa8-412b-984e-3040b3a8a4b9 in CURRENT</msg>
<msg time="2025-07-02T18:54:01.380413" level="INFO">Successfully changed active context: context=996dc351-dfa8-412b-984e-3040b3a8a4b9</msg>
<msg time="2025-07-02T18:54:01.469361" level="INFO">Successfully closed Context</msg>
<tag>AUTH-002</tag>
<tag>CIN10</tag>
<status status="PASS" start="2025-07-02T18:53:56.961477" elapsed="4.391593"/>
</test>
<test id="s1-s1-s1-t2" name="Should not login incorrect password" line="22">
<kw name="Start Session" owner="base" type="SETUP">
<kw name="New Browser" owner="Browser">
<msg time="2025-07-02T18:54:01.475624" level="INFO">Switching browser to browser=90e959a8-fe39-4752-94a7-780755a97eeb</msg>
<msg time="2025-07-02T18:54:01.477953" level="INFO">Successfully changed active browser: browser=90e959a8-fe39-4752-94a7-780755a97eeb</msg>
<msg time="2025-07-02T18:54:01.478067" level="INFO">Reusing existing browser with id: browser=90e959a8-fe39-4752-94a7-780755a97eeb</msg>
<arg>browser=chromium</arg>
<arg>headless=${False}</arg>
<tag>BrowserControl</tag>
<tag>Setter</tag>
<doc>Create a new playwright Browser with specified options.</doc>
<status status="PASS" start="2025-07-02T18:54:01.474873" elapsed="0.003256"/>
</kw>
<kw name="New Page" owner="Browser">
<msg time="2025-07-02T18:54:03.102154" level="INFO">Successfully initialized new page object and opened url: http://localhost:3002</msg>
<msg time="2025-07-02T18:54:03.102317" level="INFO">No context was open. New context was automatically opened when this page is created.</msg>
<arg>${BASE_URL}</arg>
<tag>BrowserControl</tag>
<tag>Setter</tag>
<doc>Open a new Page.</doc>
<status status="PASS" start="2025-07-02T18:54:01.478315" elapsed="1.624157"/>
</kw>
<status status="PASS" start="2025-07-02T18:54:01.474238" elapsed="1.628395"/>
</kw>
<kw name="Create Dictionary" owner="BuiltIn">
<msg time="2025-07-02T18:54:03.103849" level="INFO">${user} = {'name': 'NewUserLogin', 'email': 'newuserlogin@gmail.com', 'password': 'new123456'}</msg>
<var>${user}</var>
<arg>name=NewUserLogin</arg>
<arg>email=newuserlogin@gmail.com</arg>
<arg>password=new123456</arg>
<doc>Creates and returns a dictionary based on the given ``items``.</doc>
<status status="PASS" start="2025-07-02T18:54:03.103243" elapsed="0.000663"/>
</kw>
<kw name="Create Dictionary" owner="BuiltIn">
<msg time="2025-07-02T18:54:03.104631" level="INFO">${wrong_password} = {'name': 'NewUserLogin', 'email': 'newuserlogin@gmail.com', 'password': 'wrongpassword'}</msg>
<var>${wrong_password}</var>
<arg>name=NewUserLogin</arg>
<arg>email=newuserlogin@gmail.com</arg>
<arg>password=wrongpassword</arg>
<doc>Creates and returns a dictionary based on the given ``items``.</doc>
<status status="PASS" start="2025-07-02T18:54:03.104288" elapsed="0.000376"/>
</kw>
<kw name="Go to signup Page" owner="SignupPage">
<kw name="Go To" owner="Browser">
<msg time="2025-07-02T18:54:03.227896" level="INFO">Successfully opened URL http://localhost:3002/register</msg>
<arg>${BASE_URL}/register</arg>
<tag>BrowserControl</tag>
<tag>Setter</tag>
<doc>Navigates to the given ``url``.</doc>
<status status="PASS" start="2025-07-02T18:54:03.105392" elapsed="0.122817"/>
</kw>
<kw name="Wait For Elements State" owner="Browser">
<msg time="2025-07-02T18:54:03.315210" level="INFO">Waited for Element with selector xpath=//p[contains(text(), 'Crie sua conta para reservar ingressos')] at state visible</msg>
<arg>${SUBMIT_MESSAGE}</arg>
<arg>visible</arg>
<arg>5</arg>
<tag>PageContent</tag>
<tag>Wait</tag>
<doc>Waits for the element found by ``selector`` to satisfy state option.</doc>
<status status="PASS" start="2025-07-02T18:54:03.228549" elapsed="0.086805"/>
</kw>
<status status="PASS" start="2025-07-02T18:54:03.105004" elapsed="0.210459"/>
</kw>
<kw name="Submit signup form" owner="SignupPage">
<kw name="Fill Text" owner="Browser">
<msg time="2025-07-02T18:54:03.316933" level="INFO">Fills the text 'NewUserLogin' in the given field.</msg>
<arg>css=#name</arg>
<arg>${user}[name]</arg>
<tag>PageContent</tag>
<tag>Setter</tag>
<doc>Clears and fills the given ``txt`` into the text field found by ``selector``.</doc>
<status status="PASS" start="2025-07-02T18:54:03.316430" elapsed="0.020966"/>
</kw>
<kw name="Fill Text" owner="Browser">
<msg time="2025-07-02T18:54:03.339791" level="INFO">Fills the text 'newuserlogin@gmail.com' in the given field.</msg>
<arg>css=#email</arg>
<arg>${user}[email]</arg>
<tag>PageContent</tag>
<tag>Setter</tag>
<doc>Clears and fills the given ``txt`` into the text field found by ``selector``.</doc>
<status status="PASS" start="2025-07-02T18:54:03.337947" elapsed="0.025454"/>
</kw>
<kw name="Fill Text" owner="Browser">
<msg time="2025-07-02T18:54:03.364668" level="INFO">Fills the text 'new123456' in the given field.</msg>
<arg>css=#password</arg>
<arg>${user}[password]</arg>
<tag>PageContent</tag>
<tag>Setter</tag>
<doc>Clears and fills the given ``txt`` into the text field found by ``selector``.</doc>
<status status="PASS" start="2025-07-02T18:54:03.363796" elapsed="0.015291"/>
</kw>
<kw name="Fill Text" owner="Browser">
<msg time="2025-07-02T18:54:03.380272" level="INFO">Fills the text 'new123456' in the given field.</msg>
<arg>css=#confirmPassword</arg>
<arg>${user}[password]</arg>
<tag>PageContent</tag>
<tag>Setter</tag>
<doc>Clears and fills the given ``txt`` into the text field found by ``selector``.</doc>
<status status="PASS" start="2025-07-02T18:54:03.379427" elapsed="0.012429"/>
</kw>
<kw name="Click" owner="Browser">
<msg time="2025-07-02T18:54:03.394038" level="INFO">Clicks the element 'css=button[type=submit] &gt;&gt; text=Cadastrar'.</msg>
<arg>${SUBMIT_BUTTON}</arg>
<tag>PageContent</tag>
<tag>Setter</tag>
<doc>Simulates mouse click on the element found by ``selector``.</doc>
<status status="PASS" start="2025-07-02T18:54:03.392276" elapsed="0.090598"/>
</kw>
<arg>${user}</arg>
<status status="PASS" start="2025-07-02T18:54:03.315891" elapsed="0.167147"/>
</kw>
<kw name="Go to login page" owner="Login">
<kw name="Go To" owner="Browser">
<msg time="2025-07-02T18:54:03.611616" level="INFO">Successfully opened URL http://localhost:3002/login</msg>
<arg>${BASE_URL}/login</arg>
<tag>BrowserControl</tag>
<tag>Setter</tag>
<doc>Navigates to the given ``url``.</doc>
<status status="PASS" start="2025-07-02T18:54:03.484349" elapsed="0.127448"/>
</kw>
<kw name="Wait For Elements State" owner="Browser">
<msg time="2025-07-02T18:54:03.676433" level="INFO">Waited for Element with selector xpath=//p[contains(text(), 'Entre com suas credenciais para acessar sua conta')] at state visible</msg>
<arg>${LOGIN_MESSAGE}</arg>
<arg>visible</arg>
<arg>5</arg>
<tag>PageContent</tag>
<tag>Wait</tag>
<doc>Waits for the element found by ``selector`` to satisfy state option.</doc>
<status status="PASS" start="2025-07-02T18:54:03.612019" elapsed="0.064673"/>
</kw>
<status status="PASS" start="2025-07-02T18:54:03.483678" elapsed="0.193176"/>
</kw>
<kw name="Submit login" owner="Login">
<kw name="Fill Text" owner="Browser">
<msg time="2025-07-02T18:54:03.679694" level="INFO">Fills the text 'newuserlogin@gmail.com' in the given field.</msg>
<arg>css=#email</arg>
<arg>${user}[email]</arg>
<tag>PageContent</tag>
<tag>Setter</tag>
<doc>Clears and fills the given ``txt`` into the text field found by ``selector``.</doc>
<status status="PASS" start="2025-07-02T18:54:03.678726" elapsed="0.015321"/>
</kw>
<kw name="Fill Text" owner="Browser">
<msg time="2025-07-02T18:54:03.696060" level="INFO">Fills the text 'wrongpassword' in the given field.</msg>
<arg>css=#password</arg>
<arg>${user}[password]</arg>
<tag>PageContent</tag>
<tag>Setter</tag>
<doc>Clears and fills the given ``txt`` into the text field found by ``selector``.</doc>
<status status="PASS" start="2025-07-02T18:54:03.694681" elapsed="0.018485"/>
</kw>
<kw name="Click" owner="Browser">
<msg time="2025-07-02T18:54:03.714777" level="INFO">Clicks the element 'css=button[type=submit] &gt;&gt; text=Entrar'.</msg>
<arg>${LOGIN_BUTTON}</arg>
<tag>PageContent</tag>
<tag>Setter</tag>
<doc>Simulates mouse click on the element found by ``selector``.</doc>
<status status="PASS" start="2025-07-02T18:54:03.713580" elapsed="0.050562"/>
</kw>
<arg>${wrong_password}</arg>
<status status="PASS" start="2025-07-02T18:54:03.677591" elapsed="0.086766"/>
</kw>
<kw name="Remove user from database" owner="database">
<msg time="2025-07-02T18:54:03.767188" level="INFO">User removed from database</msg>
<arg>${user}[email]</arg>
<status status="PASS" start="2025-07-02T18:54:03.764832" elapsed="0.002443"/>
</kw>
<kw name="Remove user from database" owner="database">
<msg time="2025-07-02T18:54:03.768664" level="INFO">User removed from database</msg>
<arg>${wrong_password}[email]</arg>
<status status="PASS" start="2025-07-02T18:54:03.767630" elapsed="0.001097"/>
</kw>
<kw name="Take Screenshot" owner="Browser" type="TEARDOWN">
<msg time="2025-07-02T18:54:03.980465" level="INFO" html="true">&lt;/td&gt;&lt;/tr&gt;&lt;tr&gt;&lt;td colspan="3"&gt;&lt;a href="browser/screenshot/robotframework-browser-screenshot-2.png" target="_blank"&gt;&lt;img src="browser/screenshot/robotframework-browser-screenshot-2.png" width="800px"/&gt;&lt;/a&gt;</msg>
<tag>PageContent</tag>
<doc>Takes a screenshot of the current window or element and saves it to disk.</doc>
<status status="PASS" start="2025-07-02T18:54:03.769274" elapsed="0.211416"/>
</kw>
<msg time="2025-07-02T18:54:04.022929" level="INFO">Switching context to context=f80b1202-61fe-4840-8f61-a0784b02bc92 in CURRENT</msg>
<msg time="2025-07-02T18:54:04.036105" level="INFO">Successfully changed active context: context=f80b1202-61fe-4840-8f61-a0784b02bc92</msg>
<msg time="2025-07-02T18:54:04.116446" level="INFO">Successfully closed Context</msg>
<tag>AUTH-002</tag>
<tag>CIN11</tag>
<status status="PASS" start="2025-07-02T18:54:01.470536" elapsed="2.510623"/>
</test>
<doc>Cenários de testes do login de usuário</doc>
<status status="PASS" start="2025-07-02T18:53:56.643701" elapsed="7.482361"/>
</suite>
<suite id="s1-s1-s2" name="Logout" source="C:\Users\cassi\OneDrive\Área de Trabalho\Cinema-challenge\robot-framework\tests\auth\logout.robot">
<test id="s1-s1-s2-t1" name="Should display logout button after successful login" line="9">
<kw name="Start Session" owner="base" type="SETUP">
<kw name="New Browser" owner="Browser">
<msg time="2025-07-02T18:54:04.190959" level="INFO">Switching browser to browser=90e959a8-fe39-4752-94a7-780755a97eeb</msg>
<msg time="2025-07-02T18:54:04.193569" level="INFO">Successfully changed active browser: browser=90e959a8-fe39-4752-94a7-780755a97eeb</msg>
<msg time="2025-07-02T18:54:04.193898" level="INFO">Reusing existing browser with id: browser=90e959a8-fe39-4752-94a7-780755a97eeb</msg>
<arg>browser=chromium</arg>
<arg>headless=${False}</arg>
<tag>BrowserControl</tag>
<tag>Setter</tag>
<doc>Create a new playwright Browser with specified options.</doc>
<status status="PASS" start="2025-07-02T18:54:04.190040" elapsed="0.004228"/>
</kw>
<kw name="New Page" owner="Browser">
<msg time="2025-07-02T18:54:05.738675" level="INFO">Successfully initialized new page object and opened url: http://localhost:3002</msg>
<msg time="2025-07-02T18:54:05.738771" level="INFO">No context was open. New context was automatically opened when this page is created.</msg>
<arg>${BASE_URL}</arg>
<tag>BrowserControl</tag>
<tag>Setter</tag>
<doc>Open a new Page.</doc>
<status status="PASS" start="2025-07-02T18:54:04.195035" elapsed="1.543867"/>
</kw>
<status status="PASS" start="2025-07-02T18:54:04.189442" elapsed="1.549567"/>
</kw>
<kw name="Create Dictionary" owner="BuiltIn">
<msg time="2025-07-02T18:54:05.740669" level="INFO">${user} = {'name': 'Login User', 'email': 'loginuser@test.com', 'password': 'senha123'}</msg>
<var>${user}</var>
<arg>name=Login User</arg>
<arg>email=loginuser@test.com</arg>
<arg>password=senha123</arg>
<doc>Creates and returns a dictionary based on the given ``items``.</doc>
<status status="PASS" start="2025-07-02T18:54:05.739598" elapsed="0.001158"/>
</kw>
<kw name="Go to signup Page" owner="SignupPage">
<kw name="Go To" owner="Browser">
<msg time="2025-07-02T18:54:05.862762" level="INFO">Successfully opened URL http://localhost:3002/register</msg>
<arg>${BASE_URL}/register</arg>
<tag>BrowserControl</tag>
<tag>Setter</tag>
<doc>Navigates to the given ``url``.</doc>
<status status="PASS" start="2025-07-02T18:54:05.742056" elapsed="0.120995"/>
</kw>
<kw name="Wait For Elements State" owner="Browser">
<msg time="2025-07-02T18:54:05.942114" level="INFO">Waited for Element with selector xpath=//p[contains(text(), 'Crie sua conta para reservar ingressos')] at state visible</msg>
<arg>${SUBMIT_MESSAGE}</arg>
<arg>visible</arg>
<arg>5</arg>
<tag>PageContent</tag>
<tag>Wait</tag>
<doc>Waits for the element found by ``selector`` to satisfy state option.</doc>
<status status="PASS" start="2025-07-02T18:54:05.863338" elapsed="0.078991"/>
</kw>
<status status="PASS" start="2025-07-02T18:54:05.741339" elapsed="0.201156"/>
</kw>
<kw name="Submit signup form" owner="SignupPage">
<kw name="Fill Text" owner="Browser">
<msg time="2025-07-02T18:54:05.945085" level="INFO">Fills the text 'Login User' in the given field.</msg>
<arg>css=#name</arg>
<arg>${user}[name]</arg>
<tag>PageContent</tag>
<tag>Setter</tag>
<doc>Clears and fills the given ``txt`` into the text field found by ``selector``.</doc>
<status status="PASS" start="2025-07-02T18:54:05.944051" elapsed="0.022881"/>
</kw>
<kw name="Fill Text" owner="Browser">
<msg time="2025-07-02T18:54:05.968715" level="INFO">Fills the text 'loginuser@test.com' in the given field.</msg>
<arg>css=#email</arg>
<arg>${user}[email]</arg>
<tag>PageContent</tag>
<tag>Setter</tag>
<doc>Clears and fills the given ``txt`` into the text field found by ``selector``.</doc>
<status status="PASS" start="2025-07-02T18:54:05.967354" elapsed="0.035070"/>
</kw>
<kw name="Fill Text" owner="Browser">
<msg time="2025-07-02T18:54:06.003449" level="INFO">Fills the text 'senha123' in the given field.</msg>
<arg>css=#password</arg>
<arg>${user}[password]</arg>
<tag>PageContent</tag>
<tag>Setter</tag>
<doc>Clears and fills the given ``txt`` into the text field found by ``selector``.</doc>
<status status="PASS" start="2025-07-02T18:54:06.002662" elapsed="0.017726"/>
</kw>
<kw name="Fill Text" owner="Browser">
<msg time="2025-07-02T18:54:06.021380" level="INFO">Fills the text 'senha123' in the given field.</msg>
<arg>css=#confirmPassword</arg>
<arg>${user}[password]</arg>
<tag>PageContent</tag>
<tag>Setter</tag>
<doc>Clears and fills the given ``txt`` into the text field found by ``selector``.</doc>
<status status="PASS" start="2025-07-02T18:54:06.020722" elapsed="0.014475"/>
</kw>
<kw name="Click" owner="Browser">
<msg time="2025-07-02T18:54:06.036058" level="INFO">Clicks the element 'css=button[type=submit] &gt;&gt; text=Cadastrar'.</msg>
<arg>${SUBMIT_BUTTON}</arg>
<tag>PageContent</tag>
<tag>Setter</tag>
<doc>Simulates mouse click on the element found by ``selector``.</doc>
<status status="PASS" start="2025-07-02T18:54:06.035443" elapsed="0.101550"/>
</kw>
<arg>${user}</arg>
<status status="PASS" start="2025-07-02T18:54:05.943046" elapsed="0.194188"/>
</kw>
<kw name="Wait For Elements State" owner="Browser">
<msg time="2025-07-02T18:54:06.411967" level="INFO">Waited for Element with selector css=.btn-logout at state visible</msg>
<arg>css=.btn-logout</arg>
<arg>visible</arg>
<arg>5s</arg>
<tag>PageContent</tag>
<tag>Wait</tag>
<doc>Waits for the element found by ``selector`` to satisfy state option.</doc>
<status status="PASS" start="2025-07-02T18:54:06.137845" elapsed="0.274386"/>
</kw>
<kw name="Remove user from database" owner="database">
<msg time="2025-07-02T18:54:06.414842" level="INFO">User removed from database</msg>
<arg>${user}[email]</arg>
<status status="PASS" start="2025-07-02T18:54:06.412779" elapsed="0.002152"/>
</kw>
<kw name="Take Screenshot" owner="Browser" type="TEARDOWN">
<msg time="2025-07-02T18:54:06.693767" level="INFO" html="true">&lt;/td&gt;&lt;/tr&gt;&lt;tr&gt;&lt;td colspan="3"&gt;&lt;a href="browser/screenshot/robotframework-browser-screenshot-3.png" target="_blank"&gt;&lt;img src="browser/screenshot/robotframework-browser-screenshot-3.png" width="800px"/&gt;&lt;/a&gt;</msg>
<tag>PageContent</tag>
<doc>Takes a screenshot of the current window or element and saves it to disk.</doc>
<status status="PASS" start="2025-07-02T18:54:06.415380" elapsed="0.278565"/>
</kw>
<msg time="2025-07-02T18:54:06.711611" level="INFO">Switching context to context=bc0f89a3-6d8c-40c0-ab13-742654091447 in CURRENT</msg>
<msg time="2025-07-02T18:54:06.719493" level="INFO">Successfully changed active context: context=bc0f89a3-6d8c-40c0-ab13-742654091447</msg>
<msg time="2025-07-02T18:54:06.804128" level="INFO">Successfully closed Context</msg>
<tag>AUTH-003</tag>
<tag>CIN17</tag>
<tag>UI</tag>
<status status="PASS" start="2025-07-02T18:54:04.186646" elapsed="2.507552"/>
</test>
<test id="s1-s1-s2-t2" name="Should logout successfully" line="21">
<kw name="Start Session" owner="base" type="SETUP">
<kw name="New Browser" owner="Browser">
<msg time="2025-07-02T18:54:06.817872" level="INFO">Switching browser to browser=90e959a8-fe39-4752-94a7-780755a97eeb</msg>
<msg time="2025-07-02T18:54:06.821797" level="INFO">Successfully changed active browser: browser=90e959a8-fe39-4752-94a7-780755a97eeb</msg>
<msg time="2025-07-02T18:54:06.822224" level="INFO">Reusing existing browser with id: browser=90e959a8-fe39-4752-94a7-780755a97eeb</msg>
<arg>browser=chromium</arg>
<arg>headless=${False}</arg>
<tag>BrowserControl</tag>
<tag>Setter</tag>
<doc>Create a new playwright Browser with specified options.</doc>
<status status="PASS" start="2025-07-02T18:54:06.817117" elapsed="0.005247"/>
</kw>
<kw name="New Page" owner="Browser">
<msg time="2025-07-02T18:54:08.503267" level="INFO">Successfully initialized new page object and opened url: http://localhost:3002</msg>
<msg time="2025-07-02T18:54:08.503340" level="INFO">No context was open. New context was automatically opened when this page is created.</msg>
<arg>${BASE_URL}</arg>
<tag>BrowserControl</tag>
<tag>Setter</tag>
<doc>Open a new Page.</doc>
<status status="PASS" start="2025-07-02T18:54:06.822670" elapsed="1.680832"/>
</kw>
<status status="PASS" start="2025-07-02T18:54:06.816527" elapsed="1.687117"/>
</kw>
<kw name="Create Dictionary" owner="BuiltIn">
<msg time="2025-07-02T18:54:08.505499" level="INFO">${user} = {'name': 'UserLogout', 'email': 'userlogout@gmail.com', 'password': 'new123456'}</msg>
<var>${user}</var>
<arg>name=UserLogout</arg>
<arg>email=userlogout@gmail.com</arg>
<arg>password=new123456</arg>
<doc>Creates and returns a dictionary based on the given ``items``.</doc>
<status status="PASS" start="2025-07-02T18:54:08.504331" elapsed="0.001250"/>
</kw>
<kw name="Go to signup Page" owner="SignupPage">
<kw name="Go To" owner="Browser">
<msg time="2025-07-02T18:54:08.633017" level="INFO">Successfully opened URL http://localhost:3002/register</msg>
<arg>${BASE_URL}/register</arg>
<tag>BrowserControl</tag>
<tag>Setter</tag>
<doc>Navigates to the given ``url``.</doc>
<status status="PASS" start="2025-07-02T18:54:08.506859" elapsed="0.126477"/>
</kw>
<kw name="Wait For Elements State" owner="Browser">
<msg time="2025-07-02T18:54:08.715409" level="INFO">Waited for Element with selector xpath=//p[contains(text(), 'Crie sua conta para reservar ingressos')] at state visible</msg>
<arg>${SUBMIT_MESSAGE}</arg>
<arg>visible</arg>
<arg>5</arg>
<tag>PageContent</tag>
<tag>Wait</tag>
<doc>Waits for the element found by ``selector`` to satisfy state option.</doc>
<status status="PASS" start="2025-07-02T18:54:08.633723" elapsed="0.081871"/>
</kw>
<status status="PASS" start="2025-07-02T18:54:08.506109" elapsed="0.209620"/>
</kw>
<kw name="Submit signup form" owner="SignupPage">
<kw name="Fill Text" owner="Browser">
<msg time="2025-07-02T18:54:08.717680" level="INFO">Fills the text 'UserLogout' in the given field.</msg>
<arg>css=#name</arg>
<arg>${user}[name]</arg>
<tag>PageContent</tag>
<tag>Setter</tag>
<doc>Clears and fills the given ``txt`` into the text field found by ``selector``.</doc>
<status status="PASS" start="2025-07-02T18:54:08.716957" elapsed="0.025083"/>
</kw>
<kw name="Fill Text" owner="Browser">
<msg time="2025-07-02T18:54:08.744201" level="INFO">Fills the text 'userlogout@gmail.com' in the given field.</msg>
<arg>css=#email</arg>
<arg>${user}[email]</arg>
<tag>PageContent</tag>
<tag>Setter</tag>
<doc>Clears and fills the given ``txt`` into the text field found by ``selector``.</doc>
<status status="PASS" start="2025-07-02T18:54:08.742659" elapsed="0.025029"/>
</kw>
<kw name="Fill Text" owner="Browser">
<msg time="2025-07-02T18:54:08.769136" level="INFO">Fills the text 'new123456' in the given field.</msg>
<arg>css=#password</arg>
<arg>${user}[password]</arg>
<tag>PageContent</tag>
<tag>Setter</tag>
<doc>Clears and fills the given ``txt`` into the text field found by ``selector``.</doc>
<status status="PASS" start="2025-07-02T18:54:08.768119" elapsed="0.018673"/>
</kw>
<kw name="Fill Text" owner="Browser">
<msg time="2025-07-02T18:54:08.787877" level="INFO">Fills the text 'new123456' in the given field.</msg>
<arg>css=#confirmPassword</arg>
<arg>${user}[password]</arg>
<tag>PageContent</tag>
<tag>Setter</tag>
<doc>Clears and fills the given ``txt`` into the text field found by ``selector``.</doc>
<status status="PASS" start="2025-07-02T18:54:08.787030" elapsed="0.014843"/>
</kw>
<kw name="Click" owner="Browser">
<msg time="2025-07-02T18:54:08.802775" level="INFO">Clicks the element 'css=button[type=submit] &gt;&gt; text=Cadastrar'.</msg>
<arg>${SUBMIT_BUTTON}</arg>
<tag>PageContent</tag>
<tag>Setter</tag>
<doc>Simulates mouse click on the element found by ``selector``.</doc>
<status status="PASS" start="2025-07-02T18:54:08.802112" elapsed="0.060957"/>
</kw>
<arg>${user}</arg>
<status status="PASS" start="2025-07-02T18:54:08.716146" elapsed="0.147092"/>
</kw>
<kw name="Logout user" owner="LoggedUserPage">
<kw name="Click" owner="Browser">
<msg time="2025-07-02T18:54:08.865410" level="INFO">Clicks the element 'css=.btn-logout &gt;&gt; text=Sair'.</msg>
<arg>css=.btn-logout &gt;&gt; text=Sair</arg>
<tag>PageContent</tag>
<tag>Setter</tag>
<doc>Simulates mouse click on the element found by ``selector``.</doc>
<status status="PASS" start="2025-07-02T18:54:08.864651" elapsed="0.346778"/>
</kw>
<status status="PASS" start="2025-07-02T18:54:08.863866" elapsed="0.347839"/>
</kw>
<kw name="Verify Login Page" owner="Login">
<kw name="Wait For Elements State" owner="Browser">
<msg time="2025-07-02T18:54:09.229003" level="INFO">Waited for Element with selector xpath=//p[contains(text(), 'Entre com suas credenciais para acessar sua conta')] at state visible</msg>
<arg>${LOGIN_MESSAGE}</arg>
<arg>visible</arg>
<arg>5</arg>
<tag>PageContent</tag>
<tag>Wait</tag>
<doc>Waits for the element found by ``selector`` to satisfy state option.</doc>
<status status="PASS" start="2025-07-02T18:54:09.213775" elapsed="0.015427"/>
</kw>
<status status="PASS" start="2025-07-02T18:54:09.212549" elapsed="0.016781"/>
</kw>
<kw name="Remove user from database" owner="database">
<msg time="2025-07-02T18:54:09.231348" level="INFO">User removed from database</msg>
<arg>${user}[email]</arg>
<status status="PASS" start="2025-07-02T18:54:09.229686" elapsed="0.001753"/>
</kw>
<kw name="Token should not exist in local storage" owner="LoggedUserPage">
<kw name="LocalStorage Get Item" owner="Browser">
<msg time="2025-07-02T18:54:09.243791" level="INFO">JavaScript executed successfully.</msg>
<msg time="2025-07-02T18:54:09.243979" level="INFO">${token} = None</msg>
<var>${token}</var>
<arg>token</arg>
<tag>Assertion</tag>
<tag>Getter</tag>
<tag>PageContent</tag>
<doc>Get saved data from the local storage.</doc>
<status status="PASS" start="2025-07-02T18:54:09.232510" elapsed="0.011507"/>
</kw>
<kw name="Log" owner="BuiltIn">
<msg time="2025-07-02T18:54:09.244867" level="INFO">Valor atual do token: None</msg>
<arg>Valor atual do token: ${token}</arg>
<doc>Logs the given message with the given level.</doc>
<status status="PASS" start="2025-07-02T18:54:09.244280" elapsed="0.000694"/>
</kw>
<kw name="Should Be Equal" owner="BuiltIn">
<arg>${token}</arg>
<arg>${None}</arg>
<doc>Fails if the given objects are unequal.</doc>
<status status="PASS" start="2025-07-02T18:54:09.245246" elapsed="0.000523"/>
</kw>
<status status="PASS" start="2025-07-02T18:54:09.231865" elapsed="0.014072"/>
</kw>
<kw name="Take Screenshot" owner="Browser" type="TEARDOWN">
<msg time="2025-07-02T18:54:09.532278" level="INFO" html="true">&lt;/td&gt;&lt;/tr&gt;&lt;tr&gt;&lt;td colspan="3"&gt;&lt;a href="browser/screenshot/robotframework-browser-screenshot-4.png" target="_blank"&gt;&lt;img src="browser/screenshot/robotframework-browser-screenshot-4.png" width="800px"/&gt;&lt;/a&gt;</msg>
<tag>PageContent</tag>
<doc>Takes a screenshot of the current window or element and saves it to disk.</doc>
<status status="PASS" start="2025-07-02T18:54:09.246430" elapsed="0.286039"/>
</kw>
<msg time="2025-07-02T18:54:09.549368" level="INFO">Switching context to context=a198894c-1cff-43ad-901d-c0d3daf39554 in CURRENT</msg>
<msg time="2025-07-02T18:54:09.559545" level="INFO">Successfully changed active context: context=a198894c-1cff-43ad-901d-c0d3daf39554</msg>
<msg time="2025-07-02T18:54:09.667051" level="INFO">Successfully closed Context</msg>
<tag>AUTH-003</tag>
<tag>CIN18</tag>
<status status="PASS" start="2025-07-02T18:54:06.811736" elapsed="2.721277"/>
</test>
<test id="s1-s1-s2-t3" name="Should not access protected routes after logout" line="35">
<kw name="Start Session" owner="base" type="SETUP">
<kw name="New Browser" owner="Browser">
<msg time="2025-07-02T18:54:09.688873" level="INFO">Switching browser to browser=90e959a8-fe39-4752-94a7-780755a97eeb</msg>
<msg time="2025-07-02T18:54:09.692947" level="INFO">Successfully changed active browser: browser=90e959a8-fe39-4752-94a7-780755a97eeb</msg>
<msg time="2025-07-02T18:54:09.693284" level="INFO">Reusing existing browser with id: browser=90e959a8-fe39-4752-94a7-780755a97eeb</msg>
<arg>browser=chromium</arg>
<arg>headless=${False}</arg>
<tag>BrowserControl</tag>
<tag>Setter</tag>
<doc>Create a new playwright Browser with specified options.</doc>
<status status="PASS" start="2025-07-02T18:54:09.687689" elapsed="0.005747"/>
</kw>
<kw name="New Page" owner="Browser">
<msg time="2025-07-02T18:54:11.328092" level="INFO">Successfully initialized new page object and opened url: http://localhost:3002</msg>
<msg time="2025-07-02T18:54:11.328165" level="INFO">No context was open. New context was automatically opened when this page is created.</msg>
<arg>${BASE_URL}</arg>
<tag>BrowserControl</tag>
<tag>Setter</tag>
<doc>Open a new Page.</doc>
<status status="PASS" start="2025-07-02T18:54:09.693812" elapsed="1.634547"/>
</kw>
<status status="PASS" start="2025-07-02T18:54:09.686258" elapsed="1.642272"/>
</kw>
<kw name="Create Dictionary" owner="BuiltIn">
<msg time="2025-07-02T18:54:11.329981" level="INFO">${user} = {'name': 'User Not Access', 'email': 'usernotaccess@gmail.com', 'password': 'new123456'}</msg>
<var>${user}</var>
<arg>name=User Not Access</arg>
<arg>email=usernotaccess@gmail.com</arg>
<arg>password=new123456</arg>
<doc>Creates and returns a dictionary based on the given ``items``.</doc>
<status status="PASS" start="2025-07-02T18:54:11.329192" elapsed="0.000827"/>
</kw>
<kw name="Go to signup Page" owner="SignupPage">
<kw name="Go To" owner="Browser">
<msg time="2025-07-02T18:54:11.449757" level="INFO">Successfully opened URL http://localhost:3002/register</msg>
<arg>${BASE_URL}/register</arg>
<tag>BrowserControl</tag>
<tag>Setter</tag>
<doc>Navigates to the given ``url``.</doc>
<status status="PASS" start="2025-07-02T18:54:11.330813" elapsed="0.119136"/>
</kw>
<kw name="Wait For Elements State" owner="Browser">
<msg time="2025-07-02T18:54:11.539096" level="INFO">Waited for Element with selector xpath=//p[contains(text(), 'Crie sua conta para reservar ingressos')] at state visible</msg>
<arg>${SUBMIT_MESSAGE}</arg>
<arg>visible</arg>
<arg>5</arg>
<tag>PageContent</tag>
<tag>Wait</tag>
<doc>Waits for the element found by ``selector`` to satisfy state option.</doc>
<status status="PASS" start="2025-07-02T18:54:11.450184" elapsed="0.089153"/>
</kw>
<status status="PASS" start="2025-07-02T18:54:11.330393" elapsed="0.209225"/>
</kw>
<kw name="Submit signup form" owner="SignupPage">
<kw name="Fill Text" owner="Browser">
<msg time="2025-07-02T18:54:11.541893" level="INFO">Fills the text 'User Not Access' in the given field.</msg>
<arg>css=#name</arg>
<arg>${user}[name]</arg>
<tag>PageContent</tag>
<tag>Setter</tag>
<doc>Clears and fills the given ``txt`` into the text field found by ``selector``.</doc>
<status status="PASS" start="2025-07-02T18:54:11.541160" elapsed="0.019730"/>
</kw>
<kw name="Fill Text" owner="Browser">
<msg time="2025-07-02T18:54:11.564718" level="INFO">Fills the text 'usernotaccess@gmail.com' in the given field.</msg>
<arg>css=#email</arg>
<arg>${user}[email]</arg>
<tag>PageContent</tag>
<tag>Setter</tag>
<doc>Clears and fills the given ``txt`` into the text field found by ``selector``.</doc>
<status status="PASS" start="2025-07-02T18:54:11.561443" elapsed="0.032902"/>
</kw>
<kw name="Fill Text" owner="Browser">
<msg time="2025-07-02T18:54:11.596618" level="INFO">Fills the text 'new123456' in the given field.</msg>
<arg>css=#password</arg>
<arg>${user}[password]</arg>
<tag>PageContent</tag>
<tag>Setter</tag>
<doc>Clears and fills the given ``txt`` into the text field found by ``selector``.</doc>
<status status="PASS" start="2025-07-02T18:54:11.595225" elapsed="0.019993"/>
</kw>
<kw name="Fill Text" owner="Browser">
<msg time="2025-07-02T18:54:11.616182" level="INFO">Fills the text 'new123456' in the given field.</msg>
<arg>css=#confirmPassword</arg>
<arg>${user}[password]</arg>
<tag>PageContent</tag>
<tag>Setter</tag>
<doc>Clears and fills the given ``txt`` into the text field found by ``selector``.</doc>
<status status="PASS" start="2025-07-02T18:54:11.615491" elapsed="0.015016"/>
</kw>
<kw name="Click" owner="Browser">
<msg time="2025-07-02T18:54:11.631543" level="INFO">Clicks the element 'css=button[type=submit] &gt;&gt; text=Cadastrar'.</msg>
<arg>${SUBMIT_BUTTON}</arg>
<tag>PageContent</tag>
<tag>Setter</tag>
<doc>Simulates mouse click on the element found by ``selector``.</doc>
<status status="PASS" start="2025-07-02T18:54:11.630800" elapsed="0.068016"/>
</kw>
<arg>${user}</arg>
<status status="PASS" start="2025-07-02T18:54:11.540377" elapsed="0.158598"/>
</kw>
<kw name="Logout user" owner="LoggedUserPage">
<kw name="Click" owner="Browser">
<msg time="2025-07-02T18:54:11.701018" level="INFO">Clicks the element 'css=.btn-logout &gt;&gt; text=Sair'.</msg>
<arg>css=.btn-logout &gt;&gt; text=Sair</arg>
<tag>PageContent</tag>
<tag>Setter</tag>
<doc>Simulates mouse click on the element found by ``selector``.</doc>
<status status="PASS" start="2025-07-02T18:54:11.700241" elapsed="0.314629"/>
</kw>
<status status="PASS" start="2025-07-02T18:54:11.699535" elapsed="0.315551"/>
</kw>
<kw name="Go to profile page" owner="Profile">
<kw name="Go To" owner="Browser">
<msg time="2025-07-02T18:54:12.129978" level="INFO">Successfully opened URL http://localhost:3002/profile</msg>
<arg>${BASE_URL}/profile</arg>
<tag>BrowserControl</tag>
<tag>Setter</tag>
<doc>Navigates to the given ``url``.</doc>
<status status="PASS" start="2025-07-02T18:54:12.016725" elapsed="0.113531"/>
</kw>
<status status="PASS" start="2025-07-02T18:54:12.015608" elapsed="0.114823"/>
</kw>
<kw name="Wait For Elements State" owner="Browser">
<msg time="2025-07-02T18:54:12.219168" level="INFO">Waited for Element with selector xpath=//p[contains(text(), 'Entre com suas credenciais para acessar sua conta')] at state visible</msg>
<arg>${LOGIN_MESSAGE}</arg>
<arg>visible</arg>
<arg>10s</arg>
<tag>PageContent</tag>
<tag>Wait</tag>
<doc>Waits for the element found by ``selector`` to satisfy state option.</doc>
<status status="PASS" start="2025-07-02T18:54:12.130854" elapsed="0.088786"/>
</kw>
<kw name="Verify Login Page" owner="Login">
<kw name="Wait For Elements State" owner="Browser">
<msg time="2025-07-02T18:54:12.229811" level="INFO">Waited for Element with selector xpath=//p[contains(text(), 'Entre com suas credenciais para acessar sua conta')] at state visible</msg>
<arg>${LOGIN_MESSAGE}</arg>
<arg>visible</arg>
<arg>5</arg>
<tag>PageContent</tag>
<tag>Wait</tag>
<doc>Waits for the element found by ``selector`` to satisfy state option.</doc>
<status status="PASS" start="2025-07-02T18:54:12.222019" elapsed="0.007959"/>
</kw>
<status status="PASS" start="2025-07-02T18:54:12.220611" elapsed="0.009505"/>
</kw>
<kw name="Remove user from database" owner="database">
<msg time="2025-07-02T18:54:12.231784" level="INFO">User removed from database</msg>
<arg>${user}[email]</arg>
<status status="PASS" start="2025-07-02T18:54:12.230387" elapsed="0.001490"/>
</kw>
<kw name="Take Screenshot" owner="Browser" type="TEARDOWN">
<msg time="2025-07-02T18:54:12.422010" level="INFO" html="true">&lt;/td&gt;&lt;/tr&gt;&lt;tr&gt;&lt;td colspan="3"&gt;&lt;a href="browser/screenshot/robotframework-browser-screenshot-5.png" target="_blank"&gt;&lt;img src="browser/screenshot/robotframework-browser-screenshot-5.png" width="800px"/&gt;&lt;/a&gt;</msg>
<tag>PageContent</tag>
<doc>Takes a screenshot of the current window or element and saves it to disk.</doc>
<status status="PASS" start="2025-07-02T18:54:12.232431" elapsed="0.189771"/>
</kw>
<msg time="2025-07-02T18:54:12.435323" level="INFO">Switching context to context=cd4b0e23-73be-4346-9f37-ebc86d69f284 in CURRENT</msg>
<msg time="2025-07-02T18:54:12.448123" level="INFO">Successfully changed active context: context=cd4b0e23-73be-4346-9f37-ebc86d69f284</msg>
<msg time="2025-07-02T18:54:12.517880" level="INFO">Successfully closed Context</msg>
<tag>AUTH-003</tag>
<tag>CIN19</tag>
<status status="PASS" start="2025-07-02T18:54:09.680272" elapsed="2.742230"/>
</test>
<test id="s1-s1-s2-t4" name="Should hide user menu links after logout" line="49">
<kw name="Start Session" owner="base" type="SETUP">
<kw name="New Browser" owner="Browser">
<msg time="2025-07-02T18:54:12.522902" level="INFO">Switching browser to browser=90e959a8-fe39-4752-94a7-780755a97eeb</msg>
<msg time="2025-07-02T18:54:12.524784" level="INFO">Successfully changed active browser: browser=90e959a8-fe39-4752-94a7-780755a97eeb</msg>
<msg time="2025-07-02T18:54:12.524899" level="INFO">Reusing existing browser with id: browser=90e959a8-fe39-4752-94a7-780755a97eeb</msg>
<arg>browser=chromium</arg>
<arg>headless=${False}</arg>
<tag>BrowserControl</tag>
<tag>Setter</tag>
<doc>Create a new playwright Browser with specified options.</doc>
<status status="PASS" start="2025-07-02T18:54:12.522260" elapsed="0.002702"/>
</kw>
<kw name="New Page" owner="Browser">
<msg time="2025-07-02T18:54:14.187570" level="INFO">Successfully initialized new page object and opened url: http://localhost:3002</msg>
<msg time="2025-07-02T18:54:14.187643" level="INFO">No context was open. New context was automatically opened when this page is created.</msg>
<arg>${BASE_URL}</arg>
<tag>BrowserControl</tag>
<tag>Setter</tag>
<doc>Open a new Page.</doc>
<status status="PASS" start="2025-07-02T18:54:12.525171" elapsed="1.662662"/>
</kw>
<status status="PASS" start="2025-07-02T18:54:12.521802" elapsed="1.666212"/>
</kw>
<kw name="Create Dictionary" owner="BuiltIn">
<msg time="2025-07-02T18:54:14.189447" level="INFO">${user} = {'name': 'MenuUser', 'email': 'menuuser@test.com', 'password': 'senha123'}</msg>
<var>${user}</var>
<arg>name=MenuUser</arg>
<arg>email=menuuser@test.com</arg>
<arg>password=senha123</arg>
<doc>Creates and returns a dictionary based on the given ``items``.</doc>
<status status="PASS" start="2025-07-02T18:54:14.188638" elapsed="0.000851"/>
</kw>
<kw name="Go to signup Page" owner="SignupPage">
<kw name="Go To" owner="Browser">
<msg time="2025-07-02T18:54:14.300575" level="INFO">Successfully opened URL http://localhost:3002/register</msg>
<arg>${BASE_URL}/register</arg>
<tag>BrowserControl</tag>
<tag>Setter</tag>
<doc>Navigates to the given ``url``.</doc>
<status status="PASS" start="2025-07-02T18:54:14.190385" elapsed="0.110461"/>
</kw>
<kw name="Wait For Elements State" owner="Browser">
<msg time="2025-07-02T18:54:14.382950" level="INFO">Waited for Element with selector xpath=//p[contains(text(), 'Crie sua conta para reservar ingressos')] at state visible</msg>
<arg>${SUBMIT_MESSAGE}</arg>
<arg>visible</arg>
<arg>5</arg>
<tag>PageContent</tag>
<tag>Wait</tag>
<doc>Waits for the element found by ``selector`` to satisfy state option.</doc>
<status status="PASS" start="2025-07-02T18:54:14.301251" elapsed="0.081868"/>
</kw>
<status status="PASS" start="2025-07-02T18:54:14.189911" elapsed="0.193312"/>
</kw>
<kw name="Submit signup form" owner="SignupPage">
<kw name="Fill Text" owner="Browser">
<msg time="2025-07-02T18:54:14.385342" level="INFO">Fills the text 'MenuUser' in the given field.</msg>
<arg>css=#name</arg>
<arg>${user}[name]</arg>
<tag>PageContent</tag>
<tag>Setter</tag>
<doc>Clears and fills the given ``txt`` into the text field found by ``selector``.</doc>
<status status="PASS" start="2025-07-02T18:54:14.384301" elapsed="0.016981"/>
</kw>
<kw name="Fill Text" owner="Browser">
<msg time="2025-07-02T18:54:14.403345" level="INFO">Fills the text 'menuuser@test.com' in the given field.</msg>
<arg>css=#email</arg>
<arg>${user}[email]</arg>
<tag>PageContent</tag>
<tag>Setter</tag>
<doc>Clears and fills the given ``txt`` into the text field found by ``selector``.</doc>
<status status="PASS" start="2025-07-02T18:54:14.401679" elapsed="0.030658"/>
</kw>
<kw name="Fill Text" owner="Browser">
<msg time="2025-07-02T18:54:14.433312" level="INFO">Fills the text 'senha123' in the given field.</msg>
<arg>css=#password</arg>
<arg>${user}[password]</arg>
<tag>PageContent</tag>
<tag>Setter</tag>
<doc>Clears and fills the given ``txt`` into the text field found by ``selector``.</doc>
<status status="PASS" start="2025-07-02T18:54:14.432573" elapsed="0.017717"/>
</kw>
<kw name="Fill Text" owner="Browser">
<msg time="2025-07-02T18:54:14.451515" level="INFO">Fills the text 'senha123' in the given field.</msg>
<arg>css=#confirmPassword</arg>
<arg>${user}[password]</arg>
<tag>PageContent</tag>
<tag>Setter</tag>
<doc>Clears and fills the given ``txt`` into the text field found by ``selector``.</doc>
<status status="PASS" start="2025-07-02T18:54:14.450564" elapsed="0.013136"/>
</kw>
<kw name="Click" owner="Browser">
<msg time="2025-07-02T18:54:14.464570" level="INFO">Clicks the element 'css=button[type=submit] &gt;&gt; text=Cadastrar'.</msg>
<arg>${SUBMIT_BUTTON}</arg>
<tag>PageContent</tag>
<tag>Setter</tag>
<doc>Simulates mouse click on the element found by ``selector``.</doc>
<status status="PASS" start="2025-07-02T18:54:14.463921" elapsed="0.059877"/>
</kw>
<arg>${user}</arg>
<status status="PASS" start="2025-07-02T18:54:14.383598" elapsed="0.140365"/>
</kw>
<kw name="Wait For Elements State" owner="Browser">
<msg time="2025-07-02T18:54:14.787366" level="INFO">Waited for Element with selector css=a[href="/reservations"] at state visible</msg>
<arg>css=a[href="/reservations"]</arg>
<arg>visible</arg>
<arg>5s</arg>
<tag>PageContent</tag>
<tag>Wait</tag>
<doc>Waits for the element found by ``selector`` to satisfy state option.</doc>
<status status="PASS" start="2025-07-02T18:54:14.524449" elapsed="0.263296"/>
</kw>
<kw name="Wait For Elements State" owner="Browser">
<msg time="2025-07-02T18:54:14.814364" level="INFO">Waited for Element with selector css=a[href="/profile"] at state visible</msg>
<arg>css=a[href="/profile"]</arg>
<arg>visible</arg>
<arg>5s</arg>
<tag>PageContent</tag>
<tag>Wait</tag>
<doc>Waits for the element found by ``selector`` to satisfy state option.</doc>
<status status="PASS" start="2025-07-02T18:54:14.788436" elapsed="0.026111"/>
</kw>
<kw name="Logout user" owner="LoggedUserPage">
<kw name="Click" owner="Browser">
<msg time="2025-07-02T18:54:14.816138" level="INFO">Clicks the element 'css=.btn-logout &gt;&gt; text=Sair'.</msg>
<arg>css=.btn-logout &gt;&gt; text=Sair</arg>
<tag>PageContent</tag>
<tag>Setter</tag>
<doc>Simulates mouse click on the element found by ``selector``.</doc>
<status status="PASS" start="2025-07-02T18:54:14.815563" elapsed="0.103749"/>
</kw>
<status status="PASS" start="2025-07-02T18:54:14.815041" elapsed="0.104751"/>
</kw>
<kw name="Wait For Elements State" owner="Browser">
<msg time="2025-07-02T18:54:14.926602" level="INFO">Waited for Element with selector css=a[href="/reservations"] at state hidden</msg>
<arg>css=a[href="/reservations"]</arg>
<arg>hidden</arg>
<arg>5s</arg>
<tag>PageContent</tag>
<tag>Wait</tag>
<doc>Waits for the element found by ``selector`` to satisfy state option.</doc>
<status status="PASS" start="2025-07-02T18:54:14.920515" elapsed="0.006253"/>
</kw>
<kw name="Wait For Elements State" owner="Browser">
<msg time="2025-07-02T18:54:14.934687" level="INFO">Waited for Element with selector css=a[href="/profile"] at state hidden</msg>
<arg>css=a[href="/profile"]</arg>
<arg>hidden</arg>
<arg>5s</arg>
<tag>PageContent</tag>
<tag>Wait</tag>
<doc>Waits for the element found by ``selector`` to satisfy state option.</doc>
<status status="PASS" start="2025-07-02T18:54:14.927095" elapsed="0.007939"/>
</kw>
<kw name="Remove user from database" owner="database">
<msg time="2025-07-02T18:54:14.938938" level="INFO">User removed from database</msg>
<arg>${user}[email]</arg>
<status status="PASS" start="2025-07-02T18:54:14.936748" elapsed="0.002300"/>
</kw>
<kw name="Take Screenshot" owner="Browser" type="TEARDOWN">
<msg time="2025-07-02T18:54:15.150623" level="INFO" html="true">&lt;/td&gt;&lt;/tr&gt;&lt;tr&gt;&lt;td colspan="3"&gt;&lt;a href="browser/screenshot/robotframework-browser-screenshot-6.png" target="_blank"&gt;&lt;img src="browser/screenshot/robotframework-browser-screenshot-6.png" width="800px"/&gt;&lt;/a&gt;</msg>
<tag>PageContent</tag>
<doc>Takes a screenshot of the current window or element and saves it to disk.</doc>
<status status="PASS" start="2025-07-02T18:54:14.939439" elapsed="0.211455"/>
</kw>
<msg time="2025-07-02T18:54:15.168532" level="INFO">Switching context to context=45df8a42-868e-4fcd-824c-40f4bc190cc6 in CURRENT</msg>
<msg time="2025-07-02T18:54:15.176546" level="INFO">Successfully changed active context: context=45df8a42-868e-4fcd-824c-40f4bc190cc6</msg>
<msg time="2025-07-02T18:54:15.256866" level="INFO">Successfully closed Context</msg>
<tag>AUTH-003</tag>
<tag>CIN21</tag>
<status status="PASS" start="2025-07-02T18:54:12.518829" elapsed="2.632396"/>
</test>
<doc>Cenários de testes do logout de usuário</doc>
<status status="PASS" start="2025-07-02T18:54:04.142874" elapsed="11.122197"/>
</suite>
<suite id="s1-s1-s3" name="Profile" source="C:\Users\cassi\OneDrive\Área de Trabalho\Cinema-challenge\robot-framework\tests\auth\profile.robot">
<test id="s1-s1-s3-t1" name="Should show users database" line="10">
<kw name="Start Session" owner="base" type="SETUP">
<kw name="New Browser" owner="Browser">
<msg time="2025-07-02T18:54:15.330462" level="INFO">Switching browser to browser=90e959a8-fe39-4752-94a7-780755a97eeb</msg>
<msg time="2025-07-02T18:54:15.332872" level="INFO">Successfully changed active browser: browser=90e959a8-fe39-4752-94a7-780755a97eeb</msg>
<msg time="2025-07-02T18:54:15.333150" level="INFO">Reusing existing browser with id: browser=90e959a8-fe39-4752-94a7-780755a97eeb</msg>
<arg>browser=chromium</arg>
<arg>headless=${False}</arg>
<tag>BrowserControl</tag>
<tag>Setter</tag>
<doc>Create a new playwright Browser with specified options.</doc>
<status status="PASS" start="2025-07-02T18:54:15.329834" elapsed="0.003445"/>
</kw>
<kw name="New Page" owner="Browser">
<msg time="2025-07-02T18:54:16.881853" level="INFO">Successfully initialized new page object and opened url: http://localhost:3002</msg>
<msg time="2025-07-02T18:54:16.881939" level="INFO">No context was open. New context was automatically opened when this page is created.</msg>
<arg>${BASE_URL}</arg>
<tag>BrowserControl</tag>
<tag>Setter</tag>
<doc>Open a new Page.</doc>
<status status="PASS" start="2025-07-02T18:54:15.333680" elapsed="1.548415"/>
</kw>
<status status="PASS" start="2025-07-02T18:54:15.329249" elapsed="1.552957"/>
</kw>
<kw name="Create Dictionary" owner="BuiltIn">
<msg time="2025-07-02T18:54:16.883182" level="INFO">${user} = {'name': 'UserProfile', 'email': 'userprofile@gmail.com', 'password': 'new123456'}</msg>
<var>${user}</var>
<arg>name=UserProfile</arg>
<arg>email=userprofile@gmail.com</arg>
<arg>password=new123456</arg>
<doc>Creates and returns a dictionary based on the given ``items``.</doc>
<status status="PASS" start="2025-07-02T18:54:16.882681" elapsed="0.000544"/>
</kw>
<kw name="Go to signup Page" owner="SignupPage">
<kw name="Go To" owner="Browser">
<msg time="2025-07-02T18:54:16.998571" level="INFO">Successfully opened URL http://localhost:3002/register</msg>
<arg>${BASE_URL}/register</arg>
<tag>BrowserControl</tag>
<tag>Setter</tag>
<doc>Navigates to the given ``url``.</doc>
<status status="PASS" start="2025-07-02T18:54:16.884293" elapsed="0.114577"/>
</kw>
<kw name="Wait For Elements State" owner="Browser">
<msg time="2025-07-02T18:54:17.087237" level="INFO">Waited for Element with selector xpath=//p[contains(text(), 'Crie sua conta para reservar ingressos')] at state visible</msg>
<arg>${SUBMIT_MESSAGE}</arg>
<arg>visible</arg>
<arg>5</arg>
<tag>PageContent</tag>
<tag>Wait</tag>
<doc>Waits for the element found by ``selector`` to satisfy state option.</doc>
<status status="PASS" start="2025-07-02T18:54:16.999215" elapsed="0.088407"/>
</kw>
<status status="PASS" start="2025-07-02T18:54:16.883708" elapsed="0.204045"/>
</kw>
<kw name="Submit signup form" owner="SignupPage">
<kw name="Fill Text" owner="Browser">
<msg time="2025-07-02T18:54:17.089183" level="INFO">Fills the text 'UserProfile' in the given field.</msg>
<arg>css=#name</arg>
<arg>${user}[name]</arg>
<tag>PageContent</tag>
<tag>Setter</tag>
<doc>Clears and fills the given ``txt`` into the text field found by ``selector``.</doc>
<status status="PASS" start="2025-07-02T18:54:17.088680" elapsed="0.017968"/>
</kw>
<kw name="Fill Text" owner="Browser">
<msg time="2025-07-02T18:54:17.108749" level="INFO">Fills the text 'userprofile@gmail.com' in the given field.</msg>
<arg>css=#email</arg>
<arg>${user}[email]</arg>
<tag>PageContent</tag>
<tag>Setter</tag>
<doc>Clears and fills the given ``txt`` into the text field found by ``selector``.</doc>
<status status="PASS" start="2025-07-02T18:54:17.107262" elapsed="0.026586"/>
</kw>
<kw name="Fill Text" owner="Browser">
<msg time="2025-07-02T18:54:17.136064" level="INFO">Fills the text 'new123456' in the given field.</msg>
<arg>css=#password</arg>
<arg>${user}[password]</arg>
<tag>PageContent</tag>
<tag>Setter</tag>
<doc>Clears and fills the given ``txt`` into the text field found by ``selector``.</doc>
<status status="PASS" start="2025-07-02T18:54:17.134250" elapsed="0.019305"/>
</kw>
<kw name="Fill Text" owner="Browser">
<msg time="2025-07-02T18:54:17.155277" level="INFO">Fills the text 'new123456' in the given field.</msg>
<arg>css=#confirmPassword</arg>
<arg>${user}[password]</arg>
<tag>PageContent</tag>
<tag>Setter</tag>
<doc>Clears and fills the given ``txt`` into the text field found by ``selector``.</doc>
<status status="PASS" start="2025-07-02T18:54:17.153917" elapsed="0.011709"/>
</kw>
<kw name="Click" owner="Browser">
<msg time="2025-07-02T18:54:17.166907" level="INFO">Clicks the element 'css=button[type=submit] &gt;&gt; text=Cadastrar'.</msg>
<arg>${SUBMIT_BUTTON}</arg>
<tag>PageContent</tag>
<tag>Setter</tag>
<doc>Simulates mouse click on the element found by ``selector``.</doc>
<status status="PASS" start="2025-07-02T18:54:17.165911" elapsed="0.058961"/>
</kw>
<arg>${user}</arg>
<status status="PASS" start="2025-07-02T18:54:17.088171" elapsed="0.136855"/>
</kw>
<kw name="Click on profile" owner="Profile">
<kw name="Click" owner="Browser">
<msg time="2025-07-02T18:54:17.227108" level="INFO">Clicks the element 'css=a[href="/profile"]'.</msg>
<arg>${PROFILE_LINK}</arg>
<tag>PageContent</tag>
<tag>Setter</tag>
<doc>Simulates mouse click on the element found by ``selector``.</doc>
<status status="PASS" start="2025-07-02T18:54:17.226283" elapsed="0.266309"/>
</kw>
<status status="PASS" start="2025-07-02T18:54:17.225570" elapsed="0.267258"/>
</kw>
<kw name="Submit login" owner="Login">
<kw name="Fill Text" owner="Browser">
<msg time="2025-07-02T18:54:17.497707" level="INFO">Fills the text 'userprofile@gmail.com' in the given field.</msg>
<arg>css=#email</arg>
<arg>${user}[email]</arg>
<tag>PageContent</tag>
<tag>Setter</tag>
<doc>Clears and fills the given ``txt`` into the text field found by ``selector``.</doc>
<status status="PASS" start="2025-07-02T18:54:17.496428" elapsed="0.319624"/>
</kw>
<kw name="Fill Text" owner="Browser">
<msg time="2025-07-02T18:54:17.818020" level="INFO">Fills the text 'new123456' in the given field.</msg>
<arg>css=#password</arg>
<arg>${user}[password]</arg>
<tag>PageContent</tag>
<tag>Setter</tag>
<doc>Clears and fills the given ``txt`` into the text field found by ``selector``.</doc>
<status status="PASS" start="2025-07-02T18:54:17.816627" elapsed="0.019240"/>
</kw>
<kw name="Click" owner="Browser">
<msg time="2025-07-02T18:54:17.837542" level="INFO">Clicks the element 'css=button[type=submit] &gt;&gt; text=Entrar'.</msg>
<arg>${LOGIN_BUTTON}</arg>
<tag>PageContent</tag>
<tag>Setter</tag>
<doc>Simulates mouse click on the element found by ``selector``.</doc>
<status status="PASS" start="2025-07-02T18:54:17.836246" elapsed="0.053543"/>
</kw>
<arg>${user}</arg>
<status status="PASS" start="2025-07-02T18:54:17.495435" elapsed="0.394528"/>
</kw>
<kw name="Click on profile" owner="Profile">
<kw name="Click" owner="Browser">
<msg time="2025-07-02T18:54:17.891591" level="INFO">Clicks the element 'css=a[href="/profile"]'.</msg>
<arg>${PROFILE_LINK}</arg>
<tag>PageContent</tag>
<tag>Setter</tag>
<doc>Simulates mouse click on the element found by ``selector``.</doc>
<status status="PASS" start="2025-07-02T18:54:17.890985" elapsed="0.342169"/>
</kw>
<status status="PASS" start="2025-07-02T18:54:17.890437" elapsed="0.343008"/>
</kw>
<kw name="Get Property" owner="Browser">
<msg time="2025-07-02T18:54:18.267671" level="INFO">Property: 'UserProfile'</msg>
<msg time="2025-07-02T18:54:18.267982" level="INFO">${nome_input} = UserProfile</msg>
<var>${nome_input}</var>
<arg>css=#name</arg>
<arg>value</arg>
<tag>Assertion</tag>
<tag>Getter</tag>
<tag>PageContent</tag>
<doc>Returns the ``property`` of the element found by ``selector``.</doc>
<status status="PASS" start="2025-07-02T18:54:18.234668" elapsed="0.033420"/>
</kw>
<kw name="Get From Dictionary" owner="Collections">
<msg time="2025-07-02T18:54:18.270120" level="INFO">${user_name} = UserProfile</msg>
<var>${user_name}</var>
<arg>${user}</arg>
<arg>name</arg>
<doc>Returns a value from the given ``dictionary`` based on the given ``key``.</doc>
<status status="PASS" start="2025-07-02T18:54:18.268681" elapsed="0.001491"/>
</kw>
<kw name="Should Be Equal" owner="BuiltIn">
<arg>${nome_input}</arg>
<arg>${user_name}</arg>
<doc>Fails if the given objects are unequal.</doc>
<status status="PASS" start="2025-07-02T18:54:18.270658" elapsed="0.000613"/>
</kw>
<kw name="Remove user from database" owner="database">
<msg time="2025-07-02T18:54:18.273205" level="INFO">User removed from database</msg>
<arg>${user}[email]</arg>
<status status="PASS" start="2025-07-02T18:54:18.271572" elapsed="0.001719"/>
</kw>
<kw name="Take Screenshot" owner="Browser" type="TEARDOWN">
<msg time="2025-07-02T18:54:18.463330" level="INFO" html="true">&lt;/td&gt;&lt;/tr&gt;&lt;tr&gt;&lt;td colspan="3"&gt;&lt;a href="browser/screenshot/robotframework-browser-screenshot-7.png" target="_blank"&gt;&lt;img src="browser/screenshot/robotframework-browser-screenshot-7.png" width="800px"/&gt;&lt;/a&gt;</msg>
<tag>PageContent</tag>
<doc>Takes a screenshot of the current window or element and saves it to disk.</doc>
<status status="PASS" start="2025-07-02T18:54:18.273673" elapsed="0.189823"/>
</kw>
<msg time="2025-07-02T18:54:18.482491" level="INFO">Switching context to context=95c7c959-fa55-46ed-b893-4624637feefe in CURRENT</msg>
<msg time="2025-07-02T18:54:18.493906" level="INFO">Successfully changed active context: context=95c7c959-fa55-46ed-b893-4624637feefe</msg>
<msg time="2025-07-02T18:54:18.578362" level="INFO">Successfully closed Context</msg>
<tag>AUTH-004</tag>
<tag>CIN23</tag>
<status status="PASS" start="2025-07-02T18:54:15.326518" elapsed="3.137295"/>
</test>
<test id="s1-s1-s3-t2" name="Should update user name" line="28">
<kw name="Start Session" owner="base" type="SETUP">
<kw name="New Browser" owner="Browser">
<msg time="2025-07-02T18:54:18.590364" level="INFO">Switching browser to browser=90e959a8-fe39-4752-94a7-780755a97eeb</msg>
<msg time="2025-07-02T18:54:18.595964" level="INFO">Successfully changed active browser: browser=90e959a8-fe39-4752-94a7-780755a97eeb</msg>
<msg time="2025-07-02T18:54:18.596284" level="INFO">Reusing existing browser with id: browser=90e959a8-fe39-4752-94a7-780755a97eeb</msg>
<arg>browser=chromium</arg>
<arg>headless=${False}</arg>
<tag>BrowserControl</tag>
<tag>Setter</tag>
<doc>Create a new playwright Browser with specified options.</doc>
<status status="PASS" start="2025-07-02T18:54:18.588104" elapsed="0.008338"/>
</kw>
<kw name="New Page" owner="Browser">
<msg time="2025-07-02T18:54:20.174852" level="INFO">Successfully initialized new page object and opened url: http://localhost:3002</msg>
<msg time="2025-07-02T18:54:20.174920" level="INFO">No context was open. New context was automatically opened when this page is created.</msg>
<arg>${BASE_URL}</arg>
<tag>BrowserControl</tag>
<tag>Setter</tag>
<doc>Open a new Page.</doc>
<status status="PASS" start="2025-07-02T18:54:18.596880" elapsed="1.578197"/>
</kw>
<status status="PASS" start="2025-07-02T18:54:18.586971" elapsed="1.588228"/>
</kw>
<kw name="Create Dictionary" owner="BuiltIn">
<msg time="2025-07-02T18:54:20.176539" level="INFO">${user} = {'name': 'UserToUpdate', 'email': 'usertoupdate@gmail.com', 'password': 'new123456'}</msg>
<var>${user}</var>
<arg>name=UserToUpdate</arg>
<arg>email=usertoupdate@gmail.com</arg>
<arg>password=new123456</arg>
<doc>Creates and returns a dictionary based on the given ``items``.</doc>
<status status="PASS" start="2025-07-02T18:54:20.175763" elapsed="0.000970"/>
</kw>
<kw name="Reset user in database" owner="database">
<msg time="2025-07-02T18:54:20.253041" level="INFO">Resetting user: usertoupdate@gmail.com
User removed from database
User reset completed.</msg>
<arg>${user}</arg>
<status status="PASS" start="2025-07-02T18:54:20.177301" elapsed="0.075821"/>
</kw>
<kw name="Go to login page" owner="Login">
<kw name="Go To" owner="Browser">
<msg time="2025-07-02T18:54:20.384037" level="INFO">Successfully opened URL http://localhost:3002/login</msg>
<arg>${BASE_URL}/login</arg>
<tag>BrowserControl</tag>
<tag>Setter</tag>
<doc>Navigates to the given ``url``.</doc>
<status status="PASS" start="2025-07-02T18:54:20.254251" elapsed="0.130077"/>
</kw>
<kw name="Wait For Elements State" owner="Browser">
<msg time="2025-07-02T18:54:20.456919" level="INFO">Waited for Element with selector xpath=//p[contains(text(), 'Entre com suas credenciais para acessar sua conta')] at state visible</msg>
<arg>${LOGIN_MESSAGE}</arg>
<arg>visible</arg>
<arg>5</arg>
<tag>PageContent</tag>
<tag>Wait</tag>
<doc>Waits for the element found by ``selector`` to satisfy state option.</doc>
<status status="PASS" start="2025-07-02T18:54:20.384673" elapsed="0.072558"/>
</kw>
<status status="PASS" start="2025-07-02T18:54:20.253595" elapsed="0.203877"/>
</kw>
<kw name="Submit login" owner="Login">
<kw name="Fill Text" owner="Browser">
<msg time="2025-07-02T18:54:20.459959" level="INFO">Fills the text 'usertoupdate@gmail.com' in the given field.</msg>
<arg>css=#email</arg>
<arg>${user}[email]</arg>
<tag>PageContent</tag>
<tag>Setter</tag>
<doc>Clears and fills the given ``txt`` into the text field found by ``selector``.</doc>
<status status="PASS" start="2025-07-02T18:54:20.459266" elapsed="0.021081"/>
</kw>
<kw name="Fill Text" owner="Browser">
<msg time="2025-07-02T18:54:20.482214" level="INFO">Fills the text 'new123456' in the given field.</msg>
<arg>css=#password</arg>
<arg>${user}[password]</arg>
<tag>PageContent</tag>
<tag>Setter</tag>
<doc>Clears and fills the given ``txt`` into the text field found by ``selector``.</doc>
<status status="PASS" start="2025-07-02T18:54:20.480725" elapsed="0.026883"/>
</kw>
<kw name="Click" owner="Browser">
<msg time="2025-07-02T18:54:20.508523" level="INFO">Clicks the element 'css=button[type=submit] &gt;&gt; text=Entrar'.</msg>
<arg>${LOGIN_BUTTON}</arg>
<tag>PageContent</tag>
<tag>Setter</tag>
<doc>Simulates mouse click on the element found by ``selector``.</doc>
<status status="PASS" start="2025-07-02T18:54:20.507867" elapsed="0.062445"/>
</kw>
<arg>${user}</arg>
<status status="PASS" start="2025-07-02T18:54:20.458326" elapsed="0.112217"/>
</kw>
<kw name="Click on profile" owner="Profile">
<kw name="Click" owner="Browser">
<msg time="2025-07-02T18:54:20.573427" level="INFO">Clicks the element 'css=a[href="/profile"]'.</msg>
<arg>${PROFILE_LINK}</arg>
<tag>PageContent</tag>
<tag>Setter</tag>
<doc>Simulates mouse click on the element found by ``selector``.</doc>
<status status="PASS" start="2025-07-02T18:54:20.572201" elapsed="0.338559"/>
</kw>
<status status="PASS" start="2025-07-02T18:54:20.571191" elapsed="0.339705"/>
</kw>
<kw name="Fill profile name and save" owner="Profile">
<kw name="Fill Text" owner="Browser">
<msg time="2025-07-02T18:54:20.912467" level="INFO">Fills the text 'String' in the given field.</msg>
<arg>${INPUT_NAME}</arg>
<arg>${name}</arg>
<tag>PageContent</tag>
<tag>Setter</tag>
<doc>Clears and fills the given ``txt`` into the text field found by ``selector``.</doc>
<status status="PASS" start="2025-07-02T18:54:20.911880" elapsed="0.018703"/>
</kw>
<kw name="Click" owner="Browser">
<msg time="2025-07-02T18:54:20.932115" level="INFO">Clicks the element 'css=button[type=submit] &gt;&gt; text=Salvar alterações'.</msg>
<arg>${SALVAR_ALTERACOES_BTN}</arg>
<tag>PageContent</tag>
<tag>Setter</tag>
<doc>Simulates mouse click on the element found by ``selector``.</doc>
<status status="PASS" start="2025-07-02T18:54:20.931008" elapsed="0.079161"/>
</kw>
<arg>String</arg>
<status status="PASS" start="2025-07-02T18:54:20.911279" elapsed="0.099038"/>
</kw>
<kw name="Modal should contains" owner="Modal">
<kw name="Wait For Elements State" owner="Browser">
<msg time="2025-07-02T18:54:21.073695" level="INFO">Waited for Element with selector .success-modal-overlay at state attached</msg>
<arg>.success-modal-overlay</arg>
<arg>attached</arg>
<arg>timeout=5s</arg>
<tag>PageContent</tag>
<tag>Wait</tag>
<doc>Waits for the element found by ``selector`` to satisfy state option.</doc>
<status status="PASS" start="2025-07-02T18:54:21.011764" elapsed="0.062207"/>
</kw>
<kw name="Get Text" owner="Browser">
<msg time="2025-07-02T18:54:21.108696" level="INFO">Text: 'Perfil atualizado com sucesso'</msg>
<msg time="2025-07-02T18:54:21.108867" level="INFO">${text} = Perfil atualizado com sucesso</msg>
<var>${text}</var>
<arg>css=.success-modal-overlay p</arg>
<tag>Assertion</tag>
<tag>Getter</tag>
<tag>PageContent</tag>
<doc>Returns text attribute of the element found by ``selector``.</doc>
<status status="PASS" start="2025-07-02T18:54:21.074330" elapsed="0.034574"/>
</kw>
<kw name="Should Be Equal" owner="BuiltIn">
<arg>${text}</arg>
<arg>${expected_text}</arg>
<doc>Fails if the given objects are unequal.</doc>
<status status="PASS" start="2025-07-02T18:54:21.109145" elapsed="0.000425"/>
</kw>
<arg>Perfil atualizado com sucesso</arg>
<status status="PASS" start="2025-07-02T18:54:21.010868" elapsed="0.098792"/>
</kw>
<kw name="Wait For Elements State" owner="Browser">
<msg time="2025-07-02T18:54:21.119121" level="INFO">Waited for Element with selector css=.success-modal-overlay button.btn.btn-primary at state visible</msg>
<arg>${MODAL_OK_BUTTON}</arg>
<arg>visible</arg>
<arg>5s</arg>
<tag>PageContent</tag>
<tag>Wait</tag>
<doc>Waits for the element found by ``selector`` to satisfy state option.</doc>
<status status="PASS" start="2025-07-02T18:54:21.109997" elapsed="0.009382"/>
</kw>
<kw name="Click" owner="Browser">
<msg time="2025-07-02T18:54:21.121021" level="INFO">Clicks the element 'css=.success-modal-overlay button.btn.btn-primary'.</msg>
<arg>${MODAL_OK_BUTTON}</arg>
<tag>PageContent</tag>
<tag>Setter</tag>
<doc>Simulates mouse click on the element found by ``selector``.</doc>
<status status="PASS" start="2025-07-02T18:54:21.120135" elapsed="0.290539"/>
</kw>
<kw name="Remove user from database" owner="database">
<msg time="2025-07-02T18:54:21.414372" level="INFO">User removed from database</msg>
<arg>${user}[email]</arg>
<status status="PASS" start="2025-07-02T18:54:21.411494" elapsed="0.003065"/>
</kw>
<kw name="Take Screenshot" owner="Browser" type="TEARDOWN">
<msg time="2025-07-02T18:54:21.618471" level="INFO" html="true">&lt;/td&gt;&lt;/tr&gt;&lt;tr&gt;&lt;td colspan="3"&gt;&lt;a href="browser/screenshot/robotframework-browser-screenshot-8.png" target="_blank"&gt;&lt;img src="browser/screenshot/robotframework-browser-screenshot-8.png" width="800px"/&gt;&lt;/a&gt;</msg>
<tag>PageContent</tag>
<doc>Takes a screenshot of the current window or element and saves it to disk.</doc>
<status status="PASS" start="2025-07-02T18:54:21.416236" elapsed="0.202554"/>
</kw>
<msg time="2025-07-02T18:54:21.637862" level="INFO">Switching context to context=45208e0b-f13b-4632-b068-6541c7c7ee35 in CURRENT</msg>
<msg time="2025-07-02T18:54:21.650726" level="INFO">Successfully changed active context: context=45208e0b-f13b-4632-b068-6541c7c7ee35</msg>
<msg time="2025-07-02T18:54:21.729721" level="INFO">Successfully closed Context</msg>
<tag>AUTH-004</tag>
<tag>CIN24</tag>
<status status="PASS" start="2025-07-02T18:54:18.580418" elapsed="3.038766"/>
</test>
<test id="s1-s1-s3-t3" name="Element email should be disable" line="44">
<kw name="Start Session" owner="base" type="SETUP">
<kw name="New Browser" owner="Browser">
<msg time="2025-07-02T18:54:21.752305" level="INFO">Switching browser to browser=90e959a8-fe39-4752-94a7-780755a97eeb</msg>
<msg time="2025-07-02T18:54:21.758196" level="INFO">Successfully changed active browser: browser=90e959a8-fe39-4752-94a7-780755a97eeb</msg>
<msg time="2025-07-02T18:54:21.758407" level="INFO">Reusing existing browser with id: browser=90e959a8-fe39-4752-94a7-780755a97eeb</msg>
<arg>browser=chromium</arg>
<arg>headless=${False}</arg>
<tag>BrowserControl</tag>
<tag>Setter</tag>
<doc>Create a new playwright Browser with specified options.</doc>
<status status="PASS" start="2025-07-02T18:54:21.750736" elapsed="0.007790"/>
</kw>
<kw name="New Page" owner="Browser">
<msg time="2025-07-02T18:54:23.360817" level="INFO">Successfully initialized new page object and opened url: http://localhost:3002</msg>
<msg time="2025-07-02T18:54:23.360895" level="INFO">No context was open. New context was automatically opened when this page is created.</msg>
<arg>${BASE_URL}</arg>
<tag>BrowserControl</tag>
<tag>Setter</tag>
<doc>Open a new Page.</doc>
<status status="PASS" start="2025-07-02T18:54:21.758881" elapsed="1.602197"/>
</kw>
<status status="PASS" start="2025-07-02T18:54:21.749163" elapsed="1.612051"/>
</kw>
<kw name="Create Dictionary" owner="BuiltIn">
<msg time="2025-07-02T18:54:23.362983" level="INFO">${user} = {'name': 'UserNormal', 'email': 'usernormal@gmail.com', 'password': 'new123456'}</msg>
<var>${user}</var>
<arg>name=UserNormal</arg>
<arg>email=usernormal@gmail.com</arg>
<arg>password=new123456</arg>
<doc>Creates and returns a dictionary based on the given ``items``.</doc>
<status status="PASS" start="2025-07-02T18:54:23.361937" elapsed="0.001116"/>
</kw>
<kw name="Reset user in database" owner="database">
<msg time="2025-07-02T18:54:23.438009" level="INFO">Resetting user: usernormal@gmail.com
User removed from database
User reset completed.</msg>
<arg>${user}</arg>
<status status="PASS" start="2025-07-02T18:54:23.363589" elapsed="0.074502"/>
</kw>
<kw name="Go to login page" owner="Login">
<kw name="Go To" owner="Browser">
<msg time="2025-07-02T18:54:23.568774" level="INFO">Successfully opened URL http://localhost:3002/login</msg>
<arg>${BASE_URL}/login</arg>
<tag>BrowserControl</tag>
<tag>Setter</tag>
<doc>Navigates to the given ``url``.</doc>
<status status="PASS" start="2025-07-02T18:54:23.439155" elapsed="0.129852"/>
</kw>
<kw name="Wait For Elements State" owner="Browser">
<msg time="2025-07-02T18:54:23.640718" level="INFO">Waited for Element with selector xpath=//p[contains(text(), 'Entre com suas credenciais para acessar sua conta')] at state visible</msg>
<arg>${LOGIN_MESSAGE}</arg>
<arg>visible</arg>
<arg>5</arg>
<tag>PageContent</tag>
<tag>Wait</tag>
<doc>Waits for the element found by ``selector`` to satisfy state option.</doc>
<status status="PASS" start="2025-07-02T18:54:23.569411" elapsed="0.071626"/>
</kw>
<status status="PASS" start="2025-07-02T18:54:23.438594" elapsed="0.202653"/>
</kw>
<kw name="Submit login" owner="Login">
<kw name="Fill Text" owner="Browser">
<msg time="2025-07-02T18:54:23.643896" level="INFO">Fills the text 'usernormal@gmail.com' in the given field.</msg>
<arg>css=#email</arg>
<arg>${user}[email]</arg>
<tag>PageContent</tag>
<tag>Setter</tag>
<doc>Clears and fills the given ``txt`` into the text field found by ``selector``.</doc>
<status status="PASS" start="2025-07-02T18:54:23.643036" elapsed="0.020224"/>
</kw>
<kw name="Fill Text" owner="Browser">
<msg time="2025-07-02T18:54:23.665219" level="INFO">Fills the text 'new123456' in the given field.</msg>
<arg>css=#password</arg>
<arg>${user}[password]</arg>
<tag>PageContent</tag>
<tag>Setter</tag>
<doc>Clears and fills the given ``txt`` into the text field found by ``selector``.</doc>
<status status="PASS" start="2025-07-02T18:54:23.663887" elapsed="0.024789"/>
</kw>
<kw name="Click" owner="Browser">
<msg time="2025-07-02T18:54:23.689607" level="INFO">Clicks the element 'css=button[type=submit] &gt;&gt; text=Entrar'.</msg>
<arg>${LOGIN_BUTTON}</arg>
<tag>PageContent</tag>
<tag>Setter</tag>
<doc>Simulates mouse click on the element found by ``selector``.</doc>
<status status="PASS" start="2025-07-02T18:54:23.688934" elapsed="0.045889"/>
</kw>
<arg>${user}</arg>
<status status="PASS" start="2025-07-02T18:54:23.641907" elapsed="0.093121"/>
</kw>
<kw name="Click on profile" owner="Profile">
<kw name="Click" owner="Browser">
<msg time="2025-07-02T18:54:23.736761" level="INFO">Clicks the element 'css=a[href="/profile"]'.</msg>
<arg>${PROFILE_LINK}</arg>
<tag>PageContent</tag>
<tag>Setter</tag>
<doc>Simulates mouse click on the element found by ``selector``.</doc>
<status status="PASS" start="2025-07-02T18:54:23.736107" elapsed="0.366345"/>
</kw>
<status status="PASS" start="2025-07-02T18:54:23.735500" elapsed="0.367234"/>
</kw>
<kw name="Get Attribute" owner="Browser">
<msg time="2025-07-02T18:54:24.127628" level="INFO">Attribute is: ''</msg>
<msg time="2025-07-02T18:54:24.127789" level="INFO">${is_disabled} = </msg>
<var>${is_disabled}</var>
<arg>css=#email</arg>
<arg>disabled</arg>
<tag>Assertion</tag>
<tag>Getter</tag>
<tag>PageContent</tag>
<doc>Returns the HTML ``attribute`` of the element found by ``selector``.</doc>
<status status="PASS" start="2025-07-02T18:54:24.103232" elapsed="0.024589"/>
</kw>
<kw name="Should Be Empty" owner="BuiltIn">
<msg time="2025-07-02T18:54:24.129725" level="INFO">Length is 0.</msg>
<arg>${is_disabled}</arg>
<doc>Verifies that the given item is empty.</doc>
<status status="PASS" start="2025-07-02T18:54:24.128857" elapsed="0.001035"/>
</kw>
<kw name="Remove user from database" owner="database">
<msg time="2025-07-02T18:54:24.133125" level="INFO">User removed from database</msg>
<arg>${user}[email]</arg>
<status status="PASS" start="2025-07-02T18:54:24.130794" elapsed="0.002413"/>
</kw>
<kw name="Take Screenshot" owner="Browser" type="TEARDOWN">
<msg time="2025-07-02T18:54:24.334648" level="INFO" html="true">&lt;/td&gt;&lt;/tr&gt;&lt;tr&gt;&lt;td colspan="3"&gt;&lt;a href="browser/screenshot/robotframework-browser-screenshot-9.png" target="_blank"&gt;&lt;img src="browser/screenshot/robotframework-browser-screenshot-9.png" width="800px"/&gt;&lt;/a&gt;</msg>
<tag>PageContent</tag>
<doc>Takes a screenshot of the current window or element and saves it to disk.</doc>
<status status="PASS" start="2025-07-02T18:54:24.133765" elapsed="0.201079"/>
</kw>
<msg time="2025-07-02T18:54:24.350614" level="INFO">Switching context to context=7000ea02-4722-4893-99d7-8356b1ca29bf in CURRENT</msg>
<msg time="2025-07-02T18:54:24.359425" level="INFO">Successfully changed active context: context=7000ea02-4722-4893-99d7-8356b1ca29bf</msg>
<msg time="2025-07-02T18:54:24.451738" level="INFO">Successfully closed Context</msg>
<tag>AUTH-004</tag>
<tag>CIN25</tag>
<status status="PASS" start="2025-07-02T18:54:21.741514" elapsed="2.593623"/>
</test>
<test id="s1-s1-s3-t4" name="Should not update user with empty name" line="58">
<kw name="Start Session" owner="base" type="SETUP">
<kw name="New Browser" owner="Browser">
<msg time="2025-07-02T18:54:24.463873" level="INFO">Switching browser to browser=90e959a8-fe39-4752-94a7-780755a97eeb</msg>
<msg time="2025-07-02T18:54:24.470429" level="INFO">Successfully changed active browser: browser=90e959a8-fe39-4752-94a7-780755a97eeb</msg>
<msg time="2025-07-02T18:54:24.470885" level="INFO">Reusing existing browser with id: browser=90e959a8-fe39-4752-94a7-780755a97eeb</msg>
<arg>browser=chromium</arg>
[...]
<msg time="2025-07-02T18:55:43.115540" level="INFO">@{assentos} = [ css=.row-seats .seat.available &gt;&gt; nth=0 | css=.row-seats .seat.available &gt;&gt; nth=1 | css=.row-seats .seat.available &gt;&gt; nth=2 | css=.row-seats .seat.available &gt;&gt; nth=3 | css=.row-seats .seat.available...</msg>
<var>@{assentos}</var>
<arg>${SELECT_AVAILABLE_SEATS}</arg>
<tag>Getter</tag>
<tag>PageContent</tag>
<doc>Returns a reference to Playwright [https://playwright.dev/docs/api/class-locator|Locator]
for all matched elements by ``selector``.</doc>
<status status="PASS" start="2025-07-02T18:55:43.102400" elapsed="0.013181"/>
</kw>
<kw name="Click" owner="Browser">
<msg time="2025-07-02T18:55:43.116897" level="INFO">Clicks the element 'css=.row-seats .seat.available &gt;&gt; nth=0'.</msg>
<arg>${assentos[0]}</arg>
<tag>PageContent</tag>
<tag>Setter</tag>
<doc>Simulates mouse click on the element found by ``selector``.</doc>
<status status="PASS" start="2025-07-02T18:55:43.115789" elapsed="0.045926"/>
</kw>
<kw name="Sleep" owner="BuiltIn">
<msg time="2025-07-02T18:55:44.163740" level="INFO">Slept 1 second.</msg>
<arg>1s</arg>
<doc>Pauses the test executed for the given time.</doc>
<status status="PASS" start="2025-07-02T18:55:43.162134" elapsed="1.001949"/>
</kw>
<kw name="Get Attribute" owner="Browser">
<msg time="2025-07-02T18:55:44.213590" level="INFO">Attribute is: 'seat selected'</msg>
<msg time="2025-07-02T18:55:44.213808" level="INFO">${classe} = seat selected</msg>
<var>${classe}</var>
<arg>${RESERVED_SEATS}</arg>
<arg>class</arg>
<tag>Assertion</tag>
<tag>Getter</tag>
<tag>PageContent</tag>
<doc>Returns the HTML ``attribute`` of the element found by ``selector``.</doc>
<status status="PASS" start="2025-07-02T18:55:44.164802" elapsed="0.049059"/>
</kw>
<kw name="Should Contain" owner="BuiltIn">
<arg>${classe}</arg>
<arg>selected</arg>
<doc>Fails if ``container`` does not contain ``item`` one or more times.</doc>
<status status="PASS" start="2025-07-02T18:55:44.214181" elapsed="0.000575"/>
</kw>
<status status="PASS" start="2025-07-02T18:55:42.253127" elapsed="1.961778"/>
</kw>
<kw name="Take Screenshot" owner="Browser" type="TEARDOWN">
<msg time="2025-07-02T18:55:44.393291" level="INFO" html="true">&lt;/td&gt;&lt;/tr&gt;&lt;tr&gt;&lt;td colspan="3"&gt;&lt;a href="browser/screenshot/robotframework-browser-screenshot-31.png" target="_blank"&gt;&lt;img src="browser/screenshot/robotframework-browser-screenshot-31.png" width="800px"/&gt;&lt;/a&gt;</msg>
<tag>PageContent</tag>
<doc>Takes a screenshot of the current window or element and saves it to disk.</doc>
<status status="PASS" start="2025-07-02T18:55:44.215567" elapsed="0.178029"/>
</kw>
<msg time="2025-07-02T18:55:44.406628" level="INFO">Switching context to context=b5b0d1a0-445f-4702-8fc9-1c7c9bd4d491 in CURRENT</msg>
<msg time="2025-07-02T18:55:44.415651" level="INFO">Successfully changed active context: context=b5b0d1a0-445f-4702-8fc9-1c7c9bd4d491</msg>
<msg time="2025-07-02T18:55:44.500432" level="INFO">Successfully closed Context</msg>
<tag>CIN60</tag>
<tag>RESERVE-001</tag>
<status status="PASS" start="2025-07-02T18:55:38.937570" elapsed="5.456442"/>
</test>
<test id="s1-s2-s5-t4" name="Should select seats and check price" line="33">
<kw name="Start Session" owner="base" type="SETUP">
<kw name="New Browser" owner="Browser">
<msg time="2025-07-02T18:55:44.510049" level="INFO">Switching browser to browser=90e959a8-fe39-4752-94a7-780755a97eeb</msg>
<msg time="2025-07-02T18:55:44.514164" level="INFO">Successfully changed active browser: browser=90e959a8-fe39-4752-94a7-780755a97eeb</msg>
<msg time="2025-07-02T18:55:44.514567" level="INFO">Reusing existing browser with id: browser=90e959a8-fe39-4752-94a7-780755a97eeb</msg>
<arg>browser=chromium</arg>
<arg>headless=${False}</arg>
<tag>BrowserControl</tag>
<tag>Setter</tag>
<doc>Create a new playwright Browser with specified options.</doc>
<status status="PASS" start="2025-07-02T18:55:44.509014" elapsed="0.005727"/>
</kw>
<kw name="New Page" owner="Browser">
<msg time="2025-07-02T18:55:46.129015" level="INFO">Successfully initialized new page object and opened url: http://localhost:3002</msg>
<msg time="2025-07-02T18:55:46.129163" level="INFO">No context was open. New context was automatically opened when this page is created.</msg>
<arg>${BASE_URL}</arg>
<tag>BrowserControl</tag>
<tag>Setter</tag>
<doc>Open a new Page.</doc>
<status status="PASS" start="2025-07-02T18:55:44.515083" elapsed="1.614371"/>
</kw>
<status status="PASS" start="2025-07-02T18:55:44.507998" elapsed="1.621713"/>
</kw>
<kw name="Go to movie page" owner="Movie">
<kw name="Go To" owner="Browser">
<msg time="2025-07-02T18:55:46.255789" level="INFO">Successfully opened URL http://localhost:3002/movies</msg>
<arg>${BASE_URL}/movies</arg>
<tag>BrowserControl</tag>
<tag>Setter</tag>
<doc>Navigates to the given ``url``.</doc>
<status status="PASS" start="2025-07-02T18:55:46.131730" elapsed="0.124420"/>
</kw>
<status status="PASS" start="2025-07-02T18:55:46.130808" elapsed="0.125601"/>
</kw>
<kw name="Click on details movie" owner="Movie">
<kw name="Click" owner="Browser">
<msg time="2025-07-02T18:55:46.258491" level="INFO">Clicks the element 'xpath=(//div[@class='movie-card']//a[contains(@class, 'btn-primary')])[1]'.</msg>
<arg>${VER_DETALHES_BTN}</arg>
<tag>PageContent</tag>
<tag>Setter</tag>
<doc>Simulates mouse click on the element found by ``selector``.</doc>
<status status="PASS" start="2025-07-02T18:55:46.257678" elapsed="0.325412"/>
</kw>
<status status="PASS" start="2025-07-02T18:55:46.256955" elapsed="0.326267"/>
</kw>
<kw name="Click on reserve seats" owner="Sessions">
<kw name="Click" owner="Browser">
<msg time="2025-07-02T18:55:46.585778" level="INFO">Clicks the element 'css=.movie-info .sessions-container a &gt;&gt; nth=0'.</msg>
<arg>${RESERVE_SEATS_BTN}</arg>
<tag>PageContent</tag>
<tag>Setter</tag>
<doc>Simulates mouse click on the element found by ``selector``.</doc>
<status status="PASS" start="2025-07-02T18:55:46.584673" elapsed="1.254075"/>
</kw>
<status status="PASS" start="2025-07-02T18:55:46.583681" elapsed="1.255751"/>
</kw>
<kw name="Click on reset seats" owner="Sessions">
<kw name="Click" owner="Browser">
<msg time="2025-07-02T18:55:47.842616" level="INFO">Clicks the element 'css=.admin-actions button'.</msg>
<arg>${RESET_SEATS_BTN}</arg>
<tag>PageContent</tag>
<tag>Setter</tag>
<doc>Simulates mouse click on the element found by ``selector``.</doc>
<status status="PASS" start="2025-07-02T18:55:47.841546" elapsed="0.101047"/>
</kw>
<status status="PASS" start="2025-07-02T18:55:47.840617" elapsed="0.102179"/>
</kw>
<kw name="Select three availables seats and check subtotal" owner="Sessions">
<kw name="Wait For Elements State" owner="Browser">
<msg time="2025-07-02T18:55:48.799504" level="INFO">Waited for Element with selector css=.row-seats .seat.available &gt;&gt; nth=0 at state visible</msg>
<arg>${SELECT_AVAILABLE_SEATS} &gt;&gt; nth=0</arg>
<arg>visible</arg>
<arg>5s</arg>
<tag>PageContent</tag>
<tag>Wait</tag>
<doc>Waits for the element found by ``selector`` to satisfy state option.</doc>
<status status="PASS" start="2025-07-02T18:55:47.944255" elapsed="0.855450"/>
</kw>
<kw name="Get Elements" owner="Browser">
<msg time="2025-07-02T18:55:48.811594" level="INFO">Found locator('.row-seats .seat.available').first(),locator('.row-seats .seat.available').nth(1),locator('.row-seats .seat.available').nth(2),locator('.row-seats .seat.available').nth(3),locator('.row-seats .seat.available').nth(4),locator('.row-seats .seat.available').nth(5),locator('.row-seats .seat.available').nth(6),locator('.row-seats .seat.available').nth(7),locator('.row-seats .seat.available').nth(8),locator('.row-seats .seat.available').nth(9),locator('.row-seats .seat.available').nth(10),locator('.row-seats .seat.available').nth(11),locator('.row-seats .seat.available').nth(12),locator('.row-seats .seat.available').nth(13),locator('.row-seats .seat.available').nth(14),locator('.row-seats .seat.available').nth(15),locator('.row-seats .seat.available').nth(16),locator('.row-seats .seat.available').nth(17),locator('.row-seats .seat.available').nth(18),locator('.row-seats .seat.available').nth(19),locator('.row-seats .seat.available').nth(20),locator('.row-seats .seat.available').nth(21),locator('.row-seats .seat.available').nth(22),locator('.row-seats .seat.available').nth(23),locator('.row-seats .seat.available').nth(24),locator('.row-seats .seat.available').nth(25),locator('.row-seats .seat.available').nth(26),locator('.row-seats .seat.available').nth(27),locator('.row-seats .seat.available').nth(28),locator('.row-seats .seat.available').nth(29),locator('.row-seats .seat.available').nth(30),locator('.row-seats .seat.available').nth(31),locator('.row-seats .seat.available').nth(32),locator('.row-seats .seat.available').nth(33),locator('.row-seats .seat.available').nth(34),locator('.row-seats .seat.available').nth(35),locator('.row-seats .seat.available').nth(36),locator('.row-seats .seat.available').nth(37),locator('.row-seats .seat.available').nth(38),locator('.row-seats .seat.available').nth(39),locator('.row-seats .seat.available').nth(40),locator('.row-seats .seat.available').nth(41),locator('.row-seats .seat.available').nth(42),locator('.row-seats .seat.available').nth(43),locator('.row-seats .seat.available').nth(44),locator('.row-seats .seat.available').nth(45),locator('.row-seats .seat.available').nth(46),locator('.row-seats .seat.available').nth(47),locator('.row-seats .seat.available').nth(48),locator('.row-seats .seat.available').nth(49),locator('.row-seats .seat.available').nth(50),locator('.row-seats .seat.available').nth(51),locator('.row-seats .seat.available').nth(52),locator('.row-seats .seat.available').nth(53),locator('.row-seats .seat.available').nth(54),locator('.row-seats .seat.available').nth(55),locator('.row-seats .seat.available').nth(56),locator('.row-seats .seat.available').nth(57),locator('.row-seats .seat.available').nth(58),locator('.row-seats .seat.available').nth(59),locator('.row-seats .seat.available').nth(60),locator('.row-seats .seat.available').nth(61),locator('.row-seats .seat.available').nth(62),locator('.row-seats .seat.available').nth(63),locator('.row-seats .seat.available').nth(64),locator('.row-seats .seat.available').nth(65),locator('.row-seats .seat.available').nth(66),locator('.row-seats .seat.available').nth(67),locator('.row-seats .seat.available').nth(68),locator('.row-seats .seat.available').nth(69),locator('.row-seats .seat.available').nth(70),locator('.row-seats .seat.available').nth(71),locator('.row-seats .seat.available').nth(72),locator('.row-seats .seat.available').nth(73),locator('.row-seats .seat.available').nth(74),locator('.row-seats .seat.available').nth(75),locator('.row-seats .seat.available').nth(76),locator('.row-seats .seat.available').nth(77),locator('.row-seats .seat.available').nth(78),locator('.row-seats .seat.available').nth(79) Locators successfully.</msg>
<msg time="2025-07-02T18:55:48.811928" level="INFO">@{assentos} = [ css=.row-seats .seat.available &gt;&gt; nth=0 | css=.row-seats .seat.available &gt;&gt; nth=1 | css=.row-seats .seat.available &gt;&gt; nth=2 | css=.row-seats .seat.available &gt;&gt; nth=3 | css=.row-seats .seat.available...</msg>
<var>@{assentos}</var>
<arg>${SELECT_AVAILABLE_SEATS}</arg>
<tag>Getter</tag>
<tag>PageContent</tag>
<doc>Returns a reference to Playwright [https://playwright.dev/docs/api/class-locator|Locator]
for all matched elements by ``selector``.</doc>
<status status="PASS" start="2025-07-02T18:55:48.799946" elapsed="0.012018"/>
</kw>
<kw name="Click" owner="Browser">
<msg time="2025-07-02T18:55:48.813238" level="INFO">Clicks the element 'css=.row-seats .seat.available &gt;&gt; nth=0'.</msg>
<arg>${assentos[0]}</arg>
<tag>PageContent</tag>
<tag>Setter</tag>
<doc>Simulates mouse click on the element found by ``selector``.</doc>
<status status="PASS" start="2025-07-02T18:55:48.812221" elapsed="0.034910"/>
</kw>
<kw name="Click" owner="Browser">
<msg time="2025-07-02T18:55:48.848466" level="INFO">Clicks the element 'css=.row-seats .seat.available &gt;&gt; nth=1'.</msg>
<arg>${assentos[1]}</arg>
<tag>PageContent</tag>
<tag>Setter</tag>
<doc>Simulates mouse click on the element found by ``selector``.</doc>
<status status="PASS" start="2025-07-02T18:55:48.847343" elapsed="0.049280"/>
</kw>
<kw name="Click" owner="Browser">
<msg time="2025-07-02T18:55:48.898394" level="INFO">Clicks the element 'css=.row-seats .seat.available &gt;&gt; nth=2'.</msg>
<arg>${assentos[2]}</arg>
<tag>PageContent</tag>
<tag>Setter</tag>
<doc>Simulates mouse click on the element found by ``selector``.</doc>
<status status="PASS" start="2025-07-02T18:55:48.896934" elapsed="0.053343"/>
</kw>
<kw name="Sleep" owner="BuiltIn">
<msg time="2025-07-02T18:55:49.951527" level="INFO">Slept 1 second.</msg>
<arg>1s</arg>
<doc>Pauses the test executed for the given time.</doc>
<status status="PASS" start="2025-07-02T18:55:48.950542" elapsed="1.001107"/>
</kw>
<kw name="Get Text" owner="Browser">
<msg time="2025-07-02T18:55:49.976134" level="INFO">Text: 'R$ 60.00'</msg>
<msg time="2025-07-02T18:55:49.976271" level="INFO">${subtotal} = R$ 60.00</msg>
<var>${subtotal}</var>
<arg>${SUBTOTAL_LABEL}</arg>
<tag>Assertion</tag>
<tag>Getter</tag>
<tag>PageContent</tag>
<doc>Returns text attribute of the element found by ``selector``.</doc>
<status status="PASS" start="2025-07-02T18:55:49.951881" elapsed="0.024423"/>
</kw>
<kw name="Sleep" owner="BuiltIn">
<msg time="2025-07-02T18:55:50.977260" level="INFO">Slept 1 second.</msg>
<arg>1s</arg>
<doc>Pauses the test executed for the given time.</doc>
<status status="PASS" start="2025-07-02T18:55:49.976517" elapsed="1.001009"/>
</kw>
<kw name="Should Contain" owner="BuiltIn">
<arg>${subtotal}</arg>
<arg>R$ 60.00</arg>
<doc>Fails if ``container`` does not contain ``item`` one or more times.</doc>
<status status="PASS" start="2025-07-02T18:55:50.978048" elapsed="0.000985"/>
</kw>
<status status="PASS" start="2025-07-02T18:55:47.943419" elapsed="3.035942"/>
</kw>
<kw name="Take Screenshot" owner="Browser" type="TEARDOWN">
<msg time="2025-07-02T18:55:51.158866" level="INFO" html="true">&lt;/td&gt;&lt;/tr&gt;&lt;tr&gt;&lt;td colspan="3"&gt;&lt;a href="browser/screenshot/robotframework-browser-screenshot-32.png" target="_blank"&gt;&lt;img src="browser/screenshot/robotframework-browser-screenshot-32.png" width="800px"/&gt;&lt;/a&gt;</msg>
<tag>PageContent</tag>
<doc>Takes a screenshot of the current window or element and saves it to disk.</doc>
<status status="PASS" start="2025-07-02T18:55:50.980505" elapsed="0.178584"/>
</kw>
<msg time="2025-07-02T18:55:51.172232" level="INFO">Switching context to context=75f5a355-38f8-4721-b1c3-ffbbbf29b8e1 in CURRENT</msg>
<msg time="2025-07-02T18:55:51.178340" level="INFO">Successfully changed active context: context=75f5a355-38f8-4721-b1c3-ffbbbf29b8e1</msg>
<msg time="2025-07-02T18:55:51.255378" level="INFO">Successfully closed Context</msg>
<tag>CIN61</tag>
<tag>RESERVE-001</tag>
<status status="PASS" start="2025-07-02T18:55:44.502832" elapsed="6.656758"/>
</test>
<doc>Cenários de testes da rota sessions</doc>
<status status="PASS" start="2025-07-02T18:55:32.545294" elapsed="18.721385"/>
</suite>
<status status="PASS" start="2025-07-02T18:54:38.072630" elapsed="73.216846"/>
</suite>
<status status="PASS" start="2025-07-02T18:53:56.613994" elapsed="114.677231"/>
</suite>
<statistics>
<total>
<stat pass="32" fail="0" skip="0">All Tests</stat>
</total>
<tag>
<stat pass="4" fail="0" skip="0">AUTH-001</stat>
<stat pass="2" fail="0" skip="0">AUTH-002</stat>
<stat pass="4" fail="0" skip="0">AUTH-003</stat>
<stat pass="4" fail="0" skip="0">AUTH-004</stat>
<stat pass="1" fail="0" skip="0">CIN1</stat>
<stat pass="1" fail="0" skip="0">CIN10</stat>
<stat pass="1" fail="0" skip="0">CIN109</stat>
<stat pass="1" fail="0" skip="0">CIN11</stat>
<stat pass="1" fail="0" skip="0">CIN17</stat>
<stat pass="1" fail="0" skip="0">CIN18</stat>
<stat pass="1" fail="0" skip="0">CIN19</stat>
<stat pass="1" fail="0" skip="0">CIN2</stat>
<stat pass="1" fail="0" skip="0">CIN21</stat>
<stat pass="1" fail="0" skip="0">CIN23</stat>
<stat pass="1" fail="0" skip="0">CIN24</stat>
<stat pass="1" fail="0" skip="0">CIN25</stat>
<stat pass="1" fail="0" skip="0">CIN29</stat>
<stat pass="1" fail="0" skip="0">CIN3</stat>
<stat pass="2" fail="0" skip="0">CIN39</stat>
<stat pass="1" fail="0" skip="0">CIN4</stat>
<stat pass="2" fail="0" skip="0">CIN42</stat>
<stat pass="1" fail="0" skip="0">CIN43</stat>
<stat pass="1" fail="0" skip="0">CIN48</stat>
<stat pass="1" fail="0" skip="0">CIN49</stat>
<stat pass="1" fail="0" skip="0">CIN54</stat>
<stat pass="1" fail="0" skip="0">CIN55</stat>
<stat pass="1" fail="0" skip="0">CIN60</stat>
<stat pass="1" fail="0" skip="0">CIN61</stat>
<stat pass="1" fail="0" skip="0">CIN64</stat>
<stat pass="1" fail="0" skip="0">CIN66</stat>
<stat pass="1" fail="0" skip="0">CIN67</stat>
<stat pass="1" fail="0" skip="0">CIN68</stat>
<stat pass="1" fail="0" skip="0">CIN69</stat>
<stat pass="1" fail="0" skip="0">CIN70</stat>
<stat pass="5" fail="0" skip="0">MOVIE-001</stat>
<stat pass="3" fail="0" skip="0">MOVIE-002</stat>
<stat pass="4" fail="0" skip="0">RESERVE-001</stat>
<stat pass="4" fail="0" skip="0">RESERVE-002</stat>
<stat pass="2" fail="0" skip="0">SESSION-001</stat>
<stat pass="1" fail="0" skip="0">UI</stat>
</tag>
<suite>
<stat name="Tests" id="s1" pass="32" fail="0" skip="0">Tests</stat>
<stat name="Auth" id="s1-s1" pass="14" fail="0" skip="0">Tests.Auth</stat>
<stat name="Login" id="s1-s1-s1" pass="2" fail="0" skip="0">Tests.Auth.Login</stat>
<stat name="Logout" id="s1-s1-s2" pass="4" fail="0" skip="0">Tests.Auth.Logout</stat>
<stat name="Profile" id="s1-s1-s3" pass="4" fail="0" skip="0">Tests.Auth.Profile</stat>
<stat name="Signup" id="s1-s1-s4" pass="4" fail="0" skip="0">Tests.Auth.Signup</stat>
<stat name="Pages" id="s1-s2" pass="18" fail="0" skip="0">Tests.Pages</stat>
<stat name="Checkout" id="s1-s2-s1" pass="4" fail="0" skip="0">Tests.Pages.Checkout</stat>
<stat name="Home" id="s1-s2-s2" pass="5" fail="0" skip="0">Tests.Pages.Home</stat>
<stat name="Movies" id="s1-s2-s3" pass="3" fail="0" skip="0">Tests.Pages.Movies</stat>
<stat name="Reservation" id="s1-s2-s4" pass="2" fail="0" skip="0">Tests.Pages.Reservation</stat>
<stat name="Sessions" id="s1-s2-s5" pass="4" fail="0" skip="0">Tests.Pages.Sessions</stat>
</suite>
</statistics>
<errors>
</errors>
</robot>
