<?xml version="1.0" encoding="UTF-8"?>
<robot generator="Robot 7.2.2 (Python 3.13.3 on win32)" generated="2025-07-03T17:06:56.032879" rpa="false" schemaversion="5">
<suite id="s1" name="Tests" source="C:\Users\cassi\OneDrive\Área de Trabalho\Cinema-challenge\robot-framework\tests">
<suite id="s1-s1" name="Auth" source="C:\Users\cassi\OneDrive\Área de Trabalho\Cinema-challenge\robot-framework\tests\auth">
<suite id="s1-s1-s1" name="Login" source="C:\Users\cassi\OneDrive\Área de Trabalho\Cinema-challenge\robot-framework\tests\auth\login.robot">
<test id="s1-s1-s1-t1" name="Should login successfully" line="9">
<kw name="Start Session" owner="base" type="SETUP">
<kw name="New Browser" owner="Browser">
<msg time="2025-07-03T17:06:56.459811" level="INFO">{"browser": "chromium", "headless": false, "chromiumSandbox": false, "devtools": false, "handleSIGHUP": true, "handleSIGINT": true, "handleSIGTERM": true, "slowMo": 0.0, "timeout": 30000.0, "tracesDir": "C:\\Users\\cassi\\OneDrive\\\u00c1rea de Trabalho\\Cinema-challenge\\robot-framework\\logs\\browser\\traces\\temp\\26025ceb-067b-4219-8ffd-d0beb52a1070"}</msg>
<msg time="2025-07-03T17:06:56.508833" level="INFO">Starting Browser process C:\Python313\Lib\site-packages\Browser\wrapper\index.js using at 127.0.0.1:58489</msg>
<msg time="2025-07-03T17:06:58.621768" level="INFO">Successfully created browser with options: {"browser":"chromium","headless":false,"chromiumSandbox":false,"devtools":false,"handleSIGHUP":true,"handleSIGINT":true,"handleSIGTERM":true,"slowMo":0,"timeout":30000,"tracesDir":"C:\\Users\\cassi\\OneDrive\\Área de Trabalho\\Cinema-challenge\\robot-framework\\logs\\browser\\traces\\temp\\26025ceb-067b-4219-8ffd-d0beb52a1070"}</msg>
<arg>browser=chromium</arg>
<arg>headless=${False}</arg>
<tag>BrowserControl</tag>
<tag>Setter</tag>
<doc>Create a new playwright Browser with specified options.</doc>
<status status="PASS" start="2025-07-03T17:06:56.458692" elapsed="2.163421"/>
</kw>
<kw name="New Page" owner="Browser">
<msg time="2025-07-03T17:06:59.493384" level="INFO">Successfully initialized new page object and opened url: http://localhost:3002</msg>
<msg time="2025-07-03T17:06:59.493502" level="INFO">No context was open. New context was automatically opened when this page is created.</msg>
<arg>${BASE_URL}</arg>
<tag>BrowserControl</tag>
<tag>Setter</tag>
<doc>Open a new Page.</doc>
<status status="PASS" start="2025-07-03T17:06:58.622611" elapsed="0.871170"/>
</kw>
<status status="PASS" start="2025-07-03T17:06:56.457323" elapsed="3.036801"/>
</kw>
<kw name="Create Dictionary" owner="BuiltIn">
<msg time="2025-07-03T17:06:59.495565" level="INFO">${user} = {'name': 'NewUserLogin', 'email': 'newuserlogin@gmail.com', 'password': 'new123456'}</msg>
<var>${user}</var>
<arg>name=NewUserLogin</arg>
<arg>email=newuserlogin@gmail.com</arg>
<arg>password=new123456</arg>
<doc>Creates and returns a dictionary based on the given ``items``.</doc>
<status status="PASS" start="2025-07-03T17:06:59.494707" elapsed="0.000949"/>
</kw>
<kw name="Go to signup Page" owner="SignupPage">
<kw name="Go To" owner="Browser">
<msg time="2025-07-03T17:06:59.685457" level="INFO">Successfully opened URL http://localhost:3002/register</msg>
<arg>${BASE_URL}/register</arg>
<tag>BrowserControl</tag>
<tag>Setter</tag>
<doc>Navigates to the given ``url``.</doc>
<status status="PASS" start="2025-07-03T17:06:59.497419" elapsed="0.188303"/>
</kw>
<kw name="Wait For Elements State" owner="Browser">
<msg time="2025-07-03T17:06:59.847746" level="INFO">Waited for Element with selector xpath=//p[contains(text(), 'Crie sua conta para reservar ingressos')] at state visible</msg>
<arg>${SUBMIT_MESSAGE}</arg>
<arg>visible</arg>
<arg>5</arg>
<tag>PageContent</tag>
<tag>Wait</tag>
<doc>Waits for the element found by ``selector`` to satisfy state option.</doc>
<status status="PASS" start="2025-07-03T17:06:59.686378" elapsed="0.161668"/>
</kw>
<status status="PASS" start="2025-07-03T17:06:59.496363" elapsed="0.351937"/>
</kw>
<kw name="Submit signup form" owner="SignupPage">
<kw name="Fill Text" owner="Browser">
<msg time="2025-07-03T17:06:59.852075" level="INFO">Fills the text 'NewUserLogin' in the given field.</msg>
<arg>css=#name</arg>
<arg>${user}[name]</arg>
<tag>PageContent</tag>
<tag>Setter</tag>
<doc>Clears and fills the given ``txt`` into the text field found by ``selector``.</doc>
<status status="PASS" start="2025-07-03T17:06:59.850522" elapsed="0.043227"/>
</kw>
<kw name="Fill Text" owner="Browser">
<msg time="2025-07-03T17:06:59.895152" level="INFO">Fills the text 'newuserlogin@gmail.com' in the given field.</msg>
<arg>css=#email</arg>
<arg>${user}[email]</arg>
<tag>PageContent</tag>
<tag>Setter</tag>
<doc>Clears and fills the given ``txt`` into the text field found by ``selector``.</doc>
<status status="PASS" start="2025-07-03T17:06:59.894133" elapsed="0.032935"/>
</kw>
<kw name="Fill Text" owner="Browser">
<msg time="2025-07-03T17:06:59.928828" level="INFO">Fills the text 'new123456' in the given field.</msg>
<arg>css=#password</arg>
<arg>${user}[password]</arg>
<tag>PageContent</tag>
<tag>Setter</tag>
<doc>Clears and fills the given ``txt`` into the text field found by ``selector``.</doc>
<status status="PASS" start="2025-07-03T17:06:59.927447" elapsed="0.025839"/>
</kw>
<kw name="Fill Text" owner="Browser">
<msg time="2025-07-03T17:06:59.955337" level="INFO">Fills the text 'new123456' in the given field.</msg>
<arg>css=#confirmPassword</arg>
<arg>${user}[password]</arg>
<tag>PageContent</tag>
<tag>Setter</tag>
<doc>Clears and fills the given ``txt`` into the text field found by ``selector``.</doc>
<status status="PASS" start="2025-07-03T17:06:59.953698" elapsed="0.030084"/>
</kw>
<kw name="Click" owner="Browser">
<msg time="2025-07-03T17:06:59.985155" level="INFO">Clicks the element 'css=button[type=submit] &gt;&gt; text=Cadastrar'.</msg>
<arg>${SUBMIT_BUTTON}</arg>
<tag>PageContent</tag>
<tag>Setter</tag>
<doc>Simulates mouse click on the element found by ``selector``.</doc>
<status status="PASS" start="2025-07-03T17:06:59.984228" elapsed="0.214598"/>
</kw>
<arg>${user}</arg>
<status status="PASS" start="2025-07-03T17:06:59.849331" elapsed="0.349729"/>
</kw>
<kw name="Go to login page" owner="Login">
<kw name="Go To" owner="Browser">
<msg time="2025-07-03T17:07:00.406118" level="INFO">Successfully opened URL http://localhost:3002/login</msg>
<arg>${BASE_URL}/login</arg>
<tag>BrowserControl</tag>
<tag>Setter</tag>
<doc>Navigates to the given ``url``.</doc>
<status status="PASS" start="2025-07-03T17:07:00.218328" elapsed="0.188259"/>
</kw>
<kw name="Wait For Elements State" owner="Browser">
<msg time="2025-07-03T17:07:00.530641" level="INFO">Waited for Element with selector xpath=//p[contains(text(), 'Entre com suas credenciais para acessar sua conta')] at state visible</msg>
<arg>${LOGIN_MESSAGE}</arg>
<arg>visible</arg>
<arg>5</arg>
<tag>PageContent</tag>
<tag>Wait</tag>
<doc>Waits for the element found by ``selector`` to satisfy state option.</doc>
<status status="PASS" start="2025-07-03T17:07:00.406987" elapsed="0.123954"/>
</kw>
<status status="PASS" start="2025-07-03T17:07:00.217357" elapsed="0.313873"/>
</kw>
<kw name="Submit login" owner="Login">
<kw name="Fill Text" owner="Browser">
<msg time="2025-07-03T17:07:00.534207" level="INFO">Fills the text 'newuserlogin@gmail.com' in the given field.</msg>
<arg>css=#email</arg>
<arg>${user}[email]</arg>
<tag>PageContent</tag>
<tag>Setter</tag>
<doc>Clears and fills the given ``txt`` into the text field found by ``selector``.</doc>
<status status="PASS" start="2025-07-03T17:07:00.533129" elapsed="0.033057"/>
</kw>
<kw name="Fill Text" owner="Browser">
<msg time="2025-07-03T17:07:00.567741" level="INFO">Fills the text 'new123456' in the given field.</msg>
<arg>css=#password</arg>
<arg>${user}[password]</arg>
<tag>PageContent</tag>
<tag>Setter</tag>
<doc>Clears and fills the given ``txt`` into the text field found by ``selector``.</doc>
<status status="PASS" start="2025-07-03T17:07:00.566568" elapsed="0.036117"/>
</kw>
<kw name="Click" owner="Browser">
<msg time="2025-07-03T17:07:00.605089" level="INFO">Clicks the element 'css=button[type=submit] &gt;&gt; text=Entrar'.</msg>
<arg>${LOGIN_BUTTON}</arg>
<tag>PageContent</tag>
<tag>Setter</tag>
<doc>Simulates mouse click on the element found by ``selector``.</doc>
<status status="PASS" start="2025-07-03T17:07:00.603526" elapsed="0.087656"/>
</kw>
<arg>${user}</arg>
<status status="PASS" start="2025-07-03T17:07:00.532082" elapsed="0.159410"/>
</kw>
<kw name="Alert should be" owner="Alert">
<kw name="Wait For Elements State" owner="Browser">
<msg time="2025-07-03T17:07:01.077775" level="INFO">Waited for Element with selector css=.alert-content &gt;&gt; text=Login realizado com sucesso at state visible</msg>
<arg>css=.alert-content &gt;&gt; text=${expected_text}</arg>
<arg>visible</arg>
<arg>5</arg>
<tag>PageContent</tag>
<tag>Wait</tag>
<doc>Waits for the element found by ``selector`` to satisfy state option.</doc>
<status status="PASS" start="2025-07-03T17:07:00.694565" elapsed="0.383634"/>
</kw>
<arg>Login realizado com sucesso</arg>
<status status="PASS" start="2025-07-03T17:07:00.693602" elapsed="0.384928"/>
</kw>
<kw name="Remove user from database" owner="database">
<msg time="2025-07-03T17:07:01.141799" level="INFO">User removed from database</msg>
<arg>${user}[email]</arg>
<status status="PASS" start="2025-07-03T17:07:01.081112" elapsed="0.060833"/>
</kw>
<kw name="Take Screenshot" owner="Browser" type="TEARDOWN">
<msg time="2025-07-03T17:07:01.391048" level="INFO" html="true">&lt;/td&gt;&lt;/tr&gt;&lt;tr&gt;&lt;td colspan="3"&gt;&lt;a href="browser/screenshot/robotframework-browser-screenshot-1.png" target="_blank"&gt;&lt;img src="browser/screenshot/robotframework-browser-screenshot-1.png" width="800px"/&gt;&lt;/a&gt;</msg>
<tag>PageContent</tag>
<doc>Takes a screenshot of the current window or element and saves it to disk.</doc>
<status status="PASS" start="2025-07-03T17:07:01.143391" elapsed="0.247959"/>
</kw>
<msg time="2025-07-03T17:07:01.416778" level="INFO">Switching context to context=4f99a593-1145-4901-b33c-215eef42ba6c in CURRENT</msg>
<msg time="2025-07-03T17:07:01.429015" level="INFO">Successfully changed active context: context=4f99a593-1145-4901-b33c-215eef42ba6c</msg>
<msg time="2025-07-03T17:07:01.559196" level="INFO">Successfully closed Context</msg>
<tag>AUTH-002</tag>
<tag>CIN10</tag>
<status status="PASS" start="2025-07-03T17:06:56.455636" elapsed="4.936238"/>
</test>
<test id="s1-s1-s1-t2" name="Should not login incorrect password" line="22">
<kw name="Start Session" owner="base" type="SETUP">
<kw name="New Browser" owner="Browser">
<msg time="2025-07-03T17:07:01.590910" level="INFO">Switching browser to browser=2bc5279c-6823-47ec-b298-95777d03f5e5</msg>
<msg time="2025-07-03T17:07:01.598003" level="INFO">Successfully changed active browser: browser=2bc5279c-6823-47ec-b298-95777d03f5e5</msg>
<msg time="2025-07-03T17:07:01.598279" level="INFO">Reusing existing browser with id: browser=2bc5279c-6823-47ec-b298-95777d03f5e5</msg>
<arg>browser=chromium</arg>
<arg>headless=${False}</arg>
<tag>BrowserControl</tag>
<tag>Setter</tag>
<doc>Create a new playwright Browser with specified options.</doc>
<status status="PASS" start="2025-07-03T17:07:01.588521" elapsed="0.009913"/>
</kw>
<kw name="New Page" owner="Browser">
<msg time="2025-07-03T17:07:02.309577" level="INFO">Successfully initialized new page object and opened url: http://localhost:3002</msg>
<msg time="2025-07-03T17:07:02.309665" level="INFO">No context was open. New context was automatically opened when this page is created.</msg>
<arg>${BASE_URL}</arg>
<tag>BrowserControl</tag>
<tag>Setter</tag>
<doc>Open a new Page.</doc>
<status status="PASS" start="2025-07-03T17:07:01.598870" elapsed="0.710941"/>
</kw>
<status status="PASS" start="2025-07-03T17:07:01.585829" elapsed="0.724140"/>
</kw>
<kw name="Create Dictionary" owner="BuiltIn">
<msg time="2025-07-03T17:07:02.311082" level="INFO">${user} = {'name': 'NewUserLogin', 'email': 'newuserlogin@gmail.com', 'password': 'new123456'}</msg>
<var>${user}</var>
<arg>name=NewUserLogin</arg>
<arg>email=newuserlogin@gmail.com</arg>
<arg>password=new123456</arg>
<doc>Creates and returns a dictionary based on the given ``items``.</doc>
<status status="PASS" start="2025-07-03T17:07:02.310490" elapsed="0.000668"/>
</kw>
<kw name="Create Dictionary" owner="BuiltIn">
<msg time="2025-07-03T17:07:02.311856" level="INFO">${wrong_password} = {'name': 'NewUserLogin', 'email': 'newuserlogin@gmail.com', 'password': 'wrongpassword'}</msg>
<var>${wrong_password}</var>
<arg>name=NewUserLogin</arg>
<arg>email=newuserlogin@gmail.com</arg>
<arg>password=wrongpassword</arg>
<doc>Creates and returns a dictionary based on the given ``items``.</doc>
<status status="PASS" start="2025-07-03T17:07:02.311478" elapsed="0.000417"/>
</kw>
<kw name="Go to signup Page" owner="SignupPage">
<kw name="Go To" owner="Browser">
<msg time="2025-07-03T17:07:02.494270" level="INFO">Successfully opened URL http://localhost:3002/register</msg>
<arg>${BASE_URL}/register</arg>
<tag>BrowserControl</tag>
<tag>Setter</tag>
<doc>Navigates to the given ``url``.</doc>
<status status="PASS" start="2025-07-03T17:07:02.312626" elapsed="0.181986"/>
</kw>
<kw name="Wait For Elements State" owner="Browser">
<msg time="2025-07-03T17:07:02.605500" level="INFO">Waited for Element with selector xpath=//p[contains(text(), 'Crie sua conta para reservar ingressos')] at state visible</msg>
<arg>${SUBMIT_MESSAGE}</arg>
<arg>visible</arg>
<arg>5</arg>
<tag>PageContent</tag>
<tag>Wait</tag>
<doc>Waits for the element found by ``selector`` to satisfy state option.</doc>
<status status="PASS" start="2025-07-03T17:07:02.495042" elapsed="0.110749"/>
</kw>
<status status="PASS" start="2025-07-03T17:07:02.312192" elapsed="0.293741"/>
</kw>
<kw name="Submit signup form" owner="SignupPage">
<kw name="Fill Text" owner="Browser">
<msg time="2025-07-03T17:07:02.607742" level="INFO">Fills the text 'NewUserLogin' in the given field.</msg>
<arg>css=#name</arg>
<arg>${user}[name]</arg>
<tag>PageContent</tag>
<tag>Setter</tag>
<doc>Clears and fills the given ``txt`` into the text field found by ``selector``.</doc>
<status status="PASS" start="2025-07-03T17:07:02.607042" elapsed="0.023969"/>
</kw>
<kw name="Fill Text" owner="Browser">
<msg time="2025-07-03T17:07:02.632030" level="INFO">Fills the text 'newuserlogin@gmail.com' in the given field.</msg>
<arg>css=#email</arg>
<arg>${user}[email]</arg>
<tag>PageContent</tag>
<tag>Setter</tag>
<doc>Clears and fills the given ``txt`` into the text field found by ``selector``.</doc>
<status status="PASS" start="2025-07-03T17:07:02.631260" elapsed="0.031081"/>
</kw>
<kw name="Fill Text" owner="Browser">
<msg time="2025-07-03T17:07:02.663522" level="INFO">Fills the text 'new123456' in the given field.</msg>
<arg>css=#password</arg>
<arg>${user}[password]</arg>
<tag>PageContent</tag>
<tag>Setter</tag>
<doc>Clears and fills the given ``txt`` into the text field found by ``selector``.</doc>
<status status="PASS" start="2025-07-03T17:07:02.662631" elapsed="0.017544"/>
</kw>
<kw name="Fill Text" owner="Browser">
<msg time="2025-07-03T17:07:02.681073" level="INFO">Fills the text 'new123456' in the given field.</msg>
<arg>css=#confirmPassword</arg>
<arg>${user}[password]</arg>
<tag>PageContent</tag>
<tag>Setter</tag>
<doc>Clears and fills the given ``txt`` into the text field found by ``selector``.</doc>
<status status="PASS" start="2025-07-03T17:07:02.680412" elapsed="0.018227"/>
</kw>
<kw name="Click" owner="Browser">
<msg time="2025-07-03T17:07:02.699552" level="INFO">Clicks the element 'css=button[type=submit] &gt;&gt; text=Cadastrar'.</msg>
<arg>${SUBMIT_BUTTON}</arg>
<tag>PageContent</tag>
<tag>Setter</tag>
<doc>Simulates mouse click on the element found by ``selector``.</doc>
<status status="PASS" start="2025-07-03T17:07:02.698886" elapsed="0.099414"/>
</kw>
<arg>${user}</arg>
<status status="PASS" start="2025-07-03T17:07:02.606350" elapsed="0.192088"/>
</kw>
<kw name="Go to login page" owner="Login">
<kw name="Go To" owner="Browser">
<msg time="2025-07-03T17:07:02.935749" level="INFO">Successfully opened URL http://localhost:3002/login</msg>
<arg>${BASE_URL}/login</arg>
<tag>BrowserControl</tag>
<tag>Setter</tag>
<doc>Navigates to the given ``url``.</doc>
<status status="PASS" start="2025-07-03T17:07:02.799504" elapsed="0.136534"/>
</kw>
<kw name="Wait For Elements State" owner="Browser">
<msg time="2025-07-03T17:07:03.014187" level="INFO">Waited for Element with selector xpath=//p[contains(text(), 'Entre com suas credenciais para acessar sua conta')] at state visible</msg>
<arg>${LOGIN_MESSAGE}</arg>
<arg>visible</arg>
<arg>5</arg>
<tag>PageContent</tag>
<tag>Wait</tag>
<doc>Waits for the element found by ``selector`` to satisfy state option.</doc>
<status status="PASS" start="2025-07-03T17:07:02.936395" elapsed="0.077949"/>
</kw>
<status status="PASS" start="2025-07-03T17:07:02.798935" elapsed="0.215526"/>
</kw>
<kw name="Submit login" owner="Login">
<kw name="Fill Text" owner="Browser">
<msg time="2025-07-03T17:07:03.016024" level="INFO">Fills the text 'newuserlogin@gmail.com' in the given field.</msg>
<arg>css=#email</arg>
<arg>${user}[email]</arg>
<tag>PageContent</tag>
<tag>Setter</tag>
<doc>Clears and fills the given ``txt`` into the text field found by ``selector``.</doc>
<status status="PASS" start="2025-07-03T17:07:03.015413" elapsed="0.018010"/>
</kw>
<kw name="Fill Text" owner="Browser">
<msg time="2025-07-03T17:07:03.034888" level="INFO">Fills the text 'wrongpassword' in the given field.</msg>
<arg>css=#password</arg>
<arg>${user}[password]</arg>
<tag>PageContent</tag>
<tag>Setter</tag>
<doc>Clears and fills the given ``txt`` into the text field found by ``selector``.</doc>
<status status="PASS" start="2025-07-03T17:07:03.033680" elapsed="0.027411"/>
</kw>
<kw name="Click" owner="Browser">
<msg time="2025-07-03T17:07:03.062029" level="INFO">Clicks the element 'css=button[type=submit] &gt;&gt; text=Entrar'.</msg>
<arg>${LOGIN_BUTTON}</arg>
<tag>PageContent</tag>
<tag>Setter</tag>
<doc>Simulates mouse click on the element found by ``selector``.</doc>
<status status="PASS" start="2025-07-03T17:07:03.061330" elapsed="0.063178"/>
</kw>
<arg>${wrong_password}</arg>
<status status="PASS" start="2025-07-03T17:07:03.014831" elapsed="0.109822"/>
</kw>
<kw name="Remove user from database" owner="database">
<msg time="2025-07-03T17:07:03.128065" level="INFO">User removed from database</msg>
<arg>${user}[email]</arg>
<status status="PASS" start="2025-07-03T17:07:03.125070" elapsed="0.003128"/>
</kw>
<kw name="Remove user from database" owner="database">
<msg time="2025-07-03T17:07:03.130055" level="INFO">User removed from database</msg>
<arg>${wrong_password}[email]</arg>
<status status="PASS" start="2025-07-03T17:07:03.128524" elapsed="0.001632"/>
</kw>
<kw name="Take Screenshot" owner="Browser" type="TEARDOWN">
<msg time="2025-07-03T17:07:03.350092" level="INFO" html="true">&lt;/td&gt;&lt;/tr&gt;&lt;tr&gt;&lt;td colspan="3"&gt;&lt;a href="browser/screenshot/robotframework-browser-screenshot-2.png" target="_blank"&gt;&lt;img src="browser/screenshot/robotframework-browser-screenshot-2.png" width="800px"/&gt;&lt;/a&gt;</msg>
<tag>PageContent</tag>
<doc>Takes a screenshot of the current window or element and saves it to disk.</doc>
<status status="PASS" start="2025-07-03T17:07:03.131155" elapsed="0.219258"/>
</kw>
<msg time="2025-07-03T17:07:03.388096" level="INFO">Switching context to context=a9eda772-eb1b-498f-a3aa-a216acd357b0 in CURRENT</msg>
<msg time="2025-07-03T17:07:03.407235" level="INFO">Successfully changed active context: context=a9eda772-eb1b-498f-a3aa-a216acd357b0</msg>
<msg time="2025-07-03T17:07:03.506024" level="INFO">Successfully closed Context</msg>
<tag>AUTH-002</tag>
<tag>CIN11</tag>
<status status="PASS" start="2025-07-03T17:07:01.579846" elapsed="1.771358"/>
</test>
<doc>Cenários de testes do login de usuário</doc>
<status status="PASS" start="2025-07-03T17:06:56.072157" elapsed="7.443832"/>
</suite>
<suite id="s1-s1-s2" name="Logout" source="C:\Users\cassi\OneDrive\Área de Trabalho\Cinema-challenge\robot-framework\tests\auth\logout.robot">
<test id="s1-s1-s2-t1" name="Should display logout button after successful login" line="9">
<kw name="Start Session" owner="base" type="SETUP">
<kw name="New Browser" owner="Browser">
<msg time="2025-07-03T17:07:03.606042" level="INFO">Switching browser to browser=2bc5279c-6823-47ec-b298-95777d03f5e5</msg>
<msg time="2025-07-03T17:07:03.611558" level="INFO">Successfully changed active browser: browser=2bc5279c-6823-47ec-b298-95777d03f5e5</msg>
<msg time="2025-07-03T17:07:03.611703" level="INFO">Reusing existing browser with id: browser=2bc5279c-6823-47ec-b298-95777d03f5e5</msg>
<arg>browser=chromium</arg>
<arg>headless=${False}</arg>
<tag>BrowserControl</tag>
<tag>Setter</tag>
<doc>Create a new playwright Browser with specified options.</doc>
<status status="PASS" start="2025-07-03T17:07:03.604374" elapsed="0.007410"/>
</kw>
<kw name="New Page" owner="Browser">
<msg time="2025-07-03T17:07:04.335060" level="INFO">Successfully initialized new page object and opened url: http://localhost:3002</msg>
<msg time="2025-07-03T17:07:04.335214" level="INFO">No context was open. New context was automatically opened when this page is created.</msg>
<arg>${BASE_URL}</arg>
<tag>BrowserControl</tag>
<tag>Setter</tag>
<doc>Open a new Page.</doc>
<status status="PASS" start="2025-07-03T17:07:03.612063" elapsed="0.723442"/>
</kw>
<status status="PASS" start="2025-07-03T17:07:03.603601" elapsed="0.732154"/>
</kw>
<kw name="Create Dictionary" owner="BuiltIn">
<msg time="2025-07-03T17:07:04.337613" level="INFO">${user} = {'name': 'Login User', 'email': 'loginuser@test.com', 'password': 'senha123'}</msg>
<var>${user}</var>
<arg>name=Login User</arg>
<arg>email=loginuser@test.com</arg>
<arg>password=senha123</arg>
<doc>Creates and returns a dictionary based on the given ``items``.</doc>
<status status="PASS" start="2025-07-03T17:07:04.336531" elapsed="0.001341"/>
</kw>
<kw name="Go to signup Page" owner="SignupPage">
<kw name="Go To" owner="Browser">
<msg time="2025-07-03T17:07:04.539863" level="INFO">Successfully opened URL http://localhost:3002/register</msg>
<arg>${BASE_URL}/register</arg>
<tag>BrowserControl</tag>
<tag>Setter</tag>
<doc>Navigates to the given ``url``.</doc>
<status status="PASS" start="2025-07-03T17:07:04.340598" elapsed="0.199637"/>
</kw>
<kw name="Wait For Elements State" owner="Browser">
<msg time="2025-07-03T17:07:04.676597" level="INFO">Waited for Element with selector xpath=//p[contains(text(), 'Crie sua conta para reservar ingressos')] at state visible</msg>
<arg>${SUBMIT_MESSAGE}</arg>
<arg>visible</arg>
<arg>5</arg>
<tag>PageContent</tag>
<tag>Wait</tag>
<doc>Waits for the element found by ``selector`` to satisfy state option.</doc>
<status status="PASS" start="2025-07-03T17:07:04.540618" elapsed="0.136180"/>
</kw>
<status status="PASS" start="2025-07-03T17:07:04.339156" elapsed="0.337811"/>
</kw>
<kw name="Submit signup form" owner="SignupPage">
<kw name="Fill Text" owner="Browser">
<msg time="2025-07-03T17:07:04.679359" level="INFO">Fills the text 'Login User' in the given field.</msg>
<arg>css=#name</arg>
<arg>${user}[name]</arg>
<tag>PageContent</tag>
<tag>Setter</tag>
<doc>Clears and fills the given ``txt`` into the text field found by ``selector``.</doc>
<status status="PASS" start="2025-07-03T17:07:04.678408" elapsed="0.025649"/>
</kw>
<kw name="Fill Text" owner="Browser">
<msg time="2025-07-03T17:07:04.706851" level="INFO">Fills the text 'loginuser@test.com' in the given field.</msg>
<arg>css=#email</arg>
<arg>${user}[email]</arg>
<tag>PageContent</tag>
<tag>Setter</tag>
<doc>Clears and fills the given ``txt`` into the text field found by ``selector``.</doc>
<status status="PASS" start="2025-07-03T17:07:04.704756" elapsed="0.040702"/>
</kw>
<kw name="Fill Text" owner="Browser">
<msg time="2025-07-03T17:07:04.747388" level="INFO">Fills the text 'senha123' in the given field.</msg>
<arg>css=#password</arg>
<arg>${user}[password]</arg>
<tag>PageContent</tag>
<tag>Setter</tag>
<doc>Clears and fills the given ``txt`` into the text field found by ``selector``.</doc>
<status status="PASS" start="2025-07-03T17:07:04.745944" elapsed="0.028111"/>
</kw>
<kw name="Fill Text" owner="Browser">
<msg time="2025-07-03T17:07:04.775862" level="INFO">Fills the text 'senha123' in the given field.</msg>
<arg>css=#confirmPassword</arg>
<arg>${user}[password]</arg>
<tag>PageContent</tag>
<tag>Setter</tag>
<doc>Clears and fills the given ``txt`` into the text field found by ``selector``.</doc>
<status status="PASS" start="2025-07-03T17:07:04.774708" elapsed="0.021468"/>
</kw>
<kw name="Click" owner="Browser">
<msg time="2025-07-03T17:07:04.797440" level="INFO">Clicks the element 'css=button[type=submit] &gt;&gt; text=Cadastrar'.</msg>
<arg>${SUBMIT_BUTTON}</arg>
<tag>PageContent</tag>
<tag>Setter</tag>
<doc>Simulates mouse click on the element found by ``selector``.</doc>
<status status="PASS" start="2025-07-03T17:07:04.796519" elapsed="0.073212"/>
</kw>
<arg>${user}</arg>
<status status="PASS" start="2025-07-03T17:07:04.677501" elapsed="0.192792"/>
</kw>
<kw name="Wait For Elements State" owner="Browser">
<msg time="2025-07-03T17:07:05.097575" level="INFO">Waited for Element with selector css=.btn-logout at state visible</msg>
<arg>css=.btn-logout</arg>
<arg>visible</arg>
<arg>5s</arg>
<tag>PageContent</tag>
<tag>Wait</tag>
<doc>Waits for the element found by ``selector`` to satisfy state option.</doc>
<status status="PASS" start="2025-07-03T17:07:04.871089" elapsed="0.227279"/>
</kw>
<kw name="Remove user from database" owner="database">
<msg time="2025-07-03T17:07:05.102167" level="INFO">User removed from database</msg>
<arg>${user}[email]</arg>
<status status="PASS" start="2025-07-03T17:07:05.099138" elapsed="0.003185"/>
</kw>
<kw name="Take Screenshot" owner="Browser" type="TEARDOWN">
<msg time="2025-07-03T17:07:05.570529" level="INFO" html="true">&lt;/td&gt;&lt;/tr&gt;&lt;tr&gt;&lt;td colspan="3"&gt;&lt;a href="browser/screenshot/robotframework-browser-screenshot-3.png" target="_blank"&gt;&lt;img src="browser/screenshot/robotframework-browser-screenshot-3.png" width="800px"/&gt;&lt;/a&gt;</msg>
<tag>PageContent</tag>
<doc>Takes a screenshot of the current window or element and saves it to disk.</doc>
<status status="PASS" start="2025-07-03T17:07:05.103175" elapsed="0.467849"/>
</kw>
<msg time="2025-07-03T17:07:05.594124" level="INFO">Switching context to context=469a6709-42c8-44f3-b28d-75f45149274f in CURRENT</msg>
<msg time="2025-07-03T17:07:05.607996" level="INFO">Successfully changed active context: context=469a6709-42c8-44f3-b28d-75f45149274f</msg>
<msg time="2025-07-03T17:07:05.697319" level="INFO">Successfully closed Context</msg>
<tag>AUTH-003</tag>
<tag>CIN17</tag>
<tag>UI</tag>
<status status="PASS" start="2025-07-03T17:07:03.598474" elapsed="1.973307"/>
</test>
<test id="s1-s1-s2-t2" name="Should logout successfully" line="21">
<kw name="Start Session" owner="base" type="SETUP">
<kw name="New Browser" owner="Browser">
<msg time="2025-07-03T17:07:05.722581" level="INFO">Switching browser to browser=2bc5279c-6823-47ec-b298-95777d03f5e5</msg>
<msg time="2025-07-03T17:07:05.728913" level="INFO">Successfully changed active browser: browser=2bc5279c-6823-47ec-b298-95777d03f5e5</msg>
<msg time="2025-07-03T17:07:05.729201" level="INFO">Reusing existing browser with id: browser=2bc5279c-6823-47ec-b298-95777d03f5e5</msg>
<arg>browser=chromium</arg>
<arg>headless=${False}</arg>
<tag>BrowserControl</tag>
<tag>Setter</tag>
<doc>Create a new playwright Browser with specified options.</doc>
<status status="PASS" start="2025-07-03T17:07:05.720916" elapsed="0.008457"/>
</kw>
<kw name="New Page" owner="Browser">
<msg time="2025-07-03T17:07:06.538718" level="INFO">Successfully initialized new page object and opened url: http://localhost:3002</msg>
<msg time="2025-07-03T17:07:06.538822" level="INFO">No context was open. New context was automatically opened when this page is created.</msg>
<arg>${BASE_URL}</arg>
<tag>BrowserControl</tag>
<tag>Setter</tag>
<doc>Open a new Page.</doc>
<status status="PASS" start="2025-07-03T17:07:05.730073" elapsed="0.808945"/>
</kw>
<status status="PASS" start="2025-07-03T17:07:05.719741" elapsed="0.819448"/>
</kw>
<kw name="Create Dictionary" owner="BuiltIn">
<msg time="2025-07-03T17:07:06.540284" level="INFO">${user} = {'name': 'UserLogout', 'email': 'userlogout@gmail.com', 'password': 'new123456'}</msg>
<var>${user}</var>
<arg>name=UserLogout</arg>
<arg>email=userlogout@gmail.com</arg>
<arg>password=new123456</arg>
<doc>Creates and returns a dictionary based on the given ``items``.</doc>
<status status="PASS" start="2025-07-03T17:07:06.539685" elapsed="0.000652"/>
</kw>
<kw name="Go to signup Page" owner="SignupPage">
<kw name="Go To" owner="Browser">
<msg time="2025-07-03T17:07:06.747386" level="INFO">Successfully opened URL http://localhost:3002/register</msg>
<arg>${BASE_URL}/register</arg>
<tag>BrowserControl</tag>
<tag>Setter</tag>
<doc>Navigates to the given ``url``.</doc>
<status status="PASS" start="2025-07-03T17:07:06.541357" elapsed="0.206593"/>
</kw>
<kw name="Wait For Elements State" owner="Browser">
<msg time="2025-07-03T17:07:06.892795" level="INFO">Waited for Element with selector xpath=//p[contains(text(), 'Crie sua conta para reservar ingressos')] at state visible</msg>
<arg>${SUBMIT_MESSAGE}</arg>
<arg>visible</arg>
<arg>5</arg>
<tag>PageContent</tag>
<tag>Wait</tag>
<doc>Waits for the element found by ``selector`` to satisfy state option.</doc>
<status status="PASS" start="2025-07-03T17:07:06.748987" elapsed="0.144037"/>
</kw>
<status status="PASS" start="2025-07-03T17:07:06.540779" elapsed="0.352412"/>
</kw>
<kw name="Submit signup form" owner="SignupPage">
<kw name="Fill Text" owner="Browser">
<msg time="2025-07-03T17:07:06.895142" level="INFO">Fills the text 'UserLogout' in the given field.</msg>
<arg>css=#name</arg>
<arg>${user}[name]</arg>
<tag>PageContent</tag>
<tag>Setter</tag>
<doc>Clears and fills the given ``txt`` into the text field found by ``selector``.</doc>
<status status="PASS" start="2025-07-03T17:07:06.894360" elapsed="0.032168"/>
</kw>
<kw name="Fill Text" owner="Browser">
<msg time="2025-07-03T17:07:06.928988" level="INFO">Fills the text 'userlogout@gmail.com' in the given field.</msg>
<arg>css=#email</arg>
<arg>${user}[email]</arg>
<tag>PageContent</tag>
<tag>Setter</tag>
<doc>Clears and fills the given ``txt`` into the text field found by ``selector``.</doc>
<status status="PASS" start="2025-07-03T17:07:06.927180" elapsed="0.036060"/>
</kw>
<kw name="Fill Text" owner="Browser">
<msg time="2025-07-03T17:07:06.965540" level="INFO">Fills the text 'new123456' in the given field.</msg>
<arg>css=#password</arg>
<arg>${user}[password]</arg>
<tag>PageContent</tag>
<tag>Setter</tag>
<doc>Clears and fills the given ``txt`` into the text field found by ``selector``.</doc>
<status status="PASS" start="2025-07-03T17:07:06.963688" elapsed="0.028473"/>
</kw>
<kw name="Fill Text" owner="Browser">
<msg time="2025-07-03T17:07:06.993458" level="INFO">Fills the text 'new123456' in the given field.</msg>
<arg>css=#confirmPassword</arg>
<arg>${user}[password]</arg>
<tag>PageContent</tag>
<tag>Setter</tag>
<doc>Clears and fills the given ``txt`` into the text field found by ``selector``.</doc>
<status status="PASS" start="2025-07-03T17:07:06.992530" elapsed="0.022542"/>
</kw>
<kw name="Click" owner="Browser">
<msg time="2025-07-03T17:07:07.016592" level="INFO">Clicks the element 'css=button[type=submit] &gt;&gt; text=Cadastrar'.</msg>
<arg>${SUBMIT_BUTTON}</arg>
<tag>PageContent</tag>
<tag>Setter</tag>
<doc>Simulates mouse click on the element found by ``selector``.</doc>
<status status="PASS" start="2025-07-03T17:07:07.015474" elapsed="0.081387"/>
</kw>
<arg>${user}</arg>
<status status="PASS" start="2025-07-03T17:07:06.893651" elapsed="0.203422"/>
</kw>
<kw name="Logout user" owner="LoggedUserPage">
<kw name="Click" owner="Browser">
<msg time="2025-07-03T17:07:07.099950" level="INFO">Clicks the element 'css=.btn-logout &gt;&gt; text=Sair'.</msg>
<arg>css=.btn-logout &gt;&gt; text=Sair</arg>
<tag>PageContent</tag>
<tag>Setter</tag>
<doc>Simulates mouse click on the element found by ``selector``.</doc>
<status status="PASS" start="2025-07-03T17:07:07.098815" elapsed="0.574148"/>
</kw>
<status status="PASS" start="2025-07-03T17:07:07.097776" elapsed="0.575418"/>
</kw>
<kw name="Verify Login Page" owner="Login">
<kw name="Wait For Elements State" owner="Browser">
<msg time="2025-07-03T17:07:07.685790" level="INFO">Waited for Element with selector xpath=//p[contains(text(), 'Entre com suas credenciais para acessar sua conta')] at state visible</msg>
<arg>${LOGIN_MESSAGE}</arg>
<arg>visible</arg>
<arg>5</arg>
<tag>PageContent</tag>
<tag>Wait</tag>
<doc>Waits for the element found by ``selector`` to satisfy state option.</doc>
<status status="PASS" start="2025-07-03T17:07:07.674767" elapsed="0.011291"/>
</kw>
<status status="PASS" start="2025-07-03T17:07:07.673837" elapsed="0.012457"/>
</kw>
<kw name="Remove user from database" owner="database">
<msg time="2025-07-03T17:07:07.689773" level="INFO">User removed from database</msg>
<arg>${user}[email]</arg>
<status status="PASS" start="2025-07-03T17:07:07.686819" elapsed="0.003114"/>
</kw>
<kw name="Token should not exist in local storage" owner="LoggedUserPage">
<kw name="LocalStorage Get Item" owner="Browser">
<msg time="2025-07-03T17:07:07.709318" level="INFO">JavaScript executed successfully.</msg>
<msg time="2025-07-03T17:07:07.709741" level="INFO">${token} = None</msg>
<var>${token}</var>
<arg>token</arg>
<tag>Assertion</tag>
<tag>Getter</tag>
<tag>PageContent</tag>
<doc>Get saved data from the local storage.</doc>
<status status="PASS" start="2025-07-03T17:07:07.691501" elapsed="0.018337"/>
</kw>
<kw name="Log" owner="BuiltIn">
<msg time="2025-07-03T17:07:07.711173" level="INFO">Valor atual do token: None</msg>
<arg>Valor atual do token: ${token}</arg>
<doc>Logs the given message with the given level.</doc>
<status status="PASS" start="2025-07-03T17:07:07.710173" elapsed="0.001163"/>
</kw>
<kw name="Should Be Equal" owner="BuiltIn">
<arg>${token}</arg>
<arg>${None}</arg>
<doc>Fails if the given objects are unequal.</doc>
<status status="PASS" start="2025-07-03T17:07:07.711722" elapsed="0.000682"/>
</kw>
<status status="PASS" start="2025-07-03T17:07:07.690659" elapsed="0.021896"/>
</kw>
<kw name="Take Screenshot" owner="Browser" type="TEARDOWN">
<msg time="2025-07-03T17:07:08.019842" level="INFO" html="true">&lt;/td&gt;&lt;/tr&gt;&lt;tr&gt;&lt;td colspan="3"&gt;&lt;a href="browser/screenshot/robotframework-browser-screenshot-4.png" target="_blank"&gt;&lt;img src="browser/screenshot/robotframework-browser-screenshot-4.png" width="800px"/&gt;&lt;/a&gt;</msg>
<tag>PageContent</tag>
<doc>Takes a screenshot of the current window or element and saves it to disk.</doc>
<status status="PASS" start="2025-07-03T17:07:07.713122" elapsed="0.307013"/>
</kw>
<msg time="2025-07-03T17:07:08.044283" level="INFO">Switching context to context=2fda04d8-fec2-49e0-9027-e1920cc41985 in CURRENT</msg>
<msg time="2025-07-03T17:07:08.057322" level="INFO">Successfully changed active context: context=2fda04d8-fec2-49e0-9027-e1920cc41985</msg>
<msg time="2025-07-03T17:07:08.157479" level="INFO">Successfully closed Context</msg>
<tag>AUTH-003</tag>
<tag>CIN18</tag>
<status status="PASS" start="2025-07-03T17:07:05.712190" elapsed="2.308559"/>
</test>
<test id="s1-s1-s2-t3" name="Should not access protected routes after logout" line="35">
<kw name="Start Session" owner="base" type="SETUP">
<kw name="New Browser" owner="Browser">
<msg time="2025-07-03T17:07:08.163916" level="INFO">Switching browser to browser=2bc5279c-6823-47ec-b298-95777d03f5e5</msg>
<msg time="2025-07-03T17:07:08.166187" level="INFO">Successfully changed active browser: browser=2bc5279c-6823-47ec-b298-95777d03f5e5</msg>
<msg time="2025-07-03T17:07:08.166392" level="INFO">Reusing existing browser with id: browser=2bc5279c-6823-47ec-b298-95777d03f5e5</msg>
<arg>browser=chromium</arg>
<arg>headless=${False}</arg>
<tag>BrowserControl</tag>
<tag>Setter</tag>
<doc>Create a new playwright Browser with specified options.</doc>
<status status="PASS" start="2025-07-03T17:07:08.162987" elapsed="0.003561"/>
</kw>
<kw name="New Page" owner="Browser">
<msg time="2025-07-03T17:07:09.057821" level="INFO">Successfully initialized new page object and opened url: http://localhost:3002</msg>
<msg time="2025-07-03T17:07:09.057969" level="INFO">No context was open. New context was automatically opened when this page is created.</msg>
<arg>${BASE_URL}</arg>
<tag>BrowserControl</tag>
<tag>Setter</tag>
<doc>Open a new Page.</doc>
<status status="PASS" start="2025-07-03T17:07:08.166915" elapsed="0.891396"/>
</kw>
<status status="PASS" start="2025-07-03T17:07:08.162244" elapsed="0.896319"/>
</kw>
<kw name="Create Dictionary" owner="BuiltIn">
<msg time="2025-07-03T17:07:09.060112" level="INFO">${user} = {'name': 'User Not Access', 'email': 'usernotaccess@gmail.com', 'password': 'new123456'}</msg>
<var>${user}</var>
<arg>name=User Not Access</arg>
<arg>email=usernotaccess@gmail.com</arg>
<arg>password=new123456</arg>
<doc>Creates and returns a dictionary based on the given ``items``.</doc>
<status status="PASS" start="2025-07-03T17:07:09.059210" elapsed="0.000976"/>
</kw>
<kw name="Go to signup Page" owner="SignupPage">
<kw name="Go To" owner="Browser">
<msg time="2025-07-03T17:07:09.273109" level="INFO">Successfully opened URL http://localhost:3002/register</msg>
<arg>${BASE_URL}/register</arg>
<tag>BrowserControl</tag>
<tag>Setter</tag>
<doc>Navigates to the given ``url``.</doc>
<status status="PASS" start="2025-07-03T17:07:09.062100" elapsed="0.211350"/>
</kw>
<kw name="Wait For Elements State" owner="Browser">
<msg time="2025-07-03T17:07:09.429272" level="INFO">Waited for Element with selector xpath=//p[contains(text(), 'Crie sua conta para reservar ingressos')] at state visible</msg>
<arg>${SUBMIT_MESSAGE}</arg>
<arg>visible</arg>
<arg>5</arg>
<tag>PageContent</tag>
<tag>Wait</tag>
<doc>Waits for the element found by ``selector`` to satisfy state option.</doc>
<status status="PASS" start="2025-07-03T17:07:09.273909" elapsed="0.155679"/>
</kw>
<status status="PASS" start="2025-07-03T17:07:09.060915" elapsed="0.369095"/>
</kw>
<kw name="Submit signup form" owner="SignupPage">
<kw name="Fill Text" owner="Browser">
<msg time="2025-07-03T17:07:09.434842" level="INFO">Fills the text 'User Not Access' in the given field.</msg>
<arg>css=#name</arg>
<arg>${user}[name]</arg>
<tag>PageContent</tag>
<tag>Setter</tag>
<doc>Clears and fills the given ``txt`` into the text field found by ``selector``.</doc>
<status status="PASS" start="2025-07-03T17:07:09.433099" elapsed="0.038838"/>
</kw>
<kw name="Fill Text" owner="Browser">
<msg time="2025-07-03T17:07:09.474775" level="INFO">Fills the text 'usernotaccess@gmail.com' in the given field.</msg>
<arg>css=#email</arg>
<arg>${user}[email]</arg>
<tag>PageContent</tag>
<tag>Setter</tag>
<doc>Clears and fills the given ``txt`` into the text field found by ``selector``.</doc>
<status status="PASS" start="2025-07-03T17:07:09.472960" elapsed="0.037300"/>
</kw>
<kw name="Fill Text" owner="Browser">
<msg time="2025-07-03T17:07:09.512381" level="INFO">Fills the text 'new123456' in the given field.</msg>
<arg>css=#password</arg>
<arg>${user}[password]</arg>
<tag>PageContent</tag>
<tag>Setter</tag>
<doc>Clears and fills the given ``txt`` into the text field found by ``selector``.</doc>
<status status="PASS" start="2025-07-03T17:07:09.510815" elapsed="0.034665"/>
</kw>
<kw name="Fill Text" owner="Browser">
<msg time="2025-07-03T17:07:09.547895" level="INFO">Fills the text 'new123456' in the given field.</msg>
<arg>css=#confirmPassword</arg>
<arg>${user}[password]</arg>
<tag>PageContent</tag>
<tag>Setter</tag>
<doc>Clears and fills the given ``txt`` into the text field found by ``selector``.</doc>
<status status="PASS" start="2025-07-03T17:07:09.546161" elapsed="0.029309"/>
</kw>
<kw name="Click" owner="Browser">
<msg time="2025-07-03T17:07:09.579102" level="INFO">Clicks the element 'css=button[type=submit] &gt;&gt; text=Cadastrar'.</msg>
<arg>${SUBMIT_BUTTON}</arg>
<tag>PageContent</tag>
<tag>Setter</tag>
<doc>Simulates mouse click on the element found by ``selector``.</doc>
<status status="PASS" start="2025-07-03T17:07:09.576872" elapsed="0.099089"/>
</kw>
<arg>${user}</arg>
<status status="PASS" start="2025-07-03T17:07:09.431702" elapsed="0.244480"/>
</kw>
<kw name="Logout user" owner="LoggedUserPage">
<kw name="Click" owner="Browser">
<msg time="2025-07-03T17:07:09.678812" level="INFO">Clicks the element 'css=.btn-logout &gt;&gt; text=Sair'.</msg>
<arg>css=.btn-logout &gt;&gt; text=Sair</arg>
<tag>PageContent</tag>
<tag>Setter</tag>
<doc>Simulates mouse click on the element found by ``selector``.</doc>
<status status="PASS" start="2025-07-03T17:07:09.677701" elapsed="0.495891"/>
</kw>
<status status="PASS" start="2025-07-03T17:07:09.676768" elapsed="0.497031"/>
</kw>
<kw name="Go to profile page" owner="Profile">
<kw name="Go To" owner="Browser">
<msg time="2025-07-03T17:07:10.323472" level="INFO">Successfully opened URL http://localhost:3002/profile</msg>
<arg>${BASE_URL}/profile</arg>
<tag>BrowserControl</tag>
<tag>Setter</tag>
<doc>Navigates to the given ``url``.</doc>
<status status="PASS" start="2025-07-03T17:07:10.175407" elapsed="0.148423"/>
</kw>
<status status="PASS" start="2025-07-03T17:07:10.174406" elapsed="0.149699"/>
</kw>
<kw name="Wait For Elements State" owner="Browser">
<msg time="2025-07-03T17:07:10.465984" level="INFO">Waited for Element with selector xpath=//p[contains(text(), 'Entre com suas credenciais para acessar sua conta')] at state visible</msg>
<arg>${LOGIN_MESSAGE}</arg>
<arg>visible</arg>
<arg>10s</arg>
<tag>PageContent</tag>
<tag>Wait</tag>
<doc>Waits for the element found by ``selector`` to satisfy state option.</doc>
<status status="PASS" start="2025-07-03T17:07:10.325001" elapsed="0.141405"/>
</kw>
<kw name="Verify Login Page" owner="Login">
<kw name="Wait For Elements State" owner="Browser">
<msg time="2025-07-03T17:07:10.489687" level="INFO">Waited for Element with selector xpath=//p[contains(text(), 'Entre com suas credenciais para acessar sua conta')] at state visible</msg>
<arg>${LOGIN_MESSAGE}</arg>
<arg>visible</arg>
<arg>5</arg>
<tag>PageContent</tag>
<tag>Wait</tag>
<doc>Waits for the element found by ``selector`` to satisfy state option.</doc>
<status status="PASS" start="2025-07-03T17:07:10.474955" elapsed="0.015250"/>
</kw>
<status status="PASS" start="2025-07-03T17:07:10.472811" elapsed="0.017841"/>
</kw>
<kw name="Remove user from database" owner="database">
<msg time="2025-07-03T17:07:10.494698" level="INFO">User removed from database</msg>
<arg>${user}[email]</arg>
<status status="PASS" start="2025-07-03T17:07:10.491286" elapsed="0.003604"/>
</kw>
<kw name="Take Screenshot" owner="Browser" type="TEARDOWN">
<msg time="2025-07-03T17:07:10.778823" level="INFO" html="true">&lt;/td&gt;&lt;/tr&gt;&lt;tr&gt;&lt;td colspan="3"&gt;&lt;a href="browser/screenshot/robotframework-browser-screenshot-5.png" target="_blank"&gt;&lt;img src="browser/screenshot/robotframework-browser-screenshot-5.png" width="800px"/&gt;&lt;/a&gt;</msg>
<tag>PageContent</tag>
<doc>Takes a screenshot of the current window or element and saves it to disk.</doc>
<status status="PASS" start="2025-07-03T17:07:10.496127" elapsed="0.283058"/>
</kw>
<msg time="2025-07-03T17:07:10.805829" level="INFO">Switching context to context=83241f65-8384-43af-9998-00c576191f98 in CURRENT</msg>
<msg time="2025-07-03T17:07:10.821386" level="INFO">Successfully changed active context: context=83241f65-8384-43af-9998-00c576191f98</msg>
<msg time="2025-07-03T17:07:10.923243" level="INFO">Successfully closed Context</msg>
<tag>AUTH-003</tag>
<tag>CIN19</tag>
<status status="PASS" start="2025-07-03T17:07:08.158617" elapsed="2.620973"/>
</test>
<test id="s1-s1-s2-t4" name="Should hide user menu links after logout" line="49">
<kw name="Start Session" owner="base" type="SETUP">
<kw name="New Browser" owner="Browser">
<msg time="2025-07-03T17:07:10.930495" level="INFO">Switching browser to browser=2bc5279c-6823-47ec-b298-95777d03f5e5</msg>
<msg time="2025-07-03T17:07:10.933810" level="INFO">Successfully changed active browser: browser=2bc5279c-6823-47ec-b298-95777d03f5e5</msg>
<msg time="2025-07-03T17:07:10.934076" level="INFO">Reusing existing browser with id: browser=2bc5279c-6823-47ec-b298-95777d03f5e5</msg>
<arg>browser=chromium</arg>
<arg>headless=${False}</arg>
<tag>BrowserControl</tag>
<tag>Setter</tag>
<doc>Create a new playwright Browser with specified options.</doc>
<status status="PASS" start="2025-07-03T17:07:10.929171" elapsed="0.005073"/>
</kw>
<kw name="New Page" owner="Browser">
<msg time="2025-07-03T17:07:12.036961" level="INFO">Successfully initialized new page object and opened url: http://localhost:3002</msg>
<msg time="2025-07-03T17:07:12.037066" level="INFO">No context was open. New context was automatically opened when this page is created.</msg>
<arg>${BASE_URL}</arg>
<tag>BrowserControl</tag>
<tag>Setter</tag>
<doc>Open a new Page.</doc>
<status status="PASS" start="2025-07-03T17:07:10.934689" elapsed="1.102585"/>
</kw>
<status status="PASS" start="2025-07-03T17:07:10.928225" elapsed="1.109241"/>
</kw>
<kw name="Create Dictionary" owner="BuiltIn">
<msg time="2025-07-03T17:07:12.038730" level="INFO">${user} = {'name': 'MenuUser', 'email': 'menuuser@test.com', 'password': 'senha123'}</msg>
<var>${user}</var>
<arg>name=MenuUser</arg>
<arg>email=menuuser@test.com</arg>
<arg>password=senha123</arg>
<doc>Creates and returns a dictionary based on the given ``items``.</doc>
<status status="PASS" start="2025-07-03T17:07:12.038046" elapsed="0.000748"/>
</kw>
<kw name="Go to signup Page" owner="SignupPage">
<kw name="Go To" owner="Browser">
<msg time="2025-07-03T17:07:12.235283" level="INFO">Successfully opened URL http://localhost:3002/register</msg>
<arg>${BASE_URL}/register</arg>
<tag>BrowserControl</tag>
<tag>Setter</tag>
<doc>Navigates to the given ``url``.</doc>
<status status="PASS" start="2025-07-03T17:07:12.040172" elapsed="0.195389"/>
</kw>
<kw name="Wait For Elements State" owner="Browser">
<msg time="2025-07-03T17:07:12.405520" level="INFO">Waited for Element with selector xpath=//p[contains(text(), 'Crie sua conta para reservar ingressos')] at state visible</msg>
<arg>${SUBMIT_MESSAGE}</arg>
<arg>visible</arg>
<arg>5</arg>
<tag>PageContent</tag>
<tag>Wait</tag>
<doc>Waits for the element found by ``selector`` to satisfy state option.</doc>
<status status="PASS" start="2025-07-03T17:07:12.235939" elapsed="0.169837"/>
</kw>
<status status="PASS" start="2025-07-03T17:07:12.039343" elapsed="0.366617"/>
</kw>
<kw name="Submit signup form" owner="SignupPage">
<kw name="Fill Text" owner="Browser">
<msg time="2025-07-03T17:07:12.408280" level="INFO">Fills the text 'MenuUser' in the given field.</msg>
<arg>css=#name</arg>
<arg>${user}[name]</arg>
<tag>PageContent</tag>
<tag>Setter</tag>
<doc>Clears and fills the given ``txt`` into the text field found by ``selector``.</doc>
<status status="PASS" start="2025-07-03T17:07:12.407334" elapsed="0.041863"/>
</kw>
<kw name="Fill Text" owner="Browser">
<msg time="2025-07-03T17:07:12.453492" level="INFO">Fills the text 'menuuser@test.com' in the given field.</msg>
<arg>css=#email</arg>
<arg>${user}[email]</arg>
<tag>PageContent</tag>
<tag>Setter</tag>
<doc>Clears and fills the given ``txt`` into the text field found by ``selector``.</doc>
<status status="PASS" start="2025-07-03T17:07:12.449884" elapsed="0.033834"/>
</kw>
<kw name="Fill Text" owner="Browser">
<msg time="2025-07-03T17:07:12.486126" level="INFO">Fills the text 'senha123' in the given field.</msg>
<arg>css=#password</arg>
<arg>${user}[password]</arg>
<tag>PageContent</tag>
<tag>Setter</tag>
<doc>Clears and fills the given ``txt`` into the text field found by ``selector``.</doc>
<status status="PASS" start="2025-07-03T17:07:12.484328" elapsed="0.032455"/>
</kw>
<kw name="Fill Text" owner="Browser">
<msg time="2025-07-03T17:07:12.519459" level="INFO">Fills the text 'senha123' in the given field.</msg>
<arg>css=#confirmPassword</arg>
<arg>${user}[password]</arg>
<tag>PageContent</tag>
<tag>Setter</tag>
<doc>Clears and fills the given ``txt`` into the text field found by ``selector``.</doc>
<status status="PASS" start="2025-07-03T17:07:12.517141" elapsed="0.023143"/>
</kw>
<kw name="Click" owner="Browser">
<msg time="2025-07-03T17:07:12.541953" level="INFO">Clicks the element 'css=button[type=submit] &gt;&gt; text=Cadastrar'.</msg>
<arg>${SUBMIT_BUTTON}</arg>
<tag>PageContent</tag>
<tag>Setter</tag>
<doc>Simulates mouse click on the element found by ``selector``.</doc>
<status status="PASS" start="2025-07-03T17:07:12.540723" elapsed="0.078551"/>
</kw>
<arg>${user}</arg>
<status status="PASS" start="2025-07-03T17:07:12.406460" elapsed="0.213101"/>
</kw>
<kw name="Wait For Elements State" owner="Browser">
<msg time="2025-07-03T17:07:12.850866" level="INFO">Waited for Element with selector css=a[href="/reservations"] at state visible</msg>
<arg>css=a[href="/reservations"]</arg>
<arg>visible</arg>
<arg>5s</arg>
<tag>PageContent</tag>
<tag>Wait</tag>
<doc>Waits for the element found by ``selector`` to satisfy state option.</doc>
<status status="PASS" start="2025-07-03T17:07:12.620244" elapsed="0.230993"/>
</kw>
<kw name="Wait For Elements State" owner="Browser">
<msg time="2025-07-03T17:07:12.876999" level="INFO">Waited for Element with selector css=a[href="/profile"] at state visible</msg>
<arg>css=a[href="/profile"]</arg>
<arg>visible</arg>
<arg>5s</arg>
<tag>PageContent</tag>
<tag>Wait</tag>
<doc>Waits for the element found by ``selector`` to satisfy state option.</doc>
<status status="PASS" start="2025-07-03T17:07:12.857774" elapsed="0.019621"/>
</kw>
<kw name="Logout user" owner="LoggedUserPage">
<kw name="Click" owner="Browser">
<msg time="2025-07-03T17:07:12.895952" level="INFO">Clicks the element 'css=.btn-logout &gt;&gt; text=Sair'.</msg>
<arg>css=.btn-logout &gt;&gt; text=Sair</arg>
<tag>PageContent</tag>
<tag>Setter</tag>
<doc>Simulates mouse click on the element found by ``selector``.</doc>
<status status="PASS" start="2025-07-03T17:07:12.893902" elapsed="0.265989"/>
</kw>
<status status="PASS" start="2025-07-03T17:07:12.892277" elapsed="0.267795"/>
</kw>
<kw name="Wait For Elements State" owner="Browser">
<msg time="2025-07-03T17:07:13.171188" level="INFO">Waited for Element with selector css=a[href="/reservations"] at state hidden</msg>
<arg>css=a[href="/reservations"]</arg>
<arg>hidden</arg>
<arg>5s</arg>
<tag>PageContent</tag>
<tag>Wait</tag>
<doc>Waits for the element found by ``selector`` to satisfy state option.</doc>
<status status="PASS" start="2025-07-03T17:07:13.160545" elapsed="0.010849"/>
</kw>
<kw name="Wait For Elements State" owner="Browser">
<msg time="2025-07-03T17:07:13.183477" level="INFO">Waited for Element with selector css=a[href="/profile"] at state hidden</msg>
<arg>css=a[href="/profile"]</arg>
<arg>hidden</arg>
<arg>5s</arg>
<tag>PageContent</tag>
<tag>Wait</tag>
<doc>Waits for the element found by ``selector`` to satisfy state option.</doc>
<status status="PASS" start="2025-07-03T17:07:13.171828" elapsed="0.012069"/>
</kw>
<kw name="Remove user from database" owner="database">
<msg time="2025-07-03T17:07:13.186939" level="INFO">User removed from database</msg>
<arg>${user}[email]</arg>
<status status="PASS" start="2025-07-03T17:07:13.184536" elapsed="0.002516"/>
</kw>
<kw name="Take Screenshot" owner="Browser" type="TEARDOWN">
<msg time="2025-07-03T17:07:13.522265" level="INFO" html="true">&lt;/td&gt;&lt;/tr&gt;&lt;tr&gt;&lt;td colspan="3"&gt;&lt;a href="browser/screenshot/robotframework-browser-screenshot-6.png" target="_blank"&gt;&lt;img src="browser/screenshot/robotframework-browser-screenshot-6.png" width="800px"/&gt;&lt;/a&gt;</msg>
<tag>PageContent</tag>
<doc>Takes a screenshot of the current window or element and saves it to disk.</doc>
<status status="PASS" start="2025-07-03T17:07:13.187546" elapsed="0.335134"/>
</kw>
<msg time="2025-07-03T17:07:13.551038" level="INFO">Switching context to context=61bdea65-d90e-4a85-9d46-0150718d60db in CURRENT</msg>
<msg time="2025-07-03T17:07:13.564155" level="INFO">Successfully changed active context: context=61bdea65-d90e-4a85-9d46-0150718d60db</msg>
<msg time="2025-07-03T17:07:13.701103" level="INFO">Successfully closed Context</msg>
<tag>AUTH-003</tag>
<tag>CIN21</tag>
<status status="PASS" start="2025-07-03T17:07:10.924196" elapsed="2.598881"/>
</test>
<doc>Cenários de testes do logout de usuário</doc>
<status status="PASS" start="2025-07-03T17:07:03.547024" elapsed="10.172324"/>
</suite>
<suite id="s1-s1-s3" name="Profile" source="C:\Users\cassi\OneDrive\Área de Trabalho\Cinema-challenge\robot-framework\tests\auth\profile.robot">
<test id="s1-s1-s3-t1" name="Should show users database" line="10">
<kw name="Start Session" owner="base" type="SETUP">
<kw name="New Browser" owner="Browser">
<msg time="2025-07-03T17:07:13.831252" level="INFO">Switching browser to browser=2bc5279c-6823-47ec-b298-95777d03f5e5</msg>
<msg time="2025-07-03T17:07:13.835293" level="INFO">Successfully changed active browser: browser=2bc5279c-6823-47ec-b298-95777d03f5e5</msg>
<msg time="2025-07-03T17:07:13.835813" level="INFO">Reusing existing browser with id: browser=2bc5279c-6823-47ec-b298-95777d03f5e5</msg>
<arg>browser=chromium</arg>
<arg>headless=${False}</arg>
<tag>BrowserControl</tag>
<tag>Setter</tag>
<doc>Create a new playwright Browser with specified options.</doc>
<status status="PASS" start="2025-07-03T17:07:13.829352" elapsed="0.006697"/>
</kw>
<kw name="New Page" owner="Browser">
<msg time="2025-07-03T17:07:14.801399" level="INFO">Successfully initialized new page object and opened url: http://localhost:3002</msg>
<msg time="2025-07-03T17:07:14.801586" level="INFO">No context was open. New context was automatically opened when this page is created.</msg>
<arg>${BASE_URL}</arg>
<tag>BrowserControl</tag>
<tag>Setter</tag>
<doc>Open a new Page.</doc>
<status status="PASS" start="2025-07-03T17:07:13.836485" elapsed="0.965494"/>
</kw>
<status status="PASS" start="2025-07-03T17:07:13.827192" elapsed="0.975061"/>
</kw>
<kw name="Create Dictionary" owner="BuiltIn">
<msg time="2025-07-03T17:07:14.804669" level="INFO">${user} = {'name': 'UserProfile', 'email': 'userprofile@gmail.com', 'password': 'new123456'}</msg>
<var>${user}</var>
<arg>name=UserProfile</arg>
<arg>email=userprofile@gmail.com</arg>
<arg>password=new123456</arg>
<doc>Creates and returns a dictionary based on the given ``items``.</doc>
<status status="PASS" start="2025-07-03T17:07:14.803344" elapsed="0.001446"/>
</kw>
<kw name="Go to signup Page" owner="SignupPage">
<kw name="Go To" owner="Browser">
<msg time="2025-07-03T17:07:15.015354" level="INFO">Successfully opened URL http://localhost:3002/register</msg>
<arg>${BASE_URL}/register</arg>
<tag>BrowserControl</tag>
<tag>Setter</tag>
<doc>Navigates to the given ``url``.</doc>
<status status="PASS" start="2025-07-03T17:07:14.806662" elapsed="0.209036"/>
</kw>
<kw name="Wait For Elements State" owner="Browser">
<msg time="2025-07-03T17:07:15.174368" level="INFO">Waited for Element with selector xpath=//p[contains(text(), 'Crie sua conta para reservar ingressos')] at state visible</msg>
<arg>${SUBMIT_MESSAGE}</arg>
<arg>visible</arg>
<arg>5</arg>
<tag>PageContent</tag>
<tag>Wait</tag>
<doc>Waits for the element found by ``selector`` to satisfy state option.</doc>
<status status="PASS" start="2025-07-03T17:07:15.016189" elapsed="0.158505"/>
</kw>
<status status="PASS" start="2025-07-03T17:07:14.805560" elapsed="0.369346"/>
</kw>
<kw name="Submit signup form" owner="SignupPage">
<kw name="Fill Text" owner="Browser">
<msg time="2025-07-03T17:07:15.178847" level="INFO">Fills the text 'UserProfile' in the given field.</msg>
<arg>css=#name</arg>
<arg>${user}[name]</arg>
<tag>PageContent</tag>
<tag>Setter</tag>
<doc>Clears and fills the given ``txt`` into the text field found by ``selector``.</doc>
<status status="PASS" start="2025-07-03T17:07:15.176830" elapsed="0.037447"/>
</kw>
<kw name="Fill Text" owner="Browser">
<msg time="2025-07-03T17:07:15.217637" level="INFO">Fills the text 'userprofile@gmail.com' in the given field.</msg>
<arg>css=#email</arg>
<arg>${user}[email]</arg>
<tag>PageContent</tag>
<tag>Setter</tag>
<doc>Clears and fills the given ``txt`` into the text field found by ``selector``.</doc>
<status status="PASS" start="2025-07-03T17:07:15.214962" elapsed="0.040817"/>
</kw>
<kw name="Fill Text" owner="Browser">
<msg time="2025-07-03T17:07:15.257598" level="INFO">Fills the text 'new123456' in the given field.</msg>
<arg>css=#password</arg>
<arg>${user}[password]</arg>
<tag>PageContent</tag>
<tag>Setter</tag>
<doc>Clears and fills the given ``txt`` into the text field found by ``selector``.</doc>
<status status="PASS" start="2025-07-03T17:07:15.256248" elapsed="0.035170"/>
</kw>
<kw name="Fill Text" owner="Browser">
<msg time="2025-07-03T17:07:15.295000" level="INFO">Fills the text 'new123456' in the given field.</msg>
<arg>css=#confirmPassword</arg>
<arg>${user}[password]</arg>
<tag>PageContent</tag>
<tag>Setter</tag>
<doc>Clears and fills the given ``txt`` into the text field found by ``selector``.</doc>
<status status="PASS" start="2025-07-03T17:07:15.292004" elapsed="0.024728"/>
</kw>
<kw name="Click" owner="Browser">
<msg time="2025-07-03T17:07:15.318415" level="INFO">Clicks the element 'css=button[type=submit] &gt;&gt; text=Cadastrar'.</msg>
<arg>${SUBMIT_BUTTON}</arg>
<tag>PageContent</tag>
<tag>Setter</tag>
<doc>Simulates mouse click on the element found by ``selector``.</doc>
<status status="PASS" start="2025-07-03T17:07:15.317186" elapsed="0.083359"/>
</kw>
<arg>${user}</arg>
<status status="PASS" start="2025-07-03T17:07:15.175576" elapsed="0.225254"/>
</kw>
<kw name="Click on profile" owner="Profile">
<kw name="Click" owner="Browser">
<msg time="2025-07-03T17:07:15.403994" level="INFO">Clicks the element 'css=a[href="/profile"]'.</msg>
<arg>${PROFILE_LINK}</arg>
<tag>PageContent</tag>
<tag>Setter</tag>
<doc>Simulates mouse click on the element found by ``selector``.</doc>
<status status="PASS" start="2025-07-03T17:07:15.402649" elapsed="0.655840"/>
</kw>
<status status="PASS" start="2025-07-03T17:07:15.401476" elapsed="0.657373"/>
</kw>
<kw name="Submit login" owner="Login">
<kw name="Fill Text" owner="Browser">
<msg time="2025-07-03T17:07:16.067166" level="INFO">Fills the text 'userprofile@gmail.com' in the given field.</msg>
<arg>css=#email</arg>
<arg>${user}[email]</arg>
<tag>PageContent</tag>
<tag>Setter</tag>
<doc>Clears and fills the given ``txt`` into the text field found by ``selector``.</doc>
<status status="PASS" start="2025-07-03T17:07:16.064390" elapsed="0.369817"/>
</kw>
<kw name="Fill Text" owner="Browser">
<msg time="2025-07-03T17:07:16.436107" level="INFO">Fills the text 'new123456' in the given field.</msg>
<arg>css=#password</arg>
<arg>${user}[password]</arg>
<tag>PageContent</tag>
<tag>Setter</tag>
<doc>Clears and fills the given ``txt`` into the text field found by ``selector``.</doc>
<status status="PASS" start="2025-07-03T17:07:16.434707" elapsed="0.039346"/>
</kw>
<kw name="Click" owner="Browser">
<msg time="2025-07-03T17:07:16.475852" level="INFO">Clicks the element 'css=button[type=submit] &gt;&gt; text=Entrar'.</msg>
<arg>${LOGIN_BUTTON}</arg>
<tag>PageContent</tag>
<tag>Setter</tag>
<doc>Simulates mouse click on the element found by ``selector``.</doc>
<status status="PASS" start="2025-07-03T17:07:16.474548" elapsed="0.100047"/>
</kw>
<arg>${user}</arg>
<status status="PASS" start="2025-07-03T17:07:16.062389" elapsed="0.512552"/>
</kw>
<kw name="Click on profile" owner="Profile">
<kw name="Click" owner="Browser">
<msg time="2025-07-03T17:07:16.588935" level="INFO">Clicks the element 'css=a[href="/profile"]'.</msg>
<arg>${PROFILE_LINK}</arg>
<tag>PageContent</tag>
<tag>Setter</tag>
<doc>Simulates mouse click on the element found by ``selector``.</doc>
<status status="PASS" start="2025-07-03T17:07:16.587610" elapsed="0.672258"/>
</kw>
<status status="PASS" start="2025-07-03T17:07:16.586560" elapsed="0.673931"/>
</kw>
<kw name="Get Property" owner="Browser">
<msg time="2025-07-03T17:07:17.332622" level="INFO">Property: 'UserProfile'</msg>
<msg time="2025-07-03T17:07:17.332935" level="INFO">${nome_input} = UserProfile</msg>
<var>${nome_input}</var>
<arg>css=#name</arg>
<arg>value</arg>
<tag>Assertion</tag>
<tag>Getter</tag>
<tag>PageContent</tag>
<doc>Returns the ``property`` of the element found by ``selector``.</doc>
<status status="PASS" start="2025-07-03T17:07:17.261444" elapsed="0.071570"/>
</kw>
<kw name="Get From Dictionary" owner="Collections">
<msg time="2025-07-03T17:07:17.334259" level="INFO">${user_name} = UserProfile</msg>
<var>${user_name}</var>
<arg>${user}</arg>
<arg>name</arg>
<doc>Returns a value from the given ``dictionary`` based on the given ``key``.</doc>
<status status="PASS" start="2025-07-03T17:07:17.333599" elapsed="0.000719"/>
</kw>
<kw name="Should Be Equal" owner="BuiltIn">
<arg>${nome_input}</arg>
<arg>${user_name}</arg>
<doc>Fails if the given objects are unequal.</doc>
<status status="PASS" start="2025-07-03T17:07:17.334990" elapsed="0.000887"/>
</kw>
<kw name="Remove user from database" owner="database">
<msg time="2025-07-03T17:07:17.339044" level="INFO">User removed from database</msg>
<arg>${user}[email]</arg>
<status status="PASS" start="2025-07-03T17:07:17.336378" elapsed="0.002931"/>
</kw>
<kw name="Take Screenshot" owner="Browser" type="TEARDOWN">
<msg time="2025-07-03T17:07:17.634887" level="INFO" html="true">&lt;/td&gt;&lt;/tr&gt;&lt;tr&gt;&lt;td colspan="3"&gt;&lt;a href="browser/screenshot/robotframework-browser-screenshot-7.png" target="_blank"&gt;&lt;img src="browser/screenshot/robotframework-browser-screenshot-7.png" width="800px"/&gt;&lt;/a&gt;</msg>
<tag>PageContent</tag>
<doc>Takes a screenshot of the current window or element and saves it to disk.</doc>
<status status="PASS" start="2025-07-03T17:07:17.340546" elapsed="0.294717"/>
</kw>
<msg time="2025-07-03T17:07:17.665730" level="INFO">Switching context to context=d17d8013-3538-4dc6-afab-c7ce7e16be6c in CURRENT</msg>
<msg time="2025-07-03T17:07:17.678202" level="INFO">Successfully changed active context: context=d17d8013-3538-4dc6-afab-c7ce7e16be6c</msg>
<msg time="2025-07-03T17:07:17.806564" level="INFO">Successfully closed Context</msg>
<tag>AUTH-004</tag>
<tag>CIN23</tag>
<status status="PASS" start="2025-07-03T17:07:13.821430" elapsed="3.815176"/>
</test>
<test id="s1-s1-s3-t2" name="Should update user name" line="28">
<kw name="Start Session" owner="base" type="SETUP">
<kw name="New Browser" owner="Browser">
<msg time="2025-07-03T17:07:17.818062" level="INFO">Switching browser to browser=2bc5279c-6823-47ec-b298-95777d03f5e5</msg>
<msg time="2025-07-03T17:07:17.827328" level="INFO">Successfully changed active browser: browser=2bc5279c-6823-47ec-b298-95777d03f5e5</msg>
<msg time="2025-07-03T17:07:17.827694" level="INFO">Reusing existing browser with id: browser=2bc5279c-6823-47ec-b298-95777d03f5e5</msg>
<arg>browser=chromium</arg>
<arg>headless=${False}</arg>
<tag>BrowserControl</tag>
<tag>Setter</tag>
<doc>Create a new playwright Browser with specified options.</doc>
<status status="PASS" start="2025-07-03T17:07:17.815734" elapsed="0.012174"/>
</kw>
<kw name="New Page" owner="Browser">
<msg time="2025-07-03T17:07:18.667422" level="INFO">Successfully initialized new page object and opened url: http://localhost:3002</msg>
<msg time="2025-07-03T17:07:18.667578" level="INFO">No context was open. New context was automatically opened when this page is created.</msg>
<arg>${BASE_URL}</arg>
<tag>BrowserControl</tag>
<tag>Setter</tag>
<doc>Open a new Page.</doc>
<status status="PASS" start="2025-07-03T17:07:17.828371" elapsed="0.839515"/>
</kw>
<status status="PASS" start="2025-07-03T17:07:17.814545" elapsed="0.853549"/>
</kw>
<kw name="Create Dictionary" owner="BuiltIn">
<msg time="2025-07-03T17:07:18.669714" level="INFO">${user} = {'name': 'UserToUpdate', 'email': 'usertoupdate@gmail.com', 'password': 'new123456'}</msg>
<var>${user}</var>
<arg>name=UserToUpdate</arg>
<arg>email=usertoupdate@gmail.com</arg>
<arg>password=new123456</arg>
<doc>Creates and returns a dictionary based on the given ``items``.</doc>
<status status="PASS" start="2025-07-03T17:07:18.668717" elapsed="0.001212"/>
</kw>
<kw name="Reset user in database" owner="database">
<msg time="2025-07-03T17:07:18.788761" level="INFO">Resetting user: usertoupdate@gmail.com
User removed from database
User reset completed.</msg>
<arg>${user}</arg>
<status status="PASS" start="2025-07-03T17:07:18.671236" elapsed="0.117653"/>
</kw>
<kw name="Go to login page" owner="Login">
<kw name="Go To" owner="Browser">
<msg time="2025-07-03T17:07:19.017723" level="INFO">Successfully opened URL http://localhost:3002/login</msg>
<arg>${BASE_URL}/login</arg>
<tag>BrowserControl</tag>
<tag>Setter</tag>
<doc>Navigates to the given ``url``.</doc>
<status status="PASS" start="2025-07-03T17:07:18.791410" elapsed="0.226691"/>
</kw>
<kw name="Wait For Elements State" owner="Browser">
<msg time="2025-07-03T17:07:19.140907" level="INFO">Waited for Element with selector xpath=//p[contains(text(), 'Entre com suas credenciais para acessar sua conta')] at state visible</msg>
<arg>${LOGIN_MESSAGE}</arg>
<arg>visible</arg>
<arg>5</arg>
<tag>PageContent</tag>
<tag>Wait</tag>
<doc>Waits for the element found by ``selector`` to satisfy state option.</doc>
<status status="PASS" start="2025-07-03T17:07:19.018598" elapsed="0.122843"/>
</kw>
<status status="PASS" start="2025-07-03T17:07:18.789647" elapsed="0.352094"/>
</kw>
<kw name="Submit login" owner="Login">
<kw name="Fill Text" owner="Browser">
<msg time="2025-07-03T17:07:19.146607" level="INFO">Fills the text 'usertoupdate@gmail.com' in the given field.</msg>
<arg>css=#email</arg>
<arg>${user}[email]</arg>
<tag>PageContent</tag>
<tag>Setter</tag>
<doc>Clears and fills the given ``txt`` into the text field found by ``selector``.</doc>
<status status="PASS" start="2025-07-03T17:07:19.144745" elapsed="0.030674"/>
</kw>
<kw name="Fill Text" owner="Browser">
<msg time="2025-07-03T17:07:19.178292" level="INFO">Fills the text 'new123456' in the given field.</msg>
<arg>css=#password</arg>
<arg>${user}[password]</arg>
<tag>PageContent</tag>
<tag>Setter</tag>
<doc>Clears and fills the given ``txt`` into the text field found by ``selector``.</doc>
<status status="PASS" start="2025-07-03T17:07:19.176201" elapsed="0.041260"/>
</kw>
<kw name="Click" owner="Browser">
<msg time="2025-07-03T17:07:19.218983" level="INFO">Clicks the element 'css=button[type=submit] &gt;&gt; text=Entrar'.</msg>
<arg>${LOGIN_BUTTON}</arg>
<tag>PageContent</tag>
<tag>Setter</tag>
<doc>Simulates mouse click on the element found by ``selector``.</doc>
<status status="PASS" start="2025-07-03T17:07:19.217884" elapsed="0.085682"/>
</kw>
<arg>${user}</arg>
<status status="PASS" start="2025-07-03T17:07:19.143067" elapsed="0.160732"/>
</kw>
<kw name="Click on profile" owner="Profile">
<kw name="Click" owner="Browser">
<msg time="2025-07-03T17:07:19.306129" level="INFO">Clicks the element 'css=a[href="/profile"]'.</msg>
<arg>${PROFILE_LINK}</arg>
<tag>PageContent</tag>
<tag>Setter</tag>
<doc>Simulates mouse click on the element found by ``selector``.</doc>
<status status="PASS" start="2025-07-03T17:07:19.305225" elapsed="0.565755"/>
</kw>
<status status="PASS" start="2025-07-03T17:07:19.304379" elapsed="0.566907"/>
</kw>
<kw name="Fill profile name and save" owner="Profile">
<kw name="Fill Text" owner="Browser">
<msg time="2025-07-03T17:07:19.874974" level="INFO">Fills the text 'String' in the given field.</msg>
<arg>${INPUT_NAME}</arg>
<arg>${name}</arg>
<tag>PageContent</tag>
<tag>Setter</tag>
<doc>Clears and fills the given ``txt`` into the text field found by ``selector``.</doc>
<status status="PASS" start="2025-07-03T17:07:19.873287" elapsed="0.029677"/>
</kw>
<kw name="Click" owner="Browser">
<msg time="2025-07-03T17:07:19.904599" level="INFO">Clicks the element 'css=button[type=submit] &gt;&gt; text=Salvar alterações'.</msg>
<arg>${SALVAR_ALTERACOES_BTN}</arg>
<tag>PageContent</tag>
<tag>Setter</tag>
<doc>Simulates mouse click on the element found by ``selector``.</doc>
<status status="PASS" start="2025-07-03T17:07:19.903346" elapsed="0.077414"/>
</kw>
<arg>String</arg>
<status status="PASS" start="2025-07-03T17:07:19.872071" elapsed="0.108877"/>
</kw>
<kw name="Modal should contains" owner="Modal">
<kw name="Wait For Elements State" owner="Browser">
<msg time="2025-07-03T17:07:20.053014" level="INFO">Waited for Element with selector .success-modal-overlay at state attached</msg>
<arg>.success-modal-overlay</arg>
<arg>attached</arg>
<arg>timeout=5s</arg>
<tag>PageContent</tag>
<tag>Wait</tag>
<doc>Waits for the element found by ``selector`` to satisfy state option.</doc>
<status status="PASS" start="2025-07-03T17:07:19.982435" elapsed="0.070801"/>
</kw>
<kw name="Get Text" owner="Browser">
<msg time="2025-07-03T17:07:20.092240" level="INFO">Text: 'Perfil atualizado com sucesso'</msg>
<msg time="2025-07-03T17:07:20.092706" level="INFO">${text} = Perfil atualizado com sucesso</msg>
<var>${text}</var>
<arg>css=.success-modal-overlay p</arg>
<tag>Assertion</tag>
<tag>Getter</tag>
<tag>PageContent</tag>
<doc>Returns text attribute of the element found by ``selector``.</doc>
<status status="PASS" start="2025-07-03T17:07:20.053554" elapsed="0.039230"/>
</kw>
<kw name="Should Be Equal" owner="BuiltIn">
<arg>${text}</arg>
<arg>${expected_text}</arg>
<doc>Fails if the given objects are unequal.</doc>
<status status="PASS" start="2025-07-03T17:07:20.093277" elapsed="0.001038"/>
</kw>
<arg>Perfil atualizado com sucesso</arg>
<status status="PASS" start="2025-07-03T17:07:19.981553" elapsed="0.112979"/>
</kw>
<kw name="Wait For Elements State" owner="Browser">
<msg time="2025-07-03T17:07:20.104302" level="INFO">Waited for Element with selector css=.success-modal-overlay button.btn.btn-primary at state visible</msg>
<arg>${MODAL_OK_BUTTON}</arg>
<arg>visible</arg>
<arg>5s</arg>
<tag>PageContent</tag>
<tag>Wait</tag>
<doc>Waits for the element found by ``selector`` to satisfy state option.</doc>
<status status="PASS" start="2025-07-03T17:07:20.095331" elapsed="0.009190"/>
</kw>
<kw name="Click" owner="Browser">
<msg time="2025-07-03T17:07:20.105922" level="INFO">Clicks the element 'css=.success-modal-overlay button.btn.btn-primary'.</msg>
<arg>${MODAL_OK_BUTTON}</arg>
<tag>PageContent</tag>
<tag>Setter</tag>
<doc>Simulates mouse click on the element found by ``selector``.</doc>
<status status="PASS" start="2025-07-03T17:07:20.105076" elapsed="0.281890"/>
</kw>
<kw name="Remove user from database" owner="database">
<msg time="2025-07-03T17:07:20.390023" level="INFO">User removed from database</msg>
<arg>${user}[email]</arg>
<status status="PASS" start="2025-07-03T17:07:20.387672" elapsed="0.002523"/>
</kw>
<kw name="Take Screenshot" owner="Browser" type="TEARDOWN">
<msg time="2025-07-03T17:07:20.598871" level="INFO" html="true">&lt;/td&gt;&lt;/tr&gt;&lt;tr&gt;&lt;td colspan="3"&gt;&lt;a href="browser/screenshot/robotframework-browser-screenshot-8.png" target="_blank"&gt;&lt;img src="browser/screenshot/robotframework-browser-screenshot-8.png" width="800px"/&gt;&lt;/a&gt;</msg>
<tag>PageContent</tag>
<doc>Takes a screenshot of the current window or element and saves it to disk.</doc>
<status status="PASS" start="2025-07-03T17:07:20.390987" elapsed="0.208187"/>
</kw>
<msg time="2025-07-03T17:07:20.622422" level="INFO">Switching context to context=8d82ecb4-afea-403d-8625-e6a05468af52 in CURRENT</msg>
<msg time="2025-07-03T17:07:20.648287" level="INFO">Successfully changed active context: context=8d82ecb4-afea-403d-8625-e6a05468af52</msg>
<msg time="2025-07-03T17:07:20.789091" level="INFO">Successfully closed Context</msg>
<tag>AUTH-004</tag>
<tag>CIN24</tag>
<status status="PASS" start="2025-07-03T17:07:17.808768" elapsed="2.790788"/>
</test>
<test id="s1-s1-s3-t3" name="Element email should be disable" line="44">
<kw name="Start Session" owner="base" type="SETUP">
<kw name="New Browser" owner="Browser">
<msg time="2025-07-03T17:07:20.799746" level="INFO">Switching browser to browser=2bc5279c-6823-47ec-b298-95777d03f5e5</msg>
<msg time="2025-07-03T17:07:20.802169" level="INFO">Successfully changed active browser: browser=2bc5279c-6823-47ec-b298-95777d03f5e5</msg>
<msg time="2025-07-03T17:07:20.802408" level="INFO">Reusing existing browser with id: browser=2bc5279c-6823-47ec-b298-95777d03f5e5</msg>
<arg>browser=chromium</arg>
<arg>headless=${False}</arg>
<tag>BrowserControl</tag>
<tag>Setter</tag>
<doc>Create a new playwright Browser with specified options.</doc>
<status status="PASS" start="2025-07-03T17:07:20.798755" elapsed="0.003784"/>
</kw>
<kw name="New Page" owner="Browser">
<msg time="2025-07-03T17:07:21.788610" level="INFO">Successfully initialized new page object and opened url: http://localhost:3002</msg>
<msg time="2025-07-03T17:07:21.788984" level="INFO">No context was open. New context was automatically opened when this page is created.</msg>
<arg>${BASE_URL}</arg>
<tag>BrowserControl</tag>
<tag>Setter</tag>
<doc>Open a new Page.</doc>
<status status="PASS" start="2025-07-03T17:07:20.802835" elapsed="0.988507"/>
</kw>
<status status="PASS" start="2025-07-03T17:07:20.798059" elapsed="0.993621"/>
</kw>
<kw name="Create Dictionary" owner="BuiltIn">
<msg time="2025-07-03T17:07:21.794594" level="INFO">${user} = {'name': 'UserNormal', 'email': 'usernormal@gmail.com', 'password': 'new123456'}</msg>
<var>${user}</var>
<arg>name=UserNormal</arg>
<arg>email=usernormal@gmail.com</arg>
<arg>password=new123456</arg>
<doc>Creates and returns a dictionary based on the given ``items``.</doc>
<status status="PASS" start="2025-07-03T17:07:21.793424" elapsed="0.001290"/>
</kw>
<kw name="Reset user in database" owner="database">
<msg time="2025-07-03T17:07:21.912335" level="INFO">Resetting user: usernormal@gmail.com
User removed from database
User reset completed.</msg>
<arg>${user}</arg>
<status status="PASS" start="2025-07-03T17:07:21.795837" elapsed="0.116626"/>
</kw>
<kw name="Go to login page" owner="Login">
<kw name="Go To" owner="Browser">
<msg time="2025-07-03T17:07:22.118732" level="INFO">Successfully opened URL http://localhost:3002/login</msg>
<arg>${BASE_URL}/login</arg>
<tag>BrowserControl</tag>
<tag>Setter</tag>
<doc>Navigates to the given ``url``.</doc>
<status status="PASS" start="2025-07-03T17:07:21.914147" elapsed="0.204916"/>
</kw>
<kw name="Wait For Elements State" owner="Browser">
<msg time="2025-07-03T17:07:22.246893" level="INFO">Waited for Element with selector xpath=//p[contains(text(), 'Entre com suas credenciais para acessar sua conta')] at state visible</msg>
<arg>${LOGIN_MESSAGE}</arg>
<arg>visible</arg>
<arg>5</arg>
<tag>PageContent</tag>
<tag>Wait</tag>
<doc>Waits for the element found by ``selector`` to satisfy state option.</doc>
<status status="PASS" start="2025-07-03T17:07:22.119508" elapsed="0.127987"/>
</kw>
<status status="PASS" start="2025-07-03T17:07:21.913165" elapsed="0.334772"/>
</kw>
<kw name="Submit login" owner="Login">
<kw name="Fill Text" owner="Browser">
<msg time="2025-07-03T17:07:22.250657" level="INFO">Fills the text 'usernormal@gmail.com' in the given field.</msg>
<arg>css=#email</arg>
<arg>${user}[email]</arg>
<tag>PageContent</tag>
<tag>Setter</tag>
<doc>Clears and fills the given ``txt`` into the text field found by ``selector``.</doc>
<status status="PASS" start="2025-07-03T17:07:22.249774" elapsed="0.027737"/>
</kw>
<kw name="Fill Text" owner="Browser">
<msg time="2025-07-03T17:07:22.280481" level="INFO">Fills the text 'new123456' in the given field.</msg>
<arg>css=#password</arg>
<arg>${user}[password]</arg>
<tag>PageContent</tag>
<tag>Setter</tag>
<doc>Clears and fills the given ``txt`` into the text field found by ``selector``.</doc>
<status status="PASS" start="2025-07-03T17:07:22.277970" elapsed="0.028892"/>
</kw>
<kw name="Click" owner="Browser">
<msg time="2025-07-03T17:07:22.308856" level="INFO">Clicks the element 'css=button[type=submit] &gt;&gt; text=Entrar'.</msg>
<arg>${LOGIN_BUTTON}</arg>
<tag>PageContent</tag>
<tag>Setter</tag>
<doc>Simulates mouse click on the element found by ``selector``.</doc>
<status status="PASS" start="2025-07-03T17:07:22.307175" elapsed="0.065060"/>
</kw>
<arg>${user}</arg>
<status status="PASS" start="2025-07-03T17:07:22.248907" elapsed="0.123629"/>
</kw>
<kw name="Click on profile" owner="Profile">
<kw name="Click" owner="Browser">
<msg time="2025-07-03T17:07:22.376119" level="INFO">Clicks the element 'css=a[href="/profile"]'.</msg>
<arg>${PROFILE_LINK}</arg>
<tag>PageContent</tag>
<tag>Setter</tag>
<doc>Simulates mouse click on the element found by ``selector``.</doc>
<status status="PASS" start="2025-07-03T17:07:22.374360" elapsed="0.487291"/>
</kw>
<status status="PASS" start="2025-07-03T17:07:22.373213" elapsed="0.488674"/>
</kw>
<kw name="Get Attribute" owner="Browser">
<msg time="2025-07-03T17:07:22.890220" level="INFO">Attribute is: ''</msg>
<msg time="2025-07-03T17:07:22.891238" level="INFO">${is_disabled} = </msg>
<var>${is_disabled}</var>
<arg>css=#email</arg>
<arg>disabled</arg>
<tag>Assertion</tag>
<tag>Getter</tag>
<tag>PageContent</tag>
<doc>Returns the HTML ``attribute`` of the element found by ``selector``.</doc>
<status status="PASS" start="2025-07-03T17:07:22.862463" elapsed="0.029230"/>
</kw>
<kw name="Should Be Empty" owner="BuiltIn">
<msg time="2025-07-03T17:07:22.894654" level="INFO">Length is 0.</msg>
<arg>${is_disabled}</arg>
<doc>Verifies that the given item is empty.</doc>
<status status="PASS" start="2025-07-03T17:07:22.893214" elapsed="0.001655"/>
</kw>
<kw name="Remove user from database" owner="database">
<msg time="2025-07-03T17:07:22.898140" level="INFO">User removed from database</msg>
<arg>${user}[email]</arg>
<status status="PASS" start="2025-07-03T17:07:22.895448" elapsed="0.002794"/>
</kw>
<kw name="Take Screenshot" owner="Browser" type="TEARDOWN">
<msg time="2025-07-03T17:07:23.113620" level="INFO" html="true">&lt;/td&gt;&lt;/tr&gt;&lt;tr&gt;&lt;td colspan="3"&gt;&lt;a href="browser/screenshot/robotframework-browser-screenshot-9.png" target="_blank"&gt;&lt;img src="browser/screenshot/robotframework-browser-screenshot-9.png" width="800px"/&gt;&lt;/a&gt;</msg>
<tag>PageContent</tag>
<doc>Takes a screenshot of the current window or element and saves it to disk.</doc>
<status status="PASS" start="2025-07-03T17:07:22.898795" elapsed="0.215029"/>
</kw>
<msg time="2025-07-03T17:07:23.136268" level="INFO">Switching context to context=83d58fda-c2ca-4d27-9106-65611908b199 in CURRENT</msg>
<msg time="2025-07-03T17:07:23.147229" level="INFO">Successfully changed active context: context=83d58fda-c2ca-4d27-9106-65611908b199</msg>
<msg time="2025-07-03T17:07:23.239827" level="INFO">Successfully closed Context</msg>
<tag>AUTH-004</tag>
<tag>CIN25</tag>
<status status="PASS" start="2025-07-03T17:07:20.793744" elapsed="2.320319"/>
</test>
<test id="s1-s1-s3-t4" name="Should not update user with empty name" line="58">
<kw name="Start Session" owner="base" type="SETUP">
<kw name="New Browser" owner="Browser">
<msg time="2025-07-03T17:07:23.246027" level="INFO">Switching browser to browser=2bc5279c-6823-47ec-b298-95777d03f5e5</msg>
<msg time="2025-07-03T17:07:23.248233" level="INFO">Successfully changed active browser: browser=2bc5279c-6823-47ec-b298-95777d03f5e5</msg>
<msg time="2025-07-03T17:07:23.248396" level="INFO">Reusing existing browser with id: browser=2bc5279c-6823-47ec-b298-95777d03f5e5</msg>
<arg>browser=chromium</arg>
[...]
<msg time="2025-07-03T17:08:57.670495" level="INFO">Clicks the element 'css=.movie-info .sessions-container a &gt;&gt; nth=0'.</msg>
<arg>${RESERVE_SEATS_BTN}</arg>
<tag>PageContent</tag>
<tag>Setter</tag>
<doc>Simulates mouse click on the element found by ``selector``.</doc>
<status status="PASS" start="2025-07-03T17:08:57.669284" elapsed="0.123353"/>
</kw>
<status status="PASS" start="2025-07-03T17:08:56.820641" elapsed="0.972339"/>
</kw>
<kw name="Click on reset seats" owner="Sessions">
<kw name="Click" owner="Browser">
<msg time="2025-07-03T17:08:57.796722" level="INFO">Clicks the element 'css=.admin-actions button'.</msg>
<arg>${RESET_SEATS_BTN}</arg>
<tag>PageContent</tag>
<tag>Setter</tag>
<doc>Simulates mouse click on the element found by ``selector``.</doc>
<status status="PASS" start="2025-07-03T17:08:57.795365" elapsed="0.109391"/>
</kw>
<status status="PASS" start="2025-07-03T17:08:57.794422" elapsed="0.110527"/>
</kw>
<kw name="Select three availables seats and check subtotal" owner="Sessions">
<kw name="Wait For Elements State" owner="Browser">
<msg time="2025-07-03T17:08:58.774196" level="INFO">Waited for Element with selector css=.row-seats .seat.available &gt;&gt; nth=0 at state visible</msg>
<arg>${SELECT_AVAILABLE_SEATS} &gt;&gt; nth=0</arg>
<arg>visible</arg>
<arg>5s</arg>
<tag>PageContent</tag>
<tag>Wait</tag>
<doc>Waits for the element found by ``selector`` to satisfy state option.</doc>
<status status="PASS" start="2025-07-03T17:08:57.906168" elapsed="0.868356"/>
</kw>
<kw name="Get Elements" owner="Browser">
<msg time="2025-07-03T17:08:58.794067" level="INFO">Found locator('.row-seats .seat.available').first(),locator('.row-seats .seat.available').nth(1),locator('.row-seats .seat.available').nth(2),locator('.row-seats .seat.available').nth(3),locator('.row-seats .seat.available').nth(4),locator('.row-seats .seat.available').nth(5),locator('.row-seats .seat.available').nth(6),locator('.row-seats .seat.available').nth(7),locator('.row-seats .seat.available').nth(8),locator('.row-seats .seat.available').nth(9),locator('.row-seats .seat.available').nth(10),locator('.row-seats .seat.available').nth(11),locator('.row-seats .seat.available').nth(12),locator('.row-seats .seat.available').nth(13),locator('.row-seats .seat.available').nth(14),locator('.row-seats .seat.available').nth(15),locator('.row-seats .seat.available').nth(16),locator('.row-seats .seat.available').nth(17),locator('.row-seats .seat.available').nth(18),locator('.row-seats .seat.available').nth(19),locator('.row-seats .seat.available').nth(20),locator('.row-seats .seat.available').nth(21),locator('.row-seats .seat.available').nth(22),locator('.row-seats .seat.available').nth(23),locator('.row-seats .seat.available').nth(24),locator('.row-seats .seat.available').nth(25),locator('.row-seats .seat.available').nth(26),locator('.row-seats .seat.available').nth(27),locator('.row-seats .seat.available').nth(28),locator('.row-seats .seat.available').nth(29),locator('.row-seats .seat.available').nth(30),locator('.row-seats .seat.available').nth(31),locator('.row-seats .seat.available').nth(32),locator('.row-seats .seat.available').nth(33),locator('.row-seats .seat.available').nth(34),locator('.row-seats .seat.available').nth(35),locator('.row-seats .seat.available').nth(36),locator('.row-seats .seat.available').nth(37),locator('.row-seats .seat.available').nth(38),locator('.row-seats .seat.available').nth(39),locator('.row-seats .seat.available').nth(40),locator('.row-seats .seat.available').nth(41),locator('.row-seats .seat.available').nth(42),locator('.row-seats .seat.available').nth(43),locator('.row-seats .seat.available').nth(44),locator('.row-seats .seat.available').nth(45),locator('.row-seats .seat.available').nth(46),locator('.row-seats .seat.available').nth(47),locator('.row-seats .seat.available').nth(48),locator('.row-seats .seat.available').nth(49),locator('.row-seats .seat.available').nth(50),locator('.row-seats .seat.available').nth(51),locator('.row-seats .seat.available').nth(52),locator('.row-seats .seat.available').nth(53),locator('.row-seats .seat.available').nth(54),locator('.row-seats .seat.available').nth(55),locator('.row-seats .seat.available').nth(56),locator('.row-seats .seat.available').nth(57),locator('.row-seats .seat.available').nth(58),locator('.row-seats .seat.available').nth(59),locator('.row-seats .seat.available').nth(60),locator('.row-seats .seat.available').nth(61),locator('.row-seats .seat.available').nth(62),locator('.row-seats .seat.available').nth(63),locator('.row-seats .seat.available').nth(64),locator('.row-seats .seat.available').nth(65),locator('.row-seats .seat.available').nth(66),locator('.row-seats .seat.available').nth(67),locator('.row-seats .seat.available').nth(68),locator('.row-seats .seat.available').nth(69),locator('.row-seats .seat.available').nth(70),locator('.row-seats .seat.available').nth(71),locator('.row-seats .seat.available').nth(72),locator('.row-seats .seat.available').nth(73),locator('.row-seats .seat.available').nth(74),locator('.row-seats .seat.available').nth(75),locator('.row-seats .seat.available').nth(76),locator('.row-seats .seat.available').nth(77),locator('.row-seats .seat.available').nth(78),locator('.row-seats .seat.available').nth(79) Locators successfully.</msg>
<msg time="2025-07-03T17:08:58.794819" level="INFO">@{assentos} = [ css=.row-seats .seat.available &gt;&gt; nth=0 | css=.row-seats .seat.available &gt;&gt; nth=1 | css=.row-seats .seat.available &gt;&gt; nth=2 | css=.row-seats .seat.available &gt;&gt; nth=3 | css=.row-seats .seat.available...</msg>
<var>@{assentos}</var>
<arg>${SELECT_AVAILABLE_SEATS}</arg>
<tag>Getter</tag>
<tag>PageContent</tag>
<doc>Returns a reference to Playwright [https://playwright.dev/docs/api/class-locator|Locator]
for all matched elements by ``selector``.</doc>
<status status="PASS" start="2025-07-03T17:08:58.774907" elapsed="0.020033"/>
</kw>
<kw name="Click" owner="Browser">
<msg time="2025-07-03T17:08:58.797533" level="INFO">Clicks the element 'css=.row-seats .seat.available &gt;&gt; nth=0'.</msg>
<arg>${assentos[0]}</arg>
<tag>PageContent</tag>
<tag>Setter</tag>
<doc>Simulates mouse click on the element found by ``selector``.</doc>
<status status="PASS" start="2025-07-03T17:08:58.795266" elapsed="0.063106"/>
</kw>
<kw name="Click" owner="Browser">
<msg time="2025-07-03T17:08:58.861485" level="INFO">Clicks the element 'css=.row-seats .seat.available &gt;&gt; nth=1'.</msg>
<arg>${assentos[1]}</arg>
<tag>PageContent</tag>
<tag>Setter</tag>
<doc>Simulates mouse click on the element found by ``selector``.</doc>
<status status="PASS" start="2025-07-03T17:08:58.858984" elapsed="0.080183"/>
</kw>
<kw name="Click" owner="Browser">
<msg time="2025-07-03T17:08:58.942360" level="INFO">Clicks the element 'css=.row-seats .seat.available &gt;&gt; nth=2'.</msg>
<arg>${assentos[2]}</arg>
<tag>PageContent</tag>
<tag>Setter</tag>
<doc>Simulates mouse click on the element found by ``selector``.</doc>
<status status="PASS" start="2025-07-03T17:08:58.939558" elapsed="0.070852"/>
</kw>
<kw name="Sleep" owner="BuiltIn">
<msg time="2025-07-03T17:09:00.011666" level="INFO">Slept 1 second.</msg>
<arg>1s</arg>
<doc>Pauses the test executed for the given time.</doc>
<status status="PASS" start="2025-07-03T17:08:59.010793" elapsed="1.001195"/>
</kw>
<kw name="Get Text" owner="Browser">
<msg time="2025-07-03T17:09:00.049446" level="INFO">Text: 'R$ 60.00'</msg>
<msg time="2025-07-03T17:09:00.049629" level="INFO">${subtotal} = R$ 60.00</msg>
<var>${subtotal}</var>
<arg>${SUBTOTAL_LABEL}</arg>
<tag>Assertion</tag>
<tag>Getter</tag>
<tag>PageContent</tag>
<doc>Returns text attribute of the element found by ``selector``.</doc>
<status status="PASS" start="2025-07-03T17:09:00.012609" elapsed="0.037060"/>
</kw>
<kw name="Sleep" owner="BuiltIn">
<msg time="2025-07-03T17:09:01.050607" level="INFO">Slept 1 second.</msg>
<arg>1s</arg>
<doc>Pauses the test executed for the given time.</doc>
<status status="PASS" start="2025-07-03T17:09:00.049936" elapsed="1.000863"/>
</kw>
<kw name="Should Contain" owner="BuiltIn">
<arg>${subtotal}</arg>
<arg>R$ 60.00</arg>
<doc>Fails if ``container`` does not contain ``item`` one or more times.</doc>
<status status="PASS" start="2025-07-03T17:09:01.051053" elapsed="0.000438"/>
</kw>
<status status="PASS" start="2025-07-03T17:08:57.905462" elapsed="3.146131"/>
</kw>
<kw name="Take Screenshot" owner="Browser" type="TEARDOWN">
<msg time="2025-07-03T17:09:01.240505" level="INFO" html="true">&lt;/td&gt;&lt;/tr&gt;&lt;tr&gt;&lt;td colspan="3"&gt;&lt;a href="browser/screenshot/robotframework-browser-screenshot-34.png" target="_blank"&gt;&lt;img src="browser/screenshot/robotframework-browser-screenshot-34.png" width="800px"/&gt;&lt;/a&gt;</msg>
<tag>PageContent</tag>
<doc>Takes a screenshot of the current window or element and saves it to disk.</doc>
<status status="PASS" start="2025-07-03T17:09:01.052200" elapsed="0.188497"/>
</kw>
<msg time="2025-07-03T17:09:01.258547" level="INFO">Switching context to context=9fa349d1-5f53-4b8f-92d3-ad87cb8b8430 in CURRENT</msg>
<msg time="2025-07-03T17:09:01.266668" level="INFO">Successfully changed active context: context=9fa349d1-5f53-4b8f-92d3-ad87cb8b8430</msg>
<msg time="2025-07-03T17:09:01.359181" level="INFO">Successfully closed Context</msg>
<tag>CIN61</tag>
<tag>RESERVE-001</tag>
<status status="PASS" start="2025-07-03T17:08:55.722351" elapsed="5.518590"/>
</test>
<test id="s1-s2-s5-t5" name="Should check reservation link" line="42">
<kw name="Start Session" owner="base" type="SETUP">
<kw name="New Browser" owner="Browser">
<msg time="2025-07-03T17:09:01.392545" level="INFO">Switching browser to browser=2bc5279c-6823-47ec-b298-95777d03f5e5</msg>
<msg time="2025-07-03T17:09:01.396440" level="INFO">Successfully changed active browser: browser=2bc5279c-6823-47ec-b298-95777d03f5e5</msg>
<msg time="2025-07-03T17:09:01.396630" level="INFO">Reusing existing browser with id: browser=2bc5279c-6823-47ec-b298-95777d03f5e5</msg>
<arg>browser=chromium</arg>
<arg>headless=${False}</arg>
<tag>BrowserControl</tag>
<tag>Setter</tag>
<doc>Create a new playwright Browser with specified options.</doc>
<status status="PASS" start="2025-07-03T17:09:01.390517" elapsed="0.006224"/>
</kw>
<kw name="New Page" owner="Browser">
<msg time="2025-07-03T17:09:02.135348" level="INFO">Successfully initialized new page object and opened url: http://localhost:3002</msg>
<msg time="2025-07-03T17:09:02.135453" level="INFO">No context was open. New context was automatically opened when this page is created.</msg>
<arg>${BASE_URL}</arg>
<tag>BrowserControl</tag>
<tag>Setter</tag>
<doc>Open a new Page.</doc>
<status status="PASS" start="2025-07-03T17:09:01.397064" elapsed="0.738613"/>
</kw>
<status status="PASS" start="2025-07-03T17:09:01.388271" elapsed="0.747573"/>
</kw>
<kw name="Create Dictionary" owner="BuiltIn">
<msg time="2025-07-03T17:09:02.137137" level="INFO">${admin} = {'email': 'admin@example.com', 'password': 'admin123'}</msg>
<var>${admin}</var>
<arg>email=admin@example.com</arg>
<arg>password=admin123</arg>
<doc>Creates and returns a dictionary based on the given ``items``.</doc>
<status status="PASS" start="2025-07-03T17:09:02.136385" elapsed="0.000824"/>
</kw>
<kw name="Go to login page" owner="Login">
<kw name="Go To" owner="Browser">
<msg time="2025-07-03T17:09:02.309163" level="INFO">Successfully opened URL http://localhost:3002/login</msg>
<arg>${BASE_URL}/login</arg>
<tag>BrowserControl</tag>
<tag>Setter</tag>
<doc>Navigates to the given ``url``.</doc>
<status status="PASS" start="2025-07-03T17:09:02.138761" elapsed="0.170796"/>
</kw>
<kw name="Wait For Elements State" owner="Browser">
<msg time="2025-07-03T17:09:02.443845" level="INFO">Waited for Element with selector xpath=//p[contains(text(), 'Entre com suas credenciais para acessar sua conta')] at state visible</msg>
<arg>${LOGIN_MESSAGE}</arg>
<arg>visible</arg>
<arg>5</arg>
<tag>PageContent</tag>
<tag>Wait</tag>
<doc>Waits for the element found by ``selector`` to satisfy state option.</doc>
<status status="PASS" start="2025-07-03T17:09:02.310266" elapsed="0.133869"/>
</kw>
<status status="PASS" start="2025-07-03T17:09:02.137863" elapsed="0.306523"/>
</kw>
<kw name="Submit login" owner="Login">
<kw name="Fill Text" owner="Browser">
<msg time="2025-07-03T17:09:02.447411" level="INFO">Fills the text 'admin@example.com' in the given field.</msg>
<arg>css=#email</arg>
<arg>${user}[email]</arg>
<tag>PageContent</tag>
<tag>Setter</tag>
<doc>Clears and fills the given ``txt`` into the text field found by ``selector``.</doc>
<status status="PASS" start="2025-07-03T17:09:02.446035" elapsed="0.029429"/>
</kw>
<kw name="Fill Text" owner="Browser">
<msg time="2025-07-03T17:09:02.476918" level="INFO">Fills the text 'admin123' in the given field.</msg>
<arg>css=#password</arg>
<arg>${user}[password]</arg>
<tag>PageContent</tag>
<tag>Setter</tag>
<doc>Clears and fills the given ``txt`` into the text field found by ``selector``.</doc>
<status status="PASS" start="2025-07-03T17:09:02.475790" elapsed="0.030768"/>
</kw>
<kw name="Click" owner="Browser">
<msg time="2025-07-03T17:09:02.507842" level="INFO">Clicks the element 'css=button[type=submit] &gt;&gt; text=Entrar'.</msg>
<arg>${LOGIN_BUTTON}</arg>
<tag>PageContent</tag>
<tag>Setter</tag>
<doc>Simulates mouse click on the element found by ``selector``.</doc>
<status status="PASS" start="2025-07-03T17:09:02.506940" elapsed="0.073871"/>
</kw>
<arg>${admin}</arg>
<status status="PASS" start="2025-07-03T17:09:02.445104" elapsed="0.136120"/>
</kw>
<kw name="Check my reservation link" owner="Home">
<kw name="Wait For Elements State" owner="Browser">
<msg time="2025-07-03T17:09:02.796828" level="INFO">Waited for Element with selector css=.home-container &gt; h1 at state visible</msg>
<arg>${WELCOME_MESSAGE}</arg>
<arg>visible</arg>
<arg>5s</arg>
<tag>PageContent</tag>
<tag>Wait</tag>
<doc>Waits for the element found by ``selector`` to satisfy state option.</doc>
<status status="PASS" start="2025-07-03T17:09:02.583487" elapsed="0.213978"/>
</kw>
<kw name="Get Elements" owner="Browser">
<msg time="2025-07-03T17:09:02.819692" level="INFO">Found locator('a[href="/reservations"]').first() Locators successfully.</msg>
<msg time="2025-07-03T17:09:02.820210" level="INFO">${my_reservation} = ['css=a[href="/reservations"] &gt;&gt; nth=0']</msg>
<var>${my_reservation}</var>
<arg>${MY_RESERVATIONS_LINK}</arg>
<tag>Getter</tag>
<tag>PageContent</tag>
<doc>Returns a reference to Playwright [https://playwright.dev/docs/api/class-locator|Locator]
for all matched elements by ``selector``.</doc>
<status status="PASS" start="2025-07-03T17:09:02.798301" elapsed="0.021980"/>
</kw>
<kw name="Should Not Be Empty" owner="BuiltIn">
<msg time="2025-07-03T17:09:02.822323" level="INFO">Length is 1.</msg>
<arg>${my_reservation}</arg>
<doc>Verifies that the given item is not empty.</doc>
<status status="PASS" start="2025-07-03T17:09:02.820727" elapsed="0.001747"/>
</kw>
<status status="PASS" start="2025-07-03T17:09:02.582569" elapsed="0.240110"/>
</kw>
<kw name="Take Screenshot" owner="Browser" type="TEARDOWN">
<msg time="2025-07-03T17:09:03.197684" level="INFO" html="true">&lt;/td&gt;&lt;/tr&gt;&lt;tr&gt;&lt;td colspan="3"&gt;&lt;a href="browser/screenshot/robotframework-browser-screenshot-35.png" target="_blank"&gt;&lt;img src="browser/screenshot/robotframework-browser-screenshot-35.png" width="800px"/&gt;&lt;/a&gt;</msg>
<tag>PageContent</tag>
<doc>Takes a screenshot of the current window or element and saves it to disk.</doc>
<status status="PASS" start="2025-07-03T17:09:02.823472" elapsed="0.374476"/>
</kw>
<msg time="2025-07-03T17:09:03.222785" level="INFO">Switching context to context=a914dd2e-6d53-4f82-b786-f3b7eb1356f1 in CURRENT</msg>
<msg time="2025-07-03T17:09:03.232481" level="INFO">Successfully changed active context: context=a914dd2e-6d53-4f82-b786-f3b7eb1356f1</msg>
<msg time="2025-07-03T17:09:03.318101" level="INFO">Successfully closed Context</msg>
<tag>CIN75</tag>
<tag>RESERVE-003</tag>
<status status="PASS" start="2025-07-03T17:09:01.377987" elapsed="1.820267"/>
</test>
<doc>Cenários de testes da rota sessions</doc>
<status status="PASS" start="2025-07-03T17:08:45.785211" elapsed="17.541603"/>
</suite>
<status status="PASS" start="2025-07-03T17:07:34.282067" elapsed="89.063003"/>
</suite>
<status status="PASS" start="2025-07-03T17:06:56.035507" elapsed="127.315066"/>
</suite>
<statistics>
<total>
<stat pass="35" fail="0" skip="0">All Tests</stat>
</total>
<tag>
<stat pass="4" fail="0" skip="0">AUTH-001</stat>
<stat pass="2" fail="0" skip="0">AUTH-002</stat>
<stat pass="4" fail="0" skip="0">AUTH-003</stat>
<stat pass="4" fail="0" skip="0">AUTH-004</stat>
<stat pass="1" fail="0" skip="0">CIN1</stat>
<stat pass="1" fail="0" skip="0">CIN10</stat>
<stat pass="1" fail="0" skip="0">CIN109</stat>
<stat pass="1" fail="0" skip="0">CIN11</stat>
<stat pass="1" fail="0" skip="0">CIN17</stat>
<stat pass="1" fail="0" skip="0">CIN18</stat>
<stat pass="1" fail="0" skip="0">CIN19</stat>
<stat pass="1" fail="0" skip="0">CIN2</stat>
<stat pass="1" fail="0" skip="0">CIN21</stat>
<stat pass="1" fail="0" skip="0">CIN23</stat>
<stat pass="1" fail="0" skip="0">CIN24</stat>
<stat pass="1" fail="0" skip="0">CIN25</stat>
<stat pass="1" fail="0" skip="0">CIN29</stat>
<stat pass="1" fail="0" skip="0">CIN3</stat>
<stat pass="2" fail="0" skip="0">CIN39</stat>
<stat pass="1" fail="0" skip="0">CIN4</stat>
<stat pass="2" fail="0" skip="0">CIN42</stat>
<stat pass="1" fail="0" skip="0">CIN43</stat>
<stat pass="1" fail="0" skip="0">CIN48</stat>
<stat pass="1" fail="0" skip="0">CIN49</stat>
<stat pass="1" fail="0" skip="0">CIN54</stat>
<stat pass="1" fail="0" skip="0">CIN55</stat>
<stat pass="1" fail="0" skip="0">CIN60</stat>
<stat pass="1" fail="0" skip="0">CIN61</stat>
<stat pass="1" fail="0" skip="0">CIN64</stat>
<stat pass="1" fail="0" skip="0">CIN66</stat>
<stat pass="1" fail="0" skip="0">CIN67</stat>
<stat pass="1" fail="0" skip="0">CIN68</stat>
<stat pass="1" fail="0" skip="0">CIN69</stat>
<stat pass="1" fail="0" skip="0">CIN70</stat>
<stat pass="1" fail="0" skip="0">CIN71</stat>
<stat pass="1" fail="0" skip="0">CIN72</stat>
<stat pass="1" fail="0" skip="0">CIN75</stat>
<stat pass="1" fail="0" skip="0">CIN76</stat>
<stat pass="1" fail="0" skip="0">CIN77</stat>
<stat pass="1" fail="0" skip="0">CIN78</stat>
<stat pass="1" fail="0" skip="0">CIN79</stat>
<stat pass="1" fail="0" skip="0">CIN80</stat>
<stat pass="1" fail="0" skip="0">CIN81</stat>
<stat pass="5" fail="0" skip="0">MOVIE-001</stat>
<stat pass="3" fail="0" skip="0">MOVIE-002</stat>
<stat pass="4" fail="0" skip="0">RESERVE-001</stat>
<stat pass="4" fail="0" skip="0">RESERVE-002</stat>
<stat pass="3" fail="0" skip="0">RESERVE-003</stat>
<stat pass="2" fail="0" skip="0">SESSION-001</stat>
<stat pass="1" fail="0" skip="0">UI</stat>
</tag>
<suite>
<stat name="Tests" id="s1" pass="35" fail="0" skip="0">Tests</stat>
<stat name="Auth" id="s1-s1" pass="14" fail="0" skip="0">Tests.Auth</stat>
<stat name="Login" id="s1-s1-s1" pass="2" fail="0" skip="0">Tests.Auth.Login</stat>
<stat name="Logout" id="s1-s1-s2" pass="4" fail="0" skip="0">Tests.Auth.Logout</stat>
<stat name="Profile" id="s1-s1-s3" pass="4" fail="0" skip="0">Tests.Auth.Profile</stat>
<stat name="Signup" id="s1-s1-s4" pass="4" fail="0" skip="0">Tests.Auth.Signup</stat>
<stat name="Pages" id="s1-s2" pass="21" fail="0" skip="0">Tests.Pages</stat>
<stat name="Checkout" id="s1-s2-s1" pass="4" fail="0" skip="0">Tests.Pages.Checkout</stat>
<stat name="Home" id="s1-s2-s2" pass="5" fail="0" skip="0">Tests.Pages.Home</stat>
<stat name="Movies" id="s1-s2-s3" pass="3" fail="0" skip="0">Tests.Pages.Movies</stat>
<stat name="Reservation" id="s1-s2-s4" pass="4" fail="0" skip="0">Tests.Pages.Reservation</stat>
<stat name="Sessions" id="s1-s2-s5" pass="5" fail="0" skip="0">Tests.Pages.Sessions</stat>
</suite>
</statistics>
<errors>
</errors>
</robot>
