<?xml version="1.0" encoding="UTF-8"?>
<robot generator="Robot 7.3.1 (Python 3.13.3 on win32)" generated="2025-07-02T10:29:13.236674" rpa="false" schemaversion="5">
<suite id="s1" name="Tests" source="C:\Users\cassi\OneDrive\Área de Trabalho\Cinema-challenge\robot-framework\tests">
<suite id="s1-s1" name="Auth" source="C:\Users\cassi\OneDrive\Área de Trabalho\Cinema-challenge\robot-framework\tests\auth">
<suite id="s1-s1-s1" name="Login" source="C:\Users\cassi\OneDrive\Área de Trabalho\Cinema-challenge\robot-framework\tests\auth\login.robot">
<test id="s1-s1-s1-t1" name="Should login successfully" line="9">
<kw name="Start Session" owner="base" type="SETUP">
<kw name="New Browser" owner="Browser">
<msg time="2025-07-02T10:29:13.625678" level="INFO">{"browser": "chromium", "headless": false, "chromiumSandbox": false, "devtools": false, "handleSIGHUP": true, "handleSIGINT": true, "handleSIGTERM": true, "slowMo": 0.0, "timeout": 30000.0, "tracesDir": "C:\\Users\\cassi\\OneDrive\\\u00c1rea de Trabalho\\Cinema-challenge\\robot-framework\\logs\\browser\\traces\\temp\\74d74354-b605-4261-b807-05f828484790"}</msg>
<msg time="2025-07-02T10:29:13.667204" level="INFO">Starting Browser process c:\Users\cassi\OneDrive\Área de Trabalho\Cinema-challenge\robot-framework\.venv\Lib\site-packages\Browser\wrapper\index.js using at 127.0.0.1:61462</msg>
<msg time="2025-07-02T10:29:15.711777" level="INFO">Successfully created browser with options: {"browser":"chromium","headless":false,"chromiumSandbox":false,"devtools":false,"handleSIGHUP":true,"handleSIGINT":true,"handleSIGTERM":true,"slowMo":0,"timeout":30000,"tracesDir":"C:\\Users\\cassi\\OneDrive\\Área de Trabalho\\Cinema-challenge\\robot-framework\\logs\\browser\\traces\\temp\\74d74354-b605-4261-b807-05f828484790"}</msg>
<arg>browser=chromium</arg>
<arg>headless=${False}</arg>
<tag>BrowserControl</tag>
<tag>Setter</tag>
<doc>Create a new playwright Browser with specified options.</doc>
<status status="PASS" start="2025-07-02T10:29:13.623752" elapsed="2.088317"/>
</kw>
<kw name="New Page" owner="Browser">
<msg time="2025-07-02T10:29:17.382051" level="INFO">Successfully initialized new page object and opened url: http://localhost:3002</msg>
<msg time="2025-07-02T10:29:17.382151" level="INFO">No context was open. New context was automatically opened when this page is created.</msg>
<arg>${BASE_URL}</arg>
<tag>BrowserControl</tag>
<tag>Setter</tag>
<doc>Open a new Page.</doc>
<status status="PASS" start="2025-07-02T10:29:15.712493" elapsed="1.669870"/>
</kw>
<status status="PASS" start="2025-07-02T10:29:13.622412" elapsed="3.760117"/>
</kw>
<kw name="Create Dictionary" owner="BuiltIn">
<msg time="2025-07-02T10:29:17.383855" level="INFO">${user} = {'name': 'NewUserLogin', 'email': 'newuserlogin@gmail.com', 'password': 'new123456'}</msg>
<var>${user}</var>
<arg>name=NewUserLogin</arg>
<arg>email=newuserlogin@gmail.com</arg>
<arg>password=new123456</arg>
<doc>Creates and returns a dictionary based on the given ``items``.</doc>
<status status="PASS" start="2025-07-02T10:29:17.383081" elapsed="0.000812"/>
</kw>
<kw name="Go to signup Page" owner="SignupPage">
<kw name="Go To" owner="Browser">
<msg time="2025-07-02T10:29:17.513693" level="INFO">Successfully opened URL http://localhost:3002/register</msg>
<arg>${BASE_URL}/register</arg>
<tag>BrowserControl</tag>
<tag>Setter</tag>
<doc>Navigates to the given ``url``.</doc>
<status status="PASS" start="2025-07-02T10:29:17.384958" elapsed="0.128907"/>
</kw>
<kw name="Wait For Elements State" owner="Browser">
<msg time="2025-07-02T10:29:17.604533" level="INFO">Waited for Element with selector xpath=//p[contains(text(), 'Crie sua conta para reservar ingressos')] at state visible</msg>
<arg>${SUBMIT_MESSAGE}</arg>
<arg>visible</arg>
<arg>5</arg>
<tag>PageContent</tag>
<tag>Wait</tag>
<doc>Waits for the element found by ``selector`` to satisfy state option.</doc>
<status status="PASS" start="2025-07-02T10:29:17.514127" elapsed="0.090594"/>
</kw>
<status status="PASS" start="2025-07-02T10:29:17.384318" elapsed="0.220555"/>
</kw>
<kw name="Submit signup form" owner="SignupPage">
<kw name="Fill Text" owner="Browser">
<msg time="2025-07-02T10:29:17.606807" level="INFO">Fills the text 'NewUserLogin' in the given field.</msg>
<arg>css=#name</arg>
<arg>${user}[name]</arg>
<tag>PageContent</tag>
<tag>Setter</tag>
<doc>Clears and fills the given ``txt`` into the text field found by ``selector``.</doc>
<status status="PASS" start="2025-07-02T10:29:17.606131" elapsed="0.033073"/>
</kw>
<kw name="Fill Text" owner="Browser">
<msg time="2025-07-02T10:29:17.640234" level="INFO">Fills the text 'newuserlogin@gmail.com' in the given field.</msg>
<arg>css=#email</arg>
<arg>${user}[email]</arg>
<tag>PageContent</tag>
<tag>Setter</tag>
<doc>Clears and fills the given ``txt`` into the text field found by ``selector``.</doc>
<status status="PASS" start="2025-07-02T10:29:17.639471" elapsed="0.020434"/>
</kw>
<kw name="Fill Text" owner="Browser">
<msg time="2025-07-02T10:29:17.660871" level="INFO">Fills the text 'new123456' in the given field.</msg>
<arg>css=#password</arg>
<arg>${user}[password]</arg>
<tag>PageContent</tag>
<tag>Setter</tag>
<doc>Clears and fills the given ``txt`` into the text field found by ``selector``.</doc>
<status status="PASS" start="2025-07-02T10:29:17.660151" elapsed="0.017390"/>
</kw>
<kw name="Fill Text" owner="Browser">
<msg time="2025-07-02T10:29:17.678727" level="INFO">Fills the text 'new123456' in the given field.</msg>
<arg>css=#confirmPassword</arg>
<arg>${user}[password]</arg>
<tag>PageContent</tag>
<tag>Setter</tag>
<doc>Clears and fills the given ``txt`` into the text field found by ``selector``.</doc>
<status status="PASS" start="2025-07-02T10:29:17.677852" elapsed="0.014671"/>
</kw>
<kw name="Click" owner="Browser">
<msg time="2025-07-02T10:29:17.693412" level="INFO">Clicks the element 'css=button[type=submit] &gt;&gt; text=Cadastrar'.</msg>
<arg>${SUBMIT_BUTTON}</arg>
<tag>PageContent</tag>
<tag>Setter</tag>
<doc>Simulates mouse click on the element found by ``selector``.</doc>
<status status="PASS" start="2025-07-02T10:29:17.692764" elapsed="0.141757"/>
</kw>
<arg>${user}</arg>
<status status="PASS" start="2025-07-02T10:29:17.605331" elapsed="0.229354"/>
</kw>
<kw name="Go to login page" owner="Login">
<kw name="Go To" owner="Browser">
<msg time="2025-07-02T10:29:17.945249" level="INFO">Successfully opened URL http://localhost:3002/login</msg>
<arg>${BASE_URL}/login</arg>
<tag>BrowserControl</tag>
<tag>Setter</tag>
<doc>Navigates to the given ``url``.</doc>
<status status="PASS" start="2025-07-02T10:29:17.835735" elapsed="0.109705"/>
</kw>
<kw name="Wait For Elements State" owner="Browser">
<msg time="2025-07-02T10:29:18.013304" level="INFO">Waited for Element with selector xpath=//p[contains(text(), 'Entre com suas credenciais para acessar sua conta')] at state visible</msg>
<arg>${LOGIN_MESSAGE}</arg>
<arg>visible</arg>
<arg>5</arg>
<tag>PageContent</tag>
<tag>Wait</tag>
<doc>Waits for the element found by ``selector`` to satisfy state option.</doc>
<status status="PASS" start="2025-07-02T10:29:17.945698" elapsed="0.067764"/>
</kw>
<status status="PASS" start="2025-07-02T10:29:17.835090" elapsed="0.178511"/>
</kw>
<kw name="Submit login" owner="Login">
<kw name="Fill Text" owner="Browser">
<msg time="2025-07-02T10:29:18.015263" level="INFO">Fills the text 'newuserlogin@gmail.com' in the given field.</msg>
<arg>css=#email</arg>
<arg>${user}[email]</arg>
<tag>PageContent</tag>
<tag>Setter</tag>
<doc>Clears and fills the given ``txt`` into the text field found by ``selector``.</doc>
<status status="PASS" start="2025-07-02T10:29:18.014627" elapsed="0.016858"/>
</kw>
<kw name="Fill Text" owner="Browser">
<msg time="2025-07-02T10:29:18.032887" level="INFO">Fills the text 'new123456' in the given field.</msg>
<arg>css=#password</arg>
<arg>${user}[password]</arg>
<tag>PageContent</tag>
<tag>Setter</tag>
<doc>Clears and fills the given ``txt`` into the text field found by ``selector``.</doc>
<status status="PASS" start="2025-07-02T10:29:18.031846" elapsed="0.024286"/>
</kw>
<kw name="Click" owner="Browser">
<msg time="2025-07-02T10:29:18.058335" level="INFO">Clicks the element 'css=button[type=submit] &gt;&gt; text=Entrar'.</msg>
<arg>${LOGIN_BUTTON}</arg>
<tag>PageContent</tag>
<tag>Setter</tag>
<doc>Simulates mouse click on the element found by ``selector``.</doc>
<status status="PASS" start="2025-07-02T10:29:18.057418" elapsed="0.052398"/>
</kw>
<arg>${user}</arg>
<status status="PASS" start="2025-07-02T10:29:18.014020" elapsed="0.095959"/>
</kw>
<kw name="Alert should be" owner="Alert">
<kw name="Wait For Elements State" owner="Browser">
<msg time="2025-07-02T10:29:18.228801" level="INFO">Waited for Element with selector css=.alert-content &gt;&gt; text=Login realizado com sucesso at state visible</msg>
<arg>css=.alert-content &gt;&gt; text=${expected_text}</arg>
<arg>visible</arg>
<arg>5</arg>
<tag>PageContent</tag>
<tag>Wait</tag>
<doc>Waits for the element found by ``selector`` to satisfy state option.</doc>
<status status="PASS" start="2025-07-02T10:29:18.111327" elapsed="0.117664"/>
</kw>
<arg>Login realizado com sucesso</arg>
<status status="PASS" start="2025-07-02T10:29:18.110521" elapsed="0.118598"/>
</kw>
<kw name="Remove user from database" owner="database">
<msg time="2025-07-02T10:29:18.234554" level="INFO">User removed from database</msg>
<arg>${user}[email]</arg>
<status status="PASS" start="2025-07-02T10:29:18.229508" elapsed="0.005203"/>
</kw>
<kw name="Take Screenshot" owner="Browser" type="TEARDOWN">
<msg time="2025-07-02T10:29:18.649791" level="INFO" html="true">&lt;/td&gt;&lt;/tr&gt;&lt;tr&gt;&lt;td colspan="3"&gt;&lt;a href="browser/screenshot/robotframework-browser-screenshot-1.png" target="_blank"&gt;&lt;img src="browser/screenshot/robotframework-browser-screenshot-1.png" width="800px"/&gt;&lt;/a&gt;</msg>
<tag>PageContent</tag>
<doc>Takes a screenshot of the current window or element and saves it to disk.</doc>
<status status="PASS" start="2025-07-02T10:29:18.235254" elapsed="0.414720"/>
</kw>
<msg time="2025-07-02T10:29:18.670716" level="INFO">Switching context to context=d4f11b92-005e-4d0e-87c0-a87e514f199a in CURRENT</msg>
<msg time="2025-07-02T10:29:18.682009" level="INFO">Successfully changed active context: context=d4f11b92-005e-4d0e-87c0-a87e514f199a</msg>
<msg time="2025-07-02T10:29:18.778599" level="INFO">Successfully closed Context</msg>
<tag>AUTH-002</tag>
<tag>CIN10</tag>
<status status="PASS" start="2025-07-02T10:29:13.621255" elapsed="5.029196"/>
</test>
<test id="s1-s1-s1-t2" name="Should not login incorrect password" line="22">
<kw name="Start Session" owner="base" type="SETUP">
<kw name="New Browser" owner="Browser">
<msg time="2025-07-02T10:29:18.794262" level="INFO">Switching browser to browser=4697586e-d856-4768-92e4-3dcffa7093a7</msg>
<msg time="2025-07-02T10:29:18.799602" level="INFO">Successfully changed active browser: browser=4697586e-d856-4768-92e4-3dcffa7093a7</msg>
<msg time="2025-07-02T10:29:18.799830" level="INFO">Reusing existing browser with id: browser=4697586e-d856-4768-92e4-3dcffa7093a7</msg>
<arg>browser=chromium</arg>
<arg>headless=${False}</arg>
<tag>BrowserControl</tag>
<tag>Setter</tag>
<doc>Create a new playwright Browser with specified options.</doc>
<status status="PASS" start="2025-07-02T10:29:18.791507" elapsed="0.008466"/>
</kw>
<kw name="New Page" owner="Browser">
<msg time="2025-07-02T10:29:20.405002" level="INFO">Successfully initialized new page object and opened url: http://localhost:3002</msg>
<msg time="2025-07-02T10:29:20.405111" level="INFO">No context was open. New context was automatically opened when this page is created.</msg>
<arg>${BASE_URL}</arg>
<tag>BrowserControl</tag>
<tag>Setter</tag>
<doc>Open a new Page.</doc>
<status status="PASS" start="2025-07-02T10:29:18.800363" elapsed="1.605012"/>
</kw>
<status status="PASS" start="2025-07-02T10:29:18.790267" elapsed="1.615328"/>
</kw>
<kw name="Create Dictionary" owner="BuiltIn">
<msg time="2025-07-02T10:29:20.406779" level="INFO">${user} = {'name': 'NewUserLogin', 'email': 'newuserlogin@gmail.com', 'password': 'new123456'}</msg>
<var>${user}</var>
<arg>name=NewUserLogin</arg>
<arg>email=newuserlogin@gmail.com</arg>
<arg>password=new123456</arg>
<doc>Creates and returns a dictionary based on the given ``items``.</doc>
<status status="PASS" start="2025-07-02T10:29:20.406097" elapsed="0.000730"/>
</kw>
<kw name="Create Dictionary" owner="BuiltIn">
<msg time="2025-07-02T10:29:20.407831" level="INFO">${wrong_password} = {'name': 'NewUserLogin', 'email': 'newuserlogin@gmail.com', 'password': 'wrongpassword'}</msg>
<var>${wrong_password}</var>
<arg>name=NewUserLogin</arg>
<arg>email=newuserlogin@gmail.com</arg>
<arg>password=wrongpassword</arg>
<doc>Creates and returns a dictionary based on the given ``items``.</doc>
<status status="PASS" start="2025-07-02T10:29:20.407314" elapsed="0.000581"/>
</kw>
<kw name="Go to signup Page" owner="SignupPage">
<kw name="Go To" owner="Browser">
<msg time="2025-07-02T10:29:20.539015" level="INFO">Successfully opened URL http://localhost:3002/register</msg>
<arg>${BASE_URL}/register</arg>
<tag>BrowserControl</tag>
<tag>Setter</tag>
<doc>Navigates to the given ``url``.</doc>
<status status="PASS" start="2025-07-02T10:29:20.409150" elapsed="0.130169"/>
</kw>
<kw name="Wait For Elements State" owner="Browser">
<msg time="2025-07-02T10:29:20.620066" level="INFO">Waited for Element with selector xpath=//p[contains(text(), 'Crie sua conta para reservar ingressos')] at state visible</msg>
<arg>${SUBMIT_MESSAGE}</arg>
<arg>visible</arg>
<arg>5</arg>
<tag>PageContent</tag>
<tag>Wait</tag>
<doc>Waits for the element found by ``selector`` to satisfy state option.</doc>
<status status="PASS" start="2025-07-02T10:29:20.539649" elapsed="0.080675"/>
</kw>
<status status="PASS" start="2025-07-02T10:29:20.408535" elapsed="0.211931"/>
</kw>
<kw name="Submit signup form" owner="SignupPage">
<kw name="Fill Text" owner="Browser">
<msg time="2025-07-02T10:29:20.622327" level="INFO">Fills the text 'NewUserLogin' in the given field.</msg>
<arg>css=#name</arg>
<arg>${user}[name]</arg>
<tag>PageContent</tag>
<tag>Setter</tag>
<doc>Clears and fills the given ``txt`` into the text field found by ``selector``.</doc>
<status status="PASS" start="2025-07-02T10:29:20.621586" elapsed="0.024638"/>
</kw>
<kw name="Fill Text" owner="Browser">
<msg time="2025-07-02T10:29:20.647519" level="INFO">Fills the text 'newuserlogin@gmail.com' in the given field.</msg>
<arg>css=#email</arg>
<arg>${user}[email]</arg>
<tag>PageContent</tag>
<tag>Setter</tag>
<doc>Clears and fills the given ``txt`` into the text field found by ``selector``.</doc>
<status status="PASS" start="2025-07-02T10:29:20.646526" elapsed="0.025986"/>
</kw>
<kw name="Fill Text" owner="Browser">
<msg time="2025-07-02T10:29:20.674129" level="INFO">Fills the text 'new123456' in the given field.</msg>
<arg>css=#password</arg>
<arg>${user}[password]</arg>
<tag>PageContent</tag>
<tag>Setter</tag>
<doc>Clears and fills the given ``txt`` into the text field found by ``selector``.</doc>
<status status="PASS" start="2025-07-02T10:29:20.672949" elapsed="0.015306"/>
</kw>
<kw name="Fill Text" owner="Browser">
<msg time="2025-07-02T10:29:20.689393" level="INFO">Fills the text 'new123456' in the given field.</msg>
<arg>css=#confirmPassword</arg>
<arg>${user}[password]</arg>
<tag>PageContent</tag>
<tag>Setter</tag>
<doc>Clears and fills the given ``txt`` into the text field found by ``selector``.</doc>
<status status="PASS" start="2025-07-02T10:29:20.688514" elapsed="0.012522"/>
</kw>
<kw name="Click" owner="Browser">
<msg time="2025-07-02T10:29:20.702520" level="INFO">Clicks the element 'css=button[type=submit] &gt;&gt; text=Cadastrar'.</msg>
<arg>${SUBMIT_BUTTON}</arg>
<tag>PageContent</tag>
<tag>Setter</tag>
<doc>Simulates mouse click on the element found by ``selector``.</doc>
<status status="PASS" start="2025-07-02T10:29:20.701336" elapsed="0.068529"/>
</kw>
<arg>${user}</arg>
<status status="PASS" start="2025-07-02T10:29:20.620914" elapsed="0.149384"/>
</kw>
<kw name="Go to login page" owner="Login">
<kw name="Go To" owner="Browser">
<msg time="2025-07-02T10:29:20.931667" level="INFO">Successfully opened URL http://localhost:3002/login</msg>
<arg>${BASE_URL}/login</arg>
<tag>BrowserControl</tag>
<tag>Setter</tag>
<doc>Navigates to the given ``url``.</doc>
<status status="PASS" start="2025-07-02T10:29:20.773540" elapsed="0.158564"/>
</kw>
<kw name="Wait For Elements State" owner="Browser">
<msg time="2025-07-02T10:29:21.012577" level="INFO">Waited for Element with selector xpath=//p[contains(text(), 'Entre com suas credenciais para acessar sua conta')] at state visible</msg>
<arg>${LOGIN_MESSAGE}</arg>
<arg>visible</arg>
<arg>5</arg>
<tag>PageContent</tag>
<tag>Wait</tag>
<doc>Waits for the element found by ``selector`` to satisfy state option.</doc>
<status status="PASS" start="2025-07-02T10:29:20.932474" elapsed="0.080283"/>
</kw>
<status status="PASS" start="2025-07-02T10:29:20.771593" elapsed="0.241300"/>
</kw>
<kw name="Submit login" owner="Login">
<kw name="Fill Text" owner="Browser">
<msg time="2025-07-02T10:29:21.014540" level="INFO">Fills the text 'newuserlogin@gmail.com' in the given field.</msg>
<arg>css=#email</arg>
<arg>${user}[email]</arg>
<tag>PageContent</tag>
<tag>Setter</tag>
<doc>Clears and fills the given ``txt`` into the text field found by ``selector``.</doc>
<status status="PASS" start="2025-07-02T10:29:21.013915" elapsed="0.016492"/>
</kw>
<kw name="Fill Text" owner="Browser">
<msg time="2025-07-02T10:29:21.031827" level="INFO">Fills the text 'wrongpassword' in the given field.</msg>
<arg>css=#password</arg>
<arg>${user}[password]</arg>
<tag>PageContent</tag>
<tag>Setter</tag>
<doc>Clears and fills the given ``txt`` into the text field found by ``selector``.</doc>
<status status="PASS" start="2025-07-02T10:29:21.030733" elapsed="0.028708"/>
</kw>
<kw name="Click" owner="Browser">
<msg time="2025-07-02T10:29:21.060593" level="INFO">Clicks the element 'css=button[type=submit] &gt;&gt; text=Entrar'.</msg>
<arg>${LOGIN_BUTTON}</arg>
<tag>PageContent</tag>
<tag>Setter</tag>
<doc>Simulates mouse click on the element found by ``selector``.</doc>
<status status="PASS" start="2025-07-02T10:29:21.059695" elapsed="0.063802"/>
</kw>
<arg>${wrong_password}</arg>
<status status="PASS" start="2025-07-02T10:29:21.013321" elapsed="0.110371"/>
</kw>
<kw name="Remove user from database" owner="database">
<msg time="2025-07-02T10:29:21.127013" level="INFO">User removed from database</msg>
<arg>${user}[email]</arg>
<status status="PASS" start="2025-07-02T10:29:21.124121" elapsed="0.003033"/>
</kw>
<kw name="Remove user from database" owner="database">
<msg time="2025-07-02T10:29:21.129091" level="INFO">User removed from database</msg>
<arg>${wrong_password}[email]</arg>
<status status="PASS" start="2025-07-02T10:29:21.127633" elapsed="0.001558"/>
</kw>
<kw name="Take Screenshot" owner="Browser" type="TEARDOWN">
<msg time="2025-07-02T10:29:21.401098" level="INFO" html="true">&lt;/td&gt;&lt;/tr&gt;&lt;tr&gt;&lt;td colspan="3"&gt;&lt;a href="browser/screenshot/robotframework-browser-screenshot-2.png" target="_blank"&gt;&lt;img src="browser/screenshot/robotframework-browser-screenshot-2.png" width="800px"/&gt;&lt;/a&gt;</msg>
<tag>PageContent</tag>
<doc>Takes a screenshot of the current window or element and saves it to disk.</doc>
<status status="PASS" start="2025-07-02T10:29:21.129832" elapsed="0.271577"/>
</kw>
<msg time="2025-07-02T10:29:21.452572" level="INFO">Switching context to context=0f828901-8a1f-4862-9cf2-305551a16b59 in CURRENT</msg>
<msg time="2025-07-02T10:29:21.462630" level="INFO">Successfully changed active context: context=0f828901-8a1f-4862-9cf2-305551a16b59</msg>
<msg time="2025-07-02T10:29:21.546959" level="INFO">Successfully closed Context</msg>
<tag>AUTH-002</tag>
<tag>CIN11</tag>
<status status="PASS" start="2025-07-02T10:29:18.785104" elapsed="2.616845"/>
</test>
<doc>Cenários de testes do login de usuário</doc>
<status status="PASS" start="2025-07-02T10:29:13.268615" elapsed="8.347327"/>
</suite>
<suite id="s1-s1-s2" name="Logout" source="C:\Users\cassi\OneDrive\Área de Trabalho\Cinema-challenge\robot-framework\tests\auth\logout.robot">
<test id="s1-s1-s2-t1" name="Should display logout button after successful login" line="9">
<kw name="Start Session" owner="base" type="SETUP">
<kw name="New Browser" owner="Browser">
<msg time="2025-07-02T10:29:21.716433" level="INFO">Switching browser to browser=4697586e-d856-4768-92e4-3dcffa7093a7</msg>
<msg time="2025-07-02T10:29:21.720972" level="INFO">Successfully changed active browser: browser=4697586e-d856-4768-92e4-3dcffa7093a7</msg>
<msg time="2025-07-02T10:29:21.721383" level="INFO">Reusing existing browser with id: browser=4697586e-d856-4768-92e4-3dcffa7093a7</msg>
<arg>browser=chromium</arg>
<arg>headless=${False}</arg>
<tag>BrowserControl</tag>
<tag>Setter</tag>
<doc>Create a new playwright Browser with specified options.</doc>
<status status="PASS" start="2025-07-02T10:29:21.715594" elapsed="0.005930"/>
</kw>
<kw name="New Page" owner="Browser">
<msg time="2025-07-02T10:29:23.375812" level="INFO">Successfully initialized new page object and opened url: http://localhost:3002</msg>
<msg time="2025-07-02T10:29:23.375893" level="INFO">No context was open. New context was automatically opened when this page is created.</msg>
<arg>${BASE_URL}</arg>
<tag>BrowserControl</tag>
<tag>Setter</tag>
<doc>Open a new Page.</doc>
<status status="PASS" start="2025-07-02T10:29:21.721914" elapsed="1.654155"/>
</kw>
<status status="PASS" start="2025-07-02T10:29:21.714893" elapsed="1.661359"/>
</kw>
<kw name="Create Dictionary" owner="BuiltIn">
<msg time="2025-07-02T10:29:23.377646" level="INFO">${user} = {'name': 'Login User', 'email': 'loginuser@test.com', 'password': 'senha123'}</msg>
<var>${user}</var>
<arg>name=Login User</arg>
<arg>email=loginuser@test.com</arg>
<arg>password=senha123</arg>
<doc>Creates and returns a dictionary based on the given ``items``.</doc>
<status status="PASS" start="2025-07-02T10:29:23.377020" elapsed="0.000686"/>
</kw>
<kw name="Go to signup Page" owner="SignupPage">
<kw name="Go To" owner="Browser">
<msg time="2025-07-02T10:29:23.510696" level="INFO">Successfully opened URL http://localhost:3002/register</msg>
<arg>${BASE_URL}/register</arg>
<tag>BrowserControl</tag>
<tag>Setter</tag>
<doc>Navigates to the given ``url``.</doc>
<status status="PASS" start="2025-07-02T10:29:23.378590" elapsed="0.132383"/>
</kw>
<kw name="Wait For Elements State" owner="Browser">
<msg time="2025-07-02T10:29:23.609664" level="INFO">Waited for Element with selector xpath=//p[contains(text(), 'Crie sua conta para reservar ingressos')] at state visible</msg>
<arg>${SUBMIT_MESSAGE}</arg>
<arg>visible</arg>
<arg>5</arg>
<tag>PageContent</tag>
<tag>Wait</tag>
<doc>Waits for the element found by ``selector`` to satisfy state option.</doc>
<status status="PASS" start="2025-07-02T10:29:23.511307" elapsed="0.098545"/>
</kw>
<status status="PASS" start="2025-07-02T10:29:23.378136" elapsed="0.231841"/>
</kw>
<kw name="Submit signup form" owner="SignupPage">
<kw name="Fill Text" owner="Browser">
<msg time="2025-07-02T10:29:23.611526" level="INFO">Fills the text 'Login User' in the given field.</msg>
<arg>css=#name</arg>
<arg>${user}[name]</arg>
<tag>PageContent</tag>
<tag>Setter</tag>
<doc>Clears and fills the given ``txt`` into the text field found by ``selector``.</doc>
<status status="PASS" start="2025-07-02T10:29:23.610935" elapsed="0.020445"/>
</kw>
<kw name="Fill Text" owner="Browser">
<msg time="2025-07-02T10:29:23.632529" level="INFO">Fills the text 'loginuser@test.com' in the given field.</msg>
<arg>css=#email</arg>
<arg>${user}[email]</arg>
<tag>PageContent</tag>
<tag>Setter</tag>
<doc>Clears and fills the given ``txt`` into the text field found by ``selector``.</doc>
<status status="PASS" start="2025-07-02T10:29:23.631653" elapsed="0.027976"/>
</kw>
<kw name="Fill Text" owner="Browser">
<msg time="2025-07-02T10:29:23.660586" level="INFO">Fills the text 'senha123' in the given field.</msg>
<arg>css=#password</arg>
<arg>${user}[password]</arg>
<tag>PageContent</tag>
<tag>Setter</tag>
<doc>Clears and fills the given ``txt`` into the text field found by ``selector``.</doc>
<status status="PASS" start="2025-07-02T10:29:23.659894" elapsed="0.015973"/>
</kw>
<kw name="Fill Text" owner="Browser">
<msg time="2025-07-02T10:29:23.676821" level="INFO">Fills the text 'senha123' in the given field.</msg>
<arg>css=#confirmPassword</arg>
<arg>${user}[password]</arg>
<tag>PageContent</tag>
<tag>Setter</tag>
<doc>Clears and fills the given ``txt`` into the text field found by ``selector``.</doc>
<status status="PASS" start="2025-07-02T10:29:23.676191" elapsed="0.013192"/>
</kw>
<kw name="Click" owner="Browser">
<msg time="2025-07-02T10:29:23.690297" level="INFO">Clicks the element 'css=button[type=submit] &gt;&gt; text=Cadastrar'.</msg>
<arg>${SUBMIT_BUTTON}</arg>
<tag>PageContent</tag>
<tag>Setter</tag>
<doc>Simulates mouse click on the element found by ``selector``.</doc>
<status status="PASS" start="2025-07-02T10:29:23.689623" elapsed="0.061261"/>
</kw>
<arg>${user}</arg>
<status status="PASS" start="2025-07-02T10:29:23.610373" elapsed="0.140729"/>
</kw>
<kw name="Wait For Elements State" owner="Browser">
<msg time="2025-07-02T10:29:24.024947" level="INFO">Waited for Element with selector css=.btn-logout at state visible</msg>
<arg>css=.btn-logout</arg>
<arg>visible</arg>
<arg>5s</arg>
<tag>PageContent</tag>
<tag>Wait</tag>
<doc>Waits for the element found by ``selector`` to satisfy state option.</doc>
<status status="PASS" start="2025-07-02T10:29:23.751831" elapsed="0.273308"/>
</kw>
<kw name="Remove user from database" owner="database">
<msg time="2025-07-02T10:29:24.027858" level="INFO">User removed from database</msg>
<arg>${user}[email]</arg>
<status status="PASS" start="2025-07-02T10:29:24.025692" elapsed="0.002260"/>
</kw>
<kw name="Take Screenshot" owner="Browser" type="TEARDOWN">
<msg time="2025-07-02T10:29:24.344468" level="INFO" html="true">&lt;/td&gt;&lt;/tr&gt;&lt;tr&gt;&lt;td colspan="3"&gt;&lt;a href="browser/screenshot/robotframework-browser-screenshot-3.png" target="_blank"&gt;&lt;img src="browser/screenshot/robotframework-browser-screenshot-3.png" width="800px"/&gt;&lt;/a&gt;</msg>
<tag>PageContent</tag>
<doc>Takes a screenshot of the current window or element and saves it to disk.</doc>
<status status="PASS" start="2025-07-02T10:29:24.028444" elapsed="0.316241"/>
</kw>
<msg time="2025-07-02T10:29:24.364867" level="INFO">Switching context to context=d6256d4d-61b2-42be-a9cc-f5c9edf68f39 in CURRENT</msg>
<msg time="2025-07-02T10:29:24.375957" level="INFO">Successfully changed active context: context=d6256d4d-61b2-42be-a9cc-f5c9edf68f39</msg>
<msg time="2025-07-02T10:29:24.449898" level="INFO">Successfully closed Context</msg>
<tag>AUTH-003</tag>
<tag>CIN17</tag>
<tag>UI</tag>
<status status="PASS" start="2025-07-02T10:29:21.710294" elapsed="2.634803"/>
</test>
<test id="s1-s1-s2-t2" name="Should logout successfully" line="21">
<kw name="Start Session" owner="base" type="SETUP">
<kw name="New Browser" owner="Browser">
<msg time="2025-07-02T10:29:24.467175" level="INFO">Switching browser to browser=4697586e-d856-4768-92e4-3dcffa7093a7</msg>
<msg time="2025-07-02T10:29:24.471528" level="INFO">Successfully changed active browser: browser=4697586e-d856-4768-92e4-3dcffa7093a7</msg>
<msg time="2025-07-02T10:29:24.471843" level="INFO">Reusing existing browser with id: browser=4697586e-d856-4768-92e4-3dcffa7093a7</msg>
<arg>browser=chromium</arg>
<arg>headless=${False}</arg>
<tag>BrowserControl</tag>
<tag>Setter</tag>
<doc>Create a new playwright Browser with specified options.</doc>
<status status="PASS" start="2025-07-02T10:29:24.464920" elapsed="0.007073"/>
</kw>
<kw name="New Page" owner="Browser">
<msg time="2025-07-02T10:29:26.099365" level="INFO">Successfully initialized new page object and opened url: http://localhost:3002</msg>
<msg time="2025-07-02T10:29:26.099564" level="INFO">No context was open. New context was automatically opened when this page is created.</msg>
<arg>${BASE_URL}</arg>
<tag>BrowserControl</tag>
<tag>Setter</tag>
<doc>Open a new Page.</doc>
<status status="PASS" start="2025-07-02T10:29:24.472358" elapsed="1.627537"/>
</kw>
<status status="PASS" start="2025-07-02T10:29:24.463036" elapsed="1.637114"/>
</kw>
<kw name="Create Dictionary" owner="BuiltIn">
<msg time="2025-07-02T10:29:26.101442" level="INFO">${user} = {'name': 'UserLogout', 'email': 'userlogout@gmail.com', 'password': 'new123456'}</msg>
<var>${user}</var>
<arg>name=UserLogout</arg>
<arg>email=userlogout@gmail.com</arg>
<arg>password=new123456</arg>
<doc>Creates and returns a dictionary based on the given ``items``.</doc>
<status status="PASS" start="2025-07-02T10:29:26.100701" elapsed="0.000827"/>
</kw>
<kw name="Go to signup Page" owner="SignupPage">
<kw name="Go To" owner="Browser">
<msg time="2025-07-02T10:29:26.224093" level="INFO">Successfully opened URL http://localhost:3002/register</msg>
<arg>${BASE_URL}/register</arg>
<tag>BrowserControl</tag>
<tag>Setter</tag>
<doc>Navigates to the given ``url``.</doc>
<status status="PASS" start="2025-07-02T10:29:26.103563" elapsed="0.120720"/>
</kw>
<kw name="Wait For Elements State" owner="Browser">
<msg time="2025-07-02T10:29:26.310087" level="INFO">Waited for Element with selector xpath=//p[contains(text(), 'Crie sua conta para reservar ingressos')] at state visible</msg>
<arg>${SUBMIT_MESSAGE}</arg>
<arg>visible</arg>
<arg>5</arg>
<tag>PageContent</tag>
<tag>Wait</tag>
<doc>Waits for the element found by ``selector`` to satisfy state option.</doc>
<status status="PASS" start="2025-07-02T10:29:26.224531" elapsed="0.085715"/>
</kw>
<status status="PASS" start="2025-07-02T10:29:26.102627" elapsed="0.207730"/>
</kw>
<kw name="Submit signup form" owner="SignupPage">
<kw name="Fill Text" owner="Browser">
<msg time="2025-07-02T10:29:26.311746" level="INFO">Fills the text 'UserLogout' in the given field.</msg>
<arg>css=#name</arg>
<arg>${user}[name]</arg>
<tag>PageContent</tag>
<tag>Setter</tag>
<doc>Clears and fills the given ``txt`` into the text field found by ``selector``.</doc>
<status status="PASS" start="2025-07-02T10:29:26.311238" elapsed="0.020312"/>
</kw>
<kw name="Fill Text" owner="Browser">
<msg time="2025-07-02T10:29:26.333522" level="INFO">Fills the text 'userlogout@gmail.com' in the given field.</msg>
<arg>css=#email</arg>
<arg>${user}[email]</arg>
<tag>PageContent</tag>
<tag>Setter</tag>
<doc>Clears and fills the given ``txt`` into the text field found by ``selector``.</doc>
<status status="PASS" start="2025-07-02T10:29:26.331959" elapsed="0.027806"/>
</kw>
<kw name="Fill Text" owner="Browser">
<msg time="2025-07-02T10:29:26.360929" level="INFO">Fills the text 'new123456' in the given field.</msg>
<arg>css=#password</arg>
<arg>${user}[password]</arg>
<tag>PageContent</tag>
<tag>Setter</tag>
<doc>Clears and fills the given ``txt`` into the text field found by ``selector``.</doc>
<status status="PASS" start="2025-07-02T10:29:26.360002" elapsed="0.020516"/>
</kw>
<kw name="Fill Text" owner="Browser">
<msg time="2025-07-02T10:29:26.381612" level="INFO">Fills the text 'new123456' in the given field.</msg>
<arg>css=#confirmPassword</arg>
<arg>${user}[password]</arg>
<tag>PageContent</tag>
<tag>Setter</tag>
<doc>Clears and fills the given ``txt`` into the text field found by ``selector``.</doc>
<status status="PASS" start="2025-07-02T10:29:26.380768" elapsed="0.013379"/>
</kw>
<kw name="Click" owner="Browser">
<msg time="2025-07-02T10:29:26.395361" level="INFO">Clicks the element 'css=button[type=submit] &gt;&gt; text=Cadastrar'.</msg>
<arg>${SUBMIT_BUTTON}</arg>
<tag>PageContent</tag>
<tag>Setter</tag>
<doc>Simulates mouse click on the element found by ``selector``.</doc>
<status status="PASS" start="2025-07-02T10:29:26.394463" elapsed="0.064498"/>
</kw>
<arg>${user}</arg>
<status status="PASS" start="2025-07-02T10:29:26.310741" elapsed="0.148429"/>
</kw>
<kw name="Logout user" owner="LoggedUserPage">
<kw name="Click" owner="Browser">
<msg time="2025-07-02T10:29:26.461318" level="INFO">Clicks the element 'css=.btn-logout &gt;&gt; text=Sair'.</msg>
<arg>css=.btn-logout &gt;&gt; text=Sair</arg>
<tag>PageContent</tag>
<tag>Setter</tag>
<doc>Simulates mouse click on the element found by ``selector``.</doc>
<status status="PASS" start="2025-07-02T10:29:26.460498" elapsed="0.317685"/>
</kw>
<status status="PASS" start="2025-07-02T10:29:26.459699" elapsed="0.318623"/>
</kw>
<kw name="Verify Login Page" owner="Login">
<kw name="Wait For Elements State" owner="Browser">
<msg time="2025-07-02T10:29:26.788838" level="INFO">Waited for Element with selector xpath=//p[contains(text(), 'Entre com suas credenciais para acessar sua conta')] at state visible</msg>
<arg>${LOGIN_MESSAGE}</arg>
<arg>visible</arg>
<arg>5</arg>
<tag>PageContent</tag>
<tag>Wait</tag>
<doc>Waits for the element found by ``selector`` to satisfy state option.</doc>
<status status="PASS" start="2025-07-02T10:29:26.779234" elapsed="0.009777"/>
</kw>
<status status="PASS" start="2025-07-02T10:29:26.778687" elapsed="0.010446"/>
</kw>
<kw name="Remove user from database" owner="database">
<msg time="2025-07-02T10:29:26.790819" level="INFO">User removed from database</msg>
<arg>${user}[email]</arg>
<status status="PASS" start="2025-07-02T10:29:26.789404" elapsed="0.001487"/>
</kw>
<kw name="Token should not exist in local storage" owner="LoggedUserPage">
<kw name="LocalStorage Get Item" owner="Browser">
<msg time="2025-07-02T10:29:26.803770" level="INFO">JavaScript executed successfully.</msg>
<msg time="2025-07-02T10:29:26.803969" level="INFO">${token} = None</msg>
<var>${token}</var>
<arg>token</arg>
<tag>Assertion</tag>
<tag>Getter</tag>
<tag>PageContent</tag>
<doc>Get saved data from the local storage.</doc>
<status status="PASS" start="2025-07-02T10:29:26.791765" elapsed="0.012242"/>
</kw>
<kw name="Log" owner="BuiltIn">
<msg time="2025-07-02T10:29:26.804577" level="INFO">Valor atual do token: None</msg>
<arg>Valor atual do token: ${token}</arg>
<doc>Logs the given message with the given level.</doc>
<status status="PASS" start="2025-07-02T10:29:26.804207" elapsed="0.000426"/>
</kw>
<kw name="Should Be Equal" owner="BuiltIn">
<arg>${token}</arg>
<arg>${None}</arg>
<doc>Fails if the given objects are unequal.</doc>
<status status="PASS" start="2025-07-02T10:29:26.804798" elapsed="0.000336"/>
</kw>
<status status="PASS" start="2025-07-02T10:29:26.791297" elapsed="0.013932"/>
</kw>
<kw name="Take Screenshot" owner="Browser" type="TEARDOWN">
<msg time="2025-07-02T10:29:27.086443" level="INFO" html="true">&lt;/td&gt;&lt;/tr&gt;&lt;tr&gt;&lt;td colspan="3"&gt;&lt;a href="browser/screenshot/robotframework-browser-screenshot-4.png" target="_blank"&gt;&lt;img src="browser/screenshot/robotframework-browser-screenshot-4.png" width="800px"/&gt;&lt;/a&gt;</msg>
<tag>PageContent</tag>
<doc>Takes a screenshot of the current window or element and saves it to disk.</doc>
<status status="PASS" start="2025-07-02T10:29:26.805647" elapsed="0.281029"/>
</kw>
<msg time="2025-07-02T10:29:27.103613" level="INFO">Switching context to context=5de58a2d-d008-431a-a53c-afcd6c403a0a in CURRENT</msg>
<msg time="2025-07-02T10:29:27.112679" level="INFO">Successfully changed active context: context=5de58a2d-d008-431a-a53c-afcd6c403a0a</msg>
<msg time="2025-07-02T10:29:27.212758" level="INFO">Successfully closed Context</msg>
<tag>AUTH-003</tag>
<tag>CIN18</tag>
<status status="PASS" start="2025-07-02T10:29:24.456881" elapsed="2.630596"/>
</test>
<test id="s1-s1-s2-t3" name="Should not access protected routes after logout" line="35">
<kw name="Start Session" owner="base" type="SETUP">
<kw name="New Browser" owner="Browser">
<msg time="2025-07-02T10:29:27.227542" level="INFO">Switching browser to browser=4697586e-d856-4768-92e4-3dcffa7093a7</msg>
<msg time="2025-07-02T10:29:27.231411" level="INFO">Successfully changed active browser: browser=4697586e-d856-4768-92e4-3dcffa7093a7</msg>
<msg time="2025-07-02T10:29:27.231749" level="INFO">Reusing existing browser with id: browser=4697586e-d856-4768-92e4-3dcffa7093a7</msg>
<arg>browser=chromium</arg>
<arg>headless=${False}</arg>
<tag>BrowserControl</tag>
<tag>Setter</tag>
<doc>Create a new playwright Browser with specified options.</doc>
<status status="PASS" start="2025-07-02T10:29:27.226204" elapsed="0.006026"/>
</kw>
<kw name="New Page" owner="Browser">
<msg time="2025-07-02T10:29:28.940247" level="INFO">Successfully initialized new page object and opened url: http://localhost:3002</msg>
<msg time="2025-07-02T10:29:28.940318" level="INFO">No context was open. New context was automatically opened when this page is created.</msg>
<arg>${BASE_URL}</arg>
<tag>BrowserControl</tag>
<tag>Setter</tag>
<doc>Open a new Page.</doc>
<status status="PASS" start="2025-07-02T10:29:27.233281" elapsed="1.707190"/>
</kw>
<status status="PASS" start="2025-07-02T10:29:27.225171" elapsed="1.715463"/>
</kw>
<kw name="Create Dictionary" owner="BuiltIn">
<msg time="2025-07-02T10:29:28.942149" level="INFO">${user} = {'name': 'User Not Access', 'email': 'usernotaccess@gmail.com', 'password': 'new123456'}</msg>
<var>${user}</var>
<arg>name=User Not Access</arg>
<arg>email=usernotaccess@gmail.com</arg>
<arg>password=new123456</arg>
<doc>Creates and returns a dictionary based on the given ``items``.</doc>
<status status="PASS" start="2025-07-02T10:29:28.941240" elapsed="0.000973"/>
</kw>
<kw name="Go to signup Page" owner="SignupPage">
<kw name="Go To" owner="Browser">
<msg time="2025-07-02T10:29:29.061380" level="INFO">Successfully opened URL http://localhost:3002/register</msg>
<arg>${BASE_URL}/register</arg>
<tag>BrowserControl</tag>
<tag>Setter</tag>
<doc>Navigates to the given ``url``.</doc>
<status status="PASS" start="2025-07-02T10:29:28.943079" elapsed="0.118562"/>
</kw>
<kw name="Wait For Elements State" owner="Browser">
<msg time="2025-07-02T10:29:29.153282" level="INFO">Waited for Element with selector xpath=//p[contains(text(), 'Crie sua conta para reservar ingressos')] at state visible</msg>
<arg>${SUBMIT_MESSAGE}</arg>
<arg>visible</arg>
<arg>5</arg>
<tag>PageContent</tag>
<tag>Wait</tag>
<doc>Waits for the element found by ``selector`` to satisfy state option.</doc>
<status status="PASS" start="2025-07-02T10:29:29.061939" elapsed="0.091516"/>
</kw>
<status status="PASS" start="2025-07-02T10:29:28.942615" elapsed="0.210951"/>
</kw>
<kw name="Submit signup form" owner="SignupPage">
<kw name="Fill Text" owner="Browser">
<msg time="2025-07-02T10:29:29.155301" level="INFO">Fills the text 'User Not Access' in the given field.</msg>
<arg>css=#name</arg>
<arg>${user}[name]</arg>
<tag>PageContent</tag>
<tag>Setter</tag>
<doc>Clears and fills the given ``txt`` into the text field found by ``selector``.</doc>
<status status="PASS" start="2025-07-02T10:29:29.154667" elapsed="0.021082"/>
</kw>
<kw name="Fill Text" owner="Browser">
<msg time="2025-07-02T10:29:29.179668" level="INFO">Fills the text 'usernotaccess@gmail.com' in the given field.</msg>
<arg>css=#email</arg>
<arg>${user}[email]</arg>
<tag>PageContent</tag>
<tag>Setter</tag>
<doc>Clears and fills the given ``txt`` into the text field found by ``selector``.</doc>
<status status="PASS" start="2025-07-02T10:29:29.176307" elapsed="0.031177"/>
</kw>
<kw name="Fill Text" owner="Browser">
<msg time="2025-07-02T10:29:29.208669" level="INFO">Fills the text 'new123456' in the given field.</msg>
<arg>css=#password</arg>
<arg>${user}[password]</arg>
<tag>PageContent</tag>
<tag>Setter</tag>
<doc>Clears and fills the given ``txt`` into the text field found by ``selector``.</doc>
<status status="PASS" start="2025-07-02T10:29:29.207848" elapsed="0.015833"/>
</kw>
<kw name="Fill Text" owner="Browser">
<msg time="2025-07-02T10:29:29.224575" level="INFO">Fills the text 'new123456' in the given field.</msg>
<arg>css=#confirmPassword</arg>
<arg>${user}[password]</arg>
<tag>PageContent</tag>
<tag>Setter</tag>
<doc>Clears and fills the given ``txt`` into the text field found by ``selector``.</doc>
<status status="PASS" start="2025-07-02T10:29:29.223940" elapsed="0.013503"/>
</kw>
<kw name="Click" owner="Browser">
<msg time="2025-07-02T10:29:29.238411" level="INFO">Clicks the element 'css=button[type=submit] &gt;&gt; text=Cadastrar'.</msg>
<arg>${SUBMIT_BUTTON}</arg>
<tag>PageContent</tag>
<tag>Setter</tag>
<doc>Simulates mouse click on the element found by ``selector``.</doc>
<status status="PASS" start="2025-07-02T10:29:29.237671" elapsed="0.049045"/>
</kw>
<arg>${user}</arg>
<status status="PASS" start="2025-07-02T10:29:29.153988" elapsed="0.132904"/>
</kw>
<kw name="Logout user" owner="LoggedUserPage">
<kw name="Click" owner="Browser">
<msg time="2025-07-02T10:29:29.288863" level="INFO">Clicks the element 'css=.btn-logout &gt;&gt; text=Sair'.</msg>
<arg>css=.btn-logout &gt;&gt; text=Sair</arg>
<tag>PageContent</tag>
<tag>Setter</tag>
<doc>Simulates mouse click on the element found by ``selector``.</doc>
<status status="PASS" start="2025-07-02T10:29:29.288146" elapsed="0.307383"/>
</kw>
<status status="PASS" start="2025-07-02T10:29:29.287400" elapsed="0.308296"/>
</kw>
<kw name="Go to profile page" owner="Profile">
<kw name="Go To" owner="Browser">
<msg time="2025-07-02T10:29:29.702588" level="INFO">Successfully opened URL http://localhost:3002/profile</msg>
<arg>${BASE_URL}/profile</arg>
<tag>BrowserControl</tag>
<tag>Setter</tag>
<doc>Navigates to the given ``url``.</doc>
<status status="PASS" start="2025-07-02T10:29:29.597778" elapsed="0.105016"/>
</kw>
<status status="PASS" start="2025-07-02T10:29:29.596560" elapsed="0.106376"/>
</kw>
<kw name="Wait For Elements State" owner="Browser">
<msg time="2025-07-02T10:29:29.778765" level="INFO">Waited for Element with selector xpath=//p[contains(text(), 'Entre com suas credenciais para acessar sua conta')] at state visible</msg>
<arg>${LOGIN_MESSAGE}</arg>
<arg>visible</arg>
<arg>10s</arg>
<tag>PageContent</tag>
<tag>Wait</tag>
<doc>Waits for the element found by ``selector`` to satisfy state option.</doc>
<status status="PASS" start="2025-07-02T10:29:29.703297" elapsed="0.075780"/>
</kw>
<kw name="Verify Login Page" owner="Login">
<kw name="Wait For Elements State" owner="Browser">
<msg time="2025-07-02T10:29:29.789867" level="INFO">Waited for Element with selector xpath=//p[contains(text(), 'Entre com suas credenciais para acessar sua conta')] at state visible</msg>
<arg>${LOGIN_MESSAGE}</arg>
<arg>visible</arg>
<arg>5</arg>
<tag>PageContent</tag>
<tag>Wait</tag>
<doc>Waits for the element found by ``selector`` to satisfy state option.</doc>
<status status="PASS" start="2025-07-02T10:29:29.781075" elapsed="0.008960"/>
</kw>
<status status="PASS" start="2025-07-02T10:29:29.779970" elapsed="0.010193"/>
</kw>
<kw name="Remove user from database" owner="database">
<msg time="2025-07-02T10:29:29.792237" level="INFO">User removed from database</msg>
<arg>${user}[email]</arg>
<status status="PASS" start="2025-07-02T10:29:29.790648" elapsed="0.001679"/>
</kw>
<kw name="Take Screenshot" owner="Browser" type="TEARDOWN">
<msg time="2025-07-02T10:29:30.010381" level="INFO" html="true">&lt;/td&gt;&lt;/tr&gt;&lt;tr&gt;&lt;td colspan="3"&gt;&lt;a href="browser/screenshot/robotframework-browser-screenshot-5.png" target="_blank"&gt;&lt;img src="browser/screenshot/robotframework-browser-screenshot-5.png" width="800px"/&gt;&lt;/a&gt;</msg>
<tag>PageContent</tag>
<doc>Takes a screenshot of the current window or element and saves it to disk.</doc>
<status status="PASS" start="2025-07-02T10:29:29.792921" elapsed="0.217813"/>
</kw>
<msg time="2025-07-02T10:29:30.026595" level="INFO">Switching context to context=1c87c41c-c56c-4166-9ae2-ae60339fb8ef in CURRENT</msg>
<msg time="2025-07-02T10:29:30.036512" level="INFO">Successfully changed active context: context=1c87c41c-c56c-4166-9ae2-ae60339fb8ef</msg>
<msg time="2025-07-02T10:29:30.131028" level="INFO">Successfully closed Context</msg>
<tag>AUTH-003</tag>
<tag>CIN19</tag>
<status status="PASS" start="2025-07-02T10:29:27.215866" elapsed="2.795328"/>
</test>
<test id="s1-s1-s2-t4" name="Should hide user menu links after logout" line="49">
<kw name="Start Session" owner="base" type="SETUP">
<kw name="New Browser" owner="Browser">
<msg time="2025-07-02T10:29:30.146053" level="INFO">Switching browser to browser=4697586e-d856-4768-92e4-3dcffa7093a7</msg>
<msg time="2025-07-02T10:29:30.149740" level="INFO">Successfully changed active browser: browser=4697586e-d856-4768-92e4-3dcffa7093a7</msg>
<msg time="2025-07-02T10:29:30.150017" level="INFO">Reusing existing browser with id: browser=4697586e-d856-4768-92e4-3dcffa7093a7</msg>
<arg>browser=chromium</arg>
<arg>headless=${False}</arg>
<tag>BrowserControl</tag>
<tag>Setter</tag>
<doc>Create a new playwright Browser with specified options.</doc>
<status status="PASS" start="2025-07-02T10:29:30.144409" elapsed="0.005771"/>
</kw>
<kw name="New Page" owner="Browser">
<msg time="2025-07-02T10:29:31.735010" level="INFO">Successfully initialized new page object and opened url: http://localhost:3002</msg>
<msg time="2025-07-02T10:29:31.735085" level="INFO">No context was open. New context was automatically opened when this page is created.</msg>
<arg>${BASE_URL}</arg>
<tag>BrowserControl</tag>
<tag>Setter</tag>
<doc>Open a new Page.</doc>
<status status="PASS" start="2025-07-02T10:29:30.150723" elapsed="1.584508"/>
</kw>
<status status="PASS" start="2025-07-02T10:29:30.143370" elapsed="1.591970"/>
</kw>
<kw name="Create Dictionary" owner="BuiltIn">
<msg time="2025-07-02T10:29:31.736850" level="INFO">${user} = {'name': 'MenuUser', 'email': 'menuuser@test.com', 'password': 'senha123'}</msg>
<var>${user}</var>
<arg>name=MenuUser</arg>
<arg>email=menuuser@test.com</arg>
<arg>password=senha123</arg>
<doc>Creates and returns a dictionary based on the given ``items``.</doc>
<status status="PASS" start="2025-07-02T10:29:31.735931" elapsed="0.001004"/>
</kw>
<kw name="Go to signup Page" owner="SignupPage">
<kw name="Go To" owner="Browser">
<msg time="2025-07-02T10:29:31.868059" level="INFO">Successfully opened URL http://localhost:3002/register</msg>
<arg>${BASE_URL}/register</arg>
<tag>BrowserControl</tag>
<tag>Setter</tag>
<doc>Navigates to the given ``url``.</doc>
<status status="PASS" start="2025-07-02T10:29:31.737974" elapsed="0.130416"/>
</kw>
<kw name="Wait For Elements State" owner="Browser">
<msg time="2025-07-02T10:29:31.949941" level="INFO">Waited for Element with selector xpath=//p[contains(text(), 'Crie sua conta para reservar ingressos')] at state visible</msg>
<arg>${SUBMIT_MESSAGE}</arg>
<arg>visible</arg>
<arg>5</arg>
<tag>PageContent</tag>
<tag>Wait</tag>
<doc>Waits for the element found by ``selector`` to satisfy state option.</doc>
<status status="PASS" start="2025-07-02T10:29:31.868752" elapsed="0.081389"/>
</kw>
<status status="PASS" start="2025-07-02T10:29:31.737533" elapsed="0.212729"/>
</kw>
<kw name="Submit signup form" owner="SignupPage">
<kw name="Fill Text" owner="Browser">
<msg time="2025-07-02T10:29:31.953084" level="INFO">Fills the text 'MenuUser' in the given field.</msg>
<arg>css=#name</arg>
<arg>${user}[name]</arg>
<tag>PageContent</tag>
<tag>Setter</tag>
<doc>Clears and fills the given ``txt`` into the text field found by ``selector``.</doc>
<status status="PASS" start="2025-07-02T10:29:31.951696" elapsed="0.027022"/>
</kw>
<kw name="Fill Text" owner="Browser">
<msg time="2025-07-02T10:29:31.980532" level="INFO">Fills the text 'menuuser@test.com' in the given field.</msg>
<arg>css=#email</arg>
<arg>${user}[email]</arg>
<tag>PageContent</tag>
<tag>Setter</tag>
<doc>Clears and fills the given ``txt`` into the text field found by ``selector``.</doc>
<status status="PASS" start="2025-07-02T10:29:31.979166" elapsed="0.028956"/>
</kw>
<kw name="Fill Text" owner="Browser">
<msg time="2025-07-02T10:29:32.009151" level="INFO">Fills the text 'senha123' in the given field.</msg>
<arg>css=#password</arg>
<arg>${user}[password]</arg>
<tag>PageContent</tag>
<tag>Setter</tag>
<doc>Clears and fills the given ``txt`` into the text field found by ``selector``.</doc>
<status status="PASS" start="2025-07-02T10:29:32.008388" elapsed="0.020708"/>
</kw>
<kw name="Fill Text" owner="Browser">
<msg time="2025-07-02T10:29:32.031353" level="INFO">Fills the text 'senha123' in the given field.</msg>
<arg>css=#confirmPassword</arg>
<arg>${user}[password]</arg>
<tag>PageContent</tag>
<tag>Setter</tag>
<doc>Clears and fills the given ``txt`` into the text field found by ``selector``.</doc>
<status status="PASS" start="2025-07-02T10:29:32.029361" elapsed="0.012991"/>
</kw>
<kw name="Click" owner="Browser">
<msg time="2025-07-02T10:29:32.043246" level="INFO">Clicks the element 'css=button[type=submit] &gt;&gt; text=Cadastrar'.</msg>
<arg>${SUBMIT_BUTTON}</arg>
<tag>PageContent</tag>
<tag>Setter</tag>
<doc>Simulates mouse click on the element found by ``selector``.</doc>
<status status="PASS" start="2025-07-02T10:29:32.042600" elapsed="0.081114"/>
</kw>
<arg>${user}</arg>
<status status="PASS" start="2025-07-02T10:29:31.950799" elapsed="0.173087"/>
</kw>
<kw name="Wait For Elements State" owner="Browser">
<msg time="2025-07-02T10:29:32.264197" level="INFO">Waited for Element with selector css=a[href="/reservations"] at state visible</msg>
<arg>css=a[href="/reservations"]</arg>
<arg>visible</arg>
<arg>5s</arg>
<tag>PageContent</tag>
<tag>Wait</tag>
<doc>Waits for the element found by ``selector`` to satisfy state option.</doc>
<status status="PASS" start="2025-07-02T10:29:32.124441" elapsed="0.140248"/>
</kw>
<kw name="Wait For Elements State" owner="Browser">
<msg time="2025-07-02T10:29:32.280352" level="INFO">Waited for Element with selector css=a[href="/profile"] at state visible</msg>
<arg>css=a[href="/profile"]</arg>
<arg>visible</arg>
<arg>5s</arg>
<tag>PageContent</tag>
<tag>Wait</tag>
<doc>Waits for the element found by ``selector`` to satisfy state option.</doc>
<status status="PASS" start="2025-07-02T10:29:32.266476" elapsed="0.014277"/>
</kw>
<kw name="Logout user" owner="LoggedUserPage">
<kw name="Click" owner="Browser">
<msg time="2025-07-02T10:29:32.284657" level="INFO">Clicks the element 'css=.btn-logout &gt;&gt; text=Sair'.</msg>
<arg>css=.btn-logout &gt;&gt; text=Sair</arg>
<tag>PageContent</tag>
<tag>Setter</tag>
<doc>Simulates mouse click on the element found by ``selector``.</doc>
<status status="PASS" start="2025-07-02T10:29:32.282687" elapsed="0.176013"/>
</kw>
<status status="PASS" start="2025-07-02T10:29:32.281714" elapsed="0.177143"/>
</kw>
<kw name="Wait For Elements State" owner="Browser">
<msg time="2025-07-02T10:29:32.468952" level="INFO">Waited for Element with selector css=a[href="/reservations"] at state hidden</msg>
<arg>css=a[href="/reservations"]</arg>
<arg>hidden</arg>
<arg>5s</arg>
<tag>PageContent</tag>
<tag>Wait</tag>
<doc>Waits for the element found by ``selector`` to satisfy state option.</doc>
<status status="PASS" start="2025-07-02T10:29:32.459287" elapsed="0.009842"/>
</kw>
<kw name="Wait For Elements State" owner="Browser">
<msg time="2025-07-02T10:29:32.475572" level="INFO">Waited for Element with selector css=a[href="/profile"] at state hidden</msg>
<arg>css=a[href="/profile"]</arg>
<arg>hidden</arg>
<arg>5s</arg>
<tag>PageContent</tag>
<tag>Wait</tag>
<doc>Waits for the element found by ``selector`` to satisfy state option.</doc>
<status status="PASS" start="2025-07-02T10:29:32.469493" elapsed="0.006273"/>
</kw>
<kw name="Remove user from database" owner="database">
<msg time="2025-07-02T10:29:32.478055" level="INFO">User removed from database</msg>
<arg>${user}[email]</arg>
<status status="PASS" start="2025-07-02T10:29:32.476288" elapsed="0.001928"/>
</kw>
<kw name="Take Screenshot" owner="Browser" type="TEARDOWN">
<msg time="2025-07-02T10:29:32.738469" level="INFO" html="true">&lt;/td&gt;&lt;/tr&gt;&lt;tr&gt;&lt;td colspan="3"&gt;&lt;a href="browser/screenshot/robotframework-browser-screenshot-6.png" target="_blank"&gt;&lt;img src="browser/screenshot/robotframework-browser-screenshot-6.png" width="800px"/&gt;&lt;/a&gt;</msg>
<tag>PageContent</tag>
<doc>Takes a screenshot of the current window or element and saves it to disk.</doc>
<status status="PASS" start="2025-07-02T10:29:32.479148" elapsed="0.259477"/>
</kw>
<msg time="2025-07-02T10:29:32.757164" level="INFO">Switching context to context=de0ec0b6-24b9-419f-98c1-0c876484e364 in CURRENT</msg>
<msg time="2025-07-02T10:29:32.773541" level="INFO">Successfully changed active context: context=de0ec0b6-24b9-419f-98c1-0c876484e364</msg>
<msg time="2025-07-02T10:29:32.865264" level="INFO">Successfully closed Context</msg>
<tag>AUTH-003</tag>
<tag>CIN21</tag>
<status status="PASS" start="2025-07-02T10:29:30.135260" elapsed="2.603651"/>
</test>
<doc>Cenários de testes do logout de usuário</doc>
<status status="PASS" start="2025-07-02T10:29:21.655645" elapsed="11.210930"/>
</suite>
<suite id="s1-s1-s3" name="Profile" source="C:\Users\cassi\OneDrive\Área de Trabalho\Cinema-challenge\robot-framework\tests\auth\profile.robot">
<test id="s1-s1-s3-t1" name="Should show users database" line="10">
<kw name="Start Session" owner="base" type="SETUP">
<kw name="New Browser" owner="Browser">
<msg time="2025-07-02T10:29:32.947349" level="INFO">Switching browser to browser=4697586e-d856-4768-92e4-3dcffa7093a7</msg>
<msg time="2025-07-02T10:29:32.950819" level="INFO">Successfully changed active browser: browser=4697586e-d856-4768-92e4-3dcffa7093a7</msg>
<msg time="2025-07-02T10:29:32.951218" level="INFO">Reusing existing browser with id: browser=4697586e-d856-4768-92e4-3dcffa7093a7</msg>
<arg>browser=chromium</arg>
<arg>headless=${False}</arg>
<tag>BrowserControl</tag>
<tag>Setter</tag>
<doc>Create a new playwright Browser with specified options.</doc>
<status status="PASS" start="2025-07-02T10:29:32.946343" elapsed="0.005035"/>
</kw>
<kw name="New Page" owner="Browser">
<msg time="2025-07-02T10:29:34.558379" level="INFO">Successfully initialized new page object and opened url: http://localhost:3002</msg>
<msg time="2025-07-02T10:29:34.558453" level="INFO">No context was open. New context was automatically opened when this page is created.</msg>
<arg>${BASE_URL}</arg>
<tag>BrowserControl</tag>
<tag>Setter</tag>
<doc>Open a new Page.</doc>
<status status="PASS" start="2025-07-02T10:29:32.951718" elapsed="1.606894"/>
</kw>
<status status="PASS" start="2025-07-02T10:29:32.945504" elapsed="1.613223"/>
</kw>
<kw name="Create Dictionary" owner="BuiltIn">
<msg time="2025-07-02T10:29:34.560179" level="INFO">${user} = {'name': 'UserProfile', 'email': 'userprofile@gmail.com', 'password': 'new123456'}</msg>
<var>${user}</var>
<arg>name=UserProfile</arg>
<arg>email=userprofile@gmail.com</arg>
<arg>password=new123456</arg>
<doc>Creates and returns a dictionary based on the given ``items``.</doc>
<status status="PASS" start="2025-07-02T10:29:34.559228" elapsed="0.001058"/>
</kw>
<kw name="Go to signup Page" owner="SignupPage">
<kw name="Go To" owner="Browser">
<msg time="2025-07-02T10:29:34.714516" level="INFO">Successfully opened URL http://localhost:3002/register</msg>
<arg>${BASE_URL}/register</arg>
<tag>BrowserControl</tag>
<tag>Setter</tag>
<doc>Navigates to the given ``url``.</doc>
<status status="PASS" start="2025-07-02T10:29:34.561590" elapsed="0.153174"/>
</kw>
<kw name="Wait For Elements State" owner="Browser">
<msg time="2025-07-02T10:29:34.798138" level="INFO">Waited for Element with selector xpath=//p[contains(text(), 'Crie sua conta para reservar ingressos')] at state visible</msg>
<arg>${SUBMIT_MESSAGE}</arg>
<arg>visible</arg>
<arg>5</arg>
<tag>PageContent</tag>
<tag>Wait</tag>
<doc>Waits for the element found by ``selector`` to satisfy state option.</doc>
<status status="PASS" start="2025-07-02T10:29:34.715109" elapsed="0.083242"/>
</kw>
<status status="PASS" start="2025-07-02T10:29:34.560947" elapsed="0.237578"/>
</kw>
<kw name="Submit signup form" owner="SignupPage">
<kw name="Fill Text" owner="Browser">
<msg time="2025-07-02T10:29:34.800789" level="INFO">Fills the text 'UserProfile' in the given field.</msg>
<arg>css=#name</arg>
<arg>${user}[name]</arg>
<tag>PageContent</tag>
<tag>Setter</tag>
<doc>Clears and fills the given ``txt`` into the text field found by ``selector``.</doc>
<status status="PASS" start="2025-07-02T10:29:34.799896" elapsed="0.023984"/>
</kw>
<kw name="Fill Text" owner="Browser">
<msg time="2025-07-02T10:29:34.825061" level="INFO">Fills the text 'userprofile@gmail.com' in the given field.</msg>
<arg>css=#email</arg>
<arg>${user}[email]</arg>
<tag>PageContent</tag>
<tag>Setter</tag>
<doc>Clears and fills the given ``txt`` into the text field found by ``selector``.</doc>
<status status="PASS" start="2025-07-02T10:29:34.824290" elapsed="0.026992"/>
</kw>
<kw name="Fill Text" owner="Browser">
<msg time="2025-07-02T10:29:34.852476" level="INFO">Fills the text 'new123456' in the given field.</msg>
<arg>css=#password</arg>
<arg>${user}[password]</arg>
<tag>PageContent</tag>
<tag>Setter</tag>
<doc>Clears and fills the given ``txt`` into the text field found by ``selector``.</doc>
<status status="PASS" start="2025-07-02T10:29:34.851604" elapsed="0.015440"/>
</kw>
<kw name="Fill Text" owner="Browser">
<msg time="2025-07-02T10:29:34.868063" level="INFO">Fills the text 'new123456' in the given field.</msg>
<arg>css=#confirmPassword</arg>
<arg>${user}[password]</arg>
<tag>PageContent</tag>
<tag>Setter</tag>
<doc>Clears and fills the given ``txt`` into the text field found by ``selector``.</doc>
<status status="PASS" start="2025-07-02T10:29:34.867332" elapsed="0.011609"/>
</kw>
<kw name="Click" owner="Browser">
<msg time="2025-07-02T10:29:34.880378" level="INFO">Clicks the element 'css=button[type=submit] &gt;&gt; text=Cadastrar'.</msg>
<arg>${SUBMIT_BUTTON}</arg>
<tag>PageContent</tag>
<tag>Setter</tag>
<doc>Simulates mouse click on the element found by ``selector``.</doc>
<status status="PASS" start="2025-07-02T10:29:34.879336" elapsed="0.053416"/>
</kw>
<arg>${user}</arg>
<status status="PASS" start="2025-07-02T10:29:34.799107" elapsed="0.133812"/>
</kw>
<kw name="Click on profile" owner="Profile">
<kw name="Click" owner="Browser">
<msg time="2025-07-02T10:29:34.935039" level="INFO">Clicks the element 'css=a[href="/profile"]'.</msg>
<arg>${PROFILE_LINK}</arg>
<tag>PageContent</tag>
<tag>Setter</tag>
<doc>Simulates mouse click on the element found by ``selector``.</doc>
<status status="PASS" start="2025-07-02T10:29:34.934173" elapsed="0.383634"/>
</kw>
<status status="PASS" start="2025-07-02T10:29:34.933402" elapsed="0.385273"/>
</kw>
<kw name="Submit login" owner="Login">
<kw name="Fill Text" owner="Browser">
<msg time="2025-07-02T10:29:35.322907" level="INFO">Fills the text 'userprofile@gmail.com' in the given field.</msg>
<arg>css=#email</arg>
<arg>${user}[email]</arg>
<tag>PageContent</tag>
<tag>Setter</tag>
<doc>Clears and fills the given ``txt`` into the text field found by ``selector``.</doc>
<status status="PASS" start="2025-07-02T10:29:35.321321" elapsed="0.217790"/>
</kw>
<kw name="Fill Text" owner="Browser">
<msg time="2025-07-02T10:29:35.540393" level="INFO">Fills the text 'new123456' in the given field.</msg>
<arg>css=#password</arg>
<arg>${user}[password]</arg>
<tag>PageContent</tag>
<tag>Setter</tag>
<doc>Clears and fills the given ``txt`` into the text field found by ``selector``.</doc>
<status status="PASS" start="2025-07-02T10:29:35.539473" elapsed="0.026853"/>
</kw>
<kw name="Click" owner="Browser">
<msg time="2025-07-02T10:29:35.567678" level="INFO">Clicks the element 'css=button[type=submit] &gt;&gt; text=Entrar'.</msg>
<arg>${LOGIN_BUTTON}</arg>
<tag>PageContent</tag>
<tag>Setter</tag>
<doc>Simulates mouse click on the element found by ``selector``.</doc>
<status status="PASS" start="2025-07-02T10:29:35.566649" elapsed="0.051674"/>
</kw>
<arg>${user}</arg>
<status status="PASS" start="2025-07-02T10:29:35.320260" elapsed="0.298209"/>
</kw>
<kw name="Click on profile" owner="Profile">
<kw name="Click" owner="Browser">
<msg time="2025-07-02T10:29:35.619954" level="INFO">Clicks the element 'css=a[href="/profile"]'.</msg>
<arg>${PROFILE_LINK}</arg>
<tag>PageContent</tag>
<tag>Setter</tag>
<doc>Simulates mouse click on the element found by ``selector``.</doc>
<status status="PASS" start="2025-07-02T10:29:35.619387" elapsed="0.303622"/>
</kw>
<status status="PASS" start="2025-07-02T10:29:35.618887" elapsed="0.304288"/>
</kw>
<kw name="Get Property" owner="Browser">
<msg time="2025-07-02T10:29:35.978037" level="INFO">Property: 'UserProfile'</msg>
<msg time="2025-07-02T10:29:35.978502" level="INFO">${nome_input} = UserProfile</msg>
<var>${nome_input}</var>
<arg>css=#name</arg>
<arg>value</arg>
<tag>Assertion</tag>
<tag>Getter</tag>
<tag>PageContent</tag>
<doc>Returns the ``property`` of the element found by ``selector``.</doc>
<status status="PASS" start="2025-07-02T10:29:35.923604" elapsed="0.054968"/>
</kw>
<kw name="Get From Dictionary" owner="Collections">
<msg time="2025-07-02T10:29:35.980058" level="INFO">${user_name} = UserProfile</msg>
<var>${user_name}</var>
<arg>${user}</arg>
<arg>name</arg>
<doc>Returns a value from the given ``dictionary`` based on the given ``key``.</doc>
<status status="PASS" start="2025-07-02T10:29:35.979402" elapsed="0.000716"/>
</kw>
<kw name="Should Be Equal" owner="BuiltIn">
<arg>${nome_input}</arg>
<arg>${user_name}</arg>
<doc>Fails if the given objects are unequal.</doc>
<status status="PASS" start="2025-07-02T10:29:35.980746" elapsed="0.000467"/>
</kw>
<kw name="Remove user from database" owner="database">
<msg time="2025-07-02T10:29:35.983315" level="INFO">User removed from database</msg>
<arg>${user}[email]</arg>
<status status="PASS" start="2025-07-02T10:29:35.981515" elapsed="0.001885"/>
</kw>
<kw name="Take Screenshot" owner="Browser" type="TEARDOWN">
<msg time="2025-07-02T10:29:36.164401" level="INFO" html="true">&lt;/td&gt;&lt;/tr&gt;&lt;tr&gt;&lt;td colspan="3"&gt;&lt;a href="browser/screenshot/robotframework-browser-screenshot-7.png" target="_blank"&gt;&lt;img src="browser/screenshot/robotframework-browser-screenshot-7.png" width="800px"/&gt;&lt;/a&gt;</msg>
<tag>PageContent</tag>
<doc>Takes a screenshot of the current window or element and saves it to disk.</doc>
<status status="PASS" start="2025-07-02T10:29:35.983796" elapsed="0.181037"/>
</kw>
<msg time="2025-07-02T10:29:36.184706" level="INFO">Switching context to context=dd07f756-13f5-4c78-899b-10419d0e57ed in CURRENT</msg>
<msg time="2025-07-02T10:29:36.194239" level="INFO">Successfully changed active context: context=dd07f756-13f5-4c78-899b-10419d0e57ed</msg>
<msg time="2025-07-02T10:29:36.278035" level="INFO">Successfully closed Context</msg>
<tag>AUTH-004</tag>
<tag>CIN23</tag>
<status status="PASS" start="2025-07-02T10:29:32.940756" elapsed="3.224439"/>
</test>
<test id="s1-s1-s3-t2" name="Should update user name" line="28">
<kw name="Start Session" owner="base" type="SETUP">
<kw name="New Browser" owner="Browser">
<msg time="2025-07-02T10:29:36.297177" level="INFO">Switching browser to browser=4697586e-d856-4768-92e4-3dcffa7093a7</msg>
<msg time="2025-07-02T10:29:36.301809" level="INFO">Successfully changed active browser: browser=4697586e-d856-4768-92e4-3dcffa7093a7</msg>
<msg time="2025-07-02T10:29:36.301996" level="INFO">Reusing existing browser with id: browser=4697586e-d856-4768-92e4-3dcffa7093a7</msg>
<arg>browser=chromium</arg>
<arg>headless=${False}</arg>
<tag>BrowserControl</tag>
<tag>Setter</tag>
<doc>Create a new playwright Browser with specified options.</doc>
<status status="PASS" start="2025-07-02T10:29:36.295273" elapsed="0.006829"/>
</kw>
<kw name="New Page" owner="Browser">
<msg time="2025-07-02T10:29:37.881189" level="INFO">Successfully initialized new page object and opened url: http://localhost:3002</msg>
<msg time="2025-07-02T10:29:37.881265" level="INFO">No context was open. New context was automatically opened when this page is created.</msg>
<arg>${BASE_URL}</arg>
<tag>BrowserControl</tag>
<tag>Setter</tag>
<doc>Open a new Page.</doc>
<status status="PASS" start="2025-07-02T10:29:36.302409" elapsed="1.579016"/>
</kw>
<status status="PASS" start="2025-07-02T10:29:36.294397" elapsed="1.587180"/>
</kw>
<kw name="Create Dictionary" owner="BuiltIn">
<msg time="2025-07-02T10:29:37.883020" level="INFO">${user} = {'name': 'UserToUpdate', 'email': 'usertoupdate@gmail.com', 'password': 'new123456'}</msg>
<var>${user}</var>
<arg>name=UserToUpdate</arg>
<arg>email=usertoupdate@gmail.com</arg>
<arg>password=new123456</arg>
<doc>Creates and returns a dictionary based on the given ``items``.</doc>
<status status="PASS" start="2025-07-02T10:29:37.882218" elapsed="0.000907"/>
</kw>
<kw name="Reset user in database" owner="database">
<msg time="2025-07-02T10:29:37.958531" level="INFO">Resetting user: usertoupdate@gmail.com
User removed from database
User reset completed.</msg>
<arg>${user}</arg>
<status status="PASS" start="2025-07-02T10:29:37.883482" elapsed="0.075173"/>
</kw>
<kw name="Go to login page" owner="Login">
<kw name="Go To" owner="Browser">
<msg time="2025-07-02T10:29:38.096475" level="INFO">Successfully opened URL http://localhost:3002/login</msg>
<arg>${BASE_URL}/login</arg>
<tag>BrowserControl</tag>
<tag>Setter</tag>
<doc>Navigates to the given ``url``.</doc>
<status status="PASS" start="2025-07-02T10:29:37.960391" elapsed="0.136279"/>
</kw>
<kw name="Wait For Elements State" owner="Browser">
<msg time="2025-07-02T10:29:38.172751" level="INFO">Waited for Element with selector xpath=//p[contains(text(), 'Entre com suas credenciais para acessar sua conta')] at state visible</msg>
<arg>${LOGIN_MESSAGE}</arg>
<arg>visible</arg>
<arg>5</arg>
<tag>PageContent</tag>
<tag>Wait</tag>
<doc>Waits for the element found by ``selector`` to satisfy state option.</doc>
<status status="PASS" start="2025-07-02T10:29:38.096921" elapsed="0.076059"/>
</kw>
<status status="PASS" start="2025-07-02T10:29:37.959383" elapsed="0.213748"/>
</kw>
<kw name="Submit login" owner="Login">
<kw name="Fill Text" owner="Browser">
<msg time="2025-07-02T10:29:38.176624" level="INFO">Fills the text 'usertoupdate@gmail.com' in the given field.</msg>
<arg>css=#email</arg>
<arg>${user}[email]</arg>
<tag>PageContent</tag>
<tag>Setter</tag>
<doc>Clears and fills the given ``txt`` into the text field found by ``selector``.</doc>
<status status="PASS" start="2025-07-02T10:29:38.175445" elapsed="0.022142"/>
</kw>
<kw name="Fill Text" owner="Browser">
<msg time="2025-07-02T10:29:38.199376" level="INFO">Fills the text 'new123456' in the given field.</msg>
<arg>css=#password</arg>
<arg>${user}[password]</arg>
<tag>PageContent</tag>
<tag>Setter</tag>
<doc>Clears and fills the given ``txt`` into the text field found by ``selector``.</doc>
<status status="PASS" start="2025-07-02T10:29:38.198007" elapsed="0.023238"/>
</kw>
<kw name="Click" owner="Browser">
<msg time="2025-07-02T10:29:38.222175" level="INFO">Clicks the element 'css=button[type=submit] &gt;&gt; text=Entrar'.</msg>
<arg>${LOGIN_BUTTON}</arg>
<tag>PageContent</tag>
<tag>Setter</tag>
<doc>Simulates mouse click on the element found by ``selector``.</doc>
<status status="PASS" start="2025-07-02T10:29:38.221483" elapsed="0.095516"/>
</kw>
<arg>${user}</arg>
<status status="PASS" start="2025-07-02T10:29:38.173862" elapsed="0.143327"/>
</kw>
<kw name="Click on profile" owner="Profile">
<kw name="Click" owner="Browser">
<msg time="2025-07-02T10:29:38.319111" level="INFO">Clicks the element 'css=a[href="/profile"]'.</msg>
<arg>${PROFILE_LINK}</arg>
<tag>PageContent</tag>
<tag>Setter</tag>
<doc>Simulates mouse click on the element found by ``selector``.</doc>
<status status="PASS" start="2025-07-02T10:29:38.318372" elapsed="0.338109"/>
</kw>
<status status="PASS" start="2025-07-02T10:29:38.317733" elapsed="0.338894"/>
</kw>
<kw name="Fill profile name and save" owner="Profile">
<kw name="Fill Text" owner="Browser">
<msg time="2025-07-02T10:29:38.659469" level="INFO">Fills the text 'String' in the given field.</msg>
<arg>${INPUT_NAME}</arg>
<arg>${name}</arg>
<tag>PageContent</tag>
<tag>Setter</tag>
<doc>Clears and fills the given ``txt`` into the text field found by ``selector``.</doc>
<status status="PASS" start="2025-07-02T10:29:38.658249" elapsed="0.020546"/>
</kw>
<kw name="Click" owner="Browser">
<msg time="2025-07-02T10:29:38.680950" level="INFO">Clicks the element 'css=button[type=submit] &gt;&gt; text=Salvar alterações'.</msg>
<arg>${SALVAR_ALTERACOES_BTN}</arg>
<tag>PageContent</tag>
<tag>Setter</tag>
<doc>Simulates mouse click on the element found by ``selector``.</doc>
<status status="PASS" start="2025-07-02T10:29:38.679173" elapsed="0.099356"/>
</kw>
<arg>String</arg>
<status status="PASS" start="2025-07-02T10:29:38.657208" elapsed="0.121502"/>
</kw>
<kw name="Modal should contains" owner="Modal">
<kw name="Wait For Elements State" owner="Browser">
<msg time="2025-07-02T10:29:38.805774" level="INFO">Waited for Element with selector .success-modal-overlay at state attached</msg>
<arg>.success-modal-overlay</arg>
<arg>attached</arg>
<arg>timeout=5s</arg>
<tag>PageContent</tag>
<tag>Wait</tag>
<doc>Waits for the element found by ``selector`` to satisfy state option.</doc>
<status status="PASS" start="2025-07-02T10:29:38.780257" elapsed="0.025676"/>
</kw>
<kw name="Get Text" owner="Browser">
<msg time="2025-07-02T10:29:38.839425" level="INFO">Text: 'Perfil atualizado com sucesso'</msg>
<msg time="2025-07-02T10:29:38.839575" level="INFO">${text} = Perfil atualizado com sucesso</msg>
<var>${text}</var>
<arg>css=.success-modal-overlay p</arg>
<tag>Assertion</tag>
<tag>Getter</tag>
<tag>PageContent</tag>
<doc>Returns text attribute of the element found by ``selector``.</doc>
<status status="PASS" start="2025-07-02T10:29:38.806139" elapsed="0.033472"/>
</kw>
<kw name="Should Be Equal" owner="BuiltIn">
<arg>${text}</arg>
<arg>${expected_text}</arg>
<doc>Fails if the given objects are unequal.</doc>
<status status="PASS" start="2025-07-02T10:29:38.839828" elapsed="0.000579"/>
</kw>
<arg>Perfil atualizado com sucesso</arg>
<status status="PASS" start="2025-07-02T10:29:38.779323" elapsed="0.061294"/>
</kw>
<kw name="Wait For Elements State" owner="Browser">
<msg time="2025-07-02T10:29:38.850000" level="INFO">Waited for Element with selector css=.success-modal-overlay button.btn.btn-primary at state visible</msg>
<arg>${MODAL_OK_BUTTON}</arg>
<arg>visible</arg>
<arg>5s</arg>
<tag>PageContent</tag>
<tag>Wait</tag>
<doc>Waits for the element found by ``selector`` to satisfy state option.</doc>
<status status="PASS" start="2025-07-02T10:29:38.841263" elapsed="0.008899"/>
</kw>
<kw name="Click" owner="Browser">
<msg time="2025-07-02T10:29:38.851657" level="INFO">Clicks the element 'css=.success-modal-overlay button.btn.btn-primary'.</msg>
<arg>${MODAL_OK_BUTTON}</arg>
<tag>PageContent</tag>
<tag>Setter</tag>
<doc>Simulates mouse click on the element found by ``selector``.</doc>
<status status="PASS" start="2025-07-02T10:29:38.850717" elapsed="0.435148"/>
</kw>
<kw name="Remove user from database" owner="database">
<msg time="2025-07-02T10:29:39.291575" level="INFO">User removed from database</msg>
<arg>${user}[email]</arg>
<status status="PASS" start="2025-07-02T10:29:39.287322" elapsed="0.004489"/>
</kw>
<kw name="Take Screenshot" owner="Browser" type="TEARDOWN">
<msg time="2025-07-02T10:29:39.499543" level="INFO" html="true">&lt;/td&gt;&lt;/tr&gt;&lt;tr&gt;&lt;td colspan="3"&gt;&lt;a href="browser/screenshot/robotframework-browser-screenshot-8.png" target="_blank"&gt;&lt;img src="browser/screenshot/robotframework-browser-screenshot-8.png" width="800px"/&gt;&lt;/a&gt;</msg>
<tag>PageContent</tag>
<doc>Takes a screenshot of the current window or element and saves it to disk.</doc>
<status status="PASS" start="2025-07-02T10:29:39.292921" elapsed="0.206859"/>
</kw>
<msg time="2025-07-02T10:29:39.515809" level="INFO">Switching context to context=133d8699-4813-4b98-ad64-14b21aec2518 in CURRENT</msg>
<msg time="2025-07-02T10:29:39.529218" level="INFO">Successfully changed active context: context=133d8699-4813-4b98-ad64-14b21aec2518</msg>
<msg time="2025-07-02T10:29:39.619925" level="INFO">Successfully closed Context</msg>
<tag>AUTH-004</tag>
<tag>CIN24</tag>
<status status="PASS" start="2025-07-02T10:29:36.287706" elapsed="3.212483"/>
</test>
<test id="s1-s1-s3-t3" name="Element email should be disable" line="44">
<kw name="Start Session" owner="base" type="SETUP">
<kw name="New Browser" owner="Browser">
<msg time="2025-07-02T10:29:39.627943" level="INFO">Switching browser to browser=4697586e-d856-4768-92e4-3dcffa7093a7</msg>
<msg time="2025-07-02T10:29:39.634839" level="INFO">Successfully changed active browser: browser=4697586e-d856-4768-92e4-3dcffa7093a7</msg>
<msg time="2025-07-02T10:29:39.635086" level="INFO">Reusing existing browser with id: browser=4697586e-d856-4768-92e4-3dcffa7093a7</msg>
<arg>browser=chromium</arg>
<arg>headless=${False}</arg>
<tag>BrowserControl</tag>
<tag>Setter</tag>
<doc>Create a new playwright Browser with specified options.</doc>
<status status="PASS" start="2025-07-02T10:29:39.626720" elapsed="0.008566"/>
</kw>
<kw name="New Page" owner="Browser">
<msg time="2025-07-02T10:29:41.242719" level="INFO">Successfully initialized new page object and opened url: http://localhost:3002</msg>
<msg time="2025-07-02T10:29:41.242849" level="INFO">No context was open. New context was automatically opened when this page is created.</msg>
<arg>${BASE_URL}</arg>
<tag>BrowserControl</tag>
<tag>Setter</tag>
<doc>Open a new Page.</doc>
<status status="PASS" start="2025-07-02T10:29:39.635698" elapsed="1.607547"/>
</kw>
<status status="PASS" start="2025-07-02T10:29:39.625732" elapsed="1.617841"/>
</kw>
<kw name="Create Dictionary" owner="BuiltIn">
<msg time="2025-07-02T10:29:41.244992" level="INFO">${user} = {'name': 'UserNormal', 'email': 'usernormal@gmail.com', 'password': 'new123456'}</msg>
<var>${user}</var>
<arg>name=UserNormal</arg>
<arg>email=usernormal@gmail.com</arg>
<arg>password=new123456</arg>
<doc>Creates and returns a dictionary based on the given ``items``.</doc>
<status status="PASS" start="2025-07-02T10:29:41.244350" elapsed="0.000694"/>
</kw>
<kw name="Reset user in database" owner="database">
<msg time="2025-07-02T10:29:41.323373" level="INFO">Resetting user: usernormal@gmail.com
User removed from database
User reset completed.</msg>
<arg>${user}</arg>
<status status="PASS" start="2025-07-02T10:29:41.245474" elapsed="0.078062"/>
</kw>
<kw name="Go to login page" owner="Login">
<kw name="Go To" owner="Browser">
<msg time="2025-07-02T10:29:41.529204" level="INFO">Successfully opened URL http://localhost:3002/login</msg>
<arg>${BASE_URL}/login</arg>
<tag>BrowserControl</tag>
<tag>Setter</tag>
<doc>Navigates to the given ``url``.</doc>
<status status="PASS" start="2025-07-02T10:29:41.325488" elapsed="0.204008"/>
</kw>
<kw name="Wait For Elements State" owner="Browser">
<msg time="2025-07-02T10:29:41.636453" level="INFO">Waited for Element with selector xpath=//p[contains(text(), 'Entre com suas credenciais para acessar sua conta')] at state visible</msg>
<arg>${LOGIN_MESSAGE}</arg>
<arg>visible</arg>
<arg>5</arg>
<tag>PageContent</tag>
<tag>Wait</tag>
<doc>Waits for the element found by ``selector`` to satisfy state option.</doc>
<status status="PASS" start="2025-07-02T10:29:41.529833" elapsed="0.106808"/>
</kw>
<status status="PASS" start="2025-07-02T10:29:41.324177" elapsed="0.312599"/>
</kw>
<kw name="Submit login" owner="Login">
<kw name="Fill Text" owner="Browser">
<msg time="2025-07-02T10:29:41.638875" level="INFO">Fills the text 'usernormal@gmail.com' in the given field.</msg>
<arg>css=#email</arg>
<arg>${user}[email]</arg>
<tag>PageContent</tag>
<tag>Setter</tag>
<doc>Clears and fills the given ``txt`` into the text field found by ``selector``.</doc>
<status status="PASS" start="2025-07-02T10:29:41.637964" elapsed="0.021530"/>
</kw>
<kw name="Fill Text" owner="Browser">
<msg time="2025-07-02T10:29:41.661356" level="INFO">Fills the text 'new123456' in the given field.</msg>
<arg>css=#password</arg>
<arg>${user}[password]</arg>
<tag>PageContent</tag>
<tag>Setter</tag>
<doc>Clears and fills the given ``txt`` into the text field found by ``selector``.</doc>
<status status="PASS" start="2025-07-02T10:29:41.659953" elapsed="0.023528"/>
</kw>
<kw name="Click" owner="Browser">
<msg time="2025-07-02T10:29:41.684420" level="INFO">Clicks the element 'css=button[type=submit] &gt;&gt; text=Entrar'.</msg>
<arg>${LOGIN_BUTTON}</arg>
<tag>PageContent</tag>
<tag>Setter</tag>
<doc>Simulates mouse click on the element found by ``selector``.</doc>
<status status="PASS" start="2025-07-02T10:29:41.683719" elapsed="0.065801"/>
</kw>
<arg>${user}</arg>
<status status="PASS" start="2025-07-02T10:29:41.637217" elapsed="0.112461"/>
</kw>
<kw name="Click on profile" owner="Profile">
<kw name="Click" owner="Browser">
<msg time="2025-07-02T10:29:41.751765" level="INFO">Clicks the element 'css=a[href="/profile"]'.</msg>
<arg>${PROFILE_LINK}</arg>
<tag>PageContent</tag>
<tag>Setter</tag>
<doc>Simulates mouse click on the element found by ``selector``.</doc>
<status status="PASS" start="2025-07-02T10:29:41.750981" elapsed="0.330926"/>
</kw>
<status status="PASS" start="2025-07-02T10:29:41.750249" elapsed="0.331966"/>
</kw>
<kw name="Get Attribute" owner="Browser">
<msg time="2025-07-02T10:29:42.111053" level="INFO">Attribute is: ''</msg>
<msg time="2025-07-02T10:29:42.111218" level="INFO">${is_disabled} = </msg>
<var>${is_disabled}</var>
<arg>css=#email</arg>
<arg>disabled</arg>
<tag>Assertion</tag>
<tag>Getter</tag>
<tag>PageContent</tag>
<doc>Returns the HTML ``attribute`` of the element found by ``selector``.</doc>
<status status="PASS" start="2025-07-02T10:29:42.082759" elapsed="0.028496"/>
</kw>
<kw name="Should Be Empty" owner="BuiltIn">
<msg time="2025-07-02T10:29:42.112475" level="INFO">Length is 0.</msg>
<arg>${is_disabled}</arg>
<doc>Verifies that the given item is empty.</doc>
<status status="PASS" start="2025-07-02T10:29:42.111833" elapsed="0.000746"/>
</kw>
<kw name="Remove user from database" owner="database">
<msg time="2025-07-02T10:29:42.114621" level="INFO">User removed from database</msg>
<arg>${user}[email]</arg>
<status status="PASS" start="2025-07-02T10:29:42.113122" elapsed="0.001578"/>
</kw>
<kw name="Take Screenshot" owner="Browser" type="TEARDOWN">
<msg time="2025-07-02T10:29:42.294253" level="INFO" html="true">&lt;/td&gt;&lt;/tr&gt;&lt;tr&gt;&lt;td colspan="3"&gt;&lt;a href="browser/screenshot/robotframework-browser-screenshot-9.png" target="_blank"&gt;&lt;img src="browser/screenshot/robotframework-browser-screenshot-9.png" width="800px"/&gt;&lt;/a&gt;</msg>
<tag>PageContent</tag>
<doc>Takes a screenshot of the current window or element and saves it to disk.</doc>
<status status="PASS" start="2025-07-02T10:29:42.115200" elapsed="0.179331"/>
</kw>
<msg time="2025-07-02T10:29:42.313039" level="INFO">Switching context to context=a2a34f89-cf99-49f7-930b-45e2d56baa89 in CURRENT</msg>
<msg time="2025-07-02T10:29:42.318995" level="INFO">Successfully changed active context: context=a2a34f89-cf99-49f7-930b-45e2d56baa89</msg>
<msg time="2025-07-02T10:29:42.394714" level="INFO">Successfully closed Context</msg>
<tag>AUTH-004</tag>
<tag>CIN25</tag>
<status status="PASS" start="2025-07-02T10:29:39.621227" elapsed="2.673600"/>
</test>
<test id="s1-s1-s3-t4" name="Should not update user with empty name" line="58">
<kw name="Start Session" owner="base" type="SETUP">
<kw name="New Browser" owner="Browser">
<msg time="2025-07-02T10:29:42.404240" level="INFO">Switching browser to browser=4697586e-d856-4768-92e4-3dcffa7093a7</msg>
<msg time="2025-07-02T10:29:42.408190" level="INFO">Successfully changed active browser: browser=4697586e-d856-4768-92e4-3dcffa7093a7</msg>
[...]
<msg time="2025-07-02T10:30:10.252472" level="INFO">Switching browser to browser=4697586e-d856-4768-92e4-3dcffa7093a7</msg>
<msg time="2025-07-02T10:30:10.255850" level="INFO">Successfully changed active browser: browser=4697586e-d856-4768-92e4-3dcffa7093a7</msg>
<msg time="2025-07-02T10:30:10.256047" level="INFO">Reusing existing browser with id: browser=4697586e-d856-4768-92e4-3dcffa7093a7</msg>
<arg>browser=chromium</arg>
<arg>headless=${False}</arg>
<tag>BrowserControl</tag>
<tag>Setter</tag>
<doc>Create a new playwright Browser with specified options.</doc>
<status status="PASS" start="2025-07-02T10:30:10.251556" elapsed="0.004585"/>
</kw>
<kw name="New Page" owner="Browser">
<msg time="2025-07-02T10:30:11.810848" level="INFO">Successfully initialized new page object and opened url: http://localhost:3002</msg>
<msg time="2025-07-02T10:30:11.811001" level="INFO">No context was open. New context was automatically opened when this page is created.</msg>
<arg>${BASE_URL}</arg>
<tag>BrowserControl</tag>
<tag>Setter</tag>
<doc>Open a new Page.</doc>
<status status="PASS" start="2025-07-02T10:30:10.256415" elapsed="1.554836"/>
</kw>
<status status="PASS" start="2025-07-02T10:30:10.250817" elapsed="1.560566"/>
</kw>
<kw name="Go to movie page" owner="Movie">
<kw name="Go To" owner="Browser">
<msg time="2025-07-02T10:30:11.927746" level="INFO">Successfully opened URL http://localhost:3002/movies</msg>
<arg>${BASE_URL}/movies</arg>
<tag>BrowserControl</tag>
<tag>Setter</tag>
<doc>Navigates to the given ``url``.</doc>
<status status="PASS" start="2025-07-02T10:30:11.812747" elapsed="0.115290"/>
</kw>
<status status="PASS" start="2025-07-02T10:30:11.811989" elapsed="0.116249"/>
</kw>
<kw name="Click on details movie" owner="Movie">
<kw name="Click" owner="Browser">
<msg time="2025-07-02T10:30:11.930735" level="INFO">Clicks the element 'xpath=//*[@id="root"]/main/div/div[2]/div[1]/div[2]/a'.</msg>
<arg>xpath=//*[@id="root"]/main/div/div[2]/div[1]/div[2]/a</arg>
<tag>PageContent</tag>
<tag>Setter</tag>
<doc>Simulates mouse click on the element found by ``selector``.</doc>
<status status="PASS" start="2025-07-02T10:30:11.929762" elapsed="0.313906"/>
</kw>
<status status="PASS" start="2025-07-02T10:30:11.928822" elapsed="0.315097"/>
</kw>
<kw name="Session list exists" owner="Movie">
<kw name="Run Keyword And Return Status" owner="BuiltIn">
<kw name="Get Element" owner="Browser">
<msg time="2025-07-02T10:30:12.560635" level="INFO">Locator found successfully.</msg>
<arg>.sessions-list</arg>
<tag>Getter</tag>
<tag>PageContent</tag>
<doc>Returns a reference to a Playwright [https://playwright.dev/docs/api/class-locator|Locator].</doc>
<status status="PASS" start="2025-07-02T10:30:12.249557" elapsed="0.311270"/>
</kw>
<msg time="2025-07-02T10:30:12.561010" level="INFO">${has_session} = True</msg>
<var>${has_session}</var>
<arg>Browser.Get Element</arg>
<arg>.sessions-list</arg>
<doc>Runs the given keyword with given arguments and returns the status as a Boolean value.</doc>
<status status="PASS" start="2025-07-02T10:30:12.248704" elapsed="0.312342"/>
</kw>
<kw name="Should Be True" owner="BuiltIn">
<arg>${has_session}</arg>
<arg>Este card não possui .sessions-list</arg>
<doc>Fails if the given condition is not true.</doc>
<status status="PASS" start="2025-07-02T10:30:12.561297" elapsed="0.000481"/>
</kw>
<status status="PASS" start="2025-07-02T10:30:12.247626" elapsed="0.314270"/>
</kw>
<kw name="Take Screenshot" owner="Browser" type="TEARDOWN">
<msg time="2025-07-02T10:30:12.741428" level="INFO" html="true">&lt;/td&gt;&lt;/tr&gt;&lt;tr&gt;&lt;td colspan="3"&gt;&lt;a href="browser/screenshot/robotframework-browser-screenshot-20.png" target="_blank"&gt;&lt;img src="browser/screenshot/robotframework-browser-screenshot-20.png" width="800px"/&gt;&lt;/a&gt;</msg>
<tag>PageContent</tag>
<doc>Takes a screenshot of the current window or element and saves it to disk.</doc>
<status status="PASS" start="2025-07-02T10:30:12.562339" elapsed="0.179372"/>
</kw>
<msg time="2025-07-02T10:30:12.765154" level="INFO">Switching context to context=a643bac6-0893-4973-817e-d807d27baf42 in CURRENT</msg>
<msg time="2025-07-02T10:30:12.776402" level="INFO">Successfully changed active context: context=a643bac6-0893-4973-817e-d807d27baf42</msg>
<msg time="2025-07-02T10:30:12.861560" level="INFO">Successfully closed Context</msg>
<tag>CIN48</tag>
<tag>MOVIE-002</tag>
<status status="PASS" start="2025-07-02T10:30:10.244954" elapsed="2.497122"/>
</test>
<test id="s1-s2-s2-t2" name="Should access seat reservation from session" line="18">
<kw name="Start Session" owner="base" type="SETUP">
<kw name="New Browser" owner="Browser">
<msg time="2025-07-02T10:30:12.871453" level="INFO">Switching browser to browser=4697586e-d856-4768-92e4-3dcffa7093a7</msg>
<msg time="2025-07-02T10:30:12.877257" level="INFO">Successfully changed active browser: browser=4697586e-d856-4768-92e4-3dcffa7093a7</msg>
<msg time="2025-07-02T10:30:12.877562" level="INFO">Reusing existing browser with id: browser=4697586e-d856-4768-92e4-3dcffa7093a7</msg>
<arg>browser=chromium</arg>
<arg>headless=${False}</arg>
<tag>BrowserControl</tag>
<tag>Setter</tag>
<doc>Create a new playwright Browser with specified options.</doc>
<status status="PASS" start="2025-07-02T10:30:12.869991" elapsed="0.007718"/>
</kw>
<kw name="New Page" owner="Browser">
<msg time="2025-07-02T10:30:14.522921" level="INFO">Successfully initialized new page object and opened url: http://localhost:3002</msg>
<msg time="2025-07-02T10:30:14.523015" level="INFO">No context was open. New context was automatically opened when this page is created.</msg>
<arg>${BASE_URL}</arg>
<tag>BrowserControl</tag>
<tag>Setter</tag>
<doc>Open a new Page.</doc>
<status status="PASS" start="2025-07-02T10:30:12.878118" elapsed="1.645096"/>
</kw>
<status status="PASS" start="2025-07-02T10:30:12.868924" elapsed="1.654452"/>
</kw>
<kw name="Go to movie page" owner="Movie">
<kw name="Go To" owner="Browser">
<msg time="2025-07-02T10:30:14.637067" level="INFO">Successfully opened URL http://localhost:3002/movies</msg>
<arg>${BASE_URL}/movies</arg>
<tag>BrowserControl</tag>
<tag>Setter</tag>
<doc>Navigates to the given ``url``.</doc>
<status status="PASS" start="2025-07-02T10:30:14.524477" elapsed="0.113103"/>
</kw>
<status status="PASS" start="2025-07-02T10:30:14.523903" elapsed="0.113835"/>
</kw>
<kw name="Click on details movie" owner="Movie">
<kw name="Click" owner="Browser">
<msg time="2025-07-02T10:30:14.639650" level="INFO">Clicks the element 'xpath=//*[@id="root"]/main/div/div[2]/div[1]/div[2]/a'.</msg>
<arg>xpath=//*[@id="root"]/main/div/div[2]/div[1]/div[2]/a</arg>
<tag>PageContent</tag>
<tag>Setter</tag>
<doc>Simulates mouse click on the element found by ``selector``.</doc>
<status status="PASS" start="2025-07-02T10:30:14.639033" elapsed="0.246329"/>
</kw>
<status status="PASS" start="2025-07-02T10:30:14.638394" elapsed="0.247438"/>
</kw>
<kw name="Session list exists" owner="Movie">
<kw name="Run Keyword And Return Status" owner="BuiltIn">
<kw name="Get Element" owner="Browser">
<msg time="2025-07-02T10:30:15.198376" level="INFO">Locator found successfully.</msg>
<arg>.sessions-list</arg>
<tag>Getter</tag>
<tag>PageContent</tag>
<doc>Returns a reference to a Playwright [https://playwright.dev/docs/api/class-locator|Locator].</doc>
<status status="PASS" start="2025-07-02T10:30:14.889156" elapsed="0.309442"/>
</kw>
<msg time="2025-07-02T10:30:15.198831" level="INFO">${has_session} = True</msg>
<var>${has_session}</var>
<arg>Browser.Get Element</arg>
<arg>.sessions-list</arg>
<doc>Runs the given keyword with given arguments and returns the status as a Boolean value.</doc>
<status status="PASS" start="2025-07-02T10:30:14.888439" elapsed="0.310432"/>
</kw>
<kw name="Should Be True" owner="BuiltIn">
<arg>${has_session}</arg>
<arg>Este card não possui .sessions-list</arg>
<doc>Fails if the given condition is not true.</doc>
<status status="PASS" start="2025-07-02T10:30:15.199141" elapsed="0.000606"/>
</kw>
<status status="PASS" start="2025-07-02T10:30:14.887004" elapsed="0.312877"/>
</kw>
<kw name="Click on reserve seats" owner="Movie">
<kw name="Click" owner="Browser">
<msg time="2025-07-02T10:30:15.202235" level="INFO">Clicks the element 'css=.movie-info .sessions-container div:nth-child(1) div:nth-child(1) a'.</msg>
<arg>${SELECIONAR_ASSENTOS_BTN}</arg>
<tag>PageContent</tag>
<tag>Setter</tag>
<doc>Simulates mouse click on the element found by ``selector``.</doc>
<status status="PASS" start="2025-07-02T10:30:15.201178" elapsed="0.945813"/>
</kw>
<status status="PASS" start="2025-07-02T10:30:15.200361" elapsed="0.946873"/>
</kw>
<kw name="Take Screenshot" owner="Browser" type="TEARDOWN">
<msg time="2025-07-02T10:30:16.372052" level="INFO" html="true">&lt;/td&gt;&lt;/tr&gt;&lt;tr&gt;&lt;td colspan="3"&gt;&lt;a href="browser/screenshot/robotframework-browser-screenshot-21.png" target="_blank"&gt;&lt;img src="browser/screenshot/robotframework-browser-screenshot-21.png" width="800px"/&gt;&lt;/a&gt;</msg>
<tag>PageContent</tag>
<doc>Takes a screenshot of the current window or element and saves it to disk.</doc>
<status status="PASS" start="2025-07-02T10:30:16.148045" elapsed="0.224260"/>
</kw>
<msg time="2025-07-02T10:30:16.388553" level="INFO">Switching context to context=b6dd848c-9c85-4c1a-a7fb-cef28d77b43e in CURRENT</msg>
<msg time="2025-07-02T10:30:16.394991" level="INFO">Successfully changed active context: context=b6dd848c-9c85-4c1a-a7fb-cef28d77b43e</msg>
<msg time="2025-07-02T10:30:16.476684" level="INFO">Successfully closed Context</msg>
<tag>CIN49</tag>
<tag>MOVIE-002</tag>
<status status="PASS" start="2025-07-02T10:30:12.862854" elapsed="3.509879"/>
</test>
<test id="s1-s2-s2-t3" name="Should access infos movie" line="26">
<kw name="Start Session" owner="base" type="SETUP">
<kw name="New Browser" owner="Browser">
<msg time="2025-07-02T10:30:16.485341" level="INFO">Switching browser to browser=4697586e-d856-4768-92e4-3dcffa7093a7</msg>
<msg time="2025-07-02T10:30:16.490995" level="INFO">Successfully changed active browser: browser=4697586e-d856-4768-92e4-3dcffa7093a7</msg>
<msg time="2025-07-02T10:30:16.491260" level="INFO">Reusing existing browser with id: browser=4697586e-d856-4768-92e4-3dcffa7093a7</msg>
<arg>browser=chromium</arg>
<arg>headless=${False}</arg>
<tag>BrowserControl</tag>
<tag>Setter</tag>
<doc>Create a new playwright Browser with specified options.</doc>
<status status="PASS" start="2025-07-02T10:30:16.484167" elapsed="0.007230"/>
</kw>
<kw name="New Page" owner="Browser">
<msg time="2025-07-02T10:30:18.142398" level="INFO">Successfully initialized new page object and opened url: http://localhost:3002</msg>
<msg time="2025-07-02T10:30:18.142506" level="INFO">No context was open. New context was automatically opened when this page is created.</msg>
<arg>${BASE_URL}</arg>
<tag>BrowserControl</tag>
<tag>Setter</tag>
<doc>Open a new Page.</doc>
<status status="PASS" start="2025-07-02T10:30:16.491771" elapsed="1.650969"/>
</kw>
<status status="PASS" start="2025-07-02T10:30:16.483202" elapsed="1.659711"/>
</kw>
<kw name="Go to movie page" owner="Movie">
<kw name="Go To" owner="Browser">
<msg time="2025-07-02T10:30:18.258713" level="INFO">Successfully opened URL http://localhost:3002/movies</msg>
<arg>${BASE_URL}/movies</arg>
<tag>BrowserControl</tag>
<tag>Setter</tag>
<doc>Navigates to the given ``url``.</doc>
<status status="PASS" start="2025-07-02T10:30:18.144555" elapsed="0.114478"/>
</kw>
<status status="PASS" start="2025-07-02T10:30:18.143613" elapsed="0.115628"/>
</kw>
<kw name="Click on details movie" owner="Movie">
<kw name="Click" owner="Browser">
<msg time="2025-07-02T10:30:18.261200" level="INFO">Clicks the element 'xpath=//*[@id="root"]/main/div/div[2]/div[1]/div[2]/a'.</msg>
<arg>xpath=//*[@id="root"]/main/div/div[2]/div[1]/div[2]/a</arg>
<tag>PageContent</tag>
<tag>Setter</tag>
<doc>Simulates mouse click on the element found by ``selector``.</doc>
<status status="PASS" start="2025-07-02T10:30:18.260355" elapsed="0.266684"/>
</kw>
<status status="PASS" start="2025-07-02T10:30:18.259690" elapsed="0.267512"/>
</kw>
<kw name="Verify infos from movie" owner="Movie">
<kw name="Run Keyword And Return Status" owner="BuiltIn">
<kw name="Get Element" owner="Browser">
<msg time="2025-07-02T10:30:18.626849" level="INFO">Locator found successfully.</msg>
<arg>.movie-meta</arg>
<tag>Getter</tag>
<tag>PageContent</tag>
<doc>Returns a reference to a Playwright [https://playwright.dev/docs/api/class-locator|Locator].</doc>
<status status="PASS" start="2025-07-02T10:30:18.529147" elapsed="0.097970"/>
</kw>
<msg time="2025-07-02T10:30:18.627393" level="INFO">${has_movie_meta} = True</msg>
<var>${has_movie_meta}</var>
<arg>Browser.Get Element</arg>
<arg>.movie-meta</arg>
<doc>Runs the given keyword with given arguments and returns the status as a Boolean value.</doc>
<status status="PASS" start="2025-07-02T10:30:18.528655" elapsed="0.098791"/>
</kw>
<kw name="Should Be True" owner="BuiltIn">
<arg>${has_movie_meta}</arg>
<arg>Este card não possui .movie-meta</arg>
<doc>Fails if the given condition is not true.</doc>
<status status="PASS" start="2025-07-02T10:30:18.627741" elapsed="0.000605"/>
</kw>
<kw name="Run Keyword And Return Status" owner="BuiltIn">
<kw name="Get Element" owner="Browser">
<msg time="2025-07-02T10:30:18.640940" level="INFO">Locator found successfully.</msg>
<arg>.movie-genres</arg>
<tag>Getter</tag>
<tag>PageContent</tag>
<doc>Returns a reference to a Playwright [https://playwright.dev/docs/api/class-locator|Locator].</doc>
<status status="PASS" start="2025-07-02T10:30:18.629378" elapsed="0.011854"/>
</kw>
<msg time="2025-07-02T10:30:18.641473" level="INFO">${has_movie_genres} = True</msg>
<var>${has_movie_genres}</var>
<arg>Browser.Get Element</arg>
<arg>.movie-genres</arg>
<doc>Runs the given keyword with given arguments and returns the status as a Boolean value.</doc>
<status status="PASS" start="2025-07-02T10:30:18.628672" elapsed="0.012872"/>
</kw>
<kw name="Should Be True" owner="BuiltIn">
<arg>${has_movie_genres}</arg>
<arg>Este card não possui .movie-genres</arg>
<doc>Fails if the given condition is not true.</doc>
<status status="PASS" start="2025-07-02T10:30:18.641861" elapsed="0.001374"/>
</kw>
<kw name="Run Keyword And Return Status" owner="BuiltIn">
<kw name="Get Element" owner="Browser">
<msg time="2025-07-02T10:30:18.658867" level="INFO">Locator found successfully.</msg>
<arg>.movie-director</arg>
<tag>Getter</tag>
<tag>PageContent</tag>
<doc>Returns a reference to a Playwright [https://playwright.dev/docs/api/class-locator|Locator].</doc>
<status status="PASS" start="2025-07-02T10:30:18.644937" elapsed="0.014125"/>
</kw>
<msg time="2025-07-02T10:30:18.659231" level="INFO">${has_movie_director} = True</msg>
<var>${has_movie_director}</var>
<arg>Browser.Get Element</arg>
<arg>.movie-director</arg>
<doc>Runs the given keyword with given arguments and returns the status as a Boolean value.</doc>
<status status="PASS" start="2025-07-02T10:30:18.643872" elapsed="0.015392"/>
</kw>
<kw name="Should Be True" owner="BuiltIn">
<arg>${has_movie_director}</arg>
<arg>Este card não possui .movie-director</arg>
<doc>Fails if the given condition is not true.</doc>
<status status="PASS" start="2025-07-02T10:30:18.659548" elapsed="0.000767"/>
</kw>
<kw name="Run Keyword And Return Status" owner="BuiltIn">
<kw name="Get Element" owner="Browser">
<msg time="2025-07-02T10:30:18.672645" level="INFO">Locator found successfully.</msg>
<arg>.movie-synopsis</arg>
<tag>Getter</tag>
<tag>PageContent</tag>
<doc>Returns a reference to a Playwright [https://playwright.dev/docs/api/class-locator|Locator].</doc>
<status status="PASS" start="2025-07-02T10:30:18.661247" elapsed="0.011806"/>
</kw>
<msg time="2025-07-02T10:30:18.673280" level="INFO">${has_movie_synopsis} = True</msg>
<var>${has_movie_synopsis}</var>
<arg>Browser.Get Element</arg>
<arg>.movie-synopsis</arg>
<doc>Runs the given keyword with given arguments and returns the status as a Boolean value.</doc>
<status status="PASS" start="2025-07-02T10:30:18.660631" elapsed="0.012686"/>
</kw>
<kw name="Should Be True" owner="BuiltIn">
<arg>${has_movie_synopsis}</arg>
<arg>Este card não possui .movie-synopsis</arg>
<doc>Fails if the given condition is not true.</doc>
<status status="PASS" start="2025-07-02T10:30:18.673505" elapsed="0.000533"/>
</kw>
<status status="PASS" start="2025-07-02T10:30:18.527844" elapsed="0.146317"/>
</kw>
<kw name="Take Screenshot" owner="Browser" type="TEARDOWN">
<msg time="2025-07-02T10:30:18.854864" level="INFO" html="true">&lt;/td&gt;&lt;/tr&gt;&lt;tr&gt;&lt;td colspan="3"&gt;&lt;a href="browser/screenshot/robotframework-browser-screenshot-22.png" target="_blank"&gt;&lt;img src="browser/screenshot/robotframework-browser-screenshot-22.png" width="800px"/&gt;&lt;/a&gt;</msg>
<tag>PageContent</tag>
<doc>Takes a screenshot of the current window or element and saves it to disk.</doc>
<status status="PASS" start="2025-07-02T10:30:18.674665" elapsed="0.180450"/>
</kw>
<msg time="2025-07-02T10:30:18.877983" level="INFO">Switching context to context=bcff4221-5c14-499a-bb08-5c1a66f53560 in CURRENT</msg>
<msg time="2025-07-02T10:30:18.889232" level="INFO">Successfully changed active context: context=bcff4221-5c14-499a-bb08-5c1a66f53560</msg>
<msg time="2025-07-02T10:30:18.968681" level="INFO">Successfully closed Context</msg>
<tag>CIN109</tag>
<tag>MOVIE-002</tag>
<status status="PASS" start="2025-07-02T10:30:16.478154" elapsed="2.377282"/>
</test>
<doc>Cenários de testes do profile de usuário</doc>
<status status="PASS" start="2025-07-02T10:30:10.199084" elapsed="8.775932"/>
</suite>
<status status="PASS" start="2025-07-02T10:29:56.659710" elapsed="22.324389"/>
</suite>
<status status="PASS" start="2025-07-02T10:29:13.239020" elapsed="65.746333"/>
</suite>
<statistics>
<total>
<stat pass="22" fail="0" skip="0">All Tests</stat>
</total>
<tag>
<stat pass="4" fail="0" skip="0">AUTH-001</stat>
<stat pass="2" fail="0" skip="0">AUTH-002</stat>
<stat pass="4" fail="0" skip="0">AUTH-003</stat>
<stat pass="4" fail="0" skip="0">AUTH-004</stat>
<stat pass="1" fail="0" skip="0">CIN1</stat>
<stat pass="1" fail="0" skip="0">CIN10</stat>
<stat pass="1" fail="0" skip="0">CIN109</stat>
<stat pass="1" fail="0" skip="0">CIN11</stat>
<stat pass="1" fail="0" skip="0">CIN17</stat>
<stat pass="1" fail="0" skip="0">CIN18</stat>
<stat pass="1" fail="0" skip="0">CIN19</stat>
<stat pass="1" fail="0" skip="0">CIN2</stat>
<stat pass="1" fail="0" skip="0">CIN21</stat>
<stat pass="1" fail="0" skip="0">CIN23</stat>
<stat pass="1" fail="0" skip="0">CIN24</stat>
<stat pass="1" fail="0" skip="0">CIN25</stat>
<stat pass="1" fail="0" skip="0">CIN29</stat>
<stat pass="1" fail="0" skip="0">CIN3</stat>
<stat pass="2" fail="0" skip="0">CIN39</stat>
<stat pass="1" fail="0" skip="0">CIN4</stat>
<stat pass="2" fail="0" skip="0">CIN42</stat>
<stat pass="1" fail="0" skip="0">CIN43</stat>
<stat pass="1" fail="0" skip="0">CIN48</stat>
<stat pass="1" fail="0" skip="0">CIN49</stat>
<stat pass="5" fail="0" skip="0">MOVIE-001</stat>
<stat pass="3" fail="0" skip="0">MOVIE-002</stat>
<stat pass="1" fail="0" skip="0">UI</stat>
</tag>
<suite>
<stat name="Tests" id="s1" pass="22" fail="0" skip="0">Tests</stat>
<stat name="Auth" id="s1-s1" pass="14" fail="0" skip="0">Tests.Auth</stat>
<stat name="Login" id="s1-s1-s1" pass="2" fail="0" skip="0">Tests.Auth.Login</stat>
<stat name="Logout" id="s1-s1-s2" pass="4" fail="0" skip="0">Tests.Auth.Logout</stat>
<stat name="Profile" id="s1-s1-s3" pass="4" fail="0" skip="0">Tests.Auth.Profile</stat>
<stat name="Signup" id="s1-s1-s4" pass="4" fail="0" skip="0">Tests.Auth.Signup</stat>
<stat name="Pages" id="s1-s2" pass="8" fail="0" skip="0">Tests.Pages</stat>
<stat name="Home" id="s1-s2-s1" pass="5" fail="0" skip="0">Tests.Pages.Home</stat>
<stat name="Movies" id="s1-s2-s2" pass="3" fail="0" skip="0">Tests.Pages.Movies</stat>
</suite>
</statistics>
<errors>
</errors>
</robot>
