<?xml version="1.0" encoding="UTF-8"?>
<robot generator="Robot 7.3.1 (Python 3.13.3 on win32)" generated="2025-06-30T17:19:50.547165" rpa="false" schemaversion="5">
<suite id="s1" name="Tests" source="C:\Users\cassi\OneDrive\Área de Trabalho\Cinema-challenge\robot-framework\tests">
<suite id="s1-s1" name="Auth" source="C:\Users\cassi\OneDrive\Área de Trabalho\Cinema-challenge\robot-framework\tests\auth">
<suite id="s1-s1-s1" name="Profile" source="C:\Users\cassi\OneDrive\Área de Trabalho\Cinema-challenge\robot-framework\tests\auth\profile.robot">
<test id="s1-s1-s1-t1" name="Should not update user empty name" line="58">
<kw name="Start Session" owner="base" type="SETUP">
<kw name="New Browser" owner="Browser">
<msg time="2025-06-30T17:19:50.880068" level="INFO">{"browser": "chromium", "headless": false, "chromiumSandbox": false, "devtools": false, "handleSIGHUP": true, "handleSIGINT": true, "handleSIGTERM": true, "slowMo": 0.0, "timeout": 30000.0, "tracesDir": "C:\\Users\\cassi\\OneDrive\\\u00c1rea de Trabalho\\Cinema-challenge\\robot-framework\\logs\\browser\\traces\\temp\\6be9ef0a-b9f4-4fea-b1c6-c9f9eeb94c55"}</msg>
<msg time="2025-06-30T17:19:50.926394" level="INFO">Starting Browser process c:\Users\cassi\OneDrive\Área de Trabalho\Cinema-challenge\robot-framework\.venv\Lib\site-packages\Browser\wrapper\index.js using at 127.0.0.1:60745</msg>
<msg time="2025-06-30T17:19:53.217170" level="INFO">Successfully created browser with options: {"browser":"chromium","headless":false,"chromiumSandbox":false,"devtools":false,"handleSIGHUP":true,"handleSIGINT":true,"handleSIGTERM":true,"slowMo":0,"timeout":30000,"tracesDir":"C:\\Users\\cassi\\OneDrive\\Área de Trabalho\\Cinema-challenge\\robot-framework\\logs\\browser\\traces\\temp\\6be9ef0a-b9f4-4fea-b1c6-c9f9eeb94c55"}</msg>
<arg>browser=chromium</arg>
<arg>headless=${False}</arg>
<tag>BrowserControl</tag>
<tag>Setter</tag>
<doc>Create a new playwright Browser with specified options.</doc>
<status status="PASS" start="2025-06-30T17:19:50.879117" elapsed="2.338411"/>
</kw>
<kw name="New Page" owner="Browser">
<msg time="2025-06-30T17:19:54.854647" level="INFO">Successfully initialized new page object and opened url: http://localhost:3002</msg>
<msg time="2025-06-30T17:19:54.854885" level="INFO">No context was open. New context was automatically opened when this page is created.</msg>
<arg>${BASE_URL}</arg>
<tag>BrowserControl</tag>
<tag>Setter</tag>
<doc>Open a new Page.</doc>
<status status="PASS" start="2025-06-30T17:19:53.217977" elapsed="1.637450"/>
</kw>
<status status="PASS" start="2025-06-30T17:19:50.878156" elapsed="3.977610"/>
</kw>
<kw name="Create Dictionary" owner="BuiltIn">
<msg time="2025-06-30T17:19:54.857350" level="INFO">${user} = {'name': 'UserToUpdate', 'email': 'usertoupdate@gmail.com', 'password': 'new123456'}</msg>
<var>${user}</var>
<arg>name=UserToUpdate</arg>
<arg>email=usertoupdate@gmail.com</arg>
<arg>password=new123456</arg>
<doc>Creates and returns a dictionary based on the given ``items``.</doc>
<status status="PASS" start="2025-06-30T17:19:54.856424" elapsed="0.000982"/>
</kw>
<kw name="Reset user in database" owner="database">
<msg time="2025-06-30T17:19:54.950094" level="INFO">Resetting user: usertoupdate@gmail.com
User removed from database
User reset completed.</msg>
<arg>${user}</arg>
<status status="PASS" start="2025-06-30T17:19:54.857802" elapsed="0.092416"/>
</kw>
<kw name="Go to login page" owner="Login">
<kw name="Go To" owner="Browser">
<msg time="2025-06-30T17:19:55.132724" level="INFO">Successfully opened URL http://localhost:3002/login</msg>
<arg>${BASE_URL}/login</arg>
<tag>BrowserControl</tag>
<tag>Setter</tag>
<doc>Navigates to the given ``url``.</doc>
<status status="PASS" start="2025-06-30T17:19:54.951601" elapsed="0.181419"/>
</kw>
<kw name="Wait For Elements State" owner="Browser">
<msg time="2025-06-30T17:19:55.226569" level="INFO">Waited for Element with selector xpath=//p[contains(text(), 'Entre com suas credenciais para acessar sua conta')] at state visible</msg>
<arg>${LOGIN_MESSAGE}</arg>
<arg>visible</arg>
<arg>5</arg>
<tag>PageContent</tag>
<tag>Wait</tag>
<doc>Waits for the element found by ``selector`` to satisfy state option.</doc>
<status status="PASS" start="2025-06-30T17:19:55.133367" elapsed="0.093376"/>
</kw>
<status status="PASS" start="2025-06-30T17:19:54.950794" elapsed="0.276085"/>
</kw>
<kw name="Submit login" owner="Login">
<kw name="Fill Text" owner="Browser">
<msg time="2025-06-30T17:19:55.228593" level="INFO">Fills the text 'usertoupdate@gmail.com' in the given field.</msg>
<arg>css=#email</arg>
<arg>${user}[email]</arg>
<tag>PageContent</tag>
<tag>Setter</tag>
<doc>Clears and fills the given ``txt`` into the text field found by ``selector``.</doc>
<status status="PASS" start="2025-06-30T17:19:55.227851" elapsed="0.040644"/>
</kw>
<kw name="Fill Text" owner="Browser">
<msg time="2025-06-30T17:19:55.269484" level="INFO">Fills the text 'new123456' in the given field.</msg>
<arg>css=#password</arg>
<arg>${user}[password]</arg>
<tag>PageContent</tag>
<tag>Setter</tag>
<doc>Clears and fills the given ``txt`` into the text field found by ``selector``.</doc>
<status status="PASS" start="2025-06-30T17:19:55.268724" elapsed="0.020573"/>
</kw>
<kw name="Click" owner="Browser">
<msg time="2025-06-30T17:19:55.290659" level="INFO">Clicks the element 'css=button[type=submit] &gt;&gt; text=Entrar'.</msg>
<arg>${LOGIN_BUTTON}</arg>
<tag>PageContent</tag>
<tag>Setter</tag>
<doc>Simulates mouse click on the element found by ``selector``.</doc>
<status status="PASS" start="2025-06-30T17:19:55.289692" elapsed="0.097325"/>
</kw>
<arg>${user}</arg>
<status status="PASS" start="2025-06-30T17:19:55.227266" elapsed="0.159885"/>
</kw>
<kw name="Click on profile" owner="Profile">
<kw name="Click" owner="Browser">
<msg time="2025-06-30T17:19:55.388619" level="INFO">Clicks the element 'css=a[href="/profile"]'.</msg>
<arg>${PROFILE_LINK}</arg>
<tag>PageContent</tag>
<tag>Setter</tag>
<doc>Simulates mouse click on the element found by ``selector``.</doc>
<status status="PASS" start="2025-06-30T17:19:55.388027" elapsed="0.485525"/>
</kw>
<status status="PASS" start="2025-06-30T17:19:55.387528" elapsed="0.486300"/>
</kw>
<kw name="Fill profile name and save" owner="Profile">
<kw name="Fill Text" owner="Browser">
<msg time="2025-06-30T17:19:55.877231" level="INFO">Fills the text '''' in the given field.</msg>
<arg>${INPUT_NAME}</arg>
<arg>${name}</arg>
<tag>PageContent</tag>
<tag>Setter</tag>
<doc>Clears and fills the given ``txt`` into the text field found by ``selector``.</doc>
<status status="PASS" start="2025-06-30T17:19:55.875695" elapsed="0.029212"/>
</kw>
<kw name="Click" owner="Browser">
<msg time="2025-06-30T17:19:55.905846" level="INFO">Clicks the element 'css=button[type=submit] &gt;&gt; text=Salvar alterações'.</msg>
<arg>${SALVAR_ALTERACOES_BTN}</arg>
<tag>PageContent</tag>
<tag>Setter</tag>
<doc>Simulates mouse click on the element found by ``selector``.</doc>
<status status="PASS" start="2025-06-30T17:19:55.905162" elapsed="0.069922"/>
</kw>
<arg>''</arg>
<status status="PASS" start="2025-06-30T17:19:55.874569" elapsed="0.100660"/>
</kw>
<kw name="Wait For Elements State" owner="Browser">
<msg time="2025-06-30T17:19:55.985229" level="INFO">Waited for Element with selector xpath=//h1[contains(text(), 'Meu Perfil')] at state visible</msg>
<arg>${PROFILE_MESSAGE}</arg>
<arg>visible</arg>
<arg>5s</arg>
<tag>PageContent</tag>
<tag>Wait</tag>
<doc>Waits for the element found by ``selector`` to satisfy state option.</doc>
<status status="PASS" start="2025-06-30T17:19:55.975658" elapsed="0.009760"/>
</kw>
<kw name="Take Screenshot" owner="Browser" type="TEARDOWN">
<msg time="2025-06-30T17:19:56.188815" level="INFO" html="true">&lt;/td&gt;&lt;/tr&gt;&lt;tr&gt;&lt;td colspan="3"&gt;&lt;a href="browser/screenshot/robotframework-browser-screenshot-1.png" target="_blank"&gt;&lt;img src="browser/screenshot/robotframework-browser-screenshot-1.png" width="800px"/&gt;&lt;/a&gt;</msg>
<tag>PageContent</tag>
<doc>Takes a screenshot of the current window or element and saves it to disk.</doc>
<status status="PASS" start="2025-06-30T17:19:55.985922" elapsed="0.203052"/>
</kw>
<msg time="2025-06-30T17:19:56.206991" level="INFO">Switching context to context=fc0053e2-6047-4832-9ed8-60031d6ae705 in CURRENT</msg>
<msg time="2025-06-30T17:19:56.218496" level="INFO">Successfully changed active context: context=fc0053e2-6047-4832-9ed8-60031d6ae705</msg>
<msg time="2025-06-30T17:19:56.302262" level="INFO">Successfully closed Context</msg>
<tag>AUTH-004</tag>
<tag>CIN29</tag>
<status status="PASS" start="2025-06-30T17:19:50.876993" elapsed="5.312819"/>
</test>
<doc>Cenários de testes do profile de usuário</doc>
<status status="PASS" start="2025-06-30T17:19:50.581204" elapsed="5.726078"/>
</suite>
<status status="PASS" start="2025-06-30T17:19:50.579399" elapsed="5.736369"/>
</suite>
<status status="PASS" start="2025-06-30T17:19:50.548819" elapsed="5.767880"/>
</suite>
<statistics>
<total>
<stat pass="1" fail="0" skip="0">All Tests</stat>
</total>
<tag>
<stat pass="1" fail="0" skip="0">AUTH-004</stat>
<stat pass="1" fail="0" skip="0">CIN29</stat>
</tag>
<suite>
<stat name="Tests" id="s1" pass="1" fail="0" skip="0">Tests</stat>
<stat name="Auth" id="s1-s1" pass="1" fail="0" skip="0">Tests.Auth</stat>
<stat name="Profile" id="s1-s1-s1" pass="1" fail="0" skip="0">Tests.Auth.Profile</stat>
</suite>
</statistics>
<errors>
</errors>
</robot>
